================================================================================
CHAINSAW - Exportação de Personalizações do Word
================================================================================
Data/Hora: 24/11/2025 18:16:20
Usuário: csantos
Computador: NOTEPROCLEG01
Sistema: Microsoft Windows NT 10.0.26100.0
PowerShell: 5.1.26100.7019
Caminho de Exportação: .\exported-config
================================================================================

[2025-11-24 18:16:20] [INFO] === INÍCIO DA EXPORTAÇÃO ===
[2025-11-24 18:16:20] [INFO] Acesso ao VBA já está habilitado
[2025-11-24 18:16:20] [WARNING] Word em execução - solicitando confirmação do usuário
[2025-11-24 18:16:29] [INFO] Usuário autorizou o fechamento do Word
[2025-11-24 18:16:29] [INFO] Encontrados 1 processo(s) do Word em execução
[2025-11-24 18:16:29] [INFO] Encerrando processo Word (PID: 1756)...
[2025-11-24 18:16:29] [SUCCESS] Processo Word (PID: 1756) encerrado com sucesso
[2025-11-24 18:16:30] [SUCCESS] Todos os processos do Word foram encerrados com sucesso
[2025-11-24 18:16:32] [INFO] Compilando módulo VBA...
[2025-11-24 18:16:35] [SUCCESS] Módulo VBA compilado com sucesso [OK]
[2025-11-24 18:16:41] [INFO] Exportando módulo VBA...
[2025-11-24 18:16:43] [ERROR] Erro ao exportar módulo VBA: Exceção de HRESULT: 0x800AC35C
[2025-11-24 18:16:43] [WARNING] DIAGNÓSTICO: Erro 0x800AC35C - Acesso programático ao VBA bloqueado
[2025-11-24 18:16:43] [INFO] Possíveis causas:
[2025-11-24 18:16:43] [INFO]   1. Word precisa ser reiniciado após habilitar AccessVBOM
[2025-11-24 18:16:43] [INFO]   2. Configuração de segurança de macros muito restritiva
[2025-11-24 18:16:43] [INFO]   3. Política de grupo impedindo acesso
[2025-11-24 18:16:43] [INFO] ALTERNATIVA: Copiar Normal.dotm diretamente (contém o módulo VBA)
[2025-11-24 18:16:43] [WARNING] Fallback: Copiando Normal.dotm completo
[2025-11-24 18:16:43] [INFO] Exportando Normal.dotm...
[2025-11-24 18:16:43] [SUCCESS] Normal.dotm exportado com sucesso [OK]
[2025-11-24 18:16:43] [INFO] Exportando personalização da Faixa de Opções...
[2025-11-24 18:16:43] [SUCCESS] Personalização do Ribbon exportada: Word.officeUI [OK]
[2025-11-24 18:16:43] [SUCCESS] Personalização do Ribbon exportada: Word.officeUI [OK]
[2025-11-24 18:16:43] [INFO] Exportando personalizações da interface...
[2025-11-24 18:16:43] [SUCCESS] Personalizações UI exportadas: 2 arquivos [OK]
[2025-11-24 18:16:43] [INFO] Criando manifesto de exportação...
[2025-11-24 18:16:43] [SUCCESS] Manifesto criado: .\exported-config\MANIFEST.json [OK]
[2025-11-24 18:16:43] [SUCCESS] README criado: .\exported-config\README.txt [OK]
[2025-11-24 18:16:43] [SUCCESS] === EXPORTAÇÃO CONCLUÍDA COM SUCESSO ===
[2025-11-24 18:16:43] [INFO] Total de itens: 5
