================================================================================
CHAINSAW - Exportação de Personalizações do Word
================================================================================
Data/Hora: 24/11/2025 15:39:19
Usuário: csantos
Computador: NOTEPROCLEG01
Sistema: Microsoft Windows NT 10.0.26100.0
PowerShell: 5.1.26100.7019
Caminho de Exportação: .\exported-config
================================================================================

[2025-11-24 15:39:19] [INFO] === INÍCIO DA EXPORTAÇÃO ===
[2025-11-24 15:39:19] [SUCCESS] Word não está em execução - prosseguindo...
[2025-11-24 15:39:19] [INFO] Compilando módulo VBA...
[2025-11-24 15:39:22] [SUCCESS] Módulo VBA compilado com sucesso [OK]
[2025-11-24 15:39:26] [INFO] Exportando Normal.dotm...
[2025-11-24 15:39:26] [SUCCESS] Normal.dotm exportado com sucesso [OK]
[2025-11-24 15:39:26] [INFO] Exportando Building Blocks...
[2025-11-24 15:39:26] [INFO] Building Blocks gerenciados: 1 arquivos
[2025-11-24 15:39:26] [INFO] Building Blocks do usuário: 0 arquivos
[2025-11-24 15:39:26] [SUCCESS] Building Blocks exportados: 1 arquivos [OK]
[2025-11-24 15:39:26] [INFO] Exportando temas de documentos...
[2025-11-24 15:39:27] [SUCCESS] Temas exportados: 22 arquivos [OK]
[2025-11-24 15:39:27] [INFO] Exportando personalização da Faixa de Opções...
[2025-11-24 15:39:27] [SUCCESS] Personalização do Ribbon exportada: Word.officeUI [OK]
[2025-11-24 15:39:27] [SUCCESS] Personalização do Ribbon exportada: Word.officeUI [OK]
[2025-11-24 15:39:27] [INFO] Exportando personalizações da interface...
[2025-11-24 15:39:27] [SUCCESS] Personalizações UI exportadas: 2 arquivos [OK]
[2025-11-24 15:39:27] [INFO] Exportando Barra de Ferramentas de Acesso Rápido...
[2025-11-24 15:39:27] [INFO] QAT incluída nas personalizações UI
[2025-11-24 15:39:27] [INFO] Exportação do registro desabilitada (use -IncludeRegistry)
[2025-11-24 15:39:27] [INFO] Criando manifesto de exportação...
[2025-11-24 15:39:27] [SUCCESS] Manifesto criado: .\exported-config\MANIFEST.json [OK]
[2025-11-24 15:39:27] [SUCCESS] README criado: .\exported-config\README.txt [OK]
[2025-11-24 15:39:27] [SUCCESS] === EXPORTAÇÃO CONCLUÍDA COM SUCESSO ===
[2025-11-24 15:39:27] [INFO] Total de itens: 5
