================================================================================ 
 CHAINSAW - Log de Instalacao 
================================================================================ 
 Data/Hora de inicio: 25/11/2025 14:38:35,19 
 Sistema: Windows_NT 
 Usuario: csantos 
 Diretorio de instalacao: C:\Users\csantos\chainsaw 
================================================================================ 
 
================================================================================ 
  CHAINSAW - Instalador Automatico 
================================================================================ 
 Este instalador ira: 
  1. Baixar o codigo-fonte completo do GitHub 
  2. Criar backup da instalacao existente (se houver) 
  3. Extrair para: C:\Users\csantos\chainsaw 
  4. Executar a instalacao automaticamente 
================================================================================ 
 Log sendo salvo em: c:\Users\csantos\chainsaw\chainsaw_installer_202511_1438.log 
================================================================================ 
================================================================================ 
  ETAPA 1: Download do Codigo-Fonte 
================================================================================ 
 Baixando de: https://github.com/chrmsantos/chainsaw/archive/refs/heads/main.zip 
 Destino temporario: C:\Users\csantos\AppData\Local\Temp\chainsaw-main.zip 
[OK] Download verificado com sucesso. 
================================================================================ 
  ETAPA 1.5: Validacao do Arquivo Baixado 
================================================================================ 
[INFO] Tamanho do arquivo ZIP: 52401245 bytes 
[OK] Tamanho do arquivo validado. 
[INFO] Testando integridade do arquivo ZIP... 
[OK] Integridade do ZIP validada com sucesso 
================================================================================ 
  ETAPA 2: Backup OBRIGATORIO da Instalacao Existente 
================================================================================ 
[IMPORTANTE] Backup e OBRIGATORIO para protecao contra perda de dados. 
