================================================================================
CHAINSAW - Exportação de Personalizações do Word
================================================================================
Data/Hora: 07/11/2025 04:23:47
Usuário: csantos
Computador: NOTEPROCLEG07
Sistema: Microsoft Windows NT 10.0.22000.0
PowerShell: 5.1.22000.2538
Caminho de Exportação: .\exported-config
================================================================================

[2025-11-07 04:23:47] [INFO] === INÍCIO DA EXPORTAÇÃO ===
[2025-11-07 04:23:47] [SUCCESS] Word não está em execução - prosseguindo...
[2025-11-07 04:23:47] [INFO] Exportando Normal.dotm...
[2025-11-07 04:23:47] [SUCCESS] Normal.dotm exportado com sucesso ?
[2025-11-07 04:23:47] [INFO] Exportando Building Blocks...
[2025-11-07 04:23:47] [INFO] Building Blocks gerenciados: 0 arquivos
[2025-11-07 04:23:47] [WARNING] Nenhum Building Block encontrado
[2025-11-07 04:23:47] [INFO] Exportando temas de documentos...
[2025-11-07 04:23:47] [INFO] Nenhum tema personalizado encontrado
[2025-11-07 04:23:47] [INFO] Exportando personalização da Faixa de Opções...
[2025-11-07 04:23:47] [SUCCESS] Personalização do Ribbon exportada: Word.officeUI ?
[2025-11-07 04:23:47] [SUCCESS] Personalização do Ribbon exportada: Word.officeUI ?
[2025-11-07 04:23:47] [INFO] Exportando personalizações da interface...
[2025-11-07 04:23:48] [SUCCESS] Personalizações UI exportadas: 2 arquivos ?
[2025-11-07 04:23:48] [INFO] Exportando Barra de Ferramentas de Acesso Rápido...
[2025-11-07 04:23:48] [INFO] QAT incluída nas personalizações UI
[2025-11-07 04:23:48] [INFO] Exportação do registro desabilitada (use -IncludeRegistry)
[2025-11-07 04:23:48] [INFO] Criando manifesto de exportação...
[2025-11-07 04:23:48] [SUCCESS] Manifesto criado: .\exported-config\MANIFEST.json ?
[2025-11-07 04:23:48] [SUCCESS] README criado: .\exported-config\README.txt ?
[2025-11-07 04:23:48] [SUCCESS] === EXPORTAÇÃO CONCLUÍDA COM SUCESSO ===
[2025-11-07 04:23:48] [INFO] Total de itens: 5
