================================================================================
CHAINSAW - LOG DE PROCESSAMENTO DE DOCUMENTO
================================================================================

[SESSÃO]
  Início: 18/11/2025 11:07:15
  ID: 20251118110715

[AMBIENTE]
  Usuário: csantos
  Computador: NOTEPROCLEG01
  Domínio: CMSBONET
  SO: Windows Windows_NT
  Word: 16.0 (Word 2016/2019/2021/365)

[DOCUMENTO]
  Nome: siscam_07_servicos_revitalizacao_sinalizacao_solo_na_estrada_barreirinhotehjt0vi.docx
  Caminho: C:\Users\csantos\AppData\Local\Temp
  Tamanho: 1,2 KB
  Parágrafos: 31
  Páginas: 1
  Proteção: Sem proteção
  Idioma: 1046

[CONFIGURAÇÃO]
  Debug: Desativado
  Log: C:\Users\csantos\chainsaw\installation\inst_docs\vba_logs\chainsaw_20251118_110715_siscam_07_servicos_revitalizacao_sinalizacao_solo_.log
  Backup: C:\Users\csantos\AppData\Local\Temp\backups\

================================================================================


11:07:15.609 [00:00,0] INFO  ? Iniciando padronização do documento: siscam_07_servicos_revitalizacao_sinalizacao_solo_na_estrada_barreirinhotehjt0vi.docx
11:07:15.617 [00:00,0] INFO  ? UndoRecord iniciado com sucesso


--------------------------------------------------------------------------------
SEÇÃO: VERIFICAÇÕES INICIAIS
--------------------------------------------------------------------------------
11:07:15.656 [00:00,0] INFO  ? ? Iniciando: Validação de documento
11:07:15.664 [00:00,0] INFO  ? Verificação de dados sensíveis concluída - nenhum campo sensível detectado
11:07:15.664 [00:00,0] INFO  ? ? Concluído: Validação de documento | Todas as verificações passaram
11:07:15.664 [00:00,0] INFO  ? Verificações de segurança concluídas com sucesso
11:07:15.824 [00:00,0] INFO  ? Backup criado com sucesso: siscam_07_servicos_revitalizacao_sinalizacao_solo_na_estrada_barreirinhotehjt0vi_backup_2025-11-18_110715.docx
11:07:15.883 [00:00,0] INFO  ? Backup das configurações de visualização concluído
11:07:15.898 [00:00,0] INFO  ? Backup de propriedades de imagens concluído: 0 imagens catalogadas
11:07:15.898 [00:00,0] INFO  ? === PIPELINE DE FORMATAÇÃO - PASSAGEM 1 DE 2 ===
11:07:15.906 [00:00,0] INFO  ? Iniciando construção do cache de parágrafos...
11:07:15.914 [00:00,0] INFO  ? Cache construído: 31 parágrafos em 0,01s
11:07:15.914 [00:00,0] INFO  ? Identificando estrutura do documento...
11:07:15.922 [00:00,0] INFO  ? Título da Justificativa identificado no parágrafo 15
11:07:15.930 [00:00,0] INFO  ? Data (Plenário) identificada no parágrafo 24
11:07:15.941 [00:00,0] INFO  ? === ESTRUTURA DO DOCUMENTO IDENTIFICADA ===
11:07:15.941 [00:00,0] INFO  ? Título: parágrafo 0
11:07:15.941 [00:00,0] INFO  ? Ementa: parágrafo 0
11:07:15.941 [00:00,0] INFO  ? Proposição: parágrafos 0 a 0
11:07:15.941 [00:00,0] INFO  ? Título Justificativa: parágrafo 15
11:07:15.941 [00:00,0] INFO  ? Justificativa: parágrafos 16 a 23
11:07:15.941 [00:00,0] INFO  ? Data: parágrafo 24
11:07:15.941 [00:00,0] INFO  ? Assinatura: parágrafos 0 a 0
11:07:15.941 [00:00,0] INFO  ? Título Anexo: parágrafo 0
11:07:15.941 [00:00,0] INFO  ? Anexo: parágrafos 0 a 0
11:07:15.941 [00:00,0] INFO  ? ==========================================


--------------------------------------------------------------------------------
SEÇÃO: LIMPEZA E FORMATAÇÃO
--------------------------------------------------------------------------------
11:07:16.457 [00:01,0] INFO  ? ? Iniciando: Limpeza de formatação
11:07:16.582 [00:01,0] INFO  ? Formatação limpa: 31 parágrafos resetados
11:07:16.582 [00:01,0] INFO  ? ? Concluído: Limpeza de formatação
11:07:16.582 [00:01,0] INFO  ? ? Iniciando: Normalização de quebras
11:07:16.586 [00:01,0] INFO  ? ? Concluído: Normalização de quebras
11:07:16.586 [00:01,0] INFO  ? ? Iniciando: Limpeza estrutural
11:07:16.738 [00:01,0] INFO  ? Estrutura limpa: 1 linhas vazias removidas
11:07:16.746 [00:01,0] INFO  ? ? Concluído: Limpeza estrutural
11:07:16.746 [00:01,0] INFO  ? ? Iniciando: Formatação de título
11:07:16.754 [00:01,0] INFO  ? Título de proposição formatado: INDICAÇÃO Nº $NUMERO$/$ANO$ (centralizado, caixa alta, negrito, sublinhado)
11:07:16.754 [00:01,0] INFO  ? ? Concluído: Formatação de título
11:07:16.754 [00:01,0] INFO  ? ? Iniciando: Aplicação de fonte padrão
11:07:16.754 [00:01,0] INFO  ? Aplicando fonte padrão (modo otimizado com cache)...

11:07:16.766 [00:01,0] ERROR ? Erro em ApplyStdFontOptimized: O membro solicitado da coleção não existe.
11:07:16.773 [00:01,0] WARN  ? Falha na formatação de fontes (otimizada) - tentando método tradicional
11:07:16.855 [00:01,0] INFO  ? ? Concluído: Aplicação de fonte padrão | 30 parágrafos
11:07:16.855 [00:01,0] INFO  ? ? Iniciando: Aplicação de formatação de parágrafos
11:07:17.113 [00:02,0] INFO  ? ? Concluído: Aplicação de formatação de parágrafos


--------------------------------------------------------------------------------
SEÇÃO: FORMATAÇÕES ESPECÍFICAS
--------------------------------------------------------------------------------
11:07:17.121 [00:02,0] INFO  ? ? Iniciando: Formatação de parágrafos 1 e 2
11:07:17.137 [00:02,0] INFO  ? 2º parágrafo formatado com 2 linhas em branco antes e depois (posição: 6)
11:07:17.137 [00:02,0] INFO  ? ? Concluído: Formatação de parágrafos 1 e 2
11:07:17.137 [00:02,0] INFO  ? ? Iniciando: Formatação de considerandos
11:07:17.152 [00:02,0] INFO  ? Formatação 'considerando' aplicada: 0 ocorrências em negrito e caixa alta
11:07:17.152 [00:02,0] INFO  ? ? Concluído: Formatação de considerandos
11:07:17.152 [00:02,0] INFO  ? ? Iniciando: Aplicação de substituições de texto

11:07:17.152 [00:02,0] ERROR ? Erro crítico nas substituições de texto: Argumento ou chamada de procedimento inválida (Variante: 0)
11:07:17.164 [00:02,0] INFO  ? ? Concluído: Aplicação de substituições de texto
11:07:17.164 [00:02,0] INFO  ? ? Iniciando: Remoção de marca d'água e inserção de carimbo
11:07:17.445 [00:02,0] INFO  ? ? Concluído: Remoção de marca d'água e inserção de carimbo


--------------------------------------------------------------------------------
SEÇÃO: LIMPEZA FINAL
--------------------------------------------------------------------------------
11:07:17.457 [00:02,0] INFO  ? ? Iniciando: Limpeza de espaços múltiplos
11:07:17.523 [00:02,0] INFO  ? Limpeza de espaços concluída: 1 correções aplicadas (com proteção CONSIDERANDO)
11:07:17.523 [00:02,0] INFO  ? ? Concluído: Limpeza de espaços múltiplos
11:07:17.523 [00:02,0] INFO  ? ? Iniciando: Controle de linhas em branco
11:07:17.594 [00:02,0] INFO  ? Controle de linhas vazias concluído em 2 passada(s): 10 linhas excedentes removidas (máximo 1 sequencial)
11:07:17.594 [00:02,0] INFO  ? Linhas em branco do 2º parágrafo reforçadas (antes: 2, depois: 2)
11:07:17.629 [00:02,0] INFO  ? Linhas em branco do Plenário reforçadas: 2 antes e 2 depois
11:07:17.629 [00:02,0] INFO  ? ? Concluído: Controle de linhas em branco
11:07:17.629 [00:02,0] INFO  ? ? Iniciando: Substituição de datas do plenário
11:07:17.652 [00:02,0] INFO  ? Parágrafo de plenário substituído e formatado
11:07:17.652 [00:02,0] INFO  ? ? Concluído: Substituição de datas do plenário


--------------------------------------------------------------------------------
SEÇÃO: FINALIZAÇÃO
--------------------------------------------------------------------------------
11:07:17.660 [00:02,0] INFO  ? ? Iniciando: Configuração de visualização
11:07:17.668 [00:02,0] INFO  ? Visualização configurada: zoom definido para 110%, demais configurações preservadas
11:07:17.668 [00:02,0] INFO  ? ? Concluído: Configuração de visualização
11:07:17.668 [00:02,0] INFO  ? ? Iniciando: Inserção de rodapé
11:07:17.703 [00:02,0] INFO  ? ? Concluído: Inserção de rodapé
11:07:17.703 [00:02,0] INFO  ? ? Iniciando: Ajustes finais de negrito e formatação
11:07:17.711 [00:02,0] INFO  ? Negrito e alinhamento aplicados a 1 parágrafos especiais
11:07:17.730 [00:02,0] INFO  ? Parágrafo 'Vereador' formatado (sem negrito) com linhas adjacentes centralizadas (posição: 21)
11:07:17.730 [00:02,0] INFO  ? Formatação 'Vereador': 1 ocorrências formatadas
11:07:17.770 [00:02,0] INFO  ? Linhas em branco ajustadas: exatamente 2 antes e 2 depois de 'Justificativa'
11:07:17.793 [00:02,0] INFO  ? 2 linhas em branco inseridas antes e depois de 'Plenário Dr. Tancredo Neves'
11:07:17.816 [00:02,0] INFO  ? 2 linhas em branco inseridas após 'Excelentíssimo Senhor Prefeito Municipal,'
11:07:17.816 [00:02,0] INFO  ? ? Concluído: Ajustes finais de negrito e formatação
11:07:17.816 [00:02,0] INFO  ? ? Iniciando: Formatações especiais (diante do exposto, requeiro)
11:07:17.824 [00:02,0] INFO  ? ? Concluído: Formatações especiais (diante do exposto, requeiro)
11:07:17.824 [00:02,0] INFO  ? ? Iniciando: Garantia de espaçamento entre parágrafos longos
11:07:17.844 [00:02,0] INFO  ? ? Concluído: Garantia de espaçamento entre parágrafos longos
11:07:17.844 [00:02,0] INFO  ? ? Iniciando: Remoção de realces e bordas
11:07:17.852 [00:02,0] INFO  ? Realce removido do documento completo
11:07:17.875 [00:02,0] INFO  ? Realces e bordas removidos: 1 realces, 24 parágrafos com bordas
11:07:17.875 [00:02,0] INFO  ? ? Concluído: Remoção de realces e bordas
11:07:17.875 [00:02,0] INFO  ? ? Iniciando: Remoção de páginas vazias no final
11:07:17.891 [00:02,0] INFO  ? Nenhuma página vazia no final do documento
11:07:17.891 [00:02,0] INFO  ? ? Concluído: Remoção de páginas vazias no final
11:07:17.891 [00:02,0] INFO  ? Formatação completa aplicada com sucesso
11:07:17.891 [00:02,0] INFO  ? ?? Total de parágrafos: 24
11:07:18.188 [00:03,0] INFO  ? === FIM DA PASSAGEM 1 ===
11:07:18.188 [00:03,0] INFO  ? === PIPELINE DE FORMATAÇÃO - PASSAGEM 2 DE 2 ===
11:07:18.195 [00:03,0] INFO  ? Iniciando construção do cache de parágrafos...
11:07:18.215 [00:03,0] INFO  ? Cache construído: 24 parágrafos em 0,02s
11:07:18.215 [00:03,0] INFO  ? Identificando estrutura do documento...
11:07:18.223 [00:03,0] INFO  ? Título da Justificativa identificado no parágrafo 14
11:07:18.234 [00:03,0] INFO  ? Data (Plenário) identificada no parágrafo 20
11:07:18.242 [00:03,0] INFO  ? === ESTRUTURA DO DOCUMENTO IDENTIFICADA ===
11:07:18.242 [00:03,0] INFO  ? Título: parágrafo 0
11:07:18.242 [00:03,0] INFO  ? Ementa: parágrafo 0
11:07:18.242 [00:03,0] INFO  ? Proposição: parágrafos 0 a 0
11:07:18.242 [00:03,0] INFO  ? Título Justificativa: parágrafo 14
11:07:18.242 [00:03,0] INFO  ? Justificativa: parágrafos 15 a 19
11:07:18.242 [00:03,0] INFO  ? Data: parágrafo 20
11:07:18.242 [00:03,0] INFO  ? Assinatura: parágrafos 0 a 0
11:07:18.242 [00:03,0] INFO  ? Título Anexo: parágrafo 0
11:07:18.242 [00:03,0] INFO  ? Anexo: parágrafos 0 a 0
11:07:18.242 [00:03,0] INFO  ? ==========================================


--------------------------------------------------------------------------------
SEÇÃO: LIMPEZA E FORMATAÇÃO
--------------------------------------------------------------------------------
11:07:18.309 [00:03,0] INFO  ? ? Iniciando: Limpeza de formatação
11:07:18.355 [00:03,0] INFO  ? Formatação limpa: 24 parágrafos resetados
11:07:18.355 [00:03,0] INFO  ? ? Concluído: Limpeza de formatação
11:07:18.355 [00:03,0] INFO  ? ? Iniciando: Normalização de quebras
11:07:18.363 [00:03,0] INFO  ? ? Concluído: Normalização de quebras
11:07:18.363 [00:03,0] INFO  ? ? Iniciando: Limpeza estrutural
11:07:18.383 [00:03,0] INFO  ? ? Concluído: Limpeza estrutural
11:07:18.383 [00:03,0] INFO  ? ? Iniciando: Formatação de título
11:07:18.383 [00:03,0] INFO  ? Título de proposição formatado: INDICAÇÃO Nº $NUMERO$/$ANO$ (centralizado, caixa alta, negrito, sublinhado)
11:07:18.383 [00:03,0] INFO  ? ? Concluído: Formatação de título
11:07:18.383 [00:03,0] INFO  ? ? Iniciando: Aplicação de fonte padrão
11:07:18.383 [00:03,0] INFO  ? Aplicando fonte padrão (modo otimizado com cache)...
11:07:18.395 [00:03,0] INFO  ? Fonte padrão aplicada: 9 parágrafos em 0,01s
11:07:18.395 [00:03,0] INFO  ? ? Concluído: Aplicação de fonte padrão | 24 parágrafos
11:07:18.395 [00:03,0] INFO  ? ? Iniciando: Aplicação de formatação de parágrafos
11:07:18.504 [00:03,0] INFO  ? ? Concluído: Aplicação de formatação de parágrafos


--------------------------------------------------------------------------------
SEÇÃO: FORMATAÇÕES ESPECÍFICAS
--------------------------------------------------------------------------------
11:07:18.512 [00:03,0] INFO  ? ? Iniciando: Formatação de parágrafos 1 e 2
11:07:18.520 [00:03,0] INFO  ? 2º parágrafo formatado com 2 linhas em branco antes e depois (posição: 7)
11:07:18.520 [00:03,0] INFO  ? ? Concluído: Formatação de parágrafos 1 e 2
11:07:18.520 [00:03,0] INFO  ? ? Iniciando: Formatação de considerandos
11:07:18.520 [00:03,0] INFO  ? Formatação 'considerando' aplicada: 0 ocorrências em negrito e caixa alta
11:07:18.520 [00:03,0] INFO  ? ? Concluído: Formatação de considerandos
11:07:18.520 [00:03,0] INFO  ? ? Iniciando: Aplicação de substituições de texto

11:07:18.520 [00:03,0] ERROR ? Erro crítico nas substituições de texto: Argumento ou chamada de procedimento inválida (Variante: 0)
11:07:18.543 [00:03,0] INFO  ? ? Concluído: Aplicação de substituições de texto
11:07:18.543 [00:03,0] INFO  ? ? Iniciando: Remoção de marca d'água e inserção de carimbo
11:07:18.789 [00:03,0] INFO  ? ? Concluído: Remoção de marca d'água e inserção de carimbo


--------------------------------------------------------------------------------
SEÇÃO: LIMPEZA FINAL
--------------------------------------------------------------------------------
11:07:18.809 [00:03,0] INFO  ? ? Iniciando: Limpeza de espaços múltiplos
11:07:18.848 [00:03,0] INFO  ? Limpeza de espaços concluída: 0 correções aplicadas (com proteção CONSIDERANDO)
11:07:18.848 [00:03,0] INFO  ? ? Concluído: Limpeza de espaços múltiplos
11:07:18.848 [00:03,0] INFO  ? ? Iniciando: Controle de linhas em branco
11:07:18.922 [00:03,0] INFO  ? Controle de linhas vazias concluído em 2 passada(s): 8 linhas excedentes removidas (máximo 1 sequencial)
11:07:18.922 [00:03,0] INFO  ? Linhas em branco do 2º parágrafo reforçadas (antes: 2, depois: 2)
11:07:18.953 [00:03,0] INFO  ? Linhas em branco do Plenário reforçadas: 2 antes e 2 depois
11:07:18.953 [00:03,0] INFO  ? ? Concluído: Controle de linhas em branco
11:07:18.953 [00:03,0] INFO  ? ? Iniciando: Substituição de datas do plenário
11:07:18.969 [00:03,0] INFO  ? Parágrafo de plenário substituído e formatado
11:07:18.969 [00:03,0] INFO  ? ? Concluído: Substituição de datas do plenário


--------------------------------------------------------------------------------
SEÇÃO: FINALIZAÇÃO
--------------------------------------------------------------------------------
11:07:18.977 [00:03,0] INFO  ? ? Iniciando: Configuração de visualização
11:07:18.984 [00:03,0] INFO  ? Visualização configurada: zoom definido para 110%, demais configurações preservadas
11:07:18.984 [00:03,0] INFO  ? ? Concluído: Configuração de visualização
11:07:18.984 [00:03,0] INFO  ? ? Iniciando: Inserção de rodapé
11:07:19.008 [00:04,0] INFO  ? ? Concluído: Inserção de rodapé
11:07:19.008 [00:04,0] INFO  ? ? Iniciando: Ajustes finais de negrito e formatação
11:07:19.016 [00:04,0] INFO  ? Negrito e alinhamento aplicados a 1 parágrafos especiais
11:07:19.031 [00:04,0] INFO  ? Parágrafo 'Vereador' formatado (sem negrito) com linhas adjacentes centralizadas (posição: 21)
11:07:19.031 [00:04,0] INFO  ? Formatação 'Vereador': 1 ocorrências formatadas
11:07:19.086 [00:04,0] INFO  ? Linhas em branco ajustadas: exatamente 2 antes e 2 depois de 'Justificativa'
11:07:19.125 [00:04,0] INFO  ? 2 linhas em branco inseridas antes e depois de 'Plenário Dr. Tancredo Neves'
11:07:19.141 [00:04,0] INFO  ? 2 linhas em branco inseridas após 'Excelentíssimo Senhor Prefeito Municipal,'
11:07:19.141 [00:04,0] INFO  ? ? Concluído: Ajustes finais de negrito e formatação
11:07:19.141 [00:04,0] INFO  ? ? Iniciando: Formatações especiais (diante do exposto, requeiro)
11:07:19.160 [00:04,0] INFO  ? ? Concluído: Formatações especiais (diante do exposto, requeiro)
11:07:19.160 [00:04,0] INFO  ? ? Iniciando: Garantia de espaçamento entre parágrafos longos
11:07:19.172 [00:04,0] INFO  ? ? Concluído: Garantia de espaçamento entre parágrafos longos
11:07:19.172 [00:04,0] INFO  ? ? Iniciando: Remoção de realces e bordas
11:07:19.180 [00:04,0] INFO  ? Realce removido do documento completo
11:07:19.215 [00:04,0] INFO  ? Realces e bordas removidos: 1 realces, 24 parágrafos com bordas
11:07:19.215 [00:04,0] INFO  ? ? Concluído: Remoção de realces e bordas
11:07:19.215 [00:04,0] INFO  ? ? Iniciando: Remoção de páginas vazias no final
11:07:19.238 [00:04,0] INFO  ? Nenhuma página vazia no final do documento
11:07:19.238 [00:04,0] INFO  ? ? Concluído: Remoção de páginas vazias no final
11:07:19.238 [00:04,0] INFO  ? Formatação completa aplicada com sucesso
11:07:19.238 [00:04,0] INFO  ? ?? Total de parágrafos: 24
11:07:19.496 [00:04,0] INFO  ? === FIM DA PASSAGEM 2 ===
11:07:19.805 [00:04,0] INFO  ? Configurações de visualização originais restauradas (zoom mantido em 110%)
11:07:19.840 [00:04,0] INFO  ? Documento padronizado com sucesso
11:07:20.844 [00:05,0] INFO  ? UndoRecord finalizado com sucesso
11:07:20.844 [00:05,0] INFO  ? Variáveis de proteção de imagens limpas
11:07:20.844 [00:05,0] INFO  ? Variáveis de configurações de visualização limpas


================================================================================
RESUMO DA SESSÃO
================================================================================

[STATUS]
  Final: CONCLUÍDO COM ERROS ?
  Término: 18/11/2025 11:07:20
  Duração: 5,0s

[ESTATÍSTICAS]
  Total de eventos: 180
  Informações: 176 (97,8%)
  Avisos: 1 (0,6%)
  Erros: 3 (1,7%)

[PERFORMANCE]
  Eventos/segundo: 36,0
  Tempo médio/evento: 27,8ms

[RECOMENDAÇÕES]
  • Verifique os erros acima e corrija problemas no documento

================================================================================
FIM DO LOG
================================================================================
