================================================================================
CHAINSAW - LOG DE PROCESSAMENTO DE DOCUMENTO
================================================================================

[SESSÃO]
  Início: 18/11/2025 10:50:11
  ID: 20251118105011

[AMBIENTE]
  Usuário: csantos
  Computador: NOTEPROCLEG01
  Domínio: CMSBONET
  SO: Windows Windows_NT
  Word: 16.0 (Word 2016/2019/2021/365)

[DOCUMENTO]
  Nome: siscam_01_servicos_rocagem_limpeza_mato_na_rua_jose_soares_godoy_proximo_ao_numero_45_santa_ines25jculrq.docx
  Caminho: C:\Users\csantos\AppData\Local\Temp
  Tamanho: 1,3 KB
  Parágrafos: 29
  Páginas: 1
  Proteção: Sem proteção
  Idioma: 1046

[CONFIGURAÇÃO]
  Debug: Desativado
  Log: C:\Users\csantos\chainsaw\installation\inst_docs\vba_logs\chainsaw_20251118_105011_siscam_01_servicos_rocagem_limpeza_mato_na_rua_jos.log
  Backup: C:\Users\csantos\AppData\Local\Temp\backups\

================================================================================


10:50:11.379 [00:00,0] INFO  ? Iniciando padronização do documento: siscam_01_servicos_rocagem_limpeza_mato_na_rua_jose_soares_godoy_proximo_ao_numero_45_santa_ines25jculrq.docx
10:50:11.379 [00:00,0] INFO  ? UndoRecord iniciado com sucesso


--------------------------------------------------------------------------------
SEÇÃO: VERIFICAÇÕES INICIAIS
--------------------------------------------------------------------------------
10:50:11.434 [00:00,0] INFO  ? ? Iniciando: Validação de documento
10:50:11.438 [00:00,0] INFO  ? Endereços validados com sucesso: ementa x 1º parágrafo textual
10:50:11.438 [00:00,0] INFO  ? Verificação de dados sensíveis concluída - nenhum campo sensível detectado
10:50:11.438 [00:00,0] INFO  ? ? Concluído: Validação de documento | Todas as verificações passaram
10:50:11.438 [00:00,0] INFO  ? Verificações de segurança concluídas com sucesso
10:50:11.570 [00:00,0] INFO  ? Backup criado com sucesso: siscam_01_servicos_rocagem_limpeza_mato_na_rua_jose_soares_godoy_proximo_ao_numero_45_santa_ines25jculrq_backup_2025-11-18_105011.docx
10:50:11.641 [00:00,0] INFO  ? Backup das configurações de visualização concluído
10:50:11.660 [00:00,0] INFO  ? Backup de propriedades de imagens concluído: 0 imagens catalogadas
10:50:11.660 [00:00,0] INFO  ? === PIPELINE DE FORMATAÇÃO - PASSAGEM 1 DE 2 ===
10:50:11.668 [00:00,0] INFO  ? Iniciando construção do cache de parágrafos...
10:50:11.684 [00:00,0] INFO  ? Cache construído: 29 parágrafos em 0,02s
10:50:11.684 [00:00,0] INFO  ? Identificando estrutura do documento...
10:50:11.695 [00:00,0] INFO  ? Título da Justificativa identificado no parágrafo 15
10:50:11.703 [00:00,0] INFO  ? Data (Plenário) identificada no parágrafo 22
10:50:11.715 [00:00,0] INFO  ? === ESTRUTURA DO DOCUMENTO IDENTIFICADA ===
10:50:11.715 [00:00,0] INFO  ? Título: parágrafo 0
10:50:11.715 [00:00,0] INFO  ? Ementa: parágrafo 0
10:50:11.715 [00:00,0] INFO  ? Proposição: parágrafos 0 a 0
10:50:11.715 [00:00,0] INFO  ? Título Justificativa: parágrafo 15
10:50:11.715 [00:00,0] INFO  ? Justificativa: parágrafos 16 a 21
10:50:11.715 [00:00,0] INFO  ? Data: parágrafo 22
10:50:11.715 [00:00,0] INFO  ? Assinatura: parágrafos 0 a 0
10:50:11.715 [00:00,0] INFO  ? Título Anexo: parágrafo 0
10:50:11.715 [00:00,0] INFO  ? Anexo: parágrafos 0 a 0
10:50:11.715 [00:00,0] INFO  ? ==========================================


--------------------------------------------------------------------------------
SEÇÃO: LIMPEZA E FORMATAÇÃO
--------------------------------------------------------------------------------
10:50:12.391 [00:01,0] INFO  ? ? Iniciando: Limpeza de formatação
10:50:12.562 [00:01,0] INFO  ? Formatação limpa: 29 parágrafos resetados
10:50:12.562 [00:01,0] INFO  ? ? Concluído: Limpeza de formatação
10:50:12.562 [00:01,0] INFO  ? ? Iniciando: Normalização de quebras
10:50:12.570 [00:01,0] INFO  ? ? Concluído: Normalização de quebras
10:50:12.570 [00:01,0] INFO  ? ? Iniciando: Limpeza estrutural
10:50:12.766 [00:01,0] INFO  ? Estrutura limpa: 1 linhas vazias removidas
10:50:12.777 [00:01,0] INFO  ? ? Concluído: Limpeza estrutural
10:50:12.777 [00:01,0] INFO  ? ? Iniciando: Formatação de título
10:50:12.785 [00:01,0] INFO  ? Título de proposição formatado: INDICAÇÃO Nº $NUMERO$/$ANO$ (centralizado, caixa alta, negrito, sublinhado)
10:50:12.785 [00:01,0] INFO  ? ? Concluído: Formatação de título
10:50:12.785 [00:01,0] INFO  ? ? Iniciando: Aplicação de fonte padrão
10:50:12.785 [00:01,0] INFO  ? Aplicando fonte padrão (modo otimizado com cache)...

10:50:12.805 [00:01,0] ERROR ? Erro em ApplyStdFontOptimized: O membro solicitado da coleção não existe.
10:50:12.809 [00:01,0] WARN  ? Falha na formatação de fontes (otimizada) - tentando método tradicional
10:50:12.906 [00:01,0] INFO  ? ? Concluído: Aplicação de fonte padrão | 28 parágrafos
10:50:12.906 [00:01,0] INFO  ? ? Iniciando: Aplicação de formatação de parágrafos
10:50:13.211 [00:02,0] INFO  ? ? Concluído: Aplicação de formatação de parágrafos


--------------------------------------------------------------------------------
SEÇÃO: FORMATAÇÕES ESPECÍFICAS
--------------------------------------------------------------------------------
10:50:13.215 [00:02,0] INFO  ? ? Iniciando: Formatação de parágrafos 1 e 2
10:50:13.227 [00:02,0] INFO  ? 2º parágrafo formatado com 2 linhas em branco antes e depois (posição: 6)
10:50:13.227 [00:02,0] INFO  ? ? Concluído: Formatação de parágrafos 1 e 2
10:50:13.227 [00:02,0] INFO  ? ? Iniciando: Formatação de considerandos
10:50:13.242 [00:02,0] INFO  ? Formatação 'considerando' aplicada: 0 ocorrências em negrito e caixa alta
10:50:13.242 [00:02,0] INFO  ? ? Concluído: Formatação de considerandos
10:50:13.242 [00:02,0] INFO  ? ? Iniciando: Aplicação de substituições de texto

10:50:13.242 [00:02,0] ERROR ? Erro crítico nas substituições de texto: Argumento ou chamada de procedimento inválida (Variante: 0)
10:50:13.258 [00:02,0] INFO  ? ? Concluído: Aplicação de substituições de texto
10:50:13.258 [00:02,0] INFO  ? ? Iniciando: Remoção de marca d'água e inserção de carimbo
10:50:13.527 [00:02,0] INFO  ? ? Concluído: Remoção de marca d'água e inserção de carimbo


--------------------------------------------------------------------------------
SEÇÃO: LIMPEZA FINAL
--------------------------------------------------------------------------------
10:50:13.547 [00:02,0] INFO  ? ? Iniciando: Limpeza de espaços múltiplos
10:50:13.605 [00:02,0] INFO  ? Limpeza de espaços concluída: 1 correções aplicadas (com proteção CONSIDERANDO)
10:50:13.605 [00:02,0] INFO  ? ? Concluído: Limpeza de espaços múltiplos
10:50:13.605 [00:02,0] INFO  ? ? Iniciando: Controle de linhas em branco
10:50:13.676 [00:02,0] INFO  ? Controle de linhas vazias concluído em 2 passada(s): 9 linhas excedentes removidas (máximo 1 sequencial)
10:50:13.676 [00:02,0] INFO  ? Linhas em branco do 2º parágrafo reforçadas (antes: 2, depois: 2)
10:50:13.707 [00:02,0] INFO  ? Linhas em branco do Plenário reforçadas: 2 antes e 2 depois
10:50:13.707 [00:02,0] INFO  ? ? Concluído: Controle de linhas em branco
10:50:13.707 [00:02,0] INFO  ? ? Iniciando: Substituição de datas do plenário
10:50:13.734 [00:02,0] INFO  ? Parágrafo de plenário substituído e formatado
10:50:13.734 [00:02,0] INFO  ? ? Concluído: Substituição de datas do plenário


--------------------------------------------------------------------------------
SEÇÃO: FINALIZAÇÃO
--------------------------------------------------------------------------------
10:50:13.742 [00:02,0] INFO  ? ? Iniciando: Configuração de visualização
10:50:13.742 [00:02,0] INFO  ? Visualização configurada: zoom definido para 110%, demais configurações preservadas
10:50:13.742 [00:02,0] INFO  ? ? Concluído: Configuração de visualização
10:50:13.742 [00:02,0] INFO  ? ? Iniciando: Inserção de rodapé
10:50:13.785 [00:02,0] INFO  ? ? Concluído: Inserção de rodapé
10:50:13.785 [00:02,0] INFO  ? ? Iniciando: Ajustes finais de negrito e formatação
10:50:13.793 [00:02,0] INFO  ? Negrito e alinhamento aplicados a 1 parágrafos especiais
10:50:13.809 [00:02,0] INFO  ? Parágrafo 'Vereador' formatado (sem negrito) com linhas adjacentes centralizadas (posição: 21)
10:50:13.809 [00:02,0] INFO  ? Formatação 'Vereador': 1 ocorrências formatadas
10:50:13.855 [00:02,0] INFO  ? Linhas em branco ajustadas: exatamente 2 antes e 2 depois de 'Justificativa'
10:50:13.898 [00:02,0] INFO  ? 2 linhas em branco inseridas antes e depois de 'Plenário Dr. Tancredo Neves'
10:50:13.914 [00:02,0] INFO  ? 2 linhas em branco inseridas após 'Excelentíssimo Senhor Prefeito Municipal,'
10:50:13.914 [00:02,0] INFO  ? ? Concluído: Ajustes finais de negrito e formatação
10:50:13.914 [00:02,0] INFO  ? ? Iniciando: Formatações especiais (diante do exposto, requeiro)
10:50:13.934 [00:02,0] INFO  ? ? Concluído: Formatações especiais (diante do exposto, requeiro)
10:50:13.934 [00:02,0] INFO  ? ? Iniciando: Garantia de espaçamento entre parágrafos longos
10:50:13.945 [00:02,0] INFO  ? ? Concluído: Garantia de espaçamento entre parágrafos longos
10:50:13.945 [00:02,0] INFO  ? ? Iniciando: Remoção de realces e bordas
10:50:13.953 [00:02,0] INFO  ? Realce removido do documento completo
10:50:13.980 [00:02,0] INFO  ? Realces e bordas removidos: 1 realces, 24 parágrafos com bordas
10:50:13.980 [00:02,0] INFO  ? ? Concluído: Remoção de realces e bordas
10:50:13.980 [00:02,0] INFO  ? ? Iniciando: Remoção de páginas vazias no final
10:50:13.996 [00:02,0] INFO  ? Nenhuma página vazia no final do documento
10:50:13.996 [00:02,0] INFO  ? ? Concluído: Remoção de páginas vazias no final
10:50:13.996 [00:02,0] INFO  ? Formatação completa aplicada com sucesso
10:50:13.996 [00:02,0] INFO  ? ?? Total de parágrafos: 24
10:50:14.094 [00:03,0] INFO  ? === FIM DA PASSAGEM 1 ===
10:50:14.094 [00:03,0] INFO  ? === PIPELINE DE FORMATAÇÃO - PASSAGEM 2 DE 2 ===
10:50:14.102 [00:03,0] INFO  ? Iniciando construção do cache de parágrafos...
10:50:14.113 [00:03,0] INFO  ? Cache construído: 24 parágrafos em 0,01s
10:50:14.113 [00:03,0] INFO  ? Identificando estrutura do documento...
10:50:14.133 [00:03,0] INFO  ? Título da Justificativa identificado no parágrafo 14
10:50:14.141 [00:03,0] INFO  ? Data (Plenário) identificada no parágrafo 20
10:50:14.152 [00:03,0] INFO  ? === ESTRUTURA DO DOCUMENTO IDENTIFICADA ===
10:50:14.152 [00:03,0] INFO  ? Título: parágrafo 0
10:50:14.152 [00:03,0] INFO  ? Ementa: parágrafo 0
10:50:14.152 [00:03,0] INFO  ? Proposição: parágrafos 0 a 0
10:50:14.152 [00:03,0] INFO  ? Título Justificativa: parágrafo 14
10:50:14.152 [00:03,0] INFO  ? Justificativa: parágrafos 15 a 19
10:50:14.152 [00:03,0] INFO  ? Data: parágrafo 20
10:50:14.152 [00:03,0] INFO  ? Assinatura: parágrafos 0 a 0
10:50:14.152 [00:03,0] INFO  ? Título Anexo: parágrafo 0
10:50:14.152 [00:03,0] INFO  ? Anexo: parágrafos 0 a 0
10:50:14.152 [00:03,0] INFO  ? ==========================================


--------------------------------------------------------------------------------
SEÇÃO: LIMPEZA E FORMATAÇÃO
--------------------------------------------------------------------------------
10:50:14.258 [00:03,0] INFO  ? ? Iniciando: Limpeza de formatação
10:50:14.305 [00:03,0] INFO  ? Formatação limpa: 24 parágrafos resetados
10:50:14.305 [00:03,0] INFO  ? ? Concluído: Limpeza de formatação
10:50:14.305 [00:03,0] INFO  ? ? Iniciando: Normalização de quebras
10:50:14.320 [00:03,0] INFO  ? ? Concluído: Normalização de quebras
10:50:14.320 [00:03,0] INFO  ? ? Iniciando: Limpeza estrutural
10:50:14.340 [00:03,0] INFO  ? ? Concluído: Limpeza estrutural
10:50:14.340 [00:03,0] INFO  ? ? Iniciando: Formatação de título
10:50:14.340 [00:03,0] INFO  ? Título de proposição formatado: INDICAÇÃO Nº $NUMERO$/$ANO$ (centralizado, caixa alta, negrito, sublinhado)
10:50:14.340 [00:03,0] INFO  ? ? Concluído: Formatação de título
10:50:14.340 [00:03,0] INFO  ? ? Iniciando: Aplicação de fonte padrão
10:50:14.340 [00:03,0] INFO  ? Aplicando fonte padrão (modo otimizado com cache)...
10:50:14.355 [00:03,0] INFO  ? Fonte padrão aplicada: 9 parágrafos em 0,02s
10:50:14.355 [00:03,0] INFO  ? ? Concluído: Aplicação de fonte padrão | 24 parágrafos
10:50:14.355 [00:03,0] INFO  ? ? Iniciando: Aplicação de formatação de parágrafos
10:50:14.461 [00:03,0] INFO  ? ? Concluído: Aplicação de formatação de parágrafos


--------------------------------------------------------------------------------
SEÇÃO: FORMATAÇÕES ESPECÍFICAS
--------------------------------------------------------------------------------
10:50:14.469 [00:03,0] INFO  ? ? Iniciando: Formatação de parágrafos 1 e 2
10:50:14.477 [00:03,0] INFO  ? 2º parágrafo formatado com 2 linhas em branco antes e depois (posição: 7)
10:50:14.477 [00:03,0] INFO  ? ? Concluído: Formatação de parágrafos 1 e 2
10:50:14.477 [00:03,0] INFO  ? ? Iniciando: Formatação de considerandos
10:50:14.492 [00:03,0] INFO  ? Formatação 'considerando' aplicada: 0 ocorrências em negrito e caixa alta
10:50:14.492 [00:03,0] INFO  ? ? Concluído: Formatação de considerandos
10:50:14.492 [00:03,0] INFO  ? ? Iniciando: Aplicação de substituições de texto

10:50:14.492 [00:03,0] ERROR ? Erro crítico nas substituições de texto: Argumento ou chamada de procedimento inválida (Variante: 0)
10:50:14.508 [00:03,0] INFO  ? ? Concluído: Aplicação de substituições de texto
10:50:14.508 [00:03,0] INFO  ? ? Iniciando: Remoção de marca d'água e inserção de carimbo
10:50:14.766 [00:03,0] INFO  ? ? Concluído: Remoção de marca d'água e inserção de carimbo


--------------------------------------------------------------------------------
SEÇÃO: LIMPEZA FINAL
--------------------------------------------------------------------------------
10:50:14.773 [00:03,0] INFO  ? ? Iniciando: Limpeza de espaços múltiplos
10:50:14.816 [00:03,0] INFO  ? Limpeza de espaços concluída: 0 correções aplicadas (com proteção CONSIDERANDO)
10:50:14.816 [00:03,0] INFO  ? ? Concluído: Limpeza de espaços múltiplos
10:50:14.816 [00:03,0] INFO  ? ? Iniciando: Controle de linhas em branco
10:50:14.895 [00:03,0] INFO  ? Controle de linhas vazias concluído em 2 passada(s): 8 linhas excedentes removidas (máximo 1 sequencial)
10:50:14.895 [00:03,0] INFO  ? Linhas em branco do 2º parágrafo reforçadas (antes: 2, depois: 2)
10:50:14.938 [00:03,0] INFO  ? Linhas em branco do Plenário reforçadas: 2 antes e 2 depois
10:50:14.938 [00:03,0] INFO  ? ? Concluído: Controle de linhas em branco
10:50:14.938 [00:03,0] INFO  ? ? Iniciando: Substituição de datas do plenário
10:50:14.953 [00:03,0] INFO  ? Parágrafo de plenário substituído e formatado
10:50:14.953 [00:03,0] INFO  ? ? Concluído: Substituição de datas do plenário


--------------------------------------------------------------------------------
SEÇÃO: FINALIZAÇÃO
--------------------------------------------------------------------------------
10:50:14.973 [00:03,0] INFO  ? ? Iniciando: Configuração de visualização
10:50:14.973 [00:03,0] INFO  ? Visualização configurada: zoom definido para 110%, demais configurações preservadas
10:50:14.973 [00:03,0] INFO  ? ? Concluído: Configuração de visualização
10:50:14.973 [00:03,0] INFO  ? ? Iniciando: Inserção de rodapé
10:50:14.996 [00:03,0] INFO  ? ? Concluído: Inserção de rodapé
10:50:14.996 [00:03,0] INFO  ? ? Iniciando: Ajustes finais de negrito e formatação
10:50:15.008 [00:04,0] INFO  ? Negrito e alinhamento aplicados a 1 parágrafos especiais
10:50:15.023 [00:04,0] INFO  ? Parágrafo 'Vereador' formatado (sem negrito) com linhas adjacentes centralizadas (posição: 21)
10:50:15.023 [00:04,0] INFO  ? Formatação 'Vereador': 1 ocorrências formatadas
10:50:15.070 [00:04,0] INFO  ? Linhas em branco ajustadas: exatamente 2 antes e 2 depois de 'Justificativa'
10:50:15.105 [00:04,0] INFO  ? 2 linhas em branco inseridas antes e depois de 'Plenário Dr. Tancredo Neves'
10:50:15.121 [00:04,0] INFO  ? 2 linhas em branco inseridas após 'Excelentíssimo Senhor Prefeito Municipal,'
10:50:15.121 [00:04,0] INFO  ? ? Concluído: Ajustes finais de negrito e formatação
10:50:15.121 [00:04,0] INFO  ? ? Iniciando: Formatações especiais (diante do exposto, requeiro)
10:50:15.137 [00:04,0] INFO  ? ? Concluído: Formatações especiais (diante do exposto, requeiro)
10:50:15.137 [00:04,0] INFO  ? ? Iniciando: Garantia de espaçamento entre parágrafos longos
10:50:15.156 [00:04,0] INFO  ? ? Concluído: Garantia de espaçamento entre parágrafos longos
10:50:15.156 [00:04,0] INFO  ? ? Iniciando: Remoção de realces e bordas
10:50:15.164 [00:04,0] INFO  ? Realce removido do documento completo
10:50:15.195 [00:04,0] INFO  ? Realces e bordas removidos: 1 realces, 24 parágrafos com bordas
10:50:15.195 [00:04,0] INFO  ? ? Concluído: Remoção de realces e bordas
10:50:15.195 [00:04,0] INFO  ? ? Iniciando: Remoção de páginas vazias no final
10:50:15.211 [00:04,0] INFO  ? Nenhuma página vazia no final do documento
10:50:15.211 [00:04,0] INFO  ? ? Concluído: Remoção de páginas vazias no final
10:50:15.211 [00:04,0] INFO  ? Formatação completa aplicada com sucesso
10:50:15.211 [00:04,0] INFO  ? ?? Total de parágrafos: 24
10:50:15.297 [00:04,0] INFO  ? === FIM DA PASSAGEM 2 ===
10:50:15.617 [00:04,0] INFO  ? Configurações de visualização originais restauradas (zoom mantido em 110%)
10:50:15.801 [00:04,0] INFO  ? Documento padronizado com sucesso
10:50:16.801 [00:05,0] INFO  ? UndoRecord finalizado com sucesso
10:50:16.801 [00:05,0] INFO  ? Variáveis de proteção de imagens limpas
10:50:16.801 [00:05,0] INFO  ? Variáveis de configurações de visualização limpas


================================================================================
RESUMO DA SESSÃO
================================================================================

[STATUS]
  Final: CONCLUÍDO COM ERROS ?
  Término: 18/11/2025 10:50:16
  Duração: 5,0s

[ESTATÍSTICAS]
  Total de eventos: 181
  Informações: 177 (97,8%)
  Avisos: 1 (0,6%)
  Erros: 3 (1,7%)

[PERFORMANCE]
  Eventos/segundo: 36,2
  Tempo médio/evento: 27,6ms

[RECOMENDAÇÕES]
  • Verifique os erros acima e corrija problemas no documento

================================================================================
FIM DO LOG
================================================================================
