================================================================================
CHAINSAW - LOG DE PROCESSAMENTO DE DOCUMENTO
================================================================================

[SESSÃO]
  Início: 18/11/2025 10:20:00
  ID: 20251118102000

[AMBIENTE]
  Usuário: csantos
  Computador: NOTEPROCLEG01
  Domínio: CMSBONET
  SO: Windows Windows_NT
  Word: 16.0 (Word 2016/2019/2021/365)

[DOCUMENTO]
  Nome: siscam_indicacao_limpeza_area_publica_na_rua_maria_ribeiro_atras_ubs_dona_reginajue5evna.docx
  Caminho: C:\Users\csantos\AppData\Local\Temp
  Tamanho: 1,2 KB
  Parágrafos: 21
  Páginas: 1
  Proteção: Sem proteção
  Idioma: 1046

[CONFIGURAÇÃO]
  Debug: Desativado
  Log: C:\Users\csantos\chainsaw\installation\inst_docs\vba_logs\chainsaw_20251118_102000_siscam_indicacao_limpeza_area_publica_na_rua_maria.log
  Backup: C:\Users\csantos\AppData\Local\Temp\backups\

================================================================================


10:20:00.277 [00:00,0] INFO  ? Iniciando padronização do documento: siscam_indicacao_limpeza_area_publica_na_rua_maria_ribeiro_atras_ubs_dona_reginajue5evna.docx
10:20:00.277 [00:00,0] INFO  ? UndoRecord iniciado com sucesso


--------------------------------------------------------------------------------
SEÇÃO: VERIFICAÇÕES INICIAIS
--------------------------------------------------------------------------------
10:20:00.312 [00:00,0] INFO  ? ? Iniciando: Validação de documento
10:20:00.320 [00:00,0] INFO  ? Endereços validados com sucesso: ementa x 1º parágrafo textual
10:20:00.320 [00:00,0] INFO  ? Verificação de dados sensíveis concluída - nenhum campo sensível detectado
10:20:00.320 [00:00,0] INFO  ? ? Concluído: Validação de documento | Todas as verificações passaram
10:20:00.320 [00:00,0] INFO  ? Verificações de segurança concluídas com sucesso
10:20:00.496 [00:00,0] INFO  ? Backup criado com sucesso: siscam_indicacao_limpeza_area_publica_na_rua_maria_ribeiro_atras_ubs_dona_reginajue5evna_backup_2025-11-18_102000.docx
10:20:00.617 [00:00,0] INFO  ? Backup das configurações de visualização concluído
10:20:00.629 [00:00,0] INFO  ? Backup de propriedades de imagens concluído: 0 imagens catalogadas
10:20:00.629 [00:00,0] INFO  ? === PIPELINE DE FORMATAÇÃO - PASSAGEM 1 DE 2 ===
10:20:00.641 [00:00,0] INFO  ? Iniciando construção do cache de parágrafos...
10:20:00.645 [00:00,0] INFO  ? Cache construído: 21 parágrafos em 0,00s
10:20:00.645 [00:00,0] INFO  ? Identificando estrutura do documento...
10:20:00.652 [00:00,0] INFO  ? Título da Justificativa identificado no parágrafo 10
10:20:00.660 [00:00,0] INFO  ? Data (Plenário) identificada no parágrafo 16
10:20:00.660 [00:00,0] INFO  ? === ESTRUTURA DO DOCUMENTO IDENTIFICADA ===
10:20:00.660 [00:00,0] INFO  ? Título: parágrafo 0
10:20:00.660 [00:00,0] INFO  ? Ementa: parágrafo 0
10:20:00.660 [00:00,0] INFO  ? Proposição: parágrafos 0 a 0
10:20:00.660 [00:00,0] INFO  ? Título Justificativa: parágrafo 10
10:20:00.660 [00:00,0] INFO  ? Justificativa: parágrafos 11 a 15
10:20:00.660 [00:00,0] INFO  ? Data: parágrafo 16
10:20:00.660 [00:00,0] INFO  ? Assinatura: parágrafos 0 a 0
10:20:00.660 [00:00,0] INFO  ? Título Anexo: parágrafo 0
10:20:00.660 [00:00,0] INFO  ? Anexo: parágrafos 0 a 0
10:20:00.660 [00:00,0] INFO  ? ==========================================


--------------------------------------------------------------------------------
SEÇÃO: LIMPEZA E FORMATAÇÃO
--------------------------------------------------------------------------------
10:20:01.367 [00:01,0] INFO  ? ? Iniciando: Limpeza de formatação
10:20:01.500 [00:01,0] INFO  ? Formatação limpa: 21 parágrafos resetados
10:20:01.500 [00:01,0] INFO  ? ? Concluído: Limpeza de formatação
10:20:01.500 [00:01,0] INFO  ? ? Iniciando: Normalização de quebras
10:20:01.512 [00:01,0] INFO  ? ? Concluído: Normalização de quebras
10:20:01.512 [00:01,0] INFO  ? ? Iniciando: Limpeza estrutural
10:20:01.555 [00:01,0] INFO  ? ? Concluído: Limpeza estrutural
10:20:01.555 [00:01,0] INFO  ? ? Iniciando: Formatação de título
10:20:01.562 [00:01,0] INFO  ? Título de proposição formatado: INDICAÇÃO Nº $NUMERO$/$ANO$ (centralizado, caixa alta, negrito, sublinhado)
10:20:01.562 [00:01,0] INFO  ? ? Concluído: Formatação de título
10:20:01.562 [00:01,0] INFO  ? ? Iniciando: Aplicação de fonte padrão
10:20:01.562 [00:01,0] INFO  ? Aplicando fonte padrão (modo otimizado com cache)...
10:20:01.570 [00:01,0] INFO  ? Fonte padrão aplicada: 9 parágrafos em 0,01s
10:20:01.578 [00:01,0] INFO  ? ? Concluído: Aplicação de fonte padrão | 21 parágrafos
10:20:01.578 [00:01,0] INFO  ? ? Iniciando: Aplicação de formatação de parágrafos
10:20:01.793 [00:01,0] INFO  ? ? Concluído: Aplicação de formatação de parágrafos


--------------------------------------------------------------------------------
SEÇÃO: FORMATAÇÕES ESPECÍFICAS
--------------------------------------------------------------------------------
10:20:01.801 [00:01,0] INFO  ? ? Iniciando: Formatação de parágrafos 1 e 2
10:20:01.809 [00:01,0] INFO  ? Palavra inicial 'Sugere' substituída por 'Indica' no 2º parágrafo
10:20:01.816 [00:01,0] INFO  ? 2º parágrafo formatado com 2 linhas em branco antes e depois (posição: 5)
10:20:01.816 [00:01,0] INFO  ? ? Concluído: Formatação de parágrafos 1 e 2
10:20:01.816 [00:01,0] INFO  ? ? Iniciando: Formatação de considerandos
10:20:01.840 [00:01,0] INFO  ? Formatação 'considerando' aplicada: 0 ocorrências em negrito e caixa alta
10:20:01.840 [00:01,0] INFO  ? ? Concluído: Formatação de considerandos
10:20:01.840 [00:01,0] INFO  ? ? Iniciando: Aplicação de substituições de texto

10:20:01.844 [00:01,0] ERROR ? Erro crítico nas substituições de texto: Argumento ou chamada de procedimento inválida (Variante: 0)
10:20:01.848 [00:01,0] INFO  ? ? Concluído: Aplicação de substituições de texto
10:20:01.848 [00:01,0] INFO  ? ? Iniciando: Remoção de marca d'água e inserção de carimbo
10:20:02.219 [00:02,0] INFO  ? ? Concluído: Remoção de marca d'água e inserção de carimbo


--------------------------------------------------------------------------------
SEÇÃO: LIMPEZA FINAL
--------------------------------------------------------------------------------
10:20:02.234 [00:02,0] INFO  ? ? Iniciando: Limpeza de espaços múltiplos
10:20:02.320 [00:02,0] INFO  ? Limpeza de espaços concluída: 1 correções aplicadas (com proteção CONSIDERANDO)
10:20:02.320 [00:02,0] INFO  ? ? Concluído: Limpeza de espaços múltiplos
10:20:02.320 [00:02,0] INFO  ? ? Iniciando: Controle de linhas em branco
10:20:02.387 [00:02,0] INFO  ? Controle de linhas vazias concluído em 2 passada(s): 6 linhas excedentes removidas (máximo 1 sequencial)
10:20:02.398 [00:02,0] INFO  ? Linhas em branco do 2º parágrafo reforçadas (antes: 2, depois: 2)
10:20:02.430 [00:02,0] INFO  ? Linhas em branco do Plenário reforçadas: 2 antes e 2 depois
10:20:02.430 [00:02,0] INFO  ? ? Concluído: Controle de linhas em branco
10:20:02.430 [00:02,0] INFO  ? ? Iniciando: Substituição de datas do plenário
10:20:02.445 [00:02,0] INFO  ? Parágrafo de plenário substituído e formatado
10:20:02.445 [00:02,0] INFO  ? ? Concluído: Substituição de datas do plenário


--------------------------------------------------------------------------------
SEÇÃO: FINALIZAÇÃO
--------------------------------------------------------------------------------
10:20:02.461 [00:02,0] INFO  ? ? Iniciando: Configuração de visualização
10:20:02.461 [00:02,0] INFO  ? Visualização configurada: zoom definido para 110%, demais configurações preservadas
10:20:02.461 [00:02,0] INFO  ? ? Concluído: Configuração de visualização
10:20:02.461 [00:02,0] INFO  ? ? Iniciando: Inserção de rodapé
10:20:02.496 [00:02,0] INFO  ? ? Concluído: Inserção de rodapé
10:20:02.496 [00:02,0] INFO  ? ? Iniciando: Ajustes finais de negrito e formatação
10:20:02.516 [00:02,0] INFO  ? Negrito e alinhamento aplicados a 1 parágrafos especiais
10:20:02.527 [00:02,0] INFO  ? Parágrafo 'Vereador' formatado (sem negrito) com linhas adjacentes centralizadas (posição: 21)
10:20:02.527 [00:02,0] INFO  ? Formatação 'Vereador': 1 ocorrências formatadas
10:20:02.578 [00:02,0] INFO  ? Linhas em branco ajustadas: exatamente 2 antes e 2 depois de 'Justificativa'
10:20:02.621 [00:02,0] INFO  ? 2 linhas em branco inseridas antes e depois de 'Plenário Dr. Tancredo Neves'
10:20:02.637 [00:02,0] INFO  ? 2 linhas em branco inseridas após 'Excelentíssimo Senhor Prefeito Municipal,'
10:20:02.637 [00:02,0] INFO  ? ? Concluído: Ajustes finais de negrito e formatação
10:20:02.637 [00:02,0] INFO  ? ? Iniciando: Formatações especiais (diante do exposto, requeiro)
10:20:02.660 [00:02,0] INFO  ? ? Concluído: Formatações especiais (diante do exposto, requeiro)
10:20:02.660 [00:02,0] INFO  ? ? Iniciando: Garantia de espaçamento entre parágrafos longos
10:20:02.676 [00:02,0] INFO  ? ? Concluído: Garantia de espaçamento entre parágrafos longos
10:20:02.676 [00:02,0] INFO  ? ? Iniciando: Remoção de realces e bordas
10:20:02.676 [00:02,0] INFO  ? Realce removido do documento completo
10:20:02.711 [00:02,0] INFO  ? Realces e bordas removidos: 1 realces, 24 parágrafos com bordas
10:20:02.711 [00:02,0] INFO  ? ? Concluído: Remoção de realces e bordas
10:20:02.711 [00:02,0] INFO  ? ? Iniciando: Remoção de páginas vazias no final
10:20:02.719 [00:02,0] INFO  ? Nenhuma página vazia no final do documento
10:20:02.719 [00:02,0] INFO  ? ? Concluído: Remoção de páginas vazias no final
10:20:02.719 [00:02,0] INFO  ? Formatação completa aplicada com sucesso
10:20:02.719 [00:02,0] INFO  ? ?? Total de parágrafos: 24
10:20:02.988 [00:02,0] INFO  ? === FIM DA PASSAGEM 1 ===
10:20:02.988 [00:02,0] INFO  ? === PIPELINE DE FORMATAÇÃO - PASSAGEM 2 DE 2 ===
10:20:02.988 [00:02,0] INFO  ? Iniciando construção do cache de parágrafos...
10:20:03.004 [00:03,0] INFO  ? Cache construído: 24 parágrafos em 0,02s
10:20:03.004 [00:03,0] INFO  ? Identificando estrutura do documento...
10:20:03.004 [00:03,0] INFO  ? Título da Justificativa identificado no parágrafo 14
10:20:03.027 [00:03,0] INFO  ? Data (Plenário) identificada no parágrafo 20
10:20:03.031 [00:03,0] INFO  ? === ESTRUTURA DO DOCUMENTO IDENTIFICADA ===
10:20:03.031 [00:03,0] INFO  ? Título: parágrafo 0
10:20:03.031 [00:03,0] INFO  ? Ementa: parágrafo 0
10:20:03.031 [00:03,0] INFO  ? Proposição: parágrafos 0 a 0
10:20:03.031 [00:03,0] INFO  ? Título Justificativa: parágrafo 14
10:20:03.031 [00:03,0] INFO  ? Justificativa: parágrafos 15 a 19
10:20:03.031 [00:03,0] INFO  ? Data: parágrafo 20
10:20:03.031 [00:03,0] INFO  ? Assinatura: parágrafos 0 a 0
10:20:03.031 [00:03,0] INFO  ? Título Anexo: parágrafo 0
10:20:03.031 [00:03,0] INFO  ? Anexo: parágrafos 0 a 0
10:20:03.031 [00:03,0] INFO  ? ==========================================


--------------------------------------------------------------------------------
SEÇÃO: LIMPEZA E FORMATAÇÃO
--------------------------------------------------------------------------------
10:20:03.094 [00:03,0] INFO  ? ? Iniciando: Limpeza de formatação
10:20:03.152 [00:03,0] INFO  ? Formatação limpa: 24 parágrafos resetados
10:20:03.152 [00:03,0] INFO  ? ? Concluído: Limpeza de formatação
10:20:03.152 [00:03,0] INFO  ? ? Iniciando: Normalização de quebras
10:20:03.152 [00:03,0] INFO  ? ? Concluído: Normalização de quebras
10:20:03.152 [00:03,0] INFO  ? ? Iniciando: Limpeza estrutural
10:20:03.172 [00:03,0] INFO  ? ? Concluído: Limpeza estrutural
10:20:03.172 [00:03,0] INFO  ? ? Iniciando: Formatação de título
10:20:03.176 [00:03,0] INFO  ? Título de proposição formatado: INDICAÇÃO Nº $NUMERO$/$ANO$ (centralizado, caixa alta, negrito, sublinhado)
10:20:03.176 [00:03,0] INFO  ? ? Concluído: Formatação de título
10:20:03.176 [00:03,0] INFO  ? ? Iniciando: Aplicação de fonte padrão
10:20:03.176 [00:03,0] INFO  ? Aplicando fonte padrão (modo otimizado com cache)...
10:20:03.184 [00:03,0] INFO  ? Fonte padrão aplicada: 9 parágrafos em 0,01s
10:20:03.184 [00:03,0] INFO  ? ? Concluído: Aplicação de fonte padrão | 24 parágrafos
10:20:03.184 [00:03,0] INFO  ? ? Iniciando: Aplicação de formatação de parágrafos
10:20:03.297 [00:03,0] INFO  ? ? Concluído: Aplicação de formatação de parágrafos


--------------------------------------------------------------------------------
SEÇÃO: FORMATAÇÕES ESPECÍFICAS
--------------------------------------------------------------------------------
10:20:03.297 [00:03,0] INFO  ? ? Iniciando: Formatação de parágrafos 1 e 2
10:20:03.312 [00:03,0] INFO  ? 2º parágrafo formatado com 2 linhas em branco antes e depois (posição: 7)
10:20:03.312 [00:03,0] INFO  ? ? Concluído: Formatação de parágrafos 1 e 2
10:20:03.312 [00:03,0] INFO  ? ? Iniciando: Formatação de considerandos
10:20:03.328 [00:03,0] INFO  ? Formatação 'considerando' aplicada: 0 ocorrências em negrito e caixa alta
10:20:03.328 [00:03,0] INFO  ? ? Concluído: Formatação de considerandos
10:20:03.328 [00:03,0] INFO  ? ? Iniciando: Aplicação de substituições de texto

10:20:03.328 [00:03,0] ERROR ? Erro crítico nas substituições de texto: Argumento ou chamada de procedimento inválida (Variante: 0)
10:20:03.328 [00:03,0] INFO  ? ? Concluído: Aplicação de substituições de texto
10:20:03.328 [00:03,0] INFO  ? ? Iniciando: Remoção de marca d'água e inserção de carimbo
10:20:03.594 [00:03,0] INFO  ? ? Concluído: Remoção de marca d'água e inserção de carimbo


--------------------------------------------------------------------------------
SEÇÃO: LIMPEZA FINAL
--------------------------------------------------------------------------------
10:20:03.598 [00:03,0] INFO  ? ? Iniciando: Limpeza de espaços múltiplos
10:20:03.648 [00:03,0] INFO  ? Limpeza de espaços concluída: 0 correções aplicadas (com proteção CONSIDERANDO)
10:20:03.648 [00:03,0] INFO  ? ? Concluído: Limpeza de espaços múltiplos
10:20:03.648 [00:03,0] INFO  ? ? Iniciando: Controle de linhas em branco
10:20:03.742 [00:03,0] INFO  ? Controle de linhas vazias concluído em 2 passada(s): 8 linhas excedentes removidas (máximo 1 sequencial)
10:20:03.746 [00:03,0] INFO  ? Linhas em branco do 2º parágrafo reforçadas (antes: 2, depois: 2)
10:20:03.781 [00:03,0] INFO  ? Linhas em branco do Plenário reforçadas: 2 antes e 2 depois
10:20:03.781 [00:03,0] INFO  ? ? Concluído: Controle de linhas em branco
10:20:03.781 [00:03,0] INFO  ? ? Iniciando: Substituição de datas do plenário
10:20:03.809 [00:03,0] INFO  ? Parágrafo de plenário substituído e formatado
10:20:03.809 [00:03,0] INFO  ? ? Concluído: Substituição de datas do plenário


--------------------------------------------------------------------------------
SEÇÃO: FINALIZAÇÃO
--------------------------------------------------------------------------------
10:20:03.816 [00:03,0] INFO  ? ? Iniciando: Configuração de visualização
10:20:03.820 [00:03,0] INFO  ? Visualização configurada: zoom definido para 110%, demais configurações preservadas
10:20:03.820 [00:03,0] INFO  ? ? Concluído: Configuração de visualização
10:20:03.820 [00:03,0] INFO  ? ? Iniciando: Inserção de rodapé
10:20:03.863 [00:03,0] INFO  ? ? Concluído: Inserção de rodapé
10:20:03.863 [00:03,0] INFO  ? ? Iniciando: Ajustes finais de negrito e formatação
10:20:03.863 [00:03,0] INFO  ? Negrito e alinhamento aplicados a 1 parágrafos especiais
10:20:03.879 [00:03,0] INFO  ? Parágrafo 'Vereador' formatado (sem negrito) com linhas adjacentes centralizadas (posição: 21)
10:20:03.879 [00:03,0] INFO  ? Formatação 'Vereador': 1 ocorrências formatadas
10:20:03.926 [00:03,0] INFO  ? Linhas em branco ajustadas: exatamente 2 antes e 2 depois de 'Justificativa'
10:20:03.965 [00:03,0] INFO  ? 2 linhas em branco inseridas antes e depois de 'Plenário Dr. Tancredo Neves'
10:20:03.980 [00:03,0] INFO  ? 2 linhas em branco inseridas após 'Excelentíssimo Senhor Prefeito Municipal,'
10:20:03.980 [00:03,0] INFO  ? ? Concluído: Ajustes finais de negrito e formatação
10:20:03.980 [00:03,0] INFO  ? ? Iniciando: Formatações especiais (diante do exposto, requeiro)
10:20:03.988 [00:03,0] INFO  ? ? Concluído: Formatações especiais (diante do exposto, requeiro)
10:20:03.988 [00:03,0] INFO  ? ? Iniciando: Garantia de espaçamento entre parágrafos longos
10:20:04.008 [00:04,0] INFO  ? ? Concluído: Garantia de espaçamento entre parágrafos longos
10:20:04.008 [00:04,0] INFO  ? ? Iniciando: Remoção de realces e bordas
10:20:04.016 [00:04,0] INFO  ? Realce removido do documento completo
10:20:04.039 [00:04,0] INFO  ? Realces e bordas removidos: 1 realces, 24 parágrafos com bordas
10:20:04.039 [00:04,0] INFO  ? ? Concluído: Remoção de realces e bordas
10:20:04.039 [00:04,0] INFO  ? ? Iniciando: Remoção de páginas vazias no final
10:20:04.047 [00:04,0] INFO  ? Nenhuma página vazia no final do documento
10:20:04.047 [00:04,0] INFO  ? ? Concluído: Remoção de páginas vazias no final
10:20:04.047 [00:04,0] INFO  ? Formatação completa aplicada com sucesso
10:20:04.047 [00:04,0] INFO  ? ?? Total de parágrafos: 24
10:20:04.289 [00:04,0] INFO  ? === FIM DA PASSAGEM 2 ===
10:20:04.586 [00:04,0] INFO  ? Configurações de visualização originais restauradas (zoom mantido em 110%)
10:20:04.617 [00:04,0] INFO  ? Documento padronizado com sucesso
10:20:05.629 [00:05,0] INFO  ? UndoRecord finalizado com sucesso
10:20:05.629 [00:05,0] INFO  ? Variáveis de proteção de imagens limpas
10:20:05.629 [00:05,0] INFO  ? Variáveis de configurações de visualização limpas


================================================================================
RESUMO DA SESSÃO
================================================================================

[STATUS]
  Final: CONCLUÍDO COM ERROS ?
  Término: 18/11/2025 10:20:05
  Duração: 5,0s

[ESTATÍSTICAS]
  Total de eventos: 180
  Informações: 178 (98,9%)
  Avisos: 0 (0,0%)
  Erros: 2 (1,1%)

[PERFORMANCE]
  Eventos/segundo: 36,0
  Tempo médio/evento: 27,8ms

[RECOMENDAÇÕES]
  • Verifique os erros acima e corrija problemas no documento

================================================================================
FIM DO LOG
================================================================================
