================================================================================
CHAINSAW - LOG DE PROCESSAMENTO DE DOCUMENTO
================================================================================

[SESSÃO]
  Início: 18/11/2025 10:55:53
  ID: 20251118105553

[AMBIENTE]
  Usuário: csantos
  Computador: NOTEPROCLEG01
  Domínio: CMSBONET
  SO: Windows Windows_NT
  Word: 16.0 (Word 2016/2019/2021/365)

[DOCUMENTO]
  Nome: siscam_02_servicos_troca_lampada_na_rua_osvaldo_graciane_51_vale_cigarrasmzpak5vn.docx
  Caminho: C:\Users\csantos\AppData\Local\Temp
  Tamanho: 1,1 KB
  Parágrafos: 31
  Páginas: 1
  Proteção: Sem proteção
  Idioma: 1046

[CONFIGURAÇÃO]
  Debug: Desativado
  Log: C:\Users\csantos\chainsaw\installation\inst_docs\vba_logs\chainsaw_20251118_105553_siscam_02_servicos_troca_lampada_na_rua_osvaldo_gr.log
  Backup: C:\Users\csantos\AppData\Local\Temp\backups\

================================================================================


10:55:53.598 [00:00,0] INFO  ? Iniciando padronização do documento: siscam_02_servicos_troca_lampada_na_rua_osvaldo_graciane_51_vale_cigarrasmzpak5vn.docx
10:55:53.598 [00:00,0] INFO  ? UndoRecord iniciado com sucesso


--------------------------------------------------------------------------------
SEÇÃO: VERIFICAÇÕES INICIAIS
--------------------------------------------------------------------------------
10:55:53.645 [00:00,0] INFO  ? ? Iniciando: Validação de documento
10:55:53.652 [00:00,0] INFO  ? Endereços validados com sucesso: ementa x 1º parágrafo textual
10:55:53.652 [00:00,0] INFO  ? Verificação de dados sensíveis concluída - nenhum campo sensível detectado
10:55:53.652 [00:00,0] INFO  ? ? Concluído: Validação de documento | Todas as verificações passaram
10:55:53.652 [00:00,0] INFO  ? Verificações de segurança concluídas com sucesso
10:55:53.820 [00:00,0] INFO  ? Backup criado com sucesso: siscam_02_servicos_troca_lampada_na_rua_osvaldo_graciane_51_vale_cigarrasmzpak5vn_backup_2025-11-18_105553.docx
10:55:53.895 [00:00,0] INFO  ? Backup das configurações de visualização concluído
10:55:53.906 [00:00,0] INFO  ? Backup de propriedades de imagens concluído: 0 imagens catalogadas
10:55:53.906 [00:00,0] INFO  ? === PIPELINE DE FORMATAÇÃO - PASSAGEM 1 DE 2 ===
10:55:53.914 [00:00,0] INFO  ? Iniciando construção do cache de parágrafos...
10:55:53.930 [00:00,0] INFO  ? Cache construído: 31 parágrafos em 0,02s
10:55:53.930 [00:00,0] INFO  ? Identificando estrutura do documento...
10:55:53.938 [00:00,0] INFO  ? Título da Justificativa identificado no parágrafo 15
10:55:53.945 [00:00,0] INFO  ? Data (Plenário) identificada no parágrafo 24
10:55:53.945 [00:00,0] INFO  ? === ESTRUTURA DO DOCUMENTO IDENTIFICADA ===
10:55:53.945 [00:00,0] INFO  ? Título: parágrafo 0
10:55:53.945 [00:00,0] INFO  ? Ementa: parágrafo 0
10:55:53.945 [00:00,0] INFO  ? Proposição: parágrafos 0 a 0
10:55:53.945 [00:00,0] INFO  ? Título Justificativa: parágrafo 15
10:55:53.945 [00:00,0] INFO  ? Justificativa: parágrafos 16 a 23
10:55:53.945 [00:00,0] INFO  ? Data: parágrafo 24
10:55:53.945 [00:00,0] INFO  ? Assinatura: parágrafos 0 a 0
10:55:53.945 [00:00,0] INFO  ? Título Anexo: parágrafo 0
10:55:53.945 [00:00,0] INFO  ? Anexo: parágrafos 0 a 0
10:55:53.945 [00:00,0] INFO  ? ==========================================


--------------------------------------------------------------------------------
SEÇÃO: LIMPEZA E FORMATAÇÃO
--------------------------------------------------------------------------------
10:55:54.688 [00:01,0] INFO  ? ? Iniciando: Limpeza de formatação
10:55:54.887 [00:01,0] INFO  ? Formatação limpa: 31 parágrafos resetados
10:55:54.887 [00:01,0] INFO  ? ? Concluído: Limpeza de formatação
10:55:54.887 [00:01,0] INFO  ? ? Iniciando: Normalização de quebras
10:55:54.895 [00:01,0] INFO  ? ? Concluído: Normalização de quebras
10:55:54.895 [00:01,0] INFO  ? ? Iniciando: Limpeza estrutural
10:55:55.066 [00:02,0] INFO  ? Estrutura limpa: 1 linhas vazias removidas
10:55:55.066 [00:02,0] INFO  ? ? Concluído: Limpeza estrutural
10:55:55.066 [00:02,0] INFO  ? ? Iniciando: Formatação de título
10:55:55.074 [00:02,0] INFO  ? Título de proposição formatado: INDICAÇÃO Nº $NUMERO$/$ANO$ (centralizado, caixa alta, negrito, sublinhado)
10:55:55.074 [00:02,0] INFO  ? ? Concluído: Formatação de título
10:55:55.074 [00:02,0] INFO  ? ? Iniciando: Aplicação de fonte padrão
10:55:55.074 [00:02,0] INFO  ? Aplicando fonte padrão (modo otimizado com cache)...

10:55:55.090 [00:02,0] ERROR ? Erro em ApplyStdFontOptimized: O membro solicitado da coleção não existe.
10:55:55.102 [00:02,0] WARN  ? Falha na formatação de fontes (otimizada) - tentando método tradicional
10:55:55.191 [00:02,0] INFO  ? ? Concluído: Aplicação de fonte padrão | 30 parágrafos
10:55:55.191 [00:02,0] INFO  ? ? Iniciando: Aplicação de formatação de parágrafos
10:55:55.496 [00:02,0] INFO  ? ? Concluído: Aplicação de formatação de parágrafos


--------------------------------------------------------------------------------
SEÇÃO: FORMATAÇÕES ESPECÍFICAS
--------------------------------------------------------------------------------
10:55:55.504 [00:02,0] INFO  ? ? Iniciando: Formatação de parágrafos 1 e 2
10:55:55.512 [00:02,0] INFO  ? 2º parágrafo formatado com 2 linhas em branco antes e depois (posição: 6)
10:55:55.512 [00:02,0] INFO  ? ? Concluído: Formatação de parágrafos 1 e 2
10:55:55.512 [00:02,0] INFO  ? ? Iniciando: Formatação de considerandos
10:55:55.527 [00:02,0] INFO  ? Formatação 'considerando' aplicada: 0 ocorrências em negrito e caixa alta
10:55:55.527 [00:02,0] INFO  ? ? Concluído: Formatação de considerandos
10:55:55.527 [00:02,0] INFO  ? ? Iniciando: Aplicação de substituições de texto

10:55:55.539 [00:02,0] ERROR ? Erro crítico nas substituições de texto: Argumento ou chamada de procedimento inválida (Variante: 0)
10:55:55.547 [00:02,0] INFO  ? ? Concluído: Aplicação de substituições de texto
10:55:55.547 [00:02,0] INFO  ? ? Iniciando: Remoção de marca d'água e inserção de carimbo
10:55:55.848 [00:02,0] INFO  ? ? Concluído: Remoção de marca d'água e inserção de carimbo


--------------------------------------------------------------------------------
SEÇÃO: LIMPEZA FINAL
--------------------------------------------------------------------------------
10:55:55.855 [00:02,0] INFO  ? ? Iniciando: Limpeza de espaços múltiplos
10:55:55.945 [00:02,0] INFO  ? Limpeza de espaços concluída: 1 correções aplicadas (com proteção CONSIDERANDO)
10:55:55.945 [00:02,0] INFO  ? ? Concluído: Limpeza de espaços múltiplos
10:55:55.945 [00:02,0] INFO  ? ? Iniciando: Controle de linhas em branco
10:55:56.043 [00:03,0] INFO  ? Controle de linhas vazias concluído em 2 passada(s): 10 linhas excedentes removidas (máximo 1 sequencial)
10:55:56.047 [00:03,0] INFO  ? Linhas em branco do 2º parágrafo reforçadas (antes: 2, depois: 2)
10:55:56.086 [00:03,0] INFO  ? Linhas em branco do Plenário reforçadas: 2 antes e 2 depois
10:55:56.086 [00:03,0] INFO  ? ? Concluído: Controle de linhas em branco
10:55:56.086 [00:03,0] INFO  ? ? Iniciando: Substituição de datas do plenário
10:55:56.117 [00:03,0] INFO  ? Parágrafo de plenário substituído e formatado
10:55:56.117 [00:03,0] INFO  ? ? Concluído: Substituição de datas do plenário


--------------------------------------------------------------------------------
SEÇÃO: FINALIZAÇÃO
--------------------------------------------------------------------------------
10:55:56.129 [00:03,0] INFO  ? ? Iniciando: Configuração de visualização
10:55:56.137 [00:03,0] INFO  ? Visualização configurada: zoom definido para 110%, demais configurações preservadas
10:55:56.137 [00:03,0] INFO  ? ? Concluído: Configuração de visualização
10:55:56.137 [00:03,0] INFO  ? ? Iniciando: Inserção de rodapé
10:55:56.176 [00:03,0] INFO  ? ? Concluído: Inserção de rodapé
10:55:56.176 [00:03,0] INFO  ? ? Iniciando: Ajustes finais de negrito e formatação
10:55:56.184 [00:03,0] INFO  ? Negrito e alinhamento aplicados a 1 parágrafos especiais
10:55:56.199 [00:03,0] INFO  ? Parágrafo 'Vereador' formatado (sem negrito) com linhas adjacentes centralizadas (posição: 21)
10:55:56.199 [00:03,0] INFO  ? Formatação 'Vereador': 1 ocorrências formatadas
10:55:56.230 [00:03,0] INFO  ? Linhas em branco ajustadas: exatamente 2 antes e 2 depois de 'Justificativa'
10:55:56.273 [00:03,0] INFO  ? 2 linhas em branco inseridas antes e depois de 'Plenário Dr. Tancredo Neves'
10:55:56.281 [00:03,0] INFO  ? 2 linhas em branco inseridas após 'Excelentíssimo Senhor Prefeito Municipal,'
10:55:56.281 [00:03,0] INFO  ? ? Concluído: Ajustes finais de negrito e formatação
10:55:56.281 [00:03,0] INFO  ? ? Iniciando: Formatações especiais (diante do exposto, requeiro)
10:55:56.297 [00:03,0] INFO  ? ? Concluído: Formatações especiais (diante do exposto, requeiro)
10:55:56.297 [00:03,0] INFO  ? ? Iniciando: Garantia de espaçamento entre parágrafos longos
10:55:56.305 [00:03,0] INFO  ? ? Concluído: Garantia de espaçamento entre parágrafos longos
10:55:56.305 [00:03,0] INFO  ? ? Iniciando: Remoção de realces e bordas
10:55:56.320 [00:03,0] INFO  ? Realce removido do documento completo
10:55:56.348 [00:03,0] INFO  ? Realces e bordas removidos: 1 realces, 24 parágrafos com bordas
10:55:56.348 [00:03,0] INFO  ? ? Concluído: Remoção de realces e bordas
10:55:56.348 [00:03,0] INFO  ? ? Iniciando: Remoção de páginas vazias no final
10:55:56.359 [00:03,0] INFO  ? Nenhuma página vazia no final do documento
10:55:56.359 [00:03,0] INFO  ? ? Concluído: Remoção de páginas vazias no final
10:55:56.359 [00:03,0] INFO  ? Formatação completa aplicada com sucesso
10:55:56.363 [00:03,0] INFO  ? ?? Total de parágrafos: 24
10:55:56.566 [00:03,0] INFO  ? === FIM DA PASSAGEM 1 ===
10:55:56.566 [00:03,0] INFO  ? === PIPELINE DE FORMATAÇÃO - PASSAGEM 2 DE 2 ===
10:55:56.574 [00:03,0] INFO  ? Iniciando construção do cache de parágrafos...
10:55:56.598 [00:03,0] INFO  ? Cache construído: 24 parágrafos em 0,02s
10:55:56.598 [00:03,0] INFO  ? Identificando estrutura do documento...
10:55:56.602 [00:03,0] INFO  ? Título da Justificativa identificado no parágrafo 14
10:55:56.609 [00:03,0] INFO  ? Data (Plenário) identificada no parágrafo 20
10:55:56.617 [00:03,0] INFO  ? === ESTRUTURA DO DOCUMENTO IDENTIFICADA ===
10:55:56.617 [00:03,0] INFO  ? Título: parágrafo 0
10:55:56.617 [00:03,0] INFO  ? Ementa: parágrafo 0
10:55:56.617 [00:03,0] INFO  ? Proposição: parágrafos 0 a 0
10:55:56.617 [00:03,0] INFO  ? Título Justificativa: parágrafo 14
10:55:56.617 [00:03,0] INFO  ? Justificativa: parágrafos 15 a 19
10:55:56.617 [00:03,0] INFO  ? Data: parágrafo 20
10:55:56.617 [00:03,0] INFO  ? Assinatura: parágrafos 0 a 0
10:55:56.617 [00:03,0] INFO  ? Título Anexo: parágrafo 0
10:55:56.617 [00:03,0] INFO  ? Anexo: parágrafos 0 a 0
10:55:56.617 [00:03,0] INFO  ? ==========================================


--------------------------------------------------------------------------------
SEÇÃO: LIMPEZA E FORMATAÇÃO
--------------------------------------------------------------------------------
10:55:56.688 [00:03,0] INFO  ? ? Iniciando: Limpeza de formatação
10:55:56.754 [00:03,0] INFO  ? Formatação limpa: 24 parágrafos resetados
10:55:56.754 [00:03,0] INFO  ? ? Concluído: Limpeza de formatação
10:55:56.754 [00:03,0] INFO  ? ? Iniciando: Normalização de quebras
10:55:56.754 [00:03,0] INFO  ? ? Concluído: Normalização de quebras
10:55:56.754 [00:03,0] INFO  ? ? Iniciando: Limpeza estrutural
10:55:56.777 [00:03,0] INFO  ? ? Concluído: Limpeza estrutural
10:55:56.777 [00:03,0] INFO  ? ? Iniciando: Formatação de título
10:55:56.777 [00:03,0] INFO  ? Título de proposição formatado: INDICAÇÃO Nº $NUMERO$/$ANO$ (centralizado, caixa alta, negrito, sublinhado)
10:55:56.777 [00:03,0] INFO  ? ? Concluído: Formatação de título
10:55:56.777 [00:03,0] INFO  ? ? Iniciando: Aplicação de fonte padrão
10:55:56.777 [00:03,0] INFO  ? Aplicando fonte padrão (modo otimizado com cache)...
10:55:56.789 [00:03,0] INFO  ? Fonte padrão aplicada: 9 parágrafos em 0,01s
10:55:56.789 [00:03,0] INFO  ? ? Concluído: Aplicação de fonte padrão | 24 parágrafos
10:55:56.789 [00:03,0] INFO  ? ? Iniciando: Aplicação de formatação de parágrafos
10:55:56.898 [00:03,0] INFO  ? ? Concluído: Aplicação de formatação de parágrafos


--------------------------------------------------------------------------------
SEÇÃO: FORMATAÇÕES ESPECÍFICAS
--------------------------------------------------------------------------------
10:55:56.906 [00:03,0] INFO  ? ? Iniciando: Formatação de parágrafos 1 e 2
10:55:56.914 [00:03,0] INFO  ? 2º parágrafo formatado com 2 linhas em branco antes e depois (posição: 7)
10:55:56.914 [00:03,0] INFO  ? ? Concluído: Formatação de parágrafos 1 e 2
10:55:56.914 [00:03,0] INFO  ? ? Iniciando: Formatação de considerandos
10:55:56.922 [00:03,0] INFO  ? Formatação 'considerando' aplicada: 0 ocorrências em negrito e caixa alta
10:55:56.922 [00:03,0] INFO  ? ? Concluído: Formatação de considerandos
10:55:56.922 [00:03,0] INFO  ? ? Iniciando: Aplicação de substituições de texto

10:55:56.922 [00:03,0] ERROR ? Erro crítico nas substituições de texto: Argumento ou chamada de procedimento inválida (Variante: 0)
10:55:56.934 [00:03,0] INFO  ? ? Concluído: Aplicação de substituições de texto
10:55:56.934 [00:03,0] INFO  ? ? Iniciando: Remoção de marca d'água e inserção de carimbo
10:55:57.223 [00:04,0] INFO  ? ? Concluído: Remoção de marca d'água e inserção de carimbo


--------------------------------------------------------------------------------
SEÇÃO: LIMPEZA FINAL
--------------------------------------------------------------------------------
10:55:57.238 [00:04,0] INFO  ? ? Iniciando: Limpeza de espaços múltiplos
10:55:57.297 [00:04,0] INFO  ? Limpeza de espaços concluída: 0 correções aplicadas (com proteção CONSIDERANDO)
10:55:57.297 [00:04,0] INFO  ? ? Concluído: Limpeza de espaços múltiplos
10:55:57.297 [00:04,0] INFO  ? ? Iniciando: Controle de linhas em branco
10:55:57.375 [00:04,0] INFO  ? Controle de linhas vazias concluído em 2 passada(s): 8 linhas excedentes removidas (máximo 1 sequencial)
10:55:57.375 [00:04,0] INFO  ? Linhas em branco do 2º parágrafo reforçadas (antes: 2, depois: 2)
10:55:57.402 [00:04,0] INFO  ? Linhas em branco do Plenário reforçadas: 2 antes e 2 depois
10:55:57.402 [00:04,0] INFO  ? ? Concluído: Controle de linhas em branco
10:55:57.402 [00:04,0] INFO  ? ? Iniciando: Substituição de datas do plenário
10:55:57.426 [00:04,0] INFO  ? Parágrafo de plenário substituído e formatado
10:55:57.426 [00:04,0] INFO  ? ? Concluído: Substituição de datas do plenário


--------------------------------------------------------------------------------
SEÇÃO: FINALIZAÇÃO
--------------------------------------------------------------------------------
10:55:57.438 [00:04,0] INFO  ? ? Iniciando: Configuração de visualização
10:55:57.445 [00:04,0] INFO  ? Visualização configurada: zoom definido para 110%, demais configurações preservadas
10:55:57.445 [00:04,0] INFO  ? ? Concluído: Configuração de visualização
10:55:57.445 [00:04,0] INFO  ? ? Iniciando: Inserção de rodapé
10:55:57.469 [00:04,0] INFO  ? ? Concluído: Inserção de rodapé
10:55:57.469 [00:04,0] INFO  ? ? Iniciando: Ajustes finais de negrito e formatação
10:55:57.480 [00:04,0] INFO  ? Negrito e alinhamento aplicados a 1 parágrafos especiais
10:55:57.492 [00:04,0] INFO  ? Parágrafo 'Vereador' formatado (sem negrito) com linhas adjacentes centralizadas (posição: 21)
10:55:57.492 [00:04,0] INFO  ? Formatação 'Vereador': 1 ocorrências formatadas
10:55:57.531 [00:04,0] INFO  ? Linhas em branco ajustadas: exatamente 2 antes e 2 depois de 'Justificativa'
10:55:57.566 [00:04,0] INFO  ? 2 linhas em branco inseridas antes e depois de 'Plenário Dr. Tancredo Neves'
10:55:57.586 [00:04,0] INFO  ? 2 linhas em branco inseridas após 'Excelentíssimo Senhor Prefeito Municipal,'
10:55:57.586 [00:04,0] INFO  ? ? Concluído: Ajustes finais de negrito e formatação
10:55:57.586 [00:04,0] INFO  ? ? Iniciando: Formatações especiais (diante do exposto, requeiro)
10:55:57.602 [00:04,0] INFO  ? ? Concluído: Formatações especiais (diante do exposto, requeiro)
10:55:57.602 [00:04,0] INFO  ? ? Iniciando: Garantia de espaçamento entre parágrafos longos
10:55:57.613 [00:04,0] INFO  ? ? Concluído: Garantia de espaçamento entre parágrafos longos
10:55:57.613 [00:04,0] INFO  ? ? Iniciando: Remoção de realces e bordas
10:55:57.625 [00:04,0] INFO  ? Realce removido do documento completo
10:55:57.648 [00:04,0] INFO  ? Realces e bordas removidos: 1 realces, 24 parágrafos com bordas
10:55:57.648 [00:04,0] INFO  ? ? Concluído: Remoção de realces e bordas
10:55:57.648 [00:04,0] INFO  ? ? Iniciando: Remoção de páginas vazias no final
10:55:57.664 [00:04,0] INFO  ? Nenhuma página vazia no final do documento
10:55:57.664 [00:04,0] INFO  ? ? Concluído: Remoção de páginas vazias no final
10:55:57.664 [00:04,0] INFO  ? Formatação completa aplicada com sucesso
10:55:57.664 [00:04,0] INFO  ? ?? Total de parágrafos: 24
10:55:57.879 [00:04,0] INFO  ? === FIM DA PASSAGEM 2 ===
10:55:58.168 [00:05,0] INFO  ? Configurações de visualização originais restauradas (zoom mantido em 110%)
10:55:58.199 [00:05,0] INFO  ? Documento padronizado com sucesso
10:55:59.211 [00:06,0] INFO  ? UndoRecord finalizado com sucesso
10:55:59.211 [00:06,0] INFO  ? Variáveis de proteção de imagens limpas
10:55:59.211 [00:06,0] INFO  ? Variáveis de configurações de visualização limpas


================================================================================
RESUMO DA SESSÃO
================================================================================

[STATUS]
  Final: CONCLUÍDO COM ERROS ?
  Término: 18/11/2025 10:55:59
  Duração: 6,0s

[ESTATÍSTICAS]
  Total de eventos: 181
  Informações: 177 (97,8%)
  Avisos: 1 (0,6%)
  Erros: 3 (1,7%)

[PERFORMANCE]
  Eventos/segundo: 30,2
  Tempo médio/evento: 33,1ms

[RECOMENDAÇÕES]
  • Verifique os erros acima e corrija problemas no documento

================================================================================
FIM DO LOG
================================================================================
