================================================================================
CHAINSAW - LOG DE PROCESSAMENTO DE DOCUMENTO
================================================================================

[SESSÃO]
  Início: 18/11/2025 09:53:31
  ID: 20251118095331

[AMBIENTE]
  Usuário: csantos
  Computador: NOTEPROCLEG01
  Domínio: CMSBONET
  SO: Windows Windows_NT
  Word: 16.0 (Word 2016/2019/2021/365)

[DOCUMENTO]
  Nome: siscam_indicacao_rocagem_limpeza_campo_futebol_praca_henrique_correia_cidade_novasute141q.docx
  Caminho: C:\Users\csantos\AppData\Local\Temp
  Tamanho: 1,8 KB
  Parágrafos: 19
  Páginas: 1
  Proteção: Sem proteção
  Idioma: 1046

[CONFIGURAÇÃO]
  Debug: Desativado
  Log: C:\Users\csantos\chainsaw\installation\inst_docs\vba_logs\chainsaw_20251118_095331_siscam_indicacao_rocagem_limpeza_campo_futebol_pra.log
  Backup: C:\Users\csantos\AppData\Local\Temp\backups\

================================================================================


09:53:31.852 [00:00,0] INFO  ? Iniciando padronização do documento: siscam_indicacao_rocagem_limpeza_campo_futebol_praca_henrique_correia_cidade_novasute141q.docx
09:53:31.852 [00:00,0] INFO  ? UndoRecord iniciado com sucesso


--------------------------------------------------------------------------------
SEÇÃO: VERIFICAÇÕES INICIAIS
--------------------------------------------------------------------------------
09:53:31.902 [00:00,0] INFO  ? ? Iniciando: Validação de documento
09:53:31.906 [00:00,0] INFO  ? Endereços validados com sucesso: ementa x 1º parágrafo textual
09:53:31.910 [00:00,0] INFO  ? Verificação de dados sensíveis concluída - nenhum campo sensível detectado
09:53:31.910 [00:00,0] INFO  ? ? Concluído: Validação de documento | Todas as verificações passaram
09:53:31.910 [00:00,0] INFO  ? Verificações de segurança concluídas com sucesso

09:53:54.820 [00:23,0] ERROR ? Erro ao criar backup: O comando falhou
09:53:54.852 [00:23,0] WARN  ? Falha ao criar backup - continuando sem backup
09:53:54.941 [00:23,0] INFO  ? Backup das configurações de visualização concluído
09:53:54.961 [00:23,0] INFO  ? Backup de propriedades de imagens concluído: 0 imagens catalogadas
09:53:54.961 [00:23,0] INFO  ? === PIPELINE DE FORMATAÇÃO - PASSAGEM 1 DE 2 ===
09:53:54.969 [00:23,0] INFO  ? Iniciando construção do cache de parágrafos...
09:53:54.980 [00:23,0] INFO  ? Cache construído: 19 parágrafos em 0,01s
09:53:54.980 [00:23,0] INFO  ? Identificando estrutura do documento...
09:53:54.992 [00:23,0] INFO  ? Título da Justificativa identificado no parágrafo 10
09:53:54.996 [00:23,0] INFO  ? Data (Plenário) identificada no parágrafo 14
09:53:55.000 [00:24,0] INFO  ? === ESTRUTURA DO DOCUMENTO IDENTIFICADA ===
09:53:55.000 [00:24,0] INFO  ? Título: parágrafo 0
09:53:55.000 [00:24,0] INFO  ? Ementa: parágrafo 0
09:53:55.000 [00:24,0] INFO  ? Proposição: parágrafos 0 a 0
09:53:55.000 [00:24,0] INFO  ? Título Justificativa: parágrafo 10
09:53:55.000 [00:24,0] INFO  ? Justificativa: parágrafos 11 a 13
09:53:55.000 [00:24,0] INFO  ? Data: parágrafo 14
09:53:55.000 [00:24,0] INFO  ? Assinatura: parágrafos 0 a 0
09:53:55.000 [00:24,0] INFO  ? Título Anexo: parágrafo 0
09:53:55.000 [00:24,0] INFO  ? Anexo: parágrafos 0 a 0
09:53:55.000 [00:24,0] INFO  ? ==========================================


--------------------------------------------------------------------------------
SEÇÃO: LIMPEZA E FORMATAÇÃO
--------------------------------------------------------------------------------
09:53:55.895 [00:24,0] INFO  ? ? Iniciando: Limpeza de formatação
09:53:56.059 [00:25,0] INFO  ? Formatação limpa: 19 parágrafos resetados
09:53:56.059 [00:25,0] INFO  ? ? Concluído: Limpeza de formatação
09:53:56.059 [00:25,0] INFO  ? ? Iniciando: Normalização de quebras
09:53:56.074 [00:25,0] INFO  ? ? Concluído: Normalização de quebras
09:53:56.074 [00:25,0] INFO  ? ? Iniciando: Limpeza estrutural
09:53:56.113 [00:25,0] INFO  ? ? Concluído: Limpeza estrutural
09:53:56.113 [00:25,0] INFO  ? ? Iniciando: Formatação de título
09:53:56.113 [00:25,0] INFO  ? Título de proposição formatado: INDICAÇÃO Nº $NUMERO$/$ANO$ (centralizado, caixa alta, negrito, sublinhado)
09:53:56.113 [00:25,0] INFO  ? ? Concluído: Formatação de título
09:53:56.113 [00:25,0] INFO  ? ? Iniciando: Aplicação de fonte padrão
09:53:56.113 [00:25,0] INFO  ? Aplicando fonte padrão (modo otimizado com cache)...
09:53:56.137 [00:25,0] INFO  ? Fonte padrão aplicada: 9 parágrafos em 0,02s
09:53:56.137 [00:25,0] INFO  ? ? Concluído: Aplicação de fonte padrão | 19 parágrafos
09:53:56.137 [00:25,0] INFO  ? ? Iniciando: Aplicação de formatação de parágrafos
09:53:56.406 [00:25,0] INFO  ? ? Concluído: Aplicação de formatação de parágrafos


--------------------------------------------------------------------------------
SEÇÃO: FORMATAÇÕES ESPECÍFICAS
--------------------------------------------------------------------------------
09:53:56.422 [00:25,0] INFO  ? ? Iniciando: Formatação de parágrafos 1 e 2
09:53:56.430 [00:25,0] INFO  ? Palavra inicial 'Sugere' substituída por 'Indica' no 2º parágrafo
09:53:56.438 [00:25,0] INFO  ? 2º parágrafo formatado com 2 linhas em branco antes e depois (posição: 5)
09:53:56.438 [00:25,0] INFO  ? ? Concluído: Formatação de parágrafos 1 e 2
09:53:56.438 [00:25,0] INFO  ? ? Iniciando: Formatação de considerandos
09:53:56.449 [00:25,0] INFO  ? Formatação 'considerando' aplicada: 0 ocorrências em negrito e caixa alta
09:53:56.449 [00:25,0] INFO  ? ? Concluído: Formatação de considerandos
09:53:56.449 [00:25,0] INFO  ? ? Iniciando: Aplicação de substituições de texto

09:53:56.453 [00:25,0] ERROR ? Erro crítico nas substituições de texto: Argumento ou chamada de procedimento inválida (Variante: 0)
09:53:56.465 [00:25,0] INFO  ? ? Concluído: Aplicação de substituições de texto
09:53:56.465 [00:25,0] INFO  ? ? Iniciando: Remoção de marca d'água e inserção de carimbo
09:53:56.867 [00:25,0] INFO  ? ? Concluído: Remoção de marca d'água e inserção de carimbo


--------------------------------------------------------------------------------
SEÇÃO: LIMPEZA FINAL
--------------------------------------------------------------------------------
09:53:56.875 [00:25,0] INFO  ? ? Iniciando: Limpeza de espaços múltiplos
09:53:56.941 [00:25,0] INFO  ? Limpeza de espaços concluída: 1 correções aplicadas (com proteção CONSIDERANDO)
09:53:56.941 [00:25,0] INFO  ? ? Concluído: Limpeza de espaços múltiplos
09:53:56.941 [00:25,0] INFO  ? ? Iniciando: Controle de linhas em branco
09:53:56.973 [00:25,0] INFO  ? Controle de linhas vazias concluído em 2 passada(s): 4 linhas excedentes removidas (máximo 1 sequencial)
09:53:56.973 [00:25,0] INFO  ? Linhas em branco do 2º parágrafo reforçadas (antes: 2, depois: 2)
09:53:57.023 [00:26,0] INFO  ? Linhas em branco do Plenário reforçadas: 2 antes e 2 depois
09:53:57.023 [00:26,0] INFO  ? ? Concluído: Controle de linhas em branco
09:53:57.023 [00:26,0] INFO  ? ? Iniciando: Substituição de datas do plenário
09:53:57.047 [00:26,0] INFO  ? Parágrafo de plenário substituído e formatado
09:53:57.047 [00:26,0] INFO  ? ? Concluído: Substituição de datas do plenário


--------------------------------------------------------------------------------
SEÇÃO: FINALIZAÇÃO
--------------------------------------------------------------------------------
09:53:57.066 [00:26,0] INFO  ? ? Iniciando: Configuração de visualização
09:53:57.070 [00:26,0] INFO  ? Visualização configurada: zoom definido para 110%, demais configurações preservadas
09:53:57.070 [00:26,0] INFO  ? ? Concluído: Configuração de visualização
09:53:57.070 [00:26,0] INFO  ? ? Iniciando: Inserção de rodapé
09:53:57.113 [00:26,0] INFO  ? ? Concluído: Inserção de rodapé
09:53:57.113 [00:26,0] INFO  ? ? Iniciando: Ajustes finais de negrito e formatação
09:53:57.121 [00:26,0] INFO  ? Negrito e alinhamento aplicados a 1 parágrafos especiais
09:53:57.137 [00:26,0] INFO  ? Parágrafo 'Vereador' formatado (sem negrito) com linhas adjacentes centralizadas (posição: 21)
09:53:57.137 [00:26,0] INFO  ? Formatação 'Vereador': 1 ocorrências formatadas
09:53:57.180 [00:26,0] INFO  ? Linhas em branco ajustadas: exatamente 2 antes e 2 depois de 'Justificativa'
09:53:57.211 [00:26,0] INFO  ? 2 linhas em branco inseridas antes e depois de 'Plenário Dr. Tancredo Neves'
09:53:57.227 [00:26,0] INFO  ? 2 linhas em branco inseridas após 'Excelentíssimo Senhor Prefeito Municipal,'
09:53:57.227 [00:26,0] INFO  ? ? Concluído: Ajustes finais de negrito e formatação
09:53:57.227 [00:26,0] INFO  ? ? Iniciando: Formatações especiais (diante do exposto, requeiro)
09:53:57.246 [00:26,0] INFO  ? ? Concluído: Formatações especiais (diante do exposto, requeiro)
09:53:57.246 [00:26,0] INFO  ? ? Iniciando: Garantia de espaçamento entre parágrafos longos
09:53:57.258 [00:26,0] INFO  ? ? Concluído: Garantia de espaçamento entre parágrafos longos
09:53:57.258 [00:26,0] INFO  ? ? Iniciando: Remoção de realces e bordas
09:53:57.270 [00:26,0] INFO  ? Realce removido do documento completo
09:53:57.316 [00:26,0] INFO  ? Realces e bordas removidos: 1 realces, 24 parágrafos com bordas
09:53:57.316 [00:26,0] INFO  ? ? Concluído: Remoção de realces e bordas
09:53:57.316 [00:26,0] INFO  ? ? Iniciando: Remoção de páginas vazias no final
09:53:57.332 [00:26,0] INFO  ? Nenhuma página vazia no final do documento
09:53:57.332 [00:26,0] INFO  ? ? Concluído: Remoção de páginas vazias no final
09:53:57.332 [00:26,0] INFO  ? Formatação completa aplicada com sucesso
09:53:57.332 [00:26,0] INFO  ? ?? Total de parágrafos: 24
09:53:57.539 [00:26,0] INFO  ? === FIM DA PASSAGEM 1 ===
09:53:57.539 [00:26,0] INFO  ? === PIPELINE DE FORMATAÇÃO - PASSAGEM 2 DE 2 ===
09:53:57.551 [00:26,0] INFO  ? Iniciando construção do cache de parágrafos...
09:53:57.566 [00:26,0] INFO  ? Cache construído: 24 parágrafos em 0,02s
09:53:57.566 [00:26,0] INFO  ? Identificando estrutura do documento...
09:53:57.578 [00:26,0] INFO  ? Título da Justificativa identificado no parágrafo 14
09:53:57.586 [00:26,0] INFO  ? Data (Plenário) identificada no parágrafo 20
09:53:57.590 [00:26,0] INFO  ? === ESTRUTURA DO DOCUMENTO IDENTIFICADA ===
09:53:57.590 [00:26,0] INFO  ? Título: parágrafo 0
09:53:57.590 [00:26,0] INFO  ? Ementa: parágrafo 0
09:53:57.590 [00:26,0] INFO  ? Proposição: parágrafos 0 a 0
09:53:57.590 [00:26,0] INFO  ? Título Justificativa: parágrafo 14
09:53:57.590 [00:26,0] INFO  ? Justificativa: parágrafos 15 a 19
09:53:57.590 [00:26,0] INFO  ? Data: parágrafo 20
09:53:57.590 [00:26,0] INFO  ? Assinatura: parágrafos 0 a 0
09:53:57.590 [00:26,0] INFO  ? Título Anexo: parágrafo 0
09:53:57.590 [00:26,0] INFO  ? Anexo: parágrafos 0 a 0
09:53:57.590 [00:26,0] INFO  ? ==========================================


--------------------------------------------------------------------------------
SEÇÃO: LIMPEZA E FORMATAÇÃO
--------------------------------------------------------------------------------
09:53:57.691 [00:26,0] INFO  ? ? Iniciando: Limpeza de formatação
09:53:57.766 [00:26,0] INFO  ? Formatação limpa: 24 parágrafos resetados
09:53:57.766 [00:26,0] INFO  ? ? Concluído: Limpeza de formatação
09:53:57.766 [00:26,0] INFO  ? ? Iniciando: Normalização de quebras
09:53:57.770 [00:26,0] INFO  ? ? Concluído: Normalização de quebras
09:53:57.770 [00:26,0] INFO  ? ? Iniciando: Limpeza estrutural
09:53:57.785 [00:26,0] INFO  ? ? Concluído: Limpeza estrutural
09:53:57.785 [00:26,0] INFO  ? ? Iniciando: Formatação de título
09:53:57.785 [00:26,0] INFO  ? Título de proposição formatado: INDICAÇÃO Nº $NUMERO$/$ANO$ (centralizado, caixa alta, negrito, sublinhado)
09:53:57.785 [00:26,0] INFO  ? ? Concluído: Formatação de título
09:53:57.785 [00:26,0] INFO  ? ? Iniciando: Aplicação de fonte padrão
09:53:57.785 [00:26,0] INFO  ? Aplicando fonte padrão (modo otimizado com cache)...
09:53:57.809 [00:26,0] INFO  ? Fonte padrão aplicada: 9 parágrafos em 0,02s
09:53:57.809 [00:26,0] INFO  ? ? Concluído: Aplicação de fonte padrão | 24 parágrafos
09:53:57.809 [00:26,0] INFO  ? ? Iniciando: Aplicação de formatação de parágrafos
09:53:57.945 [00:26,0] INFO  ? ? Concluído: Aplicação de formatação de parágrafos


--------------------------------------------------------------------------------
SEÇÃO: FORMATAÇÕES ESPECÍFICAS
--------------------------------------------------------------------------------
09:53:57.953 [00:26,0] INFO  ? ? Iniciando: Formatação de parágrafos 1 e 2
09:53:57.969 [00:26,0] INFO  ? 2º parágrafo formatado com 2 linhas em branco antes e depois (posição: 7)
09:53:57.969 [00:26,0] INFO  ? ? Concluído: Formatação de parágrafos 1 e 2
09:53:57.969 [00:26,0] INFO  ? ? Iniciando: Formatação de considerandos
09:53:57.973 [00:26,0] INFO  ? Formatação 'considerando' aplicada: 0 ocorrências em negrito e caixa alta
09:53:57.973 [00:26,0] INFO  ? ? Concluído: Formatação de considerandos
09:53:57.973 [00:26,0] INFO  ? ? Iniciando: Aplicação de substituições de texto

09:53:57.980 [00:26,0] ERROR ? Erro crítico nas substituições de texto: Argumento ou chamada de procedimento inválida (Variante: 0)
09:53:57.988 [00:26,0] INFO  ? ? Concluído: Aplicação de substituições de texto
09:53:57.988 [00:26,0] INFO  ? ? Iniciando: Remoção de marca d'água e inserção de carimbo
09:53:58.238 [00:27,0] INFO  ? ? Concluído: Remoção de marca d'água e inserção de carimbo


--------------------------------------------------------------------------------
SEÇÃO: LIMPEZA FINAL
--------------------------------------------------------------------------------
09:53:58.250 [00:27,0] INFO  ? ? Iniciando: Limpeza de espaços múltiplos
09:53:58.301 [00:27,0] INFO  ? Limpeza de espaços concluída: 0 correções aplicadas (com proteção CONSIDERANDO)
09:53:58.301 [00:27,0] INFO  ? ? Concluído: Limpeza de espaços múltiplos
09:53:58.301 [00:27,0] INFO  ? ? Iniciando: Controle de linhas em branco
09:53:58.379 [00:27,0] INFO  ? Controle de linhas vazias concluído em 2 passada(s): 8 linhas excedentes removidas (máximo 1 sequencial)
09:53:58.379 [00:27,0] INFO  ? Linhas em branco do 2º parágrafo reforçadas (antes: 2, depois: 2)
09:53:58.414 [00:27,0] INFO  ? Linhas em branco do Plenário reforçadas: 2 antes e 2 depois
09:53:58.414 [00:27,0] INFO  ? ? Concluído: Controle de linhas em branco
09:53:58.414 [00:27,0] INFO  ? ? Iniciando: Substituição de datas do plenário
09:53:58.438 [00:27,0] INFO  ? Parágrafo de plenário substituído e formatado
09:53:58.438 [00:27,0] INFO  ? ? Concluído: Substituição de datas do plenário


--------------------------------------------------------------------------------
SEÇÃO: FINALIZAÇÃO
--------------------------------------------------------------------------------
09:53:58.449 [00:27,0] INFO  ? ? Iniciando: Configuração de visualização
09:53:58.453 [00:27,0] INFO  ? Visualização configurada: zoom definido para 110%, demais configurações preservadas
09:53:58.453 [00:27,0] INFO  ? ? Concluído: Configuração de visualização
09:53:58.453 [00:27,0] INFO  ? ? Iniciando: Inserção de rodapé
09:53:58.484 [00:27,0] INFO  ? ? Concluído: Inserção de rodapé
09:53:58.484 [00:27,0] INFO  ? ? Iniciando: Ajustes finais de negrito e formatação
09:53:58.492 [00:27,0] INFO  ? Negrito e alinhamento aplicados a 1 parágrafos especiais
09:53:58.504 [00:27,0] INFO  ? Parágrafo 'Vereador' formatado (sem negrito) com linhas adjacentes centralizadas (posição: 21)
09:53:58.504 [00:27,0] INFO  ? Formatação 'Vereador': 1 ocorrências formatadas
09:53:58.535 [00:27,0] INFO  ? Linhas em branco ajustadas: exatamente 2 antes e 2 depois de 'Justificativa'
09:53:58.602 [00:27,0] INFO  ? 2 linhas em branco inseridas antes e depois de 'Plenário Dr. Tancredo Neves'
09:53:58.625 [00:27,0] INFO  ? 2 linhas em branco inseridas após 'Excelentíssimo Senhor Prefeito Municipal,'
09:53:58.625 [00:27,0] INFO  ? ? Concluído: Ajustes finais de negrito e formatação
09:53:58.625 [00:27,0] INFO  ? ? Iniciando: Formatações especiais (diante do exposto, requeiro)
09:53:58.652 [00:27,0] INFO  ? ? Concluído: Formatações especiais (diante do exposto, requeiro)
09:53:58.652 [00:27,0] INFO  ? ? Iniciando: Garantia de espaçamento entre parágrafos longos
09:53:58.672 [00:27,0] INFO  ? ? Concluído: Garantia de espaçamento entre parágrafos longos
09:53:58.672 [00:27,0] INFO  ? ? Iniciando: Remoção de realces e bordas
09:53:58.672 [00:27,0] INFO  ? Realce removido do documento completo
09:53:58.730 [00:27,0] INFO  ? Realces e bordas removidos: 1 realces, 24 parágrafos com bordas
09:53:58.730 [00:27,0] INFO  ? ? Concluído: Remoção de realces e bordas
09:53:58.730 [00:27,0] INFO  ? ? Iniciando: Remoção de páginas vazias no final
09:53:58.738 [00:27,0] INFO  ? Nenhuma página vazia no final do documento
09:53:58.738 [00:27,0] INFO  ? ? Concluído: Remoção de páginas vazias no final
09:53:58.738 [00:27,0] INFO  ? Formatação completa aplicada com sucesso
09:53:58.738 [00:27,0] INFO  ? ?? Total de parágrafos: 24
09:53:58.773 [00:27,0] INFO  ? === FIM DA PASSAGEM 2 ===
09:53:59.059 [00:28,0] INFO  ? Configurações de visualização originais restauradas (zoom mantido em 110%)
09:53:59.070 [00:28,0] INFO  ? Documento padronizado com sucesso
09:54:00.078 [00:29,0] INFO  ? UndoRecord finalizado com sucesso
09:54:00.078 [00:29,0] INFO  ? Variáveis de proteção de imagens limpas
09:54:00.078 [00:29,0] INFO  ? Variáveis de configurações de visualização limpas


================================================================================
RESUMO DA SESSÃO
================================================================================

[STATUS]
  Final: CONCLUÍDO COM ERROS ?
  Término: 18/11/2025 09:54:00
  Duração: 29,0s

[ESTATÍSTICAS]
  Total de eventos: 181
  Informações: 177 (97,8%)
  Avisos: 1 (0,6%)
  Erros: 3 (1,7%)

[PERFORMANCE]
  Eventos/segundo: 6,2
  Tempo médio/evento: 160,2ms

[RECOMENDAÇÕES]
  • Verifique os erros acima e corrija problemas no documento

================================================================================
FIM DO LOG
================================================================================
