================================================================================
CHAINSAW - LOG DE PROCESSAMENTO DE DOCUMENTO
================================================================================

[SESSÃO]
  Início: 18/11/2025 11:31:50
  ID: 20251118113150

[AMBIENTE]
  Usuário: csantos
  Computador: NOTEPROCLEG01
  Domínio: CMSBONET
  SO: Windows Windows_NT
  Word: 16.0 (Word 2016/2019/2021/365)

[DOCUMENTO]
  Nome: siscam_mocao_aplauso_conselhoyz4btdel.docx
  Caminho: C:\Users\csantos\AppData\Local\Temp
  Tamanho: 2,8 KB
  Parágrafos: 30
  Páginas: 1
  Proteção: Sem proteção
  Idioma: 1046

[CONFIGURAÇÃO]
  Debug: Desativado
  Log: C:\Users\csantos\chainsaw\installation\inst_docs\vba_logs\chainsaw_20251118_113150_siscam_mocao_aplauso_conselhoyz4btdelx.log
  Backup: C:\Users\csantos\AppData\Local\Temp\backups\

================================================================================


11:31:50.730 [00:00,0] INFO  ? Iniciando padronização do documento: siscam_mocao_aplauso_conselhoyz4btdel.docx
11:31:50.730 [00:00,0] INFO  ? UndoRecord iniciado com sucesso


--------------------------------------------------------------------------------
SEÇÃO: VERIFICAÇÕES INICIAIS
--------------------------------------------------------------------------------
11:31:50.773 [00:00,0] INFO  ? ? Iniciando: Validação de documento
11:31:50.781 [00:00,0] INFO  ? Verificação de dados sensíveis concluída - nenhum campo sensível detectado
11:31:50.781 [00:00,0] INFO  ? ? Concluído: Validação de documento | Todas as verificações passaram
11:31:50.781 [00:00,0] INFO  ? Verificações de segurança concluídas com sucesso
11:31:50.992 [00:00,0] INFO  ? Backup criado com sucesso: siscam_mocao_aplauso_conselhoyz4btdel_backup_2025-11-18_113150.docx
11:31:51.094 [00:01,0] INFO  ? Backup das configurações de visualização concluído
11:31:51.121 [00:01,0] INFO  ? Backup de propriedades de imagens concluído: 0 imagens catalogadas
11:31:51.121 [00:01,0] INFO  ? === PIPELINE DE FORMATAÇÃO - PASSAGEM 1 DE 2 ===
11:31:51.125 [00:01,0] INFO  ? Iniciando construção do cache de parágrafos...
11:31:51.148 [00:01,0] INFO  ? Cache construído: 30 parágrafos em 0,02s
11:31:51.148 [00:01,0] INFO  ? Identificando estrutura do documento...
11:31:51.180 [00:01,0] INFO  ? Data (Plenário) identificada no parágrafo 24
11:31:51.188 [00:01,0] INFO  ? === ESTRUTURA DO DOCUMENTO IDENTIFICADA ===
11:31:51.188 [00:01,0] INFO  ? Título: parágrafo 0
11:31:51.188 [00:01,0] INFO  ? Ementa: parágrafo 0
11:31:51.188 [00:01,0] INFO  ? Proposição: parágrafos 0 a 0
11:31:51.188 [00:01,0] INFO  ? Título Justificativa: parágrafo 0
11:31:51.188 [00:01,0] INFO  ? Justificativa: parágrafos 0 a 0
11:31:51.188 [00:01,0] INFO  ? Data: parágrafo 24
11:31:51.188 [00:01,0] INFO  ? Assinatura: parágrafos 0 a 0
11:31:51.188 [00:01,0] INFO  ? Título Anexo: parágrafo 0
11:31:51.188 [00:01,0] INFO  ? Anexo: parágrafos 0 a 0
11:31:51.188 [00:01,0] INFO  ? ==========================================


--------------------------------------------------------------------------------
SEÇÃO: LIMPEZA E FORMATAÇÃO
--------------------------------------------------------------------------------
11:31:52.055 [00:02,0] INFO  ? ? Iniciando: Limpeza de formatação
11:31:52.285 [00:02,0] INFO  ? Formatação limpa: 30 parágrafos resetados
11:31:52.285 [00:02,0] INFO  ? ? Concluído: Limpeza de formatação
11:31:52.285 [00:02,0] INFO  ? ? Iniciando: Normalização de quebras
11:31:52.297 [00:02,0] INFO  ? ? Concluído: Normalização de quebras
11:31:52.297 [00:02,0] INFO  ? ? Iniciando: Limpeza estrutural
11:31:52.371 [00:02,0] INFO  ? ? Concluído: Limpeza estrutural
11:31:52.371 [00:02,0] INFO  ? ? Iniciando: Formatação de título
11:31:52.379 [00:02,0] INFO  ? Título de proposição formatado: MOÇÃO Nº $NUMERO$/$ANO$ (centralizado, caixa alta, negrito, sublinhado)
11:31:52.379 [00:02,0] INFO  ? ? Concluído: Formatação de título
11:31:52.379 [00:02,0] INFO  ? ? Iniciando: Aplicação de fonte padrão
11:31:52.379 [00:02,0] INFO  ? Aplicando fonte padrão (modo otimizado com cache)...
11:31:52.410 [00:02,0] INFO  ? Fonte padrão aplicada: 14 parágrafos em 0,03s
11:31:52.410 [00:02,0] INFO  ? ? Concluído: Aplicação de fonte padrão | 30 parágrafos
11:31:52.410 [00:02,0] INFO  ? ? Iniciando: Aplicação de formatação de parágrafos
11:31:52.848 [00:02,0] INFO  ? ? Concluído: Aplicação de formatação de parágrafos


--------------------------------------------------------------------------------
SEÇÃO: FORMATAÇÕES ESPECÍFICAS
--------------------------------------------------------------------------------
11:31:52.859 [00:02,0] INFO  ? ? Iniciando: Formatação de parágrafos 1 e 2
11:31:52.883 [00:02,0] INFO  ? 2º parágrafo formatado com 2 linhas em branco antes e depois (posição: 5)
11:31:52.883 [00:02,0] INFO  ? ? Concluído: Formatação de parágrafos 1 e 2
11:31:52.883 [00:02,0] INFO  ? ? Iniciando: Formatação de considerandos
11:31:52.980 [00:02,0] INFO  ? Formatação 'considerando' aplicada: 6 ocorrências em negrito e caixa alta
11:31:52.980 [00:02,0] INFO  ? ? Concluído: Formatação de considerandos
11:31:52.980 [00:02,0] INFO  ? ? Iniciando: Aplicação de substituições de texto

11:31:52.988 [00:02,0] ERROR ? Erro crítico nas substituições de texto: Argumento ou chamada de procedimento inválida (Variante: 0)
11:31:52.996 [00:02,0] INFO  ? ? Concluído: Aplicação de substituições de texto
11:31:52.996 [00:02,0] INFO  ? ? Iniciando: Remoção de marca d'água e inserção de carimbo
11:31:53.430 [00:03,0] INFO  ? ? Concluído: Remoção de marca d'água e inserção de carimbo


--------------------------------------------------------------------------------
SEÇÃO: LIMPEZA FINAL
--------------------------------------------------------------------------------
11:31:53.438 [00:03,0] INFO  ? ? Iniciando: Limpeza de espaços múltiplos
11:31:53.492 [00:03,0] INFO  ? Limpeza de espaços concluída: 0 correções aplicadas (com proteção CONSIDERANDO)
11:31:53.492 [00:03,0] INFO  ? ? Concluído: Limpeza de espaços múltiplos
11:31:53.492 [00:03,0] INFO  ? ? Iniciando: Controle de linhas em branco
11:31:53.574 [00:03,0] INFO  ? Controle de linhas vazias concluído em 2 passada(s): 4 linhas excedentes removidas (máximo 1 sequencial)
11:31:53.578 [00:03,0] INFO  ? Linhas em branco do 2º parágrafo reforçadas (antes: 2, depois: 2)
11:31:53.633 [00:03,0] INFO  ? Linhas em branco do Plenário reforçadas: 2 antes e 2 depois
11:31:53.633 [00:03,0] INFO  ? ? Concluído: Controle de linhas em branco
11:31:53.633 [00:03,0] INFO  ? ? Iniciando: Substituição de datas do plenário
11:31:53.680 [00:03,0] INFO  ? Parágrafo de plenário substituído e formatado
11:31:53.680 [00:03,0] INFO  ? ? Concluído: Substituição de datas do plenário


--------------------------------------------------------------------------------
SEÇÃO: FINALIZAÇÃO
--------------------------------------------------------------------------------
11:31:53.688 [00:03,0] INFO  ? ? Iniciando: Configuração de visualização
11:31:53.699 [00:03,0] INFO  ? Visualização configurada: zoom definido para 110%, demais configurações preservadas
11:31:53.699 [00:03,0] INFO  ? ? Concluído: Configuração de visualização
11:31:53.699 [00:03,0] INFO  ? ? Iniciando: Inserção de rodapé
11:31:53.762 [00:03,0] INFO  ? ? Concluído: Inserção de rodapé
11:31:53.762 [00:03,0] INFO  ? ? Iniciando: Ajustes finais de negrito e formatação
11:31:53.777 [00:03,0] INFO  ? Negrito e alinhamento aplicados a 0 parágrafos especiais
11:31:53.812 [00:03,0] INFO  ? Parágrafo 'Vereador' formatado (sem negrito) com linhas adjacentes centralizadas (posição: 30)
11:31:53.816 [00:03,0] INFO  ? Formatação 'Vereador': 1 ocorrências formatadas
11:31:53.844 [00:03,0] INFO  ? ? Concluído: Ajustes finais de negrito e formatação
11:31:53.844 [00:03,0] INFO  ? ? Iniciando: Formatações especiais (diante do exposto, requeiro)
11:31:53.875 [00:03,0] INFO  ? Formatação 'Por todas as razões': 1 frases formatadas em negrito
11:31:53.875 [00:03,0] INFO  ? ? Concluído: Formatações especiais (diante do exposto, requeiro)
11:31:53.875 [00:03,0] INFO  ? ? Iniciando: Garantia de espaçamento entre parágrafos longos
11:31:53.922 [00:03,0] INFO  ? ? Concluído: Garantia de espaçamento entre parágrafos longos
11:31:53.922 [00:03,0] INFO  ? ? Iniciando: Remoção de realces e bordas
11:31:53.934 [00:03,0] INFO  ? Realce removido do documento completo
11:31:53.973 [00:03,0] INFO  ? Realces e bordas removidos: 1 realces, 31 parágrafos com bordas
11:31:53.973 [00:03,0] INFO  ? ? Concluído: Remoção de realces e bordas
11:31:53.973 [00:03,0] INFO  ? ? Iniciando: Remoção de páginas vazias no final
11:31:54.008 [00:04,0] INFO  ? Nenhuma página vazia no final do documento
11:31:54.008 [00:04,0] INFO  ? ? Concluído: Remoção de páginas vazias no final
11:31:54.008 [00:04,0] INFO  ? Formatação completa aplicada com sucesso
11:31:54.008 [00:04,0] INFO  ? ?? Total de parágrafos: 31
11:31:54.156 [00:04,0] INFO  ? === FIM DA PASSAGEM 1 ===
11:31:54.156 [00:04,0] INFO  ? === PIPELINE DE FORMATAÇÃO - PASSAGEM 2 DE 2 ===
11:31:54.164 [00:04,0] INFO  ? Iniciando construção do cache de parágrafos...
11:31:54.207 [00:04,0] INFO  ? Cache construído: 31 parágrafos em 0,04s
11:31:54.207 [00:04,0] INFO  ? Identificando estrutura do documento...
11:31:54.262 [00:04,0] INFO  ? Data (Plenário) identificada no parágrafo 26
11:31:54.273 [00:04,0] INFO  ? === ESTRUTURA DO DOCUMENTO IDENTIFICADA ===
11:31:54.273 [00:04,0] INFO  ? Título: parágrafo 0
11:31:54.273 [00:04,0] INFO  ? Ementa: parágrafo 0
11:31:54.273 [00:04,0] INFO  ? Proposição: parágrafos 0 a 0
11:31:54.273 [00:04,0] INFO  ? Título Justificativa: parágrafo 0
11:31:54.273 [00:04,0] INFO  ? Justificativa: parágrafos 0 a 0
11:31:54.273 [00:04,0] INFO  ? Data: parágrafo 26
11:31:54.273 [00:04,0] INFO  ? Assinatura: parágrafos 0 a 0
11:31:54.273 [00:04,0] INFO  ? Título Anexo: parágrafo 0
11:31:54.273 [00:04,0] INFO  ? Anexo: parágrafos 0 a 0
11:31:54.273 [00:04,0] INFO  ? ==========================================


--------------------------------------------------------------------------------
SEÇÃO: LIMPEZA E FORMATAÇÃO
--------------------------------------------------------------------------------
11:31:54.445 [00:04,0] INFO  ? ? Iniciando: Limpeza de formatação
11:31:54.523 [00:04,0] INFO  ? Formatação limpa: 31 parágrafos resetados
11:31:54.523 [00:04,0] INFO  ? ? Concluído: Limpeza de formatação
11:31:54.523 [00:04,0] INFO  ? ? Iniciando: Normalização de quebras
11:31:54.531 [00:04,0] INFO  ? ? Concluído: Normalização de quebras
11:31:54.531 [00:04,0] INFO  ? ? Iniciando: Limpeza estrutural
11:31:54.566 [00:04,0] INFO  ? ? Concluído: Limpeza estrutural
11:31:54.566 [00:04,0] INFO  ? ? Iniciando: Formatação de título
11:31:54.574 [00:04,0] INFO  ? Título de proposição formatado: MOÇÃO Nº $NUMERO$/$ANO$ (centralizado, caixa alta, negrito, sublinhado)
11:31:54.574 [00:04,0] INFO  ? ? Concluído: Formatação de título
11:31:54.574 [00:04,0] INFO  ? ? Iniciando: Aplicação de fonte padrão
11:31:54.574 [00:04,0] INFO  ? Aplicando fonte padrão (modo otimizado com cache)...
11:31:54.598 [00:04,0] INFO  ? Fonte padrão aplicada: 14 parágrafos em 0,02s
11:31:54.598 [00:04,0] INFO  ? ? Concluído: Aplicação de fonte padrão | 31 parágrafos
11:31:54.598 [00:04,0] INFO  ? ? Iniciando: Aplicação de formatação de parágrafos
11:31:54.836 [00:04,0] INFO  ? ? Concluído: Aplicação de formatação de parágrafos


--------------------------------------------------------------------------------
SEÇÃO: FORMATAÇÕES ESPECÍFICAS
--------------------------------------------------------------------------------
11:31:54.848 [00:04,0] INFO  ? ? Iniciando: Formatação de parágrafos 1 e 2
11:31:54.867 [00:04,0] INFO  ? 2º parágrafo formatado com 2 linhas em branco antes e depois (posição: 7)
11:31:54.867 [00:04,0] INFO  ? ? Concluído: Formatação de parágrafos 1 e 2
11:31:54.867 [00:04,0] INFO  ? ? Iniciando: Formatação de considerandos
11:31:54.945 [00:04,0] INFO  ? Formatação 'considerando' aplicada: 6 ocorrências em negrito e caixa alta
11:31:54.945 [00:04,0] INFO  ? ? Concluído: Formatação de considerandos
11:31:54.945 [00:04,0] INFO  ? ? Iniciando: Aplicação de substituições de texto

11:31:54.953 [00:04,0] ERROR ? Erro crítico nas substituições de texto: Argumento ou chamada de procedimento inválida (Variante: 0)
11:31:54.965 [00:04,0] INFO  ? ? Concluído: Aplicação de substituições de texto
11:31:54.965 [00:04,0] INFO  ? ? Iniciando: Remoção de marca d'água e inserção de carimbo
11:31:55.277 [00:05,0] INFO  ? ? Concluído: Remoção de marca d'água e inserção de carimbo


--------------------------------------------------------------------------------
SEÇÃO: LIMPEZA FINAL
--------------------------------------------------------------------------------
11:31:55.289 [00:05,0] INFO  ? ? Iniciando: Limpeza de espaços múltiplos
11:31:55.359 [00:05,0] INFO  ? Limpeza de espaços concluída: 0 correções aplicadas (com proteção CONSIDERANDO)
11:31:55.359 [00:05,0] INFO  ? ? Concluído: Limpeza de espaços múltiplos
11:31:55.359 [00:05,0] INFO  ? ? Iniciando: Controle de linhas em branco
11:31:55.469 [00:05,0] INFO  ? Controle de linhas vazias concluído em 2 passada(s): 5 linhas excedentes removidas (máximo 1 sequencial)
11:31:55.477 [00:05,0] INFO  ? Linhas em branco do 2º parágrafo reforçadas (antes: 2, depois: 2)
11:31:55.547 [00:05,0] INFO  ? Linhas em branco do Plenário reforçadas: 2 antes e 2 depois
11:31:55.547 [00:05,0] INFO  ? ? Concluído: Controle de linhas em branco
11:31:55.547 [00:05,0] INFO  ? ? Iniciando: Substituição de datas do plenário
11:31:55.570 [00:05,0] INFO  ? Parágrafo de plenário substituído e formatado
11:31:55.578 [00:05,0] INFO  ? ? Concluído: Substituição de datas do plenário


--------------------------------------------------------------------------------
SEÇÃO: FINALIZAÇÃO
--------------------------------------------------------------------------------
11:31:55.586 [00:05,0] INFO  ? ? Iniciando: Configuração de visualização
11:31:55.594 [00:05,0] INFO  ? Visualização configurada: zoom definido para 110%, demais configurações preservadas
11:31:55.594 [00:05,0] INFO  ? ? Concluído: Configuração de visualização
11:31:55.594 [00:05,0] INFO  ? ? Iniciando: Inserção de rodapé
11:31:55.641 [00:05,0] INFO  ? ? Concluído: Inserção de rodapé
11:31:55.641 [00:05,0] INFO  ? ? Iniciando: Ajustes finais de negrito e formatação
11:31:55.656 [00:05,0] INFO  ? Negrito e alinhamento aplicados a 0 parágrafos especiais
11:31:55.684 [00:05,0] INFO  ? Parágrafo 'Vereador' formatado (sem negrito) com linhas adjacentes centralizadas (posição: 30)
11:31:55.684 [00:05,0] INFO  ? Formatação 'Vereador': 1 ocorrências formatadas
11:31:55.727 [00:05,0] INFO  ? ? Concluído: Ajustes finais de negrito e formatação
11:31:55.727 [00:05,0] INFO  ? ? Iniciando: Formatações especiais (diante do exposto, requeiro)
11:31:55.770 [00:05,0] INFO  ? Formatação 'Por todas as razões': 1 frases formatadas em negrito
11:31:55.770 [00:05,0] INFO  ? ? Concluído: Formatações especiais (diante do exposto, requeiro)
11:31:55.770 [00:05,0] INFO  ? ? Iniciando: Garantia de espaçamento entre parágrafos longos
11:31:55.820 [00:05,0] INFO  ? ? Concluído: Garantia de espaçamento entre parágrafos longos
11:31:55.820 [00:05,0] INFO  ? ? Iniciando: Remoção de realces e bordas
11:31:55.832 [00:05,0] INFO  ? Realce removido do documento completo
11:31:55.883 [00:05,0] INFO  ? Realces e bordas removidos: 1 realces, 31 parágrafos com bordas
11:31:55.883 [00:05,0] INFO  ? ? Concluído: Remoção de realces e bordas
11:31:55.883 [00:05,0] INFO  ? ? Iniciando: Remoção de páginas vazias no final
11:31:55.914 [00:05,0] INFO  ? Nenhuma página vazia no final do documento
11:31:55.914 [00:05,0] INFO  ? ? Concluído: Remoção de páginas vazias no final
11:31:55.914 [00:05,0] INFO  ? Formatação completa aplicada com sucesso
11:31:55.914 [00:05,0] INFO  ? ?? Total de parágrafos: 31
11:31:56.129 [00:06,0] INFO  ? === FIM DA PASSAGEM 2 ===
11:31:56.445 [00:06,0] INFO  ? Configurações de visualização originais restauradas (zoom mantido em 110%)
11:31:56.527 [00:06,0] INFO  ? Documento padronizado com sucesso
11:31:57.527 [00:07,0] INFO  ? UndoRecord finalizado com sucesso
11:31:57.527 [00:07,0] INFO  ? Variáveis de proteção de imagens limpas
11:31:57.527 [00:07,0] INFO  ? Variáveis de configurações de visualização limpas


================================================================================
RESUMO DA SESSÃO
================================================================================

[STATUS]
  Final: CONCLUÍDO COM ERROS ?
  Término: 18/11/2025 11:31:57
  Duração: 7,0s

[ESTATÍSTICAS]
  Total de eventos: 172
  Informações: 170 (98,8%)
  Avisos: 0 (0,0%)
  Erros: 2 (1,2%)

[PERFORMANCE]
  Eventos/segundo: 24,6
  Tempo médio/evento: 40,7ms

[RECOMENDAÇÕES]
  • Verifique os erros acima e corrija problemas no documento

================================================================================
FIM DO LOG
================================================================================
