================================================================================
CHAINSAW - LOG DE PROCESSAMENTO DE DOCUMENTO
================================================================================

[SESSÃO]
  Início: 24/11/2025 15:36:49
  ID: 20251124153649

[AMBIENTE]
  Usuário: csantos
  Computador: NOTEPROCLEG01
  Domínio: CMSBONET
  SO: Windows Windows_NT
  Word: 16.0 (Word 2016/2019/2021/365)

[DOCUMENTO]
  Nome: Documento1
  Caminho: (Não salvo)
  Tamanho: 0 bytes
  Parágrafos: 1
  Páginas: 1
  Proteção: Sem proteção
  Idioma: 1046

[CONFIGURAÇÃO]
  Debug: Desativado
  Log: C:\Users\csantos\chainsaw\installation\inst_docs\vba_logs\chainsaw_20251124_153649_Documento1.log
  Backup: (Desabilitado)

================================================================================


15:36:49.062 [00:00,0] INFO  ? Iniciando padronização do documento: Documento1
15:36:49.062 [00:00,0] INFO  ? UndoRecord iniciado com sucesso


--------------------------------------------------------------------------------
SEÇÃO: VERIFICAÇÕES INICIAIS
--------------------------------------------------------------------------------
15:36:49.098 [00:00,0] INFO  ? ? Iniciando: Validação de documento
15:36:49.098 [00:00,0] INFO  ? Verificação de dados sensíveis concluída - nenhum campo sensível detectado
15:36:49.098 [00:00,0] INFO  ? ? Concluído: Validação de documento | Todas as verificações passaram
15:36:49.098 [00:00,0] INFO  ? Verificações de segurança concluídas com sucesso
15:36:53.570 [00:04,0] WARN  ? Muitos backups na pasta (20 arquivos) - considere limpeza manual
15:36:53.570 [00:04,0] INFO  ? Backup criado com sucesso: Doc2_backup_2025-11-24_153653.docx
15:36:53.641 [00:04,0] INFO  ? Backup das configurações de visualização concluído
15:36:53.656 [00:04,0] INFO  ? Backup de propriedades de imagens concluído: 0 imagens catalogadas
15:36:53.656 [00:04,0] INFO  ? === PIPELINE DE FORMATAÇÃO - PASSAGEM 1 DE 2 ===
15:36:53.668 [00:04,0] INFO  ? Iniciando construção do cache de parágrafos...
15:36:53.668 [00:04,0] INFO  ? Cache construído: 1 parágrafos em 0,00s
15:36:53.668 [00:04,0] INFO  ? Identificando estrutura do documento...
15:36:53.668 [00:04,0] INFO  ? === ESTRUTURA DO DOCUMENTO IDENTIFICADA ===
15:36:53.668 [00:04,0] INFO  ? Título: parágrafo 0
15:36:53.668 [00:04,0] INFO  ? Ementa: parágrafo 0
15:36:53.668 [00:04,0] INFO  ? Proposição: parágrafos 0 a 0
15:36:53.668 [00:04,0] INFO  ? Título Justificativa: parágrafo 0
15:36:53.668 [00:04,0] INFO  ? Justificativa: parágrafos 0 a 0
15:36:53.668 [00:04,0] INFO  ? Data: parágrafo 0
15:36:53.668 [00:04,0] INFO  ? Assinatura: parágrafos 0 a 0
15:36:53.668 [00:04,0] INFO  ? Título Anexo: parágrafo 0
15:36:53.668 [00:04,0] INFO  ? Anexo: parágrafos 0 a 0
15:36:53.668 [00:04,0] INFO  ? ==========================================


--------------------------------------------------------------------------------
SEÇÃO: LIMPEZA E FORMATAÇÃO
--------------------------------------------------------------------------------
15:36:54.508 [00:05,0] INFO  ? ? Iniciando: Limpeza de formatação
15:36:54.527 [00:05,0] INFO  ? Formatação limpa: 1 parágrafos resetados
15:36:54.527 [00:05,0] INFO  ? ? Concluído: Limpeza de formatação
15:36:54.527 [00:05,0] INFO  ? ? Iniciando: Normalização de quebras
15:36:54.535 [00:05,0] INFO  ? ? Concluído: Normalização de quebras
15:36:54.535 [00:05,0] INFO  ? ? Iniciando: Limpeza estrutural
15:36:54.543 [00:05,0] INFO  ? ? Concluído: Limpeza estrutural
15:36:54.543 [00:05,0] INFO  ? ? Iniciando: Formatação de título
15:36:54.543 [00:05,0] WARN  ? Nenhum texto encontrado para formatação do título
15:36:54.543 [00:05,0] INFO  ? ? Concluído: Formatação de título
15:36:54.543 [00:05,0] INFO  ? ? Iniciando: Aplicação de fonte padrão
15:36:54.543 [00:05,0] INFO  ? Aplicando fonte padrão (modo otimizado com cache)...
15:36:54.543 [00:05,0] INFO  ? Fonte padrão aplicada: 0 parágrafos em 0,00s
15:36:54.543 [00:05,0] INFO  ? ? Concluído: Aplicação de fonte padrão | 1 parágrafos
15:36:54.543 [00:05,0] INFO  ? ? Iniciando: Aplicação de formatação de parágrafos
15:36:54.551 [00:05,0] INFO  ? ? Concluído: Aplicação de formatação de parágrafos


--------------------------------------------------------------------------------
SEÇÃO: FORMATAÇÕES ESPECÍFICAS
--------------------------------------------------------------------------------
15:36:54.562 [00:05,0] INFO  ? ? Iniciando: Formatação de parágrafos 1 e 2
15:36:54.562 [00:05,0] WARN  ? 1º parágrafo não encontrado para formatação
15:36:54.562 [00:05,0] WARN  ? 2º parágrafo não encontrado para formatação
15:36:54.562 [00:05,0] INFO  ? ? Concluído: Formatação de parágrafos 1 e 2
15:36:54.562 [00:05,0] INFO  ? ? Iniciando: Formatação de considerandos
15:36:54.562 [00:05,0] INFO  ? Formatação 'considerando' aplicada: 0 ocorrências em negrito e caixa alta
15:36:54.562 [00:05,0] INFO  ? ? Concluído: Formatação de considerandos
15:36:54.562 [00:05,0] INFO  ? ? Iniciando: Aplicação de substituições de texto
15:36:54.562 [00:05,0] INFO  ? Documento vazio - substituições de texto ignoradas
15:36:54.562 [00:05,0] INFO  ? ? Concluído: Aplicação de substituições de texto
15:36:54.562 [00:05,0] INFO  ? ? Iniciando: Remoção de marca d'água e inserção de carimbo
15:36:54.793 [00:05,0] INFO  ? ? Concluído: Remoção de marca d'água e inserção de carimbo


--------------------------------------------------------------------------------
SEÇÃO: LIMPEZA FINAL
--------------------------------------------------------------------------------
15:36:54.805 [00:05,0] INFO  ? ? Iniciando: Limpeza de espaços múltiplos
15:36:54.848 [00:05,0] INFO  ? Limpeza de espaços concluída: 0 correções aplicadas (com proteção CONSIDERANDO)
15:36:54.848 [00:05,0] INFO  ? ? Concluído: Limpeza de espaços múltiplos
15:36:54.848 [00:05,0] INFO  ? ? Iniciando: Controle de linhas em branco
15:36:54.863 [00:05,0] INFO  ? Controle de linhas vazias concluído em 1 passada(s): 0 linhas excedentes removidas (máximo 1 sequencial)
15:36:54.863 [00:05,0] INFO  ? ? Concluído: Controle de linhas em branco
15:36:54.863 [00:05,0] INFO  ? ? Iniciando: Substituição de datas do plenário
15:36:54.863 [00:05,0] INFO  ? ? Concluído: Substituição de datas do plenário


--------------------------------------------------------------------------------
SEÇÃO: FINALIZAÇÃO
--------------------------------------------------------------------------------
15:36:54.871 [00:05,0] INFO  ? ? Iniciando: Configuração de visualização
15:36:54.879 [00:05,0] INFO  ? Visualização configurada: zoom definido para 110%, demais configurações preservadas
15:36:54.879 [00:05,0] INFO  ? ? Concluído: Configuração de visualização
15:36:54.879 [00:05,0] INFO  ? ? Iniciando: Inserção de rodapé
15:36:54.922 [00:05,0] INFO  ? ? Concluído: Inserção de rodapé
15:36:54.922 [00:05,0] INFO  ? ? Iniciando: Ajustes finais de negrito e formatação
15:36:54.922 [00:05,0] INFO  ? Negrito e alinhamento aplicados a 0 parágrafos especiais
15:36:54.922 [00:05,0] INFO  ? ? Concluído: Ajustes finais de negrito e formatação
15:36:54.922 [00:05,0] INFO  ? ? Iniciando: Formatações especiais (diante do exposto, requeiro)
15:36:54.922 [00:05,0] INFO  ? ? Concluído: Formatações especiais (diante do exposto, requeiro)
15:36:54.922 [00:05,0] INFO  ? ? Iniciando: Garantia de espaçamento entre parágrafos longos
15:36:54.922 [00:05,0] INFO  ? ? Concluído: Garantia de espaçamento entre parágrafos longos
15:36:54.922 [00:05,0] INFO  ? ? Iniciando: Remoção de realces e bordas
15:36:54.938 [00:05,0] INFO  ? Realce removido do documento completo
15:36:54.938 [00:05,0] INFO  ? Realces e bordas removidos: 1 realces, 1 parágrafos com bordas
15:36:54.938 [00:05,0] INFO  ? ? Concluído: Remoção de realces e bordas
15:36:54.938 [00:05,0] INFO  ? ? Iniciando: Remoção de páginas vazias no final
15:36:54.949 [00:05,0] INFO  ? Nenhuma página vazia no final do documento
15:36:54.949 [00:05,0] INFO  ? ? Concluído: Remoção de páginas vazias no final
15:36:54.949 [00:05,0] INFO  ? Formatação completa aplicada com sucesso
15:36:54.949 [00:05,0] INFO  ? ?? Total de parágrafos: 1
15:36:54.977 [00:05,0] INFO  ? Parágrafo do Plenário não encontrado para centralizar imagem
15:36:54.977 [00:05,0] INFO  ? === FIM DA PASSAGEM 1 ===
15:36:54.977 [00:05,0] INFO  ? === PIPELINE DE FORMATAÇÃO - PASSAGEM 2 DE 2 ===
15:36:55.094 [00:06,0] INFO  ? Iniciando construção do cache de parágrafos...
15:36:55.094 [00:06,0] INFO  ? Cache construído: 1 parágrafos em 0,00s
15:36:55.094 [00:06,0] INFO  ? Identificando estrutura do documento...
15:36:55.094 [00:06,0] INFO  ? === ESTRUTURA DO DOCUMENTO IDENTIFICADA ===
15:36:55.094 [00:06,0] INFO  ? Título: parágrafo 0
15:36:55.094 [00:06,0] INFO  ? Ementa: parágrafo 0
15:36:55.098 [00:06,0] INFO  ? Proposição: parágrafos 0 a 0
15:36:55.098 [00:06,0] INFO  ? Título Justificativa: parágrafo 0
15:36:55.098 [00:06,0] INFO  ? Justificativa: parágrafos 0 a 0
15:36:55.098 [00:06,0] INFO  ? Data: parágrafo 0
15:36:55.098 [00:06,0] INFO  ? Assinatura: parágrafos 0 a 0
15:36:55.098 [00:06,0] INFO  ? Título Anexo: parágrafo 0
15:36:55.098 [00:06,0] INFO  ? Anexo: parágrafos 0 a 0
15:36:55.098 [00:06,0] INFO  ? ==========================================


--------------------------------------------------------------------------------
SEÇÃO: LIMPEZA E FORMATAÇÃO
--------------------------------------------------------------------------------
15:36:55.141 [00:06,0] INFO  ? ? Iniciando: Limpeza de formatação
15:36:55.172 [00:06,0] INFO  ? Formatação limpa: 1 parágrafos resetados
15:36:55.172 [00:06,0] INFO  ? ? Concluído: Limpeza de formatação
15:36:55.172 [00:06,0] INFO  ? ? Iniciando: Normalização de quebras
15:36:55.172 [00:06,0] INFO  ? ? Concluído: Normalização de quebras
15:36:55.172 [00:06,0] INFO  ? ? Iniciando: Limpeza estrutural
15:36:55.184 [00:06,0] INFO  ? ? Concluído: Limpeza estrutural
15:36:55.184 [00:06,0] INFO  ? ? Iniciando: Formatação de título
15:36:55.184 [00:06,0] WARN  ? Nenhum texto encontrado para formatação do título
15:36:55.184 [00:06,0] INFO  ? ? Concluído: Formatação de título
15:36:55.184 [00:06,0] INFO  ? ? Iniciando: Aplicação de fonte padrão
15:36:55.184 [00:06,0] INFO  ? Aplicando fonte padrão (modo otimizado com cache)...
15:36:55.184 [00:06,0] INFO  ? Fonte padrão aplicada: 0 parágrafos em 0,00s
15:36:55.184 [00:06,0] INFO  ? ? Concluído: Aplicação de fonte padrão | 1 parágrafos
15:36:55.184 [00:06,0] INFO  ? ? Iniciando: Aplicação de formatação de parágrafos
15:36:55.184 [00:06,0] INFO  ? ? Concluído: Aplicação de formatação de parágrafos


--------------------------------------------------------------------------------
SEÇÃO: FORMATAÇÕES ESPECÍFICAS
--------------------------------------------------------------------------------
15:36:55.199 [00:06,0] INFO  ? ? Iniciando: Formatação de parágrafos 1 e 2
15:36:55.203 [00:06,0] WARN  ? 1º parágrafo não encontrado para formatação
15:36:55.203 [00:06,0] WARN  ? 2º parágrafo não encontrado para formatação
15:36:55.203 [00:06,0] INFO  ? ? Concluído: Formatação de parágrafos 1 e 2
15:36:55.203 [00:06,0] INFO  ? ? Iniciando: Formatação de considerandos
15:36:55.203 [00:06,0] INFO  ? Formatação 'considerando' aplicada: 0 ocorrências em negrito e caixa alta
15:36:55.203 [00:06,0] INFO  ? ? Concluído: Formatação de considerandos
15:36:55.203 [00:06,0] INFO  ? ? Iniciando: Aplicação de substituições de texto
15:36:55.203 [00:06,0] INFO  ? Documento vazio - substituições de texto ignoradas
15:36:55.203 [00:06,0] INFO  ? ? Concluído: Aplicação de substituições de texto
15:36:55.203 [00:06,0] INFO  ? ? Iniciando: Remoção de marca d'água e inserção de carimbo
15:36:55.406 [00:06,0] INFO  ? ? Concluído: Remoção de marca d'água e inserção de carimbo


--------------------------------------------------------------------------------
SEÇÃO: LIMPEZA FINAL
--------------------------------------------------------------------------------
15:36:55.418 [00:06,0] INFO  ? ? Iniciando: Limpeza de espaços múltiplos
15:36:55.469 [00:06,0] INFO  ? Limpeza de espaços concluída: 0 correções aplicadas (com proteção CONSIDERANDO)
15:36:55.469 [00:06,0] INFO  ? ? Concluído: Limpeza de espaços múltiplos
15:36:55.469 [00:06,0] INFO  ? ? Iniciando: Controle de linhas em branco
15:36:55.484 [00:06,0] INFO  ? Controle de linhas vazias concluído em 1 passada(s): 0 linhas excedentes removidas (máximo 1 sequencial)
15:36:55.484 [00:06,0] INFO  ? ? Concluído: Controle de linhas em branco
15:36:55.484 [00:06,0] INFO  ? ? Iniciando: Substituição de datas do plenário
15:36:55.484 [00:06,0] INFO  ? ? Concluído: Substituição de datas do plenário


--------------------------------------------------------------------------------
SEÇÃO: FINALIZAÇÃO
--------------------------------------------------------------------------------
15:36:55.492 [00:06,0] INFO  ? ? Iniciando: Configuração de visualização
15:36:55.500 [00:06,0] INFO  ? Visualização configurada: zoom definido para 110%, demais configurações preservadas
15:36:55.500 [00:06,0] INFO  ? ? Concluído: Configuração de visualização
15:36:55.500 [00:06,0] INFO  ? ? Iniciando: Inserção de rodapé
15:36:55.543 [00:06,0] INFO  ? ? Concluído: Inserção de rodapé
15:36:55.543 [00:06,0] INFO  ? ? Iniciando: Ajustes finais de negrito e formatação
15:36:55.543 [00:06,0] INFO  ? Negrito e alinhamento aplicados a 0 parágrafos especiais
15:36:55.543 [00:06,0] INFO  ? ? Concluído: Ajustes finais de negrito e formatação
15:36:55.543 [00:06,0] INFO  ? ? Iniciando: Formatações especiais (diante do exposto, requeiro)
15:36:55.543 [00:06,0] INFO  ? ? Concluído: Formatações especiais (diante do exposto, requeiro)
15:36:55.543 [00:06,0] INFO  ? ? Iniciando: Garantia de espaçamento entre parágrafos longos
15:36:55.543 [00:06,0] INFO  ? ? Concluído: Garantia de espaçamento entre parágrafos longos
15:36:55.543 [00:06,0] INFO  ? ? Iniciando: Remoção de realces e bordas
15:36:55.559 [00:06,0] INFO  ? Realce removido do documento completo
15:36:55.559 [00:06,0] INFO  ? Realces e bordas removidos: 1 realces, 1 parágrafos com bordas
15:36:55.559 [00:06,0] INFO  ? ? Concluído: Remoção de realces e bordas
15:36:55.559 [00:06,0] INFO  ? ? Iniciando: Remoção de páginas vazias no final
15:36:55.566 [00:06,0] INFO  ? Nenhuma página vazia no final do documento
15:36:55.566 [00:06,0] INFO  ? ? Concluído: Remoção de páginas vazias no final
15:36:55.566 [00:06,0] INFO  ? Formatação completa aplicada com sucesso
15:36:55.566 [00:06,0] INFO  ? ?? Total de parágrafos: 1
15:36:55.637 [00:06,0] INFO  ? Parágrafo do Plenário não encontrado para centralizar imagem
15:36:55.637 [00:06,0] INFO  ? === FIM DA PASSAGEM 2 ===
15:36:55.883 [00:06,0] INFO  ? Configurações de visualização originais restauradas (zoom mantido em 110%)
15:36:55.910 [00:06,0] INFO  ? Documento padronizado com sucesso
15:36:56.914 [00:07,0] INFO  ? UndoRecord finalizado com sucesso
15:36:56.914 [00:07,0] INFO  ? Variáveis de proteção de imagens limpas
15:36:56.914 [00:07,0] INFO  ? Variáveis de configurações de visualização limpas


================================================================================
RESUMO DA SESSÃO
================================================================================

[STATUS]
  Final: CONCLUÍDO COM AVISOS ?
  Término: 24/11/2025 15:36:56
  Duração: 7,0s

[ESTATÍSTICAS]
  Total de eventos: 163
  Informações: 156 (95,7%)
  Avisos: 7 (4,3%)
  Erros: 0 (0,0%)

[PERFORMANCE]
  Eventos/segundo: 23,3
  Tempo médio/evento: 42,9ms

[RECOMENDAÇÕES]
  • Múltiplos avisos detectados - revise o documento manualmente

================================================================================
FIM DO LOG
================================================================================
