================================================================================
CHAINSAW - LOG DE PROCESSAMENTO DE DOCUMENTO
================================================================================

[SESSÃO]
  Início: 18/11/2025 11:05:33
  ID: 20251118110533

[AMBIENTE]
  Usuário: csantos
  Computador: NOTEPROCLEG01
  Domínio: CMSBONET
  SO: Windows Windows_NT
  Word: 16.0 (Word 2016/2019/2021/365)

[DOCUMENTO]
  Nome: siscam_06_servicos_troca_lampada_na_rua_pedro_orlando_fornel_142_recreio_paraisontkxkdmk.docx
  Caminho: C:\Users\csantos\AppData\Local\Temp
  Tamanho: 1,1 KB
  Parágrafos: 31
  Páginas: 1
  Proteção: Sem proteção
  Idioma: 1046

[CONFIGURAÇÃO]
  Debug: Desativado
  Log: C:\Users\csantos\chainsaw\installation\inst_docs\vba_logs\chainsaw_20251118_110533_siscam_06_servicos_troca_lampada_na_rua_pedro_orla.log
  Backup: C:\Users\csantos\AppData\Local\Temp\backups\

================================================================================


11:05:33.746 [00:00,0] INFO  ? Iniciando padronização do documento: siscam_06_servicos_troca_lampada_na_rua_pedro_orlando_fornel_142_recreio_paraisontkxkdmk.docx
11:05:33.746 [00:00,0] INFO  ? UndoRecord iniciado com sucesso


--------------------------------------------------------------------------------
SEÇÃO: VERIFICAÇÕES INICIAIS
--------------------------------------------------------------------------------
11:05:33.789 [00:00,0] INFO  ? ? Iniciando: Validação de documento
11:05:33.801 [00:00,0] INFO  ? Endereços validados com sucesso: ementa x 1º parágrafo textual
11:05:33.801 [00:00,0] INFO  ? Verificação de dados sensíveis concluída - nenhum campo sensível detectado
11:05:33.801 [00:00,0] INFO  ? ? Concluído: Validação de documento | Todas as verificações passaram
11:05:33.801 [00:00,0] INFO  ? Verificações de segurança concluídas com sucesso
11:05:33.980 [00:00,0] INFO  ? Backup criado com sucesso: siscam_06_servicos_troca_lampada_na_rua_pedro_orlando_fornel_142_recreio_paraisontkxkdmk_backup_2025-11-18_110533.docx
11:05:34.035 [00:01,0] INFO  ? Backup das configurações de visualização concluído
11:05:34.062 [00:01,0] INFO  ? Backup de propriedades de imagens concluído: 0 imagens catalogadas
11:05:34.062 [00:01,0] INFO  ? === PIPELINE DE FORMATAÇÃO - PASSAGEM 1 DE 2 ===
11:05:34.062 [00:01,0] INFO  ? Iniciando construção do cache de parágrafos...
11:05:34.082 [00:01,0] INFO  ? Cache construído: 31 parágrafos em 0,02s
11:05:34.082 [00:01,0] INFO  ? Identificando estrutura do documento...
11:05:34.094 [00:01,0] INFO  ? Título da Justificativa identificado no parágrafo 15
11:05:34.102 [00:01,0] INFO  ? Data (Plenário) identificada no parágrafo 24
11:05:34.113 [00:01,0] INFO  ? === ESTRUTURA DO DOCUMENTO IDENTIFICADA ===
11:05:34.113 [00:01,0] INFO  ? Título: parágrafo 0
11:05:34.113 [00:01,0] INFO  ? Ementa: parágrafo 0
11:05:34.113 [00:01,0] INFO  ? Proposição: parágrafos 0 a 0
11:05:34.113 [00:01,0] INFO  ? Título Justificativa: parágrafo 15
11:05:34.113 [00:01,0] INFO  ? Justificativa: parágrafos 16 a 23
11:05:34.113 [00:01,0] INFO  ? Data: parágrafo 24
11:05:34.113 [00:01,0] INFO  ? Assinatura: parágrafos 0 a 0
11:05:34.113 [00:01,0] INFO  ? Título Anexo: parágrafo 0
11:05:34.113 [00:01,0] INFO  ? Anexo: parágrafos 0 a 0
11:05:34.113 [00:01,0] INFO  ? ==========================================


--------------------------------------------------------------------------------
SEÇÃO: LIMPEZA E FORMATAÇÃO
--------------------------------------------------------------------------------
11:05:34.758 [00:01,0] INFO  ? ? Iniciando: Limpeza de formatação
11:05:34.953 [00:01,0] INFO  ? Formatação limpa: 31 parágrafos resetados
11:05:34.953 [00:01,0] INFO  ? ? Concluído: Limpeza de formatação
11:05:34.953 [00:01,0] INFO  ? ? Iniciando: Normalização de quebras
11:05:34.965 [00:01,0] INFO  ? ? Concluído: Normalização de quebras
11:05:34.965 [00:01,0] INFO  ? ? Iniciando: Limpeza estrutural
11:05:35.145 [00:02,0] INFO  ? Estrutura limpa: 1 linhas vazias removidas
11:05:35.148 [00:02,0] INFO  ? ? Concluído: Limpeza estrutural
11:05:35.148 [00:02,0] INFO  ? ? Iniciando: Formatação de título
11:05:35.148 [00:02,0] INFO  ? Título de proposição formatado: INDICAÇÃO Nº $NUMERO$/$ANO$ (centralizado, caixa alta, negrito, sublinhado)
11:05:35.148 [00:02,0] INFO  ? ? Concluído: Formatação de título
11:05:35.148 [00:02,0] INFO  ? ? Iniciando: Aplicação de fonte padrão
11:05:35.156 [00:02,0] INFO  ? Aplicando fonte padrão (modo otimizado com cache)...

11:05:35.176 [00:02,0] ERROR ? Erro em ApplyStdFontOptimized: O membro solicitado da coleção não existe.
11:05:35.184 [00:02,0] WARN  ? Falha na formatação de fontes (otimizada) - tentando método tradicional
11:05:35.266 [00:02,0] INFO  ? ? Concluído: Aplicação de fonte padrão | 30 parágrafos
11:05:35.266 [00:02,0] INFO  ? ? Iniciando: Aplicação de formatação de parágrafos
11:05:35.578 [00:02,0] INFO  ? ? Concluído: Aplicação de formatação de parágrafos


--------------------------------------------------------------------------------
SEÇÃO: FORMATAÇÕES ESPECÍFICAS
--------------------------------------------------------------------------------
11:05:35.586 [00:02,0] INFO  ? ? Iniciando: Formatação de parágrafos 1 e 2
11:05:35.602 [00:02,0] INFO  ? 2º parágrafo formatado com 2 linhas em branco antes e depois (posição: 6)
11:05:35.602 [00:02,0] INFO  ? ? Concluído: Formatação de parágrafos 1 e 2
11:05:35.602 [00:02,0] INFO  ? ? Iniciando: Formatação de considerandos
11:05:35.617 [00:02,0] INFO  ? Formatação 'considerando' aplicada: 0 ocorrências em negrito e caixa alta
11:05:35.617 [00:02,0] INFO  ? ? Concluído: Formatação de considerandos
11:05:35.617 [00:02,0] INFO  ? ? Iniciando: Aplicação de substituições de texto

11:05:35.617 [00:02,0] ERROR ? Erro crítico nas substituições de texto: Argumento ou chamada de procedimento inválida (Variante: 0)
11:05:35.629 [00:02,0] INFO  ? ? Concluído: Aplicação de substituições de texto
11:05:35.629 [00:02,0] INFO  ? ? Iniciando: Remoção de marca d'água e inserção de carimbo
11:05:35.922 [00:02,0] INFO  ? ? Concluído: Remoção de marca d'água e inserção de carimbo


--------------------------------------------------------------------------------
SEÇÃO: LIMPEZA FINAL
--------------------------------------------------------------------------------
11:05:35.934 [00:02,0] INFO  ? ? Iniciando: Limpeza de espaços múltiplos
11:05:36.020 [00:03,0] INFO  ? Limpeza de espaços concluída: 1 correções aplicadas (com proteção CONSIDERANDO)
11:05:36.020 [00:03,0] INFO  ? ? Concluído: Limpeza de espaços múltiplos
11:05:36.020 [00:03,0] INFO  ? ? Iniciando: Controle de linhas em branco
11:05:36.125 [00:03,0] INFO  ? Controle de linhas vazias concluído em 2 passada(s): 10 linhas excedentes removidas (máximo 1 sequencial)
11:05:36.125 [00:03,0] INFO  ? Linhas em branco do 2º parágrafo reforçadas (antes: 2, depois: 2)
11:05:36.168 [00:03,0] INFO  ? Linhas em branco do Plenário reforçadas: 2 antes e 2 depois
11:05:36.168 [00:03,0] INFO  ? ? Concluído: Controle de linhas em branco
11:05:36.168 [00:03,0] INFO  ? ? Iniciando: Substituição de datas do plenário
11:05:36.195 [00:03,0] INFO  ? Parágrafo de plenário substituído e formatado
11:05:36.195 [00:03,0] INFO  ? ? Concluído: Substituição de datas do plenário


--------------------------------------------------------------------------------
SEÇÃO: FINALIZAÇÃO
--------------------------------------------------------------------------------
11:05:36.207 [00:03,0] INFO  ? ? Iniciando: Configuração de visualização
11:05:36.215 [00:03,0] INFO  ? Visualização configurada: zoom definido para 110%, demais configurações preservadas
11:05:36.215 [00:03,0] INFO  ? ? Concluído: Configuração de visualização
11:05:36.215 [00:03,0] INFO  ? ? Iniciando: Inserção de rodapé
11:05:36.250 [00:03,0] INFO  ? ? Concluído: Inserção de rodapé
11:05:36.250 [00:03,0] INFO  ? ? Iniciando: Ajustes finais de negrito e formatação
11:05:36.250 [00:03,0] INFO  ? Negrito e alinhamento aplicados a 1 parágrafos especiais
11:05:36.266 [00:03,0] INFO  ? Parágrafo 'Vereador' formatado (sem negrito) com linhas adjacentes centralizadas (posição: 21)
11:05:36.266 [00:03,0] INFO  ? Formatação 'Vereador': 1 ocorrências formatadas
11:05:36.305 [00:03,0] INFO  ? Linhas em branco ajustadas: exatamente 2 antes e 2 depois de 'Justificativa'
11:05:36.344 [00:03,0] INFO  ? 2 linhas em branco inseridas antes e depois de 'Plenário Dr. Tancredo Neves'
11:05:36.359 [00:03,0] INFO  ? 2 linhas em branco inseridas após 'Excelentíssimo Senhor Prefeito Municipal,'
11:05:36.359 [00:03,0] INFO  ? ? Concluído: Ajustes finais de negrito e formatação
11:05:36.359 [00:03,0] INFO  ? ? Iniciando: Formatações especiais (diante do exposto, requeiro)
11:05:36.359 [00:03,0] INFO  ? ? Concluído: Formatações especiais (diante do exposto, requeiro)
11:05:36.359 [00:03,0] INFO  ? ? Iniciando: Garantia de espaçamento entre parágrafos longos
11:05:36.387 [00:03,0] INFO  ? ? Concluído: Garantia de espaçamento entre parágrafos longos
11:05:36.387 [00:03,0] INFO  ? ? Iniciando: Remoção de realces e bordas
11:05:36.398 [00:03,0] INFO  ? Realce removido do documento completo
11:05:36.418 [00:03,0] INFO  ? Realces e bordas removidos: 1 realces, 24 parágrafos com bordas
11:05:36.418 [00:03,0] INFO  ? ? Concluído: Remoção de realces e bordas
11:05:36.418 [00:03,0] INFO  ? ? Iniciando: Remoção de páginas vazias no final
11:05:36.426 [00:03,0] INFO  ? Nenhuma página vazia no final do documento
11:05:36.426 [00:03,0] INFO  ? ? Concluído: Remoção de páginas vazias no final
11:05:36.426 [00:03,0] INFO  ? Formatação completa aplicada com sucesso
11:05:36.426 [00:03,0] INFO  ? ?? Total de parágrafos: 24
11:05:36.508 [00:03,0] INFO  ? === FIM DA PASSAGEM 1 ===
11:05:36.508 [00:03,0] INFO  ? === PIPELINE DE FORMATAÇÃO - PASSAGEM 2 DE 2 ===
11:05:36.516 [00:03,0] INFO  ? Iniciando construção do cache de parágrafos...
11:05:36.523 [00:03,0] INFO  ? Cache construído: 24 parágrafos em 0,01s
11:05:36.523 [00:03,0] INFO  ? Identificando estrutura do documento...
11:05:36.547 [00:03,0] INFO  ? Título da Justificativa identificado no parágrafo 14
11:05:36.547 [00:03,0] INFO  ? Data (Plenário) identificada no parágrafo 20
11:05:36.559 [00:03,0] INFO  ? === ESTRUTURA DO DOCUMENTO IDENTIFICADA ===
11:05:36.559 [00:03,0] INFO  ? Título: parágrafo 0
11:05:36.559 [00:03,0] INFO  ? Ementa: parágrafo 0
11:05:36.559 [00:03,0] INFO  ? Proposição: parágrafos 0 a 0
11:05:36.559 [00:03,0] INFO  ? Título Justificativa: parágrafo 14
11:05:36.559 [00:03,0] INFO  ? Justificativa: parágrafos 15 a 19
11:05:36.559 [00:03,0] INFO  ? Data: parágrafo 20
11:05:36.559 [00:03,0] INFO  ? Assinatura: parágrafos 0 a 0
11:05:36.559 [00:03,0] INFO  ? Título Anexo: parágrafo 0
11:05:36.559 [00:03,0] INFO  ? Anexo: parágrafos 0 a 0
11:05:36.559 [00:03,0] INFO  ? ==========================================


--------------------------------------------------------------------------------
SEÇÃO: LIMPEZA E FORMATAÇÃO
--------------------------------------------------------------------------------
11:05:36.668 [00:03,0] INFO  ? ? Iniciando: Limpeza de formatação
11:05:36.734 [00:03,0] INFO  ? Formatação limpa: 24 parágrafos resetados
11:05:36.734 [00:03,0] INFO  ? ? Concluído: Limpeza de formatação
11:05:36.734 [00:03,0] INFO  ? ? Iniciando: Normalização de quebras
11:05:36.734 [00:03,0] INFO  ? ? Concluído: Normalização de quebras
11:05:36.734 [00:03,0] INFO  ? ? Iniciando: Limpeza estrutural
11:05:36.758 [00:03,0] INFO  ? ? Concluído: Limpeza estrutural
11:05:36.758 [00:03,0] INFO  ? ? Iniciando: Formatação de título
11:05:36.762 [00:03,0] INFO  ? Título de proposição formatado: INDICAÇÃO Nº $NUMERO$/$ANO$ (centralizado, caixa alta, negrito, sublinhado)
11:05:36.762 [00:03,0] INFO  ? ? Concluído: Formatação de título
11:05:36.762 [00:03,0] INFO  ? ? Iniciando: Aplicação de fonte padrão
11:05:36.762 [00:03,0] INFO  ? Aplicando fonte padrão (modo otimizado com cache)...
11:05:36.773 [00:03,0] INFO  ? Fonte padrão aplicada: 9 parágrafos em 0,01s
11:05:36.773 [00:03,0] INFO  ? ? Concluído: Aplicação de fonte padrão | 24 parágrafos
11:05:36.773 [00:03,0] INFO  ? ? Iniciando: Aplicação de formatação de parágrafos
11:05:36.883 [00:03,0] INFO  ? ? Concluído: Aplicação de formatação de parágrafos


--------------------------------------------------------------------------------
SEÇÃO: FORMATAÇÕES ESPECÍFICAS
--------------------------------------------------------------------------------
11:05:36.891 [00:03,0] INFO  ? ? Iniciando: Formatação de parágrafos 1 e 2
11:05:36.898 [00:03,0] INFO  ? 2º parágrafo formatado com 2 linhas em branco antes e depois (posição: 7)
11:05:36.898 [00:03,0] INFO  ? ? Concluído: Formatação de parágrafos 1 e 2
11:05:36.898 [00:03,0] INFO  ? ? Iniciando: Formatação de considerandos
11:05:36.914 [00:03,0] INFO  ? Formatação 'considerando' aplicada: 0 ocorrências em negrito e caixa alta
11:05:36.914 [00:03,0] INFO  ? ? Concluído: Formatação de considerandos
11:05:36.914 [00:03,0] INFO  ? ? Iniciando: Aplicação de substituições de texto

11:05:36.914 [00:03,0] ERROR ? Erro crítico nas substituições de texto: Argumento ou chamada de procedimento inválida (Variante: 0)
11:05:36.926 [00:03,0] INFO  ? ? Concluído: Aplicação de substituições de texto
11:05:36.926 [00:03,0] INFO  ? ? Iniciando: Remoção de marca d'água e inserção de carimbo
11:05:37.188 [00:04,0] INFO  ? ? Concluído: Remoção de marca d'água e inserção de carimbo


--------------------------------------------------------------------------------
SEÇÃO: LIMPEZA FINAL
--------------------------------------------------------------------------------
11:05:37.211 [00:04,0] INFO  ? ? Iniciando: Limpeza de espaços múltiplos
11:05:37.262 [00:04,0] INFO  ? Limpeza de espaços concluída: 0 correções aplicadas (com proteção CONSIDERANDO)
11:05:37.262 [00:04,0] INFO  ? ? Concluído: Limpeza de espaços múltiplos
11:05:37.262 [00:04,0] INFO  ? ? Iniciando: Controle de linhas em branco
11:05:37.352 [00:04,0] INFO  ? Controle de linhas vazias concluído em 2 passada(s): 8 linhas excedentes removidas (máximo 1 sequencial)
11:05:37.352 [00:04,0] INFO  ? Linhas em branco do 2º parágrafo reforçadas (antes: 2, depois: 2)
11:05:37.391 [00:04,0] INFO  ? Linhas em branco do Plenário reforçadas: 2 antes e 2 depois
11:05:37.391 [00:04,0] INFO  ? ? Concluído: Controle de linhas em branco
11:05:37.391 [00:04,0] INFO  ? ? Iniciando: Substituição de datas do plenário
11:05:37.406 [00:04,0] INFO  ? Parágrafo de plenário substituído e formatado
11:05:37.406 [00:04,0] INFO  ? ? Concluído: Substituição de datas do plenário


--------------------------------------------------------------------------------
SEÇÃO: FINALIZAÇÃO
--------------------------------------------------------------------------------
11:05:37.418 [00:04,0] INFO  ? ? Iniciando: Configuração de visualização
11:05:37.426 [00:04,0] INFO  ? Visualização configurada: zoom definido para 110%, demais configurações preservadas
11:05:37.426 [00:04,0] INFO  ? ? Concluído: Configuração de visualização
11:05:37.426 [00:04,0] INFO  ? ? Iniciando: Inserção de rodapé
11:05:37.449 [00:04,0] INFO  ? ? Concluído: Inserção de rodapé
11:05:37.449 [00:04,0] INFO  ? ? Iniciando: Ajustes finais de negrito e formatação
11:05:37.461 [00:04,0] INFO  ? Negrito e alinhamento aplicados a 1 parágrafos especiais
11:05:37.477 [00:04,0] INFO  ? Parágrafo 'Vereador' formatado (sem negrito) com linhas adjacentes centralizadas (posição: 21)
11:05:37.477 [00:04,0] INFO  ? Formatação 'Vereador': 1 ocorrências formatadas
11:05:37.516 [00:04,0] INFO  ? Linhas em branco ajustadas: exatamente 2 antes e 2 depois de 'Justificativa'
11:05:37.551 [00:04,0] INFO  ? 2 linhas em branco inseridas antes e depois de 'Plenário Dr. Tancredo Neves'
11:05:37.566 [00:04,0] INFO  ? 2 linhas em branco inseridas após 'Excelentíssimo Senhor Prefeito Municipal,'
11:05:37.566 [00:04,0] INFO  ? ? Concluído: Ajustes finais de negrito e formatação
11:05:37.566 [00:04,0] INFO  ? ? Iniciando: Formatações especiais (diante do exposto, requeiro)
11:05:37.582 [00:04,0] INFO  ? ? Concluído: Formatações especiais (diante do exposto, requeiro)
11:05:37.582 [00:04,0] INFO  ? ? Iniciando: Garantia de espaçamento entre parágrafos longos
11:05:37.598 [00:04,0] INFO  ? ? Concluído: Garantia de espaçamento entre parágrafos longos
11:05:37.598 [00:04,0] INFO  ? ? Iniciando: Remoção de realces e bordas
11:05:37.605 [00:04,0] INFO  ? Realce removido do documento completo
11:05:37.625 [00:04,0] INFO  ? Realces e bordas removidos: 1 realces, 24 parágrafos com bordas
11:05:37.625 [00:04,0] INFO  ? ? Concluído: Remoção de realces e bordas
11:05:37.625 [00:04,0] INFO  ? ? Iniciando: Remoção de páginas vazias no final
11:05:37.641 [00:04,0] INFO  ? Nenhuma página vazia no final do documento
11:05:37.641 [00:04,0] INFO  ? ? Concluído: Remoção de páginas vazias no final
11:05:37.641 [00:04,0] INFO  ? Formatação completa aplicada com sucesso
11:05:37.641 [00:04,0] INFO  ? ?? Total de parágrafos: 24
11:05:37.730 [00:04,0] INFO  ? === FIM DA PASSAGEM 2 ===
11:05:38.047 [00:05,0] INFO  ? Configurações de visualização originais restauradas (zoom mantido em 110%)
11:05:38.203 [00:05,0] INFO  ? Documento padronizado com sucesso
11:05:39.211 [00:06,0] INFO  ? UndoRecord finalizado com sucesso
11:05:39.211 [00:06,0] INFO  ? Variáveis de proteção de imagens limpas
11:05:39.211 [00:06,0] INFO  ? Variáveis de configurações de visualização limpas


================================================================================
RESUMO DA SESSÃO
================================================================================

[STATUS]
  Final: CONCLUÍDO COM ERROS ?
  Término: 18/11/2025 11:05:39
  Duração: 6,0s

[ESTATÍSTICAS]
  Total de eventos: 181
  Informações: 177 (97,8%)
  Avisos: 1 (0,6%)
  Erros: 3 (1,7%)

[PERFORMANCE]
  Eventos/segundo: 30,2
  Tempo médio/evento: 33,1ms

[RECOMENDAÇÕES]
  • Verifique os erros acima e corrija problemas no documento

================================================================================
FIM DO LOG
================================================================================
