================================================================================
CHAINSAW - LOG DE PROCESSAMENTO DE DOCUMENTO
================================================================================

[SESSÃO]
  Início: 18/11/2025 11:13:44
  ID: 20251118111344

[AMBIENTE]
  Usuário: csantos
  Computador: NOTEPROCLEG01
  Domínio: CMSBONET
  SO: Windows Windows_NT
  Word: 16.0 (Word 2016/2019/2021/365)

[DOCUMENTO]
  Nome: siscam_10_servicos_troca_lampada_na_travessa_mansidao_11_vista_alegrebhgapvgg.docx
  Caminho: C:\Users\csantos\AppData\Local\Temp
  Tamanho: 1,1 KB
  Parágrafos: 31
  Páginas: 1
  Proteção: Sem proteção
  Idioma: 1046

[CONFIGURAÇÃO]
  Debug: Desativado
  Log: C:\Users\csantos\chainsaw\installation\inst_docs\vba_logs\chainsaw_20251118_111344_siscam_10_servicos_troca_lampada_na_travessa_mansi.log
  Backup: C:\Users\csantos\AppData\Local\Temp\backups\

================================================================================


11:13:44.664 [00:00,0] INFO  ? Iniciando padronização do documento: siscam_10_servicos_troca_lampada_na_travessa_mansidao_11_vista_alegrebhgapvgg.docx
11:13:44.664 [00:00,0] INFO  ? UndoRecord iniciado com sucesso


--------------------------------------------------------------------------------
SEÇÃO: VERIFICAÇÕES INICIAIS
--------------------------------------------------------------------------------
11:13:44.711 [00:00,0] INFO  ? ? Iniciando: Validação de documento
11:13:44.719 [00:00,0] INFO  ? Verificação de dados sensíveis concluída - nenhum campo sensível detectado
11:13:44.719 [00:00,0] INFO  ? ? Concluído: Validação de documento | Todas as verificações passaram
11:13:44.719 [00:00,0] INFO  ? Verificações de segurança concluídas com sucesso
11:13:44.867 [00:00,0] INFO  ? Backup criado com sucesso: siscam_10_servicos_troca_lampada_na_travessa_mansidao_11_vista_alegrebhgapvgg_backup_2025-11-18_111344.docx
11:13:44.918 [00:00,0] INFO  ? Backup das configurações de visualização concluído
11:13:44.945 [00:00,0] INFO  ? Backup de propriedades de imagens concluído: 0 imagens catalogadas
11:13:44.945 [00:00,0] INFO  ? === PIPELINE DE FORMATAÇÃO - PASSAGEM 1 DE 2 ===
11:13:44.945 [00:00,0] INFO  ? Iniciando construção do cache de parágrafos...
11:13:44.961 [00:00,0] INFO  ? Cache construído: 31 parágrafos em 0,02s
11:13:44.961 [00:00,0] INFO  ? Identificando estrutura do documento...
11:13:44.973 [00:00,0] INFO  ? Título da Justificativa identificado no parágrafo 15
11:13:44.984 [00:00,0] INFO  ? Data (Plenário) identificada no parágrafo 24
11:13:44.988 [00:00,0] INFO  ? === ESTRUTURA DO DOCUMENTO IDENTIFICADA ===
11:13:44.988 [00:00,0] INFO  ? Título: parágrafo 0
11:13:44.988 [00:00,0] INFO  ? Ementa: parágrafo 0
11:13:44.988 [00:00,0] INFO  ? Proposição: parágrafos 0 a 0
11:13:44.988 [00:00,0] INFO  ? Título Justificativa: parágrafo 15
11:13:44.988 [00:00,0] INFO  ? Justificativa: parágrafos 16 a 23
11:13:44.988 [00:00,0] INFO  ? Data: parágrafo 24
11:13:44.988 [00:00,0] INFO  ? Assinatura: parágrafos 0 a 0
11:13:44.988 [00:00,0] INFO  ? Título Anexo: parágrafo 0
11:13:44.988 [00:00,0] INFO  ? Anexo: parágrafos 0 a 0
11:13:44.988 [00:00,0] INFO  ? ==========================================


--------------------------------------------------------------------------------
SEÇÃO: LIMPEZA E FORMATAÇÃO
--------------------------------------------------------------------------------
11:13:45.723 [00:01,0] INFO  ? ? Iniciando: Limpeza de formatação
11:13:45.887 [00:01,0] INFO  ? Formatação limpa: 31 parágrafos resetados
11:13:45.887 [00:01,0] INFO  ? ? Concluído: Limpeza de formatação
11:13:45.887 [00:01,0] INFO  ? ? Iniciando: Normalização de quebras
11:13:45.902 [00:01,0] INFO  ? ? Concluído: Normalização de quebras
11:13:45.902 [00:01,0] INFO  ? ? Iniciando: Limpeza estrutural
11:13:46.094 [00:02,0] INFO  ? Estrutura limpa: 1 linhas vazias removidas
11:13:46.102 [00:02,0] INFO  ? ? Concluído: Limpeza estrutural
11:13:46.102 [00:02,0] INFO  ? ? Iniciando: Formatação de título
11:13:46.105 [00:02,0] INFO  ? Título de proposição formatado: INDICAÇÃO Nº $NUMERO$/$ANO$ (centralizado, caixa alta, negrito, sublinhado)
11:13:46.105 [00:02,0] INFO  ? ? Concluído: Formatação de título
11:13:46.105 [00:02,0] INFO  ? ? Iniciando: Aplicação de fonte padrão
11:13:46.105 [00:02,0] INFO  ? Aplicando fonte padrão (modo otimizado com cache)...

11:13:46.125 [00:02,0] ERROR ? Erro em ApplyStdFontOptimized: O membro solicitado da coleção não existe.
11:13:46.133 [00:02,0] WARN  ? Falha na formatação de fontes (otimizada) - tentando método tradicional
11:13:46.223 [00:02,0] INFO  ? ? Concluído: Aplicação de fonte padrão | 30 parágrafos
11:13:46.223 [00:02,0] INFO  ? ? Iniciando: Aplicação de formatação de parágrafos
11:13:46.484 [00:02,0] INFO  ? ? Concluído: Aplicação de formatação de parágrafos


--------------------------------------------------------------------------------
SEÇÃO: FORMATAÇÕES ESPECÍFICAS
--------------------------------------------------------------------------------
11:13:46.496 [00:02,0] INFO  ? ? Iniciando: Formatação de parágrafos 1 e 2
11:13:46.512 [00:02,0] INFO  ? 2º parágrafo formatado com 2 linhas em branco antes e depois (posição: 6)
11:13:46.512 [00:02,0] INFO  ? ? Concluído: Formatação de parágrafos 1 e 2
11:13:46.512 [00:02,0] INFO  ? ? Iniciando: Formatação de considerandos
11:13:46.527 [00:02,0] INFO  ? Formatação 'considerando' aplicada: 0 ocorrências em negrito e caixa alta
11:13:46.527 [00:02,0] INFO  ? ? Concluído: Formatação de considerandos
11:13:46.527 [00:02,0] INFO  ? ? Iniciando: Aplicação de substituições de texto

11:13:46.527 [00:02,0] ERROR ? Erro crítico nas substituições de texto: Argumento ou chamada de procedimento inválida (Variante: 0)
11:13:46.539 [00:02,0] INFO  ? ? Concluído: Aplicação de substituições de texto
11:13:46.539 [00:02,0] INFO  ? ? Iniciando: Remoção de marca d'água e inserção de carimbo
11:13:46.871 [00:02,0] INFO  ? ? Concluído: Remoção de marca d'água e inserção de carimbo


--------------------------------------------------------------------------------
SEÇÃO: LIMPEZA FINAL
--------------------------------------------------------------------------------
11:13:46.887 [00:02,0] INFO  ? ? Iniciando: Limpeza de espaços múltiplos
11:13:46.945 [00:02,0] INFO  ? Limpeza de espaços concluída: 1 correções aplicadas (com proteção CONSIDERANDO)
11:13:46.945 [00:02,0] INFO  ? ? Concluído: Limpeza de espaços múltiplos
11:13:46.945 [00:02,0] INFO  ? ? Iniciando: Controle de linhas em branco
11:13:47.023 [00:03,0] INFO  ? Controle de linhas vazias concluído em 2 passada(s): 10 linhas excedentes removidas (máximo 1 sequencial)
11:13:47.027 [00:03,0] INFO  ? Linhas em branco do 2º parágrafo reforçadas (antes: 2, depois: 2)
11:13:47.051 [00:03,0] INFO  ? Linhas em branco do Plenário reforçadas: 2 antes e 2 depois
11:13:47.051 [00:03,0] INFO  ? ? Concluído: Controle de linhas em branco
11:13:47.051 [00:03,0] INFO  ? ? Iniciando: Substituição de datas do plenário
11:13:47.074 [00:03,0] INFO  ? Parágrafo de plenário substituído e formatado
11:13:47.074 [00:03,0] INFO  ? ? Concluído: Substituição de datas do plenário


--------------------------------------------------------------------------------
SEÇÃO: FINALIZAÇÃO
--------------------------------------------------------------------------------
11:13:47.094 [00:03,0] INFO  ? ? Iniciando: Configuração de visualização
11:13:47.094 [00:03,0] INFO  ? Visualização configurada: zoom definido para 110%, demais configurações preservadas
11:13:47.094 [00:03,0] INFO  ? ? Concluído: Configuração de visualização
11:13:47.094 [00:03,0] INFO  ? ? Iniciando: Inserção de rodapé
11:13:47.133 [00:03,0] INFO  ? ? Concluído: Inserção de rodapé
11:13:47.133 [00:03,0] INFO  ? ? Iniciando: Ajustes finais de negrito e formatação
11:13:47.137 [00:03,0] INFO  ? Negrito e alinhamento aplicados a 1 parágrafos especiais
11:13:47.148 [00:03,0] INFO  ? Parágrafo 'Vereador' formatado (sem negrito) com linhas adjacentes centralizadas (posição: 21)
11:13:47.148 [00:03,0] INFO  ? Formatação 'Vereador': 1 ocorrências formatadas
11:13:47.191 [00:03,0] INFO  ? Linhas em branco ajustadas: exatamente 2 antes e 2 depois de 'Justificativa'
11:13:47.223 [00:03,0] INFO  ? 2 linhas em branco inseridas antes e depois de 'Plenário Dr. Tancredo Neves'
11:13:47.242 [00:03,0] INFO  ? 2 linhas em branco inseridas após 'Excelentíssimo Senhor Prefeito Municipal,'
11:13:47.242 [00:03,0] INFO  ? ? Concluído: Ajustes finais de negrito e formatação
11:13:47.242 [00:03,0] INFO  ? ? Iniciando: Formatações especiais (diante do exposto, requeiro)
11:13:47.254 [00:03,0] INFO  ? ? Concluído: Formatações especiais (diante do exposto, requeiro)
11:13:47.254 [00:03,0] INFO  ? ? Iniciando: Garantia de espaçamento entre parágrafos longos
11:13:47.277 [00:03,0] INFO  ? ? Concluído: Garantia de espaçamento entre parágrafos longos
11:13:47.277 [00:03,0] INFO  ? ? Iniciando: Remoção de realces e bordas
11:13:47.285 [00:03,0] INFO  ? Realce removido do documento completo
11:13:47.301 [00:03,0] INFO  ? Realces e bordas removidos: 1 realces, 24 parágrafos com bordas
11:13:47.301 [00:03,0] INFO  ? ? Concluído: Remoção de realces e bordas
11:13:47.301 [00:03,0] INFO  ? ? Iniciando: Remoção de páginas vazias no final
11:13:47.312 [00:03,0] INFO  ? Nenhuma página vazia no final do documento
11:13:47.312 [00:03,0] INFO  ? ? Concluído: Remoção de páginas vazias no final
11:13:47.312 [00:03,0] INFO  ? Formatação completa aplicada com sucesso
11:13:47.312 [00:03,0] INFO  ? ?? Total de parágrafos: 24
11:13:47.402 [00:03,0] INFO  ? === FIM DA PASSAGEM 1 ===
11:13:47.402 [00:03,0] INFO  ? === PIPELINE DE FORMATAÇÃO - PASSAGEM 2 DE 2 ===
11:13:47.406 [00:03,0] INFO  ? Iniciando construção do cache de parágrafos...
11:13:47.426 [00:03,0] INFO  ? Cache construído: 24 parágrafos em 0,02s
11:13:47.426 [00:03,0] INFO  ? Identificando estrutura do documento...
11:13:47.441 [00:03,0] INFO  ? Título da Justificativa identificado no parágrafo 14
11:13:47.449 [00:03,0] INFO  ? Data (Plenário) identificada no parágrafo 20
11:13:47.457 [00:03,0] INFO  ? === ESTRUTURA DO DOCUMENTO IDENTIFICADA ===
11:13:47.457 [00:03,0] INFO  ? Título: parágrafo 0
11:13:47.457 [00:03,0] INFO  ? Ementa: parágrafo 0
11:13:47.457 [00:03,0] INFO  ? Proposição: parágrafos 0 a 0
11:13:47.457 [00:03,0] INFO  ? Título Justificativa: parágrafo 14
11:13:47.457 [00:03,0] INFO  ? Justificativa: parágrafos 15 a 19
11:13:47.457 [00:03,0] INFO  ? Data: parágrafo 20
11:13:47.457 [00:03,0] INFO  ? Assinatura: parágrafos 0 a 0
11:13:47.457 [00:03,0] INFO  ? Título Anexo: parágrafo 0
11:13:47.457 [00:03,0] INFO  ? Anexo: parágrafos 0 a 0
11:13:47.457 [00:03,0] INFO  ? ==========================================


--------------------------------------------------------------------------------
SEÇÃO: LIMPEZA E FORMATAÇÃO
--------------------------------------------------------------------------------
11:13:47.547 [00:03,0] INFO  ? ? Iniciando: Limpeza de formatação
11:13:47.605 [00:03,0] INFO  ? Formatação limpa: 24 parágrafos resetados
11:13:47.605 [00:03,0] INFO  ? ? Concluído: Limpeza de formatação
11:13:47.605 [00:03,0] INFO  ? ? Iniciando: Normalização de quebras
11:13:47.609 [00:03,0] INFO  ? ? Concluído: Normalização de quebras
11:13:47.609 [00:03,0] INFO  ? ? Iniciando: Limpeza estrutural
11:13:47.629 [00:03,0] INFO  ? ? Concluído: Limpeza estrutural
11:13:47.629 [00:03,0] INFO  ? ? Iniciando: Formatação de título
11:13:47.629 [00:03,0] INFO  ? Título de proposição formatado: INDICAÇÃO Nº $NUMERO$/$ANO$ (centralizado, caixa alta, negrito, sublinhado)
11:13:47.629 [00:03,0] INFO  ? ? Concluído: Formatação de título
11:13:47.629 [00:03,0] INFO  ? ? Iniciando: Aplicação de fonte padrão
11:13:47.629 [00:03,0] INFO  ? Aplicando fonte padrão (modo otimizado com cache)...
11:13:47.637 [00:03,0] INFO  ? Fonte padrão aplicada: 9 parágrafos em 0,01s
11:13:47.637 [00:03,0] INFO  ? ? Concluído: Aplicação de fonte padrão | 24 parágrafos
11:13:47.637 [00:03,0] INFO  ? ? Iniciando: Aplicação de formatação de parágrafos
11:13:47.734 [00:03,0] INFO  ? ? Concluído: Aplicação de formatação de parágrafos


--------------------------------------------------------------------------------
SEÇÃO: FORMATAÇÕES ESPECÍFICAS
--------------------------------------------------------------------------------
11:13:47.746 [00:03,0] INFO  ? ? Iniciando: Formatação de parágrafos 1 e 2
11:13:47.754 [00:03,0] INFO  ? 2º parágrafo formatado com 2 linhas em branco antes e depois (posição: 7)
11:13:47.754 [00:03,0] INFO  ? ? Concluído: Formatação de parágrafos 1 e 2
11:13:47.754 [00:03,0] INFO  ? ? Iniciando: Formatação de considerandos
11:13:47.770 [00:03,0] INFO  ? Formatação 'considerando' aplicada: 0 ocorrências em negrito e caixa alta
11:13:47.770 [00:03,0] INFO  ? ? Concluído: Formatação de considerandos
11:13:47.770 [00:03,0] INFO  ? ? Iniciando: Aplicação de substituições de texto

11:13:47.770 [00:03,0] ERROR ? Erro crítico nas substituições de texto: Argumento ou chamada de procedimento inválida (Variante: 0)
11:13:47.785 [00:03,0] INFO  ? ? Concluído: Aplicação de substituições de texto
11:13:47.785 [00:03,0] INFO  ? ? Iniciando: Remoção de marca d'água e inserção de carimbo
11:13:48.102 [00:04,0] INFO  ? ? Concluído: Remoção de marca d'água e inserção de carimbo


--------------------------------------------------------------------------------
SEÇÃO: LIMPEZA FINAL
--------------------------------------------------------------------------------
11:13:48.117 [00:04,0] INFO  ? ? Iniciando: Limpeza de espaços múltiplos
11:13:48.172 [00:04,0] INFO  ? Limpeza de espaços concluída: 0 correções aplicadas (com proteção CONSIDERANDO)
11:13:48.172 [00:04,0] INFO  ? ? Concluído: Limpeza de espaços múltiplos
11:13:48.172 [00:04,0] INFO  ? ? Iniciando: Controle de linhas em branco
11:13:48.270 [00:04,0] INFO  ? Controle de linhas vazias concluído em 2 passada(s): 8 linhas excedentes removidas (máximo 1 sequencial)
11:13:48.273 [00:04,0] INFO  ? Linhas em branco do 2º parágrafo reforçadas (antes: 2, depois: 2)
11:13:48.312 [00:04,0] INFO  ? Linhas em branco do Plenário reforçadas: 2 antes e 2 depois
11:13:48.312 [00:04,0] INFO  ? ? Concluído: Controle de linhas em branco
11:13:48.312 [00:04,0] INFO  ? ? Iniciando: Substituição de datas do plenário
11:13:48.328 [00:04,0] INFO  ? Parágrafo de plenário substituído e formatado
11:13:48.328 [00:04,0] INFO  ? ? Concluído: Substituição de datas do plenário


--------------------------------------------------------------------------------
SEÇÃO: FINALIZAÇÃO
--------------------------------------------------------------------------------
11:13:48.344 [00:04,0] INFO  ? ? Iniciando: Configuração de visualização
11:13:48.344 [00:04,0] INFO  ? Visualização configurada: zoom definido para 110%, demais configurações preservadas
11:13:48.344 [00:04,0] INFO  ? ? Concluído: Configuração de visualização
11:13:48.344 [00:04,0] INFO  ? ? Iniciando: Inserção de rodapé
11:13:48.379 [00:04,0] INFO  ? ? Concluído: Inserção de rodapé
11:13:48.379 [00:04,0] INFO  ? ? Iniciando: Ajustes finais de negrito e formatação
11:13:48.383 [00:04,0] INFO  ? Negrito e alinhamento aplicados a 1 parágrafos especiais
11:13:48.406 [00:04,0] INFO  ? Parágrafo 'Vereador' formatado (sem negrito) com linhas adjacentes centralizadas (posição: 21)
11:13:48.406 [00:04,0] INFO  ? Formatação 'Vereador': 1 ocorrências formatadas
11:13:48.445 [00:04,0] INFO  ? Linhas em branco ajustadas: exatamente 2 antes e 2 depois de 'Justificativa'
11:13:48.480 [00:04,0] INFO  ? 2 linhas em branco inseridas antes e depois de 'Plenário Dr. Tancredo Neves'
11:13:48.492 [00:04,0] INFO  ? 2 linhas em branco inseridas após 'Excelentíssimo Senhor Prefeito Municipal,'
11:13:48.492 [00:04,0] INFO  ? ? Concluído: Ajustes finais de negrito e formatação
11:13:48.492 [00:04,0] INFO  ? ? Iniciando: Formatações especiais (diante do exposto, requeiro)
11:13:48.508 [00:04,0] INFO  ? ? Concluído: Formatações especiais (diante do exposto, requeiro)
11:13:48.508 [00:04,0] INFO  ? ? Iniciando: Garantia de espaçamento entre parágrafos longos
11:13:48.520 [00:04,0] INFO  ? ? Concluído: Garantia de espaçamento entre parágrafos longos
11:13:48.520 [00:04,0] INFO  ? ? Iniciando: Remoção de realces e bordas
11:13:48.527 [00:04,0] INFO  ? Realce removido do documento completo
11:13:48.551 [00:04,0] INFO  ? Realces e bordas removidos: 1 realces, 24 parágrafos com bordas
11:13:48.551 [00:04,0] INFO  ? ? Concluído: Remoção de realces e bordas
11:13:48.551 [00:04,0] INFO  ? ? Iniciando: Remoção de páginas vazias no final
11:13:48.566 [00:04,0] INFO  ? Nenhuma página vazia no final do documento
11:13:48.566 [00:04,0] INFO  ? ? Concluído: Remoção de páginas vazias no final
11:13:48.566 [00:04,0] INFO  ? Formatação completa aplicada com sucesso
11:13:48.566 [00:04,0] INFO  ? ?? Total de parágrafos: 24
11:13:48.637 [00:04,0] INFO  ? === FIM DA PASSAGEM 2 ===
11:13:48.934 [00:04,0] INFO  ? Configurações de visualização originais restauradas (zoom mantido em 110%)
11:13:49.109 [00:05,0] INFO  ? Documento padronizado com sucesso
11:13:50.113 [00:06,0] INFO  ? UndoRecord finalizado com sucesso
11:13:50.113 [00:06,0] INFO  ? Variáveis de proteção de imagens limpas
11:13:50.113 [00:06,0] INFO  ? Variáveis de configurações de visualização limpas


================================================================================
RESUMO DA SESSÃO
================================================================================

[STATUS]
  Final: CONCLUÍDO COM ERROS ?
  Término: 18/11/2025 11:13:50
  Duração: 6,0s

[ESTATÍSTICAS]
  Total de eventos: 180
  Informações: 176 (97,8%)
  Avisos: 1 (0,6%)
  Erros: 3 (1,7%)

[PERFORMANCE]
  Eventos/segundo: 30,0
  Tempo médio/evento: 33,3ms

[RECOMENDAÇÕES]
  • Verifique os erros acima e corrija problemas no documento

================================================================================
FIM DO LOG
================================================================================
