================================================================================
CHAINSAW - LOG DE PROCESSAMENTO DE DOCUMENTO
================================================================================

[SESSÃO]
  Início: 24/11/2025 15:37:27
  ID: 20251124153727

[AMBIENTE]
  Usuário: csantos
  Computador: NOTEPROCLEG01
  Domínio: CMSBONET
  SO: Windows Windows_NT
  Word: 16.0 (Word 2016/2019/2021/365)

[DOCUMENTO]
  Nome: Doc2.docx
  Caminho: C:\Users\csantos\Documents
  Tamanho: 0 bytes
  Parágrafos: 1
  Páginas: 1
  Proteção: Sem proteção
  Idioma: 1046

[CONFIGURAÇÃO]
  Debug: Desativado
  Log: C:\Users\csantos\chainsaw\installation\inst_docs\vba_logs\chainsaw_20251124_153727_Doc2x.log
  Backup: C:\Users\csantos\Documents\backups\

================================================================================


15:37:27.055 [00:00,0] INFO  ? Iniciando padronização do documento: Doc2.docx
15:37:27.055 [00:00,0] INFO  ? UndoRecord iniciado com sucesso


--------------------------------------------------------------------------------
SEÇÃO: VERIFICAÇÕES INICIAIS
--------------------------------------------------------------------------------
15:37:27.102 [00:00,0] INFO  ? ? Iniciando: Validação de documento
15:37:27.105 [00:00,0] INFO  ? Verificação de dados sensíveis concluída - nenhum campo sensível detectado
15:37:27.105 [00:00,0] INFO  ? ? Concluído: Validação de documento | Todas as verificações passaram
15:37:27.105 [00:00,0] INFO  ? Verificações de segurança concluídas com sucesso
15:37:27.219 [00:00,0] WARN  ? Muitos backups na pasta (21 arquivos) - considere limpeza manual
15:37:27.219 [00:00,0] INFO  ? Backup criado com sucesso: Doc2_backup_2025-11-24_153727.docx
15:37:27.250 [00:00,0] INFO  ? Backup das configurações de visualização concluído
15:37:27.258 [00:00,0] INFO  ? Backup de propriedades de imagens concluído: 0 imagens catalogadas
15:37:27.258 [00:00,0] INFO  ? === PIPELINE DE FORMATAÇÃO - PASSAGEM 1 DE 2 ===
15:37:27.266 [00:00,0] INFO  ? Iniciando construção do cache de parágrafos...
15:37:27.266 [00:00,0] INFO  ? Cache construído: 1 parágrafos em 0,00s
15:37:27.266 [00:00,0] INFO  ? Identificando estrutura do documento...
15:37:27.266 [00:00,0] INFO  ? === ESTRUTURA DO DOCUMENTO IDENTIFICADA ===
15:37:27.266 [00:00,0] INFO  ? Título: parágrafo 0
15:37:27.266 [00:00,0] INFO  ? Ementa: parágrafo 0
15:37:27.266 [00:00,0] INFO  ? Proposição: parágrafos 0 a 0
15:37:27.266 [00:00,0] INFO  ? Título Justificativa: parágrafo 0
15:37:27.266 [00:00,0] INFO  ? Justificativa: parágrafos 0 a 0
15:37:27.266 [00:00,0] INFO  ? Data: parágrafo 0
15:37:27.266 [00:00,0] INFO  ? Assinatura: parágrafos 0 a 0
15:37:27.266 [00:00,0] INFO  ? Título Anexo: parágrafo 0
15:37:27.266 [00:00,0] INFO  ? Anexo: parágrafos 0 a 0
15:37:27.266 [00:00,0] INFO  ? ==========================================


--------------------------------------------------------------------------------
SEÇÃO: LIMPEZA E FORMATAÇÃO
--------------------------------------------------------------------------------
15:37:27.309 [00:00,0] INFO  ? ? Iniciando: Limpeza de formatação
15:37:27.324 [00:00,0] INFO  ? Formatação limpa: 1 parágrafos resetados
15:37:27.324 [00:00,0] INFO  ? ? Concluído: Limpeza de formatação
15:37:27.324 [00:00,0] INFO  ? ? Iniciando: Normalização de quebras
15:37:27.332 [00:00,0] INFO  ? ? Concluído: Normalização de quebras
15:37:27.332 [00:00,0] INFO  ? ? Iniciando: Limpeza estrutural
15:37:27.336 [00:00,0] INFO  ? ? Concluído: Limpeza estrutural
15:37:27.336 [00:00,0] INFO  ? ? Iniciando: Formatação de título
15:37:27.340 [00:00,0] WARN  ? Nenhum texto encontrado para formatação do título
15:37:27.340 [00:00,0] INFO  ? ? Concluído: Formatação de título
15:37:27.340 [00:00,0] INFO  ? ? Iniciando: Aplicação de fonte padrão
15:37:27.340 [00:00,0] INFO  ? Aplicando fonte padrão (modo otimizado com cache)...
15:37:27.340 [00:00,0] INFO  ? Fonte padrão aplicada: 0 parágrafos em 0,00s
15:37:27.340 [00:00,0] INFO  ? ? Concluído: Aplicação de fonte padrão | 1 parágrafos
15:37:27.340 [00:00,0] INFO  ? ? Iniciando: Aplicação de formatação de parágrafos
15:37:27.340 [00:00,0] INFO  ? ? Concluído: Aplicação de formatação de parágrafos


--------------------------------------------------------------------------------
SEÇÃO: FORMATAÇÕES ESPECÍFICAS
--------------------------------------------------------------------------------
15:37:27.348 [00:00,0] INFO  ? ? Iniciando: Formatação de parágrafos 1 e 2
15:37:27.348 [00:00,0] WARN  ? 1º parágrafo não encontrado para formatação
15:37:27.348 [00:00,0] WARN  ? 2º parágrafo não encontrado para formatação
15:37:27.348 [00:00,0] INFO  ? ? Concluído: Formatação de parágrafos 1 e 2
15:37:27.348 [00:00,0] INFO  ? ? Iniciando: Formatação de considerandos
15:37:27.348 [00:00,0] INFO  ? Formatação 'considerando' aplicada: 0 ocorrências em negrito e caixa alta
15:37:27.348 [00:00,0] INFO  ? ? Concluído: Formatação de considerandos
15:37:27.348 [00:00,0] INFO  ? ? Iniciando: Aplicação de substituições de texto
15:37:27.348 [00:00,0] INFO  ? Documento vazio - substituições de texto ignoradas
15:37:27.348 [00:00,0] INFO  ? ? Concluído: Aplicação de substituições de texto
15:37:27.348 [00:00,0] INFO  ? ? Iniciando: Remoção de marca d'água e inserção de carimbo
15:37:27.516 [00:00,0] INFO  ? ? Concluído: Remoção de marca d'água e inserção de carimbo


--------------------------------------------------------------------------------
SEÇÃO: LIMPEZA FINAL
--------------------------------------------------------------------------------
15:37:27.527 [00:00,0] INFO  ? ? Iniciando: Limpeza de espaços múltiplos
15:37:27.570 [00:00,0] INFO  ? Limpeza de espaços concluída: 0 correções aplicadas (com proteção CONSIDERANDO)
15:37:27.570 [00:00,0] INFO  ? ? Concluído: Limpeza de espaços múltiplos
15:37:27.570 [00:00,0] INFO  ? ? Iniciando: Controle de linhas em branco
15:37:27.582 [00:00,0] INFO  ? Controle de linhas vazias concluído em 1 passada(s): 0 linhas excedentes removidas (máximo 1 sequencial)
15:37:27.582 [00:00,0] INFO  ? ? Concluído: Controle de linhas em branco
15:37:27.582 [00:00,0] INFO  ? ? Iniciando: Substituição de datas do plenário
15:37:27.582 [00:00,0] INFO  ? ? Concluído: Substituição de datas do plenário


--------------------------------------------------------------------------------
SEÇÃO: FINALIZAÇÃO
--------------------------------------------------------------------------------
15:37:27.586 [00:00,0] INFO  ? ? Iniciando: Configuração de visualização
15:37:27.594 [00:00,0] INFO  ? Visualização configurada: zoom definido para 110%, demais configurações preservadas
15:37:27.594 [00:00,0] INFO  ? ? Concluído: Configuração de visualização
15:37:27.594 [00:00,0] INFO  ? ? Iniciando: Inserção de rodapé
15:37:27.617 [00:00,0] INFO  ? ? Concluído: Inserção de rodapé
15:37:27.617 [00:00,0] INFO  ? ? Iniciando: Ajustes finais de negrito e formatação
15:37:27.617 [00:00,0] INFO  ? Negrito e alinhamento aplicados a 0 parágrafos especiais
15:37:27.617 [00:00,0] INFO  ? ? Concluído: Ajustes finais de negrito e formatação
15:37:27.617 [00:00,0] INFO  ? ? Iniciando: Formatações especiais (diante do exposto, requeiro)
15:37:27.617 [00:00,0] INFO  ? ? Concluído: Formatações especiais (diante do exposto, requeiro)
15:37:27.617 [00:00,0] INFO  ? ? Iniciando: Garantia de espaçamento entre parágrafos longos
15:37:27.617 [00:00,0] INFO  ? ? Concluído: Garantia de espaçamento entre parágrafos longos
15:37:27.617 [00:00,0] INFO  ? ? Iniciando: Remoção de realces e bordas
15:37:27.637 [00:00,0] INFO  ? Realce removido do documento completo
15:37:27.637 [00:00,0] INFO  ? Realces e bordas removidos: 1 realces, 1 parágrafos com bordas
15:37:27.637 [00:00,0] INFO  ? ? Concluído: Remoção de realces e bordas
15:37:27.637 [00:00,0] INFO  ? ? Iniciando: Remoção de páginas vazias no final
15:37:27.645 [00:00,0] INFO  ? Nenhuma página vazia no final do documento
15:37:27.645 [00:00,0] INFO  ? ? Concluído: Remoção de páginas vazias no final
15:37:27.645 [00:00,0] INFO  ? Formatação completa aplicada com sucesso
15:37:27.645 [00:00,0] INFO  ? ?? Total de parágrafos: 1
15:37:27.715 [00:00,0] INFO  ? Parágrafo do Plenário não encontrado para centralizar imagem
15:37:27.715 [00:00,0] INFO  ? === FIM DA PASSAGEM 1 ===
15:37:27.715 [00:00,0] INFO  ? === PIPELINE DE FORMATAÇÃO - PASSAGEM 2 DE 2 ===
15:37:27.719 [00:00,0] INFO  ? Iniciando construção do cache de parágrafos...
15:37:27.719 [00:00,0] INFO  ? Cache construído: 1 parágrafos em 0,00s
15:37:27.719 [00:00,0] INFO  ? Identificando estrutura do documento...
15:37:27.719 [00:00,0] INFO  ? === ESTRUTURA DO DOCUMENTO IDENTIFICADA ===
15:37:27.719 [00:00,0] INFO  ? Título: parágrafo 0
15:37:27.719 [00:00,0] INFO  ? Ementa: parágrafo 0
15:37:27.719 [00:00,0] INFO  ? Proposição: parágrafos 0 a 0
15:37:27.719 [00:00,0] INFO  ? Título Justificativa: parágrafo 0
15:37:27.719 [00:00,0] INFO  ? Justificativa: parágrafos 0 a 0
15:37:27.719 [00:00,0] INFO  ? Data: parágrafo 0
15:37:27.719 [00:00,0] INFO  ? Assinatura: parágrafos 0 a 0
15:37:27.719 [00:00,0] INFO  ? Título Anexo: parágrafo 0
15:37:27.719 [00:00,0] INFO  ? Anexo: parágrafos 0 a 0
15:37:27.719 [00:00,0] INFO  ? ==========================================


--------------------------------------------------------------------------------
SEÇÃO: LIMPEZA E FORMATAÇÃO
--------------------------------------------------------------------------------
15:37:27.773 [00:00,0] INFO  ? ? Iniciando: Limpeza de formatação
15:37:27.789 [00:00,0] INFO  ? Formatação limpa: 1 parágrafos resetados
15:37:27.789 [00:00,0] INFO  ? ? Concluído: Limpeza de formatação
15:37:27.789 [00:00,0] INFO  ? ? Iniciando: Normalização de quebras
15:37:27.789 [00:00,0] INFO  ? ? Concluído: Normalização de quebras
15:37:27.789 [00:00,0] INFO  ? ? Iniciando: Limpeza estrutural
15:37:27.801 [00:00,0] INFO  ? ? Concluído: Limpeza estrutural
15:37:27.801 [00:00,0] INFO  ? ? Iniciando: Formatação de título
15:37:27.809 [00:00,0] WARN  ? Nenhum texto encontrado para formatação do título
15:37:27.809 [00:00,0] INFO  ? ? Concluído: Formatação de título
15:37:27.809 [00:00,0] INFO  ? ? Iniciando: Aplicação de fonte padrão
15:37:27.809 [00:00,0] INFO  ? Aplicando fonte padrão (modo otimizado com cache)...
15:37:27.809 [00:00,0] INFO  ? Fonte padrão aplicada: 0 parágrafos em 0,00s
15:37:27.809 [00:00,0] INFO  ? ? Concluído: Aplicação de fonte padrão | 1 parágrafos
15:37:27.809 [00:00,0] INFO  ? ? Iniciando: Aplicação de formatação de parágrafos
15:37:27.812 [00:00,0] INFO  ? ? Concluído: Aplicação de formatação de parágrafos


--------------------------------------------------------------------------------
SEÇÃO: FORMATAÇÕES ESPECÍFICAS
--------------------------------------------------------------------------------
15:37:27.824 [00:00,0] INFO  ? ? Iniciando: Formatação de parágrafos 1 e 2
15:37:27.824 [00:00,0] WARN  ? 1º parágrafo não encontrado para formatação
15:37:27.824 [00:00,0] WARN  ? 2º parágrafo não encontrado para formatação
15:37:27.824 [00:00,0] INFO  ? ? Concluído: Formatação de parágrafos 1 e 2
15:37:27.824 [00:00,0] INFO  ? ? Iniciando: Formatação de considerandos
15:37:27.824 [00:00,0] INFO  ? Formatação 'considerando' aplicada: 0 ocorrências em negrito e caixa alta
15:37:27.824 [00:00,0] INFO  ? ? Concluído: Formatação de considerandos
15:37:27.824 [00:00,0] INFO  ? ? Iniciando: Aplicação de substituições de texto
15:37:27.824 [00:00,0] INFO  ? Documento vazio - substituições de texto ignoradas
15:37:27.824 [00:00,0] INFO  ? ? Concluído: Aplicação de substituições de texto
15:37:27.824 [00:00,0] INFO  ? ? Iniciando: Remoção de marca d'água e inserção de carimbo
15:37:28.004 [00:01,0] INFO  ? ? Concluído: Remoção de marca d'água e inserção de carimbo


--------------------------------------------------------------------------------
SEÇÃO: LIMPEZA FINAL
--------------------------------------------------------------------------------
15:37:28.016 [00:01,0] INFO  ? ? Iniciando: Limpeza de espaços múltiplos
15:37:28.055 [00:01,0] INFO  ? Limpeza de espaços concluída: 0 correções aplicadas (com proteção CONSIDERANDO)
15:37:28.055 [00:01,0] INFO  ? ? Concluído: Limpeza de espaços múltiplos
15:37:28.055 [00:01,0] INFO  ? ? Iniciando: Controle de linhas em branco
15:37:28.070 [00:01,0] INFO  ? Controle de linhas vazias concluído em 1 passada(s): 0 linhas excedentes removidas (máximo 1 sequencial)
15:37:28.070 [00:01,0] INFO  ? ? Concluído: Controle de linhas em branco
15:37:28.070 [00:01,0] INFO  ? ? Iniciando: Substituição de datas do plenário
15:37:28.070 [00:01,0] INFO  ? ? Concluído: Substituição de datas do plenário


--------------------------------------------------------------------------------
SEÇÃO: FINALIZAÇÃO
--------------------------------------------------------------------------------
15:37:28.078 [00:01,0] INFO  ? ? Iniciando: Configuração de visualização
15:37:28.086 [00:01,0] INFO  ? Visualização configurada: zoom definido para 110%, demais configurações preservadas
15:37:28.086 [00:01,0] INFO  ? ? Concluído: Configuração de visualização
15:37:28.086 [00:01,0] INFO  ? ? Iniciando: Inserção de rodapé
15:37:28.117 [00:01,0] INFO  ? ? Concluído: Inserção de rodapé
15:37:28.117 [00:01,0] INFO  ? ? Iniciando: Ajustes finais de negrito e formatação
15:37:28.117 [00:01,0] INFO  ? Negrito e alinhamento aplicados a 0 parágrafos especiais
15:37:28.121 [00:01,0] INFO  ? ? Concluído: Ajustes finais de negrito e formatação
15:37:28.121 [00:01,0] INFO  ? ? Iniciando: Formatações especiais (diante do exposto, requeiro)
15:37:28.121 [00:01,0] INFO  ? ? Concluído: Formatações especiais (diante do exposto, requeiro)
15:37:28.121 [00:01,0] INFO  ? ? Iniciando: Garantia de espaçamento entre parágrafos longos
15:37:28.121 [00:01,0] INFO  ? ? Concluído: Garantia de espaçamento entre parágrafos longos
15:37:28.121 [00:01,0] INFO  ? ? Iniciando: Remoção de realces e bordas
15:37:28.129 [00:01,0] INFO  ? Realce removido do documento completo
15:37:28.137 [00:01,0] INFO  ? Realces e bordas removidos: 1 realces, 1 parágrafos com bordas
15:37:28.137 [00:01,0] INFO  ? ? Concluído: Remoção de realces e bordas
15:37:28.137 [00:01,0] INFO  ? ? Iniciando: Remoção de páginas vazias no final
15:37:28.145 [00:01,0] INFO  ? Nenhuma página vazia no final do documento
15:37:28.145 [00:01,0] INFO  ? ? Concluído: Remoção de páginas vazias no final
15:37:28.145 [00:01,0] INFO  ? Formatação completa aplicada com sucesso
15:37:28.145 [00:01,0] INFO  ? ?? Total de parágrafos: 1
15:37:28.180 [00:01,0] INFO  ? Parágrafo do Plenário não encontrado para centralizar imagem
15:37:28.180 [00:01,0] INFO  ? === FIM DA PASSAGEM 2 ===
15:37:28.457 [00:01,0] INFO  ? Configurações de visualização originais restauradas (zoom mantido em 110%)
15:37:28.473 [00:01,0] INFO  ? Documento padronizado com sucesso
15:37:29.484 [00:02,0] INFO  ? UndoRecord finalizado com sucesso
15:37:29.484 [00:02,0] INFO  ? Variáveis de proteção de imagens limpas
15:37:29.484 [00:02,0] INFO  ? Variáveis de configurações de visualização limpas


================================================================================
RESUMO DA SESSÃO
================================================================================

[STATUS]
  Final: CONCLUÍDO COM AVISOS ?
  Término: 24/11/2025 15:37:29
  Duração: 2,0s

[ESTATÍSTICAS]
  Total de eventos: 163
  Informações: 156 (95,7%)
  Avisos: 7 (4,3%)
  Erros: 0 (0,0%)

[PERFORMANCE]
  Eventos/segundo: 81,5
  Tempo médio/evento: 12,3ms

[RECOMENDAÇÕES]
  • Múltiplos avisos detectados - revise o documento manualmente

================================================================================
FIM DO LOG
================================================================================
