================================================================================
CHAINSAW - LOG DE PROCESSAMENTO DE DOCUMENTO
================================================================================

[SESSÃO]
  Início: 18/11/2025 10:57:26
  ID: 20251118105726

[AMBIENTE]
  Usuário: csantos
  Computador: NOTEPROCLEG01
  Domínio: CMSBONET
  SO: Windows Windows_NT
  Word: 16.0 (Word 2016/2019/2021/365)

[DOCUMENTO]
  Nome: siscam_03_servicos_rocagem_limpeza_mato_na_praca_nelson_taver_jardim_mariana5synp1my.docx
  Caminho: C:\Users\csantos\AppData\Local\Temp
  Tamanho: 1,2 KB
  Parágrafos: 29
  Páginas: 1
  Proteção: Sem proteção
  Idioma: 1046

[CONFIGURAÇÃO]
  Debug: Desativado
  Log: C:\Users\csantos\chainsaw\installation\inst_docs\vba_logs\chainsaw_20251118_105726_siscam_03_servicos_rocagem_limpeza_mato_na_praca_n.log
  Backup: C:\Users\csantos\AppData\Local\Temp\backups\

================================================================================


10:57:26.633 [00:00,0] INFO  ? Iniciando padronização do documento: siscam_03_servicos_rocagem_limpeza_mato_na_praca_nelson_taver_jardim_mariana5synp1my.docx
10:57:26.633 [00:00,0] INFO  ? UndoRecord iniciado com sucesso


--------------------------------------------------------------------------------
SEÇÃO: VERIFICAÇÕES INICIAIS
--------------------------------------------------------------------------------
10:57:26.676 [00:00,0] INFO  ? ? Iniciando: Validação de documento
10:57:26.676 [00:00,0] INFO  ? Verificação de dados sensíveis concluída - nenhum campo sensível detectado
10:57:26.676 [00:00,0] INFO  ? ? Concluído: Validação de documento | Todas as verificações passaram
10:57:26.676 [00:00,0] INFO  ? Verificações de segurança concluídas com sucesso
10:57:26.855 [00:00,0] INFO  ? Backup criado com sucesso: siscam_03_servicos_rocagem_limpeza_mato_na_praca_nelson_taver_jardim_mariana5synp1my_backup_2025-11-18_105726.docx
10:57:26.922 [00:00,0] INFO  ? Backup das configurações de visualização concluído
10:57:26.945 [00:00,0] INFO  ? Backup de propriedades de imagens concluído: 0 imagens catalogadas
10:57:26.945 [00:00,0] INFO  ? === PIPELINE DE FORMATAÇÃO - PASSAGEM 1 DE 2 ===
10:57:26.945 [00:00,0] INFO  ? Iniciando construção do cache de parágrafos...
10:57:26.961 [00:00,0] INFO  ? Cache construído: 29 parágrafos em 0,02s
10:57:26.961 [00:00,0] INFO  ? Identificando estrutura do documento...
10:57:26.969 [00:00,0] INFO  ? Título da Justificativa identificado no parágrafo 15
10:57:26.977 [00:00,0] INFO  ? Data (Plenário) identificada no parágrafo 22
10:57:26.992 [00:00,0] INFO  ? === ESTRUTURA DO DOCUMENTO IDENTIFICADA ===
10:57:26.992 [00:00,0] INFO  ? Título: parágrafo 0
10:57:26.992 [00:00,0] INFO  ? Ementa: parágrafo 0
10:57:26.992 [00:00,0] INFO  ? Proposição: parágrafos 0 a 0
10:57:26.992 [00:00,0] INFO  ? Título Justificativa: parágrafo 15
10:57:26.992 [00:00,0] INFO  ? Justificativa: parágrafos 16 a 21
10:57:26.992 [00:00,0] INFO  ? Data: parágrafo 22
10:57:26.992 [00:00,0] INFO  ? Assinatura: parágrafos 0 a 0
10:57:26.992 [00:00,0] INFO  ? Título Anexo: parágrafo 0
10:57:26.992 [00:00,0] INFO  ? Anexo: parágrafos 0 a 0
10:57:26.992 [00:00,0] INFO  ? ==========================================


--------------------------------------------------------------------------------
SEÇÃO: LIMPEZA E FORMATAÇÃO
--------------------------------------------------------------------------------
10:57:27.570 [00:01,0] INFO  ? ? Iniciando: Limpeza de formatação
10:57:27.711 [00:01,0] INFO  ? Formatação limpa: 29 parágrafos resetados
10:57:27.711 [00:01,0] INFO  ? ? Concluído: Limpeza de formatação
10:57:27.711 [00:01,0] INFO  ? ? Iniciando: Normalização de quebras
10:57:27.719 [00:01,0] INFO  ? ? Concluído: Normalização de quebras
10:57:27.719 [00:01,0] INFO  ? ? Iniciando: Limpeza estrutural
10:57:27.848 [00:01,0] INFO  ? Estrutura limpa: 1 linhas vazias removidas
10:57:27.855 [00:01,0] INFO  ? ? Concluído: Limpeza estrutural
10:57:27.855 [00:01,0] INFO  ? ? Iniciando: Formatação de título
10:57:27.855 [00:01,0] INFO  ? Título de proposição formatado: INDICAÇÃO Nº $NUMERO$/$ANO$ (centralizado, caixa alta, negrito, sublinhado)
10:57:27.855 [00:01,0] INFO  ? ? Concluído: Formatação de título
10:57:27.855 [00:01,0] INFO  ? ? Iniciando: Aplicação de fonte padrão
10:57:27.855 [00:01,0] INFO  ? Aplicando fonte padrão (modo otimizado com cache)...

10:57:27.871 [00:01,0] ERROR ? Erro em ApplyStdFontOptimized: O membro solicitado da coleção não existe.
10:57:27.883 [00:01,0] WARN  ? Falha na formatação de fontes (otimizada) - tentando método tradicional
10:57:27.953 [00:01,0] INFO  ? ? Concluído: Aplicação de fonte padrão | 28 parágrafos
10:57:27.953 [00:01,0] INFO  ? ? Iniciando: Aplicação de formatação de parágrafos
10:57:28.199 [00:02,0] INFO  ? ? Concluído: Aplicação de formatação de parágrafos


--------------------------------------------------------------------------------
SEÇÃO: FORMATAÇÕES ESPECÍFICAS
--------------------------------------------------------------------------------
10:57:28.215 [00:02,0] INFO  ? ? Iniciando: Formatação de parágrafos 1 e 2
10:57:28.230 [00:02,0] INFO  ? 2º parágrafo formatado com 2 linhas em branco antes e depois (posição: 6)
10:57:28.230 [00:02,0] INFO  ? ? Concluído: Formatação de parágrafos 1 e 2
10:57:28.230 [00:02,0] INFO  ? ? Iniciando: Formatação de considerandos
10:57:28.250 [00:02,0] INFO  ? Formatação 'considerando' aplicada: 0 ocorrências em negrito e caixa alta
10:57:28.250 [00:02,0] INFO  ? ? Concluído: Formatação de considerandos
10:57:28.250 [00:02,0] INFO  ? ? Iniciando: Aplicação de substituições de texto

10:57:28.250 [00:02,0] ERROR ? Erro crítico nas substituições de texto: Argumento ou chamada de procedimento inválida (Variante: 0)
10:57:28.266 [00:02,0] INFO  ? ? Concluído: Aplicação de substituições de texto
10:57:28.266 [00:02,0] INFO  ? ? Iniciando: Remoção de marca d'água e inserção de carimbo
10:57:28.602 [00:02,0] INFO  ? ? Concluído: Remoção de marca d'água e inserção de carimbo


--------------------------------------------------------------------------------
SEÇÃO: LIMPEZA FINAL
--------------------------------------------------------------------------------
10:57:28.621 [00:02,0] INFO  ? ? Iniciando: Limpeza de espaços múltiplos
10:57:28.691 [00:02,0] INFO  ? Limpeza de espaços concluída: 1 correções aplicadas (com proteção CONSIDERANDO)
10:57:28.691 [00:02,0] INFO  ? ? Concluído: Limpeza de espaços múltiplos
10:57:28.691 [00:02,0] INFO  ? ? Iniciando: Controle de linhas em branco
10:57:28.766 [00:02,0] INFO  ? Controle de linhas vazias concluído em 2 passada(s): 9 linhas excedentes removidas (máximo 1 sequencial)
10:57:28.777 [00:02,0] INFO  ? Linhas em branco do 2º parágrafo reforçadas (antes: 2, depois: 2)
10:57:28.809 [00:02,0] INFO  ? Linhas em branco do Plenário reforçadas: 2 antes e 2 depois
10:57:28.809 [00:02,0] INFO  ? ? Concluído: Controle de linhas em branco
10:57:28.809 [00:02,0] INFO  ? ? Iniciando: Substituição de datas do plenário
10:57:28.832 [00:02,0] INFO  ? Parágrafo de plenário substituído e formatado
10:57:28.832 [00:02,0] INFO  ? ? Concluído: Substituição de datas do plenário


--------------------------------------------------------------------------------
SEÇÃO: FINALIZAÇÃO
--------------------------------------------------------------------------------
10:57:28.840 [00:02,0] INFO  ? ? Iniciando: Configuração de visualização
10:57:28.848 [00:02,0] INFO  ? Visualização configurada: zoom definido para 110%, demais configurações preservadas
10:57:28.848 [00:02,0] INFO  ? ? Concluído: Configuração de visualização
10:57:28.848 [00:02,0] INFO  ? ? Iniciando: Inserção de rodapé
10:57:28.891 [00:02,0] INFO  ? ? Concluído: Inserção de rodapé
10:57:28.891 [00:02,0] INFO  ? ? Iniciando: Ajustes finais de negrito e formatação
10:57:28.898 [00:02,0] INFO  ? Negrito e alinhamento aplicados a 1 parágrafos especiais
10:57:28.914 [00:02,0] INFO  ? Parágrafo 'Vereador' formatado (sem negrito) com linhas adjacentes centralizadas (posição: 21)
10:57:28.914 [00:02,0] INFO  ? Formatação 'Vereador': 1 ocorrências formatadas
10:57:28.953 [00:02,0] INFO  ? Linhas em branco ajustadas: exatamente 2 antes e 2 depois de 'Justificativa'
10:57:28.988 [00:02,0] INFO  ? 2 linhas em branco inseridas antes e depois de 'Plenário Dr. Tancredo Neves'
10:57:29.004 [00:03,0] INFO  ? 2 linhas em branco inseridas após 'Excelentíssimo Senhor Prefeito Municipal,'
10:57:29.004 [00:03,0] INFO  ? ? Concluído: Ajustes finais de negrito e formatação
10:57:29.004 [00:03,0] INFO  ? ? Iniciando: Formatações especiais (diante do exposto, requeiro)
10:57:29.020 [00:03,0] INFO  ? ? Concluído: Formatações especiais (diante do exposto, requeiro)
10:57:29.020 [00:03,0] INFO  ? ? Iniciando: Garantia de espaçamento entre parágrafos longos
10:57:29.035 [00:03,0] INFO  ? ? Concluído: Garantia de espaçamento entre parágrafos longos
10:57:29.035 [00:03,0] INFO  ? ? Iniciando: Remoção de realces e bordas
10:57:29.047 [00:03,0] INFO  ? Realce removido do documento completo
10:57:29.066 [00:03,0] INFO  ? Realces e bordas removidos: 1 realces, 24 parágrafos com bordas
10:57:29.066 [00:03,0] INFO  ? ? Concluído: Remoção de realces e bordas
10:57:29.066 [00:03,0] INFO  ? ? Iniciando: Remoção de páginas vazias no final
10:57:29.086 [00:03,0] INFO  ? Nenhuma página vazia no final do documento
10:57:29.086 [00:03,0] INFO  ? ? Concluído: Remoção de páginas vazias no final
10:57:29.086 [00:03,0] INFO  ? Formatação completa aplicada com sucesso
10:57:29.086 [00:03,0] INFO  ? ?? Total de parágrafos: 24
10:57:29.160 [00:03,0] INFO  ? === FIM DA PASSAGEM 1 ===
10:57:29.160 [00:03,0] INFO  ? === PIPELINE DE FORMATAÇÃO - PASSAGEM 2 DE 2 ===
10:57:29.164 [00:03,0] INFO  ? Iniciando construção do cache de parágrafos...
10:57:29.180 [00:03,0] INFO  ? Cache construído: 24 parágrafos em 0,02s
10:57:29.180 [00:03,0] INFO  ? Identificando estrutura do documento...
10:57:29.191 [00:03,0] INFO  ? Título da Justificativa identificado no parágrafo 14
10:57:29.199 [00:03,0] INFO  ? Data (Plenário) identificada no parágrafo 20
10:57:29.211 [00:03,0] INFO  ? === ESTRUTURA DO DOCUMENTO IDENTIFICADA ===
10:57:29.211 [00:03,0] INFO  ? Título: parágrafo 0
10:57:29.211 [00:03,0] INFO  ? Ementa: parágrafo 0
10:57:29.211 [00:03,0] INFO  ? Proposição: parágrafos 0 a 0
10:57:29.211 [00:03,0] INFO  ? Título Justificativa: parágrafo 14
10:57:29.211 [00:03,0] INFO  ? Justificativa: parágrafos 15 a 19
10:57:29.211 [00:03,0] INFO  ? Data: parágrafo 20
10:57:29.211 [00:03,0] INFO  ? Assinatura: parágrafos 0 a 0
10:57:29.211 [00:03,0] INFO  ? Título Anexo: parágrafo 0
10:57:29.211 [00:03,0] INFO  ? Anexo: parágrafos 0 a 0
10:57:29.211 [00:03,0] INFO  ? ==========================================


--------------------------------------------------------------------------------
SEÇÃO: LIMPEZA E FORMATAÇÃO
--------------------------------------------------------------------------------
10:57:29.320 [00:03,0] INFO  ? ? Iniciando: Limpeza de formatação
10:57:29.383 [00:03,0] INFO  ? Formatação limpa: 24 parágrafos resetados
10:57:29.383 [00:03,0] INFO  ? ? Concluído: Limpeza de formatação
10:57:29.383 [00:03,0] INFO  ? ? Iniciando: Normalização de quebras
10:57:29.391 [00:03,0] INFO  ? ? Concluído: Normalização de quebras
10:57:29.391 [00:03,0] INFO  ? ? Iniciando: Limpeza estrutural
10:57:29.406 [00:03,0] INFO  ? ? Concluído: Limpeza estrutural
10:57:29.406 [00:03,0] INFO  ? ? Iniciando: Formatação de título
10:57:29.414 [00:03,0] INFO  ? Título de proposição formatado: INDICAÇÃO Nº $NUMERO$/$ANO$ (centralizado, caixa alta, negrito, sublinhado)
10:57:29.414 [00:03,0] INFO  ? ? Concluído: Formatação de título
10:57:29.414 [00:03,0] INFO  ? ? Iniciando: Aplicação de fonte padrão
10:57:29.414 [00:03,0] INFO  ? Aplicando fonte padrão (modo otimizado com cache)...
10:57:29.426 [00:03,0] INFO  ? Fonte padrão aplicada: 9 parágrafos em 0,01s
10:57:29.426 [00:03,0] INFO  ? ? Concluído: Aplicação de fonte padrão | 24 parágrafos
10:57:29.426 [00:03,0] INFO  ? ? Iniciando: Aplicação de formatação de parágrafos
10:57:29.535 [00:03,0] INFO  ? ? Concluído: Aplicação de formatação de parágrafos


--------------------------------------------------------------------------------
SEÇÃO: FORMATAÇÕES ESPECÍFICAS
--------------------------------------------------------------------------------
10:57:29.551 [00:03,0] INFO  ? ? Iniciando: Formatação de parágrafos 1 e 2
10:57:29.562 [00:03,0] INFO  ? 2º parágrafo formatado com 2 linhas em branco antes e depois (posição: 7)
10:57:29.562 [00:03,0] INFO  ? ? Concluído: Formatação de parágrafos 1 e 2
10:57:29.562 [00:03,0] INFO  ? ? Iniciando: Formatação de considerandos
10:57:29.586 [00:03,0] INFO  ? Formatação 'considerando' aplicada: 0 ocorrências em negrito e caixa alta
10:57:29.586 [00:03,0] INFO  ? ? Concluído: Formatação de considerandos
10:57:29.586 [00:03,0] INFO  ? ? Iniciando: Aplicação de substituições de texto

10:57:29.586 [00:03,0] ERROR ? Erro crítico nas substituições de texto: Argumento ou chamada de procedimento inválida (Variante: 0)
10:57:29.598 [00:03,0] INFO  ? ? Concluído: Aplicação de substituições de texto
10:57:29.598 [00:03,0] INFO  ? ? Iniciando: Remoção de marca d'água e inserção de carimbo
10:57:29.934 [00:03,0] INFO  ? ? Concluído: Remoção de marca d'água e inserção de carimbo


--------------------------------------------------------------------------------
SEÇÃO: LIMPEZA FINAL
--------------------------------------------------------------------------------
10:57:29.949 [00:03,0] INFO  ? ? Iniciando: Limpeza de espaços múltiplos
10:57:29.988 [00:03,0] INFO  ? Limpeza de espaços concluída: 0 correções aplicadas (com proteção CONSIDERANDO)
10:57:29.988 [00:03,0] INFO  ? ? Concluído: Limpeza de espaços múltiplos
10:57:29.988 [00:03,0] INFO  ? ? Iniciando: Controle de linhas em branco
10:57:30.074 [00:04,0] INFO  ? Controle de linhas vazias concluído em 2 passada(s): 8 linhas excedentes removidas (máximo 1 sequencial)
10:57:30.074 [00:04,0] INFO  ? Linhas em branco do 2º parágrafo reforçadas (antes: 2, depois: 2)
10:57:30.105 [00:04,0] INFO  ? Linhas em branco do Plenário reforçadas: 2 antes e 2 depois
10:57:30.105 [00:04,0] INFO  ? ? Concluído: Controle de linhas em branco
10:57:30.105 [00:04,0] INFO  ? ? Iniciando: Substituição de datas do plenário
10:57:30.129 [00:04,0] INFO  ? Parágrafo de plenário substituído e formatado
10:57:30.129 [00:04,0] INFO  ? ? Concluído: Substituição de datas do plenário


--------------------------------------------------------------------------------
SEÇÃO: FINALIZAÇÃO
--------------------------------------------------------------------------------
10:57:30.145 [00:04,0] INFO  ? ? Iniciando: Configuração de visualização
10:57:30.148 [00:04,0] INFO  ? Visualização configurada: zoom definido para 110%, demais configurações preservadas
10:57:30.148 [00:04,0] INFO  ? ? Concluído: Configuração de visualização
10:57:30.148 [00:04,0] INFO  ? ? Iniciando: Inserção de rodapé
10:57:30.180 [00:04,0] INFO  ? ? Concluído: Inserção de rodapé
10:57:30.180 [00:04,0] INFO  ? ? Iniciando: Ajustes finais de negrito e formatação
10:57:30.188 [00:04,0] INFO  ? Negrito e alinhamento aplicados a 1 parágrafos especiais
10:57:30.203 [00:04,0] INFO  ? Parágrafo 'Vereador' formatado (sem negrito) com linhas adjacentes centralizadas (posição: 21)
10:57:30.203 [00:04,0] INFO  ? Formatação 'Vereador': 1 ocorrências formatadas
10:57:30.246 [00:04,0] INFO  ? Linhas em branco ajustadas: exatamente 2 antes e 2 depois de 'Justificativa'
10:57:30.285 [00:04,0] INFO  ? 2 linhas em branco inseridas antes e depois de 'Plenário Dr. Tancredo Neves'
10:57:30.301 [00:04,0] INFO  ? 2 linhas em branco inseridas após 'Excelentíssimo Senhor Prefeito Municipal,'
10:57:30.301 [00:04,0] INFO  ? ? Concluído: Ajustes finais de negrito e formatação
10:57:30.301 [00:04,0] INFO  ? ? Iniciando: Formatações especiais (diante do exposto, requeiro)
10:57:30.324 [00:04,0] INFO  ? ? Concluído: Formatações especiais (diante do exposto, requeiro)
10:57:30.324 [00:04,0] INFO  ? ? Iniciando: Garantia de espaçamento entre parágrafos longos
10:57:30.340 [00:04,0] INFO  ? ? Concluído: Garantia de espaçamento entre parágrafos longos
10:57:30.340 [00:04,0] INFO  ? ? Iniciando: Remoção de realces e bordas
10:57:30.348 [00:04,0] INFO  ? Realce removido do documento completo
10:57:30.379 [00:04,0] INFO  ? Realces e bordas removidos: 1 realces, 24 parágrafos com bordas
10:57:30.379 [00:04,0] INFO  ? ? Concluído: Remoção de realces e bordas
10:57:30.379 [00:04,0] INFO  ? ? Iniciando: Remoção de páginas vazias no final
10:57:30.391 [00:04,0] INFO  ? Nenhuma página vazia no final do documento
10:57:30.391 [00:04,0] INFO  ? ? Concluído: Remoção de páginas vazias no final
10:57:30.391 [00:04,0] INFO  ? Formatação completa aplicada com sucesso
10:57:30.391 [00:04,0] INFO  ? ?? Total de parágrafos: 24
10:57:30.508 [00:04,0] INFO  ? === FIM DA PASSAGEM 2 ===
10:57:30.809 [00:04,0] INFO  ? Configurações de visualização originais restauradas (zoom mantido em 110%)
10:57:30.914 [00:04,0] INFO  ? Documento padronizado com sucesso
10:57:31.922 [00:05,0] INFO  ? UndoRecord finalizado com sucesso
10:57:31.922 [00:05,0] INFO  ? Variáveis de proteção de imagens limpas
10:57:31.922 [00:05,0] INFO  ? Variáveis de configurações de visualização limpas


================================================================================
RESUMO DA SESSÃO
================================================================================

[STATUS]
  Final: CONCLUÍDO COM ERROS ?
  Término: 18/11/2025 10:57:31
  Duração: 5,0s

[ESTATÍSTICAS]
  Total de eventos: 180
  Informações: 176 (97,8%)
  Avisos: 1 (0,6%)
  Erros: 3 (1,7%)

[PERFORMANCE]
  Eventos/segundo: 36,0
  Tempo médio/evento: 27,8ms

[RECOMENDAÇÕES]
  • Verifique os erros acima e corrija problemas no documento

================================================================================
FIM DO LOG
================================================================================
