================================================================================
CHAINSAW - LOG DE PROCESSAMENTO DE DOCUMENTO
================================================================================

[SESSÃO]
  Início: 28/11/2025 17:23:42
  ID: 20251128172342

[AMBIENTE]
  Usuário: csantos
  Computador: NOTEPROCLEG01
  Domínio: CMSBONET
  SO: Windows Windows_NT
  Word: 16.0 (Word 2016/2019/2021/365)

[DOCUMENTO]
  Nome: siscam_informacoes_sobre_ldoiiv2becw.docx
  Caminho: C:\Users\csantos\AppData\Local\Temp
  Tamanho: 2,6 KB
  Parágrafos: 30
  Páginas: 2
  Proteção: Sem proteção
  Idioma: 1046

[CONFIGURAÇÃO]
  Debug: Desativado
  Log: C:\Users\csantos\chainsaw\installation\inst_docs\vba_logs\chainsaw_20251128_172342_siscam_informacoes_sobre_ldoiiv2becwx.log
  Backup: C:\Users\csantos\AppData\Local\Temp\backups\

================================================================================


17:23:42.348 [00:00,0] INFO  ? Iniciando padronização do documento: siscam_informacoes_sobre_ldoiiv2becw.docx
17:23:42.348 [00:00,0] INFO  ? UndoRecord iniciado com sucesso


--------------------------------------------------------------------------------
SEÇÃO: VERIFICAÇÕES INICIAIS
--------------------------------------------------------------------------------
17:23:42.410 [00:00,0] INFO  ? ? Iniciando: Validação de documento
17:23:42.414 [00:00,0] INFO  ? Verificação de dados sensíveis concluída - nenhum campo sensível detectado
17:23:42.414 [00:00,0] INFO  ? ? Concluído: Validação de documento | Todas as verificações passaram
17:23:42.414 [00:00,0] INFO  ? Verificações de segurança concluídas com sucesso
17:23:42.516 [00:00,0] INFO  ? Backup criado com sucesso: siscam_informacoes_sobre_ldoiiv2becw_backup_2025-11-28_172342.docx
17:23:42.559 [00:00,0] INFO  ? Backup das configurações de visualização concluído
17:23:42.586 [00:00,0] INFO  ? Backup de propriedades de imagens concluído: 0 imagens catalogadas
17:23:42.586 [00:00,0] INFO  ? === PIPELINE DE FORMATAÇÃO - PASSAGEM 1 DE 2 ===
17:23:42.594 [00:00,0] INFO  ? Iniciando construção do cache de parágrafos...
17:23:42.617 [00:00,0] INFO  ? Cache construído: 30 parágrafos em 0,02s
17:23:42.617 [00:00,0] INFO  ? Identificando estrutura do documento...
17:23:42.648 [00:00,0] INFO  ? === ESTRUTURA DO DOCUMENTO IDENTIFICADA ===
17:23:42.648 [00:00,0] INFO  ? Título: parágrafo 0
17:23:42.648 [00:00,0] INFO  ? Ementa: parágrafo 0
17:23:42.648 [00:00,0] INFO  ? Proposição: parágrafos 0 a 0
17:23:42.648 [00:00,0] INFO  ? Título Justificativa: parágrafo 0
17:23:42.648 [00:00,0] INFO  ? Justificativa: parágrafos 0 a 0
17:23:42.648 [00:00,0] INFO  ? Data: parágrafo 0
17:23:42.648 [00:00,0] INFO  ? Assinatura: parágrafos 0 a 0
17:23:42.648 [00:00,0] INFO  ? Título Anexo: parágrafo 0
17:23:42.648 [00:00,0] INFO  ? Anexo: parágrafos 0 a 0
17:23:42.648 [00:00,0] INFO  ? ==========================================


--------------------------------------------------------------------------------
SEÇÃO: LIMPEZA E FORMATAÇÃO
--------------------------------------------------------------------------------
17:23:42.727 [00:00,0] INFO  ? ? Iniciando: Limpeza de formatação
17:23:42.805 [00:00,0] INFO  ? Formatação limpa: 30 parágrafos resetados
17:23:42.805 [00:00,0] INFO  ? ? Concluído: Limpeza de formatação
17:23:42.805 [00:00,0] INFO  ? ? Iniciando: Normalização de quebras
17:23:42.805 [00:00,0] INFO  ? ? Concluído: Normalização de quebras
17:23:42.805 [00:00,0] INFO  ? ? Iniciando: Limpeza estrutural
17:23:42.840 [00:00,0] INFO  ? ? Concluído: Limpeza estrutural
17:23:42.840 [00:00,0] INFO  ? ? Iniciando: Formatação de título
17:23:42.840 [00:00,0] INFO  ? Título de proposição formatado: REQUERIMENTO Nº $NUMERO$/$ANO$ (centralizado, caixa alta, negrito, sublinhado)
17:23:42.840 [00:00,0] INFO  ? ? Concluído: Formatação de título
17:23:42.840 [00:00,0] INFO  ? ? Iniciando: Aplicação de fonte padrão
17:23:42.840 [00:00,0] INFO  ? Aplicando fonte padrão (modo otimizado com cache)...
17:23:42.867 [00:00,0] INFO  ? Fonte padrão aplicada: 16 parágrafos em 0,03s
17:23:42.867 [00:00,0] INFO  ? ? Concluído: Aplicação de fonte padrão | 30 parágrafos
17:23:42.867 [00:00,0] INFO  ? ? Iniciando: Aplicação de formatação de parágrafos
17:23:43.062 [00:01,0] INFO  ? ? Concluído: Aplicação de formatação de parágrafos


--------------------------------------------------------------------------------
SEÇÃO: FORMATAÇÕES ESPECÍFICAS
--------------------------------------------------------------------------------
17:23:43.078 [00:01,0] INFO  ? ? Iniciando: Formatação de parágrafos 1 e 2
17:23:43.098 [00:01,0] INFO  ? 2º parágrafo formatado com 2 linhas em branco antes e depois (posição: 7)
17:23:43.098 [00:01,0] INFO  ? ? Concluído: Formatação de parágrafos 1 e 2
17:23:43.098 [00:01,0] INFO  ? ? Iniciando: Formatação de considerandos
17:23:43.156 [00:01,0] INFO  ? Formatação 'considerando' aplicada: 2 ocorrências em negrito e caixa alta
17:23:43.156 [00:01,0] INFO  ? ? Concluído: Formatação de considerandos
17:23:43.156 [00:01,0] INFO  ? ? Iniciando: Aplicação de substituições de texto

17:23:43.156 [00:01,0] ERROR ? Erro crítico nas substituições de texto (variante: 0): Argumento ou chamada de procedimento inválida
17:23:43.172 [00:01,0] INFO  ? ? Concluído: Aplicação de substituições de texto
17:23:43.172 [00:01,0] INFO  ? ? Iniciando: Remoção de marca d'água e inserção de carimbo
17:23:43.426 [00:01,0] INFO  ? ? Concluído: Remoção de marca d'água e inserção de carimbo


--------------------------------------------------------------------------------
SEÇÃO: LIMPEZA FINAL
--------------------------------------------------------------------------------
17:23:43.426 [00:01,0] INFO  ? ? Iniciando: Limpeza de espaços múltiplos
17:23:43.473 [00:01,0] INFO  ? Limpeza de espaços concluída: 0 correções aplicadas (com proteção CONSIDERANDO)
17:23:43.473 [00:01,0] INFO  ? ? Concluído: Limpeza de espaços múltiplos
17:23:43.473 [00:01,0] INFO  ? ? Iniciando: Controle de linhas em branco
17:23:43.523 [00:01,0] INFO  ? Controle de linhas vazias concluído em 2 passada(s): 3 linhas excedentes removidas (máximo 1 sequencial)
17:23:43.523 [00:01,0] INFO  ? Linhas em branco do 2º parágrafo reforçadas (antes: 2, depois: 2)
17:23:43.555 [00:01,0] INFO  ? ? Concluído: Controle de linhas em branco
17:23:43.555 [00:01,0] INFO  ? ? Iniciando: Substituição de datas do plenário
17:23:43.555 [00:01,0] INFO  ? ? Concluído: Substituição de datas do plenário


--------------------------------------------------------------------------------
SEÇÃO: FINALIZAÇÃO
--------------------------------------------------------------------------------
17:23:43.574 [00:01,0] INFO  ? ? Iniciando: Configuração de visualização
17:23:43.578 [00:01,0] INFO  ? Visualização configurada: zoom definido para 110%, demais configurações preservadas
17:23:43.578 [00:01,0] INFO  ? ? Concluído: Configuração de visualização
17:23:43.578 [00:01,0] INFO  ? ? Iniciando: Inserção de rodapé
17:23:43.617 [00:01,0] INFO  ? ? Concluído: Inserção de rodapé
17:23:43.617 [00:01,0] INFO  ? ? Iniciando: Ajustes finais de negrito e formatação
17:23:43.633 [00:01,0] INFO  ? Negrito e alinhamento aplicados a 0 parágrafos especiais
17:23:43.680 [00:01,0] INFO  ? ? Concluído: Ajustes finais de negrito e formatação
17:23:43.680 [00:01,0] INFO  ? ? Iniciando: Formatações especiais (diante do exposto, requeiro)
17:23:43.695 [00:01,0] INFO  ? Formatação 'Requeiro': 1 palavras formatadas em negrito e caixa alta
17:23:43.723 [00:01,0] INFO  ? ? Concluído: Formatações especiais (diante do exposto, requeiro)
17:23:43.723 [00:01,0] INFO  ? ? Iniciando: Garantia de espaçamento entre parágrafos longos
17:23:43.773 [00:01,0] INFO  ? ? Concluído: Garantia de espaçamento entre parágrafos longos
17:23:43.773 [00:01,0] INFO  ? ? Iniciando: Remoção de realces e bordas
17:23:43.793 [00:01,0] INFO  ? Realce removido do documento completo
17:23:43.855 [00:01,0] INFO  ? Realces e bordas removidos: 1 realces, 30 parágrafos com bordas
17:23:43.855 [00:01,0] INFO  ? ? Concluído: Remoção de realces e bordas
17:23:43.855 [00:01,0] INFO  ? ? Iniciando: Remoção de páginas vazias no final
17:23:43.887 [00:01,0] INFO  ? Nenhuma página vazia no final do documento
17:23:43.887 [00:01,0] INFO  ? ? Concluído: Remoção de páginas vazias no final
17:23:43.887 [00:01,0] INFO  ? Formatação completa aplicada com sucesso
17:23:43.887 [00:01,0] INFO  ? ?? Total de parágrafos: 30
17:23:44.109 [00:02,0] INFO  ? Parágrafo do Plenário não encontrado para centralizar imagem
17:23:44.109 [00:02,0] INFO  ? === FIM DA PASSAGEM 1 ===
17:23:44.109 [00:02,0] INFO  ? === PIPELINE DE FORMATAÇÃO - PASSAGEM 2 DE 2 ===
17:23:44.125 [00:02,0] INFO  ? Iniciando construção do cache de parágrafos...
17:23:44.141 [00:02,0] INFO  ? Cache construído: 30 parágrafos em 0,02s
17:23:44.141 [00:02,0] INFO  ? Identificando estrutura do documento...
17:23:44.188 [00:02,0] INFO  ? === ESTRUTURA DO DOCUMENTO IDENTIFICADA ===
17:23:44.188 [00:02,0] INFO  ? Título: parágrafo 0
17:23:44.188 [00:02,0] INFO  ? Ementa: parágrafo 0
17:23:44.188 [00:02,0] INFO  ? Proposição: parágrafos 0 a 0
17:23:44.188 [00:02,0] INFO  ? Título Justificativa: parágrafo 0
17:23:44.188 [00:02,0] INFO  ? Justificativa: parágrafos 0 a 0
17:23:44.188 [00:02,0] INFO  ? Data: parágrafo 0
17:23:44.188 [00:02,0] INFO  ? Assinatura: parágrafos 0 a 0
17:23:44.188 [00:02,0] INFO  ? Título Anexo: parágrafo 0
17:23:44.188 [00:02,0] INFO  ? Anexo: parágrafos 0 a 0
17:23:44.188 [00:02,0] INFO  ? ==========================================


--------------------------------------------------------------------------------
SEÇÃO: LIMPEZA E FORMATAÇÃO
--------------------------------------------------------------------------------
17:23:44.254 [00:02,0] INFO  ? ? Iniciando: Limpeza de formatação
17:23:44.379 [00:02,0] INFO  ? Formatação limpa: 30 parágrafos resetados
17:23:44.379 [00:02,0] INFO  ? ? Concluído: Limpeza de formatação
17:23:44.379 [00:02,0] INFO  ? ? Iniciando: Normalização de quebras
17:23:44.395 [00:02,0] INFO  ? ? Concluído: Normalização de quebras
17:23:44.395 [00:02,0] INFO  ? ? Iniciando: Limpeza estrutural
17:23:44.426 [00:02,0] INFO  ? ? Concluído: Limpeza estrutural
17:23:44.426 [00:02,0] INFO  ? ? Iniciando: Formatação de título
17:23:44.441 [00:02,0] INFO  ? Título de proposição formatado: REQUERIMENTO Nº $NUMERO$/$ANO$ (centralizado, caixa alta, negrito, sublinhado)
17:23:44.441 [00:02,0] INFO  ? ? Concluído: Formatação de título
17:23:44.441 [00:02,0] INFO  ? ? Iniciando: Aplicação de fonte padrão
17:23:44.441 [00:02,0] INFO  ? Aplicando fonte padrão (modo otimizado com cache)...
17:23:44.520 [00:02,0] INFO  ? Fonte padrão aplicada: 16 parágrafos em 0,08s
17:23:44.523 [00:02,0] INFO  ? ? Concluído: Aplicação de fonte padrão | 30 parágrafos
17:23:44.523 [00:02,0] INFO  ? ? Iniciando: Aplicação de formatação de parágrafos
17:23:44.727 [00:02,0] INFO  ? ? Concluído: Aplicação de formatação de parágrafos


--------------------------------------------------------------------------------
SEÇÃO: FORMATAÇÕES ESPECÍFICAS
--------------------------------------------------------------------------------
17:23:44.742 [00:02,0] INFO  ? ? Iniciando: Formatação de parágrafos 1 e 2
17:23:44.766 [00:02,0] INFO  ? 2º parágrafo formatado com 2 linhas em branco antes e depois (posição: 7)
17:23:44.766 [00:02,0] INFO  ? ? Concluído: Formatação de parágrafos 1 e 2
17:23:44.766 [00:02,0] INFO  ? ? Iniciando: Formatação de considerandos
17:23:44.805 [00:02,0] INFO  ? Formatação 'considerando' aplicada: 2 ocorrências em negrito e caixa alta
17:23:44.805 [00:02,0] INFO  ? ? Concluído: Formatação de considerandos
17:23:44.805 [00:02,0] INFO  ? ? Iniciando: Aplicação de substituições de texto

17:23:44.805 [00:02,0] ERROR ? Erro crítico nas substituições de texto (variante: 0): Argumento ou chamada de procedimento inválida
17:23:44.820 [00:02,0] INFO  ? ? Concluído: Aplicação de substituições de texto
17:23:44.820 [00:02,0] INFO  ? ? Iniciando: Remoção de marca d'água e inserção de carimbo
17:23:45.043 [00:03,0] INFO  ? ? Concluído: Remoção de marca d'água e inserção de carimbo


--------------------------------------------------------------------------------
SEÇÃO: LIMPEZA FINAL
--------------------------------------------------------------------------------
17:23:45.047 [00:03,0] INFO  ? ? Iniciando: Limpeza de espaços múltiplos
17:23:45.098 [00:03,0] INFO  ? Limpeza de espaços concluída: 0 correções aplicadas (com proteção CONSIDERANDO)
17:23:45.098 [00:03,0] INFO  ? ? Concluído: Limpeza de espaços múltiplos
17:23:45.098 [00:03,0] INFO  ? ? Iniciando: Controle de linhas em branco
17:23:45.141 [00:03,0] INFO  ? Controle de linhas vazias concluído em 2 passada(s): 3 linhas excedentes removidas (máximo 1 sequencial)
17:23:45.156 [00:03,0] INFO  ? Linhas em branco do 2º parágrafo reforçadas (antes: 2, depois: 2)
17:23:45.172 [00:03,0] INFO  ? ? Concluído: Controle de linhas em branco
17:23:45.172 [00:03,0] INFO  ? ? Iniciando: Substituição de datas do plenário
17:23:45.188 [00:03,0] INFO  ? ? Concluído: Substituição de datas do plenário


--------------------------------------------------------------------------------
SEÇÃO: FINALIZAÇÃO
--------------------------------------------------------------------------------
17:23:45.203 [00:03,0] INFO  ? ? Iniciando: Configuração de visualização
17:23:45.203 [00:03,0] INFO  ? Visualização configurada: zoom definido para 110%, demais configurações preservadas
17:23:45.203 [00:03,0] INFO  ? ? Concluído: Configuração de visualização
17:23:45.203 [00:03,0] INFO  ? ? Iniciando: Inserção de rodapé
17:23:45.234 [00:03,0] INFO  ? ? Concluído: Inserção de rodapé
17:23:45.234 [00:03,0] INFO  ? ? Iniciando: Ajustes finais de negrito e formatação
17:23:45.250 [00:03,0] INFO  ? Negrito e alinhamento aplicados a 0 parágrafos especiais
17:23:45.301 [00:03,0] INFO  ? ? Concluído: Ajustes finais de negrito e formatação
17:23:45.301 [00:03,0] INFO  ? ? Iniciando: Formatações especiais (diante do exposto, requeiro)
17:23:45.312 [00:03,0] INFO  ? Formatação 'Requeiro': 1 palavras formatadas em negrito e caixa alta
17:23:45.328 [00:03,0] INFO  ? ? Concluído: Formatações especiais (diante do exposto, requeiro)
17:23:45.328 [00:03,0] INFO  ? ? Iniciando: Garantia de espaçamento entre parágrafos longos
17:23:45.379 [00:03,0] INFO  ? ? Concluído: Garantia de espaçamento entre parágrafos longos
17:23:45.379 [00:03,0] INFO  ? ? Iniciando: Remoção de realces e bordas
17:23:45.379 [00:03,0] INFO  ? Realce removido do documento completo
17:23:45.410 [00:03,0] INFO  ? Realces e bordas removidos: 1 realces, 30 parágrafos com bordas
17:23:45.410 [00:03,0] INFO  ? ? Concluído: Remoção de realces e bordas
17:23:45.410 [00:03,0] INFO  ? ? Iniciando: Remoção de páginas vazias no final
17:23:45.445 [00:03,0] INFO  ? Nenhuma página vazia no final do documento
17:23:45.445 [00:03,0] INFO  ? ? Concluído: Remoção de páginas vazias no final
17:23:45.445 [00:03,0] INFO  ? Formatação completa aplicada com sucesso
17:23:45.445 [00:03,0] INFO  ? ?? Total de parágrafos: 30
17:23:45.715 [00:03,0] INFO  ? Parágrafo do Plenário não encontrado para centralizar imagem
17:23:45.715 [00:03,0] INFO  ? === FIM DA PASSAGEM 2 ===
17:23:45.988 [00:03,0] INFO  ? Configurações de visualização originais restauradas (zoom mantido em 110%)
17:23:46.004 [00:04,0] INFO  ? Documento padronizado com sucesso
17:23:47.012 [00:05,0] INFO  ? UndoRecord finalizado com sucesso
17:23:47.012 [00:05,0] INFO  ? Variáveis de proteção de imagens limpas
17:23:47.012 [00:05,0] INFO  ? Variáveis de configurações de visualização limpas


================================================================================
RESUMO DA SESSÃO
================================================================================

[STATUS]
  Final: CONCLUÍDO COM ERROS ?
  Término: 28/11/2025 17:23:47
  Duração: 5,0s

[ESTATÍSTICAS]
  Total de eventos: 164
  Informações: 162 (98,8%)
  Avisos: 0 (0,0%)
  Erros: 2 (1,2%)

[PERFORMANCE]
  Eventos/segundo: 32,8
  Tempo médio/evento: 30,5ms

[RECOMENDAÇÕES]
  • Verifique os erros acima e corrija problemas no documento

================================================================================
FIM DO LOG
================================================================================
