================================================================================
CHAINSAW - LOG DE PROCESSAMENTO DE DOCUMENTO
================================================================================

[SESSÃO]
  Início: 24/11/2025 15:25:11
  ID: 20251124152511

[AMBIENTE]
  Usuário: csantos
  Computador: NOTEPROCLEG07
  Domínio: CMSBONET
  SO: Windows Windows_NT
  Word: 16.0 (Word 2016/2019/2021/365)

[DOCUMENTO]
  Nome: siscam_02_servicos_troca_lampada_na_rua_osvaldo_graciane_51_vale_cigarrasmzpak5vn_backup_2025-11-18_105553.docx
  Caminho: C:\Users\csantos\chainsaw\installation\inst_docs\vba_backups
  Tamanho: 1,1 KB
  Parágrafos: 32
  Páginas: 2
  Proteção: Sem proteção
  Idioma: 1046

[CONFIGURAÇÃO]
  Debug: Desativado
  Log: C:\Users\csantos\chainsaw\installation\inst_docs\vba_logs\chainsaw_20251124_152511_siscam_02_servicos_troca_lampada_na_rua_osvaldo_gr.log
  Backup: C:\Users\csantos\chainsaw\installation\inst_docs\vba_backups\backups\

================================================================================


15:25:11.984 [00:00,0] INFO  ? Iniciando padronização do documento: siscam_02_servicos_troca_lampada_na_rua_osvaldo_graciane_51_vale_cigarrasmzpak5vn_backup_2025-11-18_105553.docx
15:25:11.984 [00:00,0] INFO  ? UndoRecord iniciado com sucesso


--------------------------------------------------------------------------------
SEÇÃO: VERIFICAÇÕES INICIAIS
--------------------------------------------------------------------------------
15:25:12.035 [00:01,0] INFO  ? ? Iniciando: Validação de documento
15:25:12.043 [00:01,0] INFO  ? Endereços validados com sucesso: ementa x 1º parágrafo textual
15:25:12.043 [00:01,0] INFO  ? Verificação de dados sensíveis concluída - nenhum campo sensível detectado
15:25:12.043 [00:01,0] INFO  ? ? Concluído: Validação de documento | Todas as verificações passaram
15:25:12.043 [00:01,0] INFO  ? Verificações de segurança concluídas com sucesso
15:25:12.152 [00:01,0] WARN  ? Muitos backups na pasta (19 arquivos) - considere limpeza manual
15:25:12.152 [00:01,0] INFO  ? Backup criado com sucesso: siscam_02_servicos_troca_lampada_na_rua_osvaldo_graciane_51_vale_cigarrasmzpak5vn_backup_2025-11-18_105553_backup_2025-11-24_152512.docx
15:25:12.184 [00:01,0] INFO  ? Backup das configurações de visualização concluído
15:25:12.227 [00:01,0] INFO  ? Backup de propriedades de imagens concluído: 0 imagens catalogadas
15:25:12.227 [00:01,0] INFO  ? === PIPELINE DE FORMATAÇÃO - PASSAGEM 1 DE 2 ===
15:25:12.230 [00:01,0] INFO  ? Iniciando construção do cache de parágrafos...
15:25:12.262 [00:01,0] INFO  ? Cache construído: 32 parágrafos em 0,03s
15:25:12.262 [00:01,0] INFO  ? Identificando estrutura do documento...
15:25:12.289 [00:01,0] INFO  ? Título da Justificativa identificado no parágrafo 16
15:25:12.316 [00:01,0] INFO  ? Data (Plenário) identificada no parágrafo 25
15:25:12.332 [00:01,0] INFO  ? === ESTRUTURA DO DOCUMENTO IDENTIFICADA ===
15:25:12.332 [00:01,0] INFO  ? Título: parágrafo 0
15:25:12.332 [00:01,0] INFO  ? Ementa: parágrafo 0
15:25:12.332 [00:01,0] INFO  ? Proposição: parágrafos 0 a 0
15:25:12.332 [00:01,0] INFO  ? Título Justificativa: parágrafo 16
15:25:12.332 [00:01,0] INFO  ? Justificativa: parágrafos 17 a 24
15:25:12.332 [00:01,0] INFO  ? Data: parágrafo 25
15:25:12.332 [00:01,0] INFO  ? Assinatura: parágrafos 0 a 0
15:25:12.332 [00:01,0] INFO  ? Título Anexo: parágrafo 0
15:25:12.332 [00:01,0] INFO  ? Anexo: parágrafos 0 a 0
15:25:12.332 [00:01,0] INFO  ? ==========================================


--------------------------------------------------------------------------------
SEÇÃO: LIMPEZA E FORMATAÇÃO
--------------------------------------------------------------------------------
15:25:12.414 [00:01,0] INFO  ? ? Iniciando: Limpeza de formatação
15:25:12.609 [00:01,0] INFO  ? Formatação limpa: 32 parágrafos resetados
15:25:12.609 [00:01,0] INFO  ? ? Concluído: Limpeza de formatação
15:25:12.609 [00:01,0] INFO  ? ? Iniciando: Normalização de quebras
15:25:12.617 [00:01,0] INFO  ? ? Concluído: Normalização de quebras
15:25:12.617 [00:01,0] INFO  ? ? Iniciando: Limpeza estrutural
15:25:12.660 [00:01,0] INFO  ? ? Concluído: Limpeza estrutural
15:25:12.660 [00:01,0] INFO  ? ? Iniciando: Formatação de título
15:25:12.664 [00:01,0] INFO  ? Título de proposição formatado: INDICAÇÃO Nº $NUMERO$/$ANO$ (centralizado, caixa alta, negrito, sublinhado)
15:25:12.664 [00:01,0] INFO  ? ? Concluído: Formatação de título
15:25:12.664 [00:01,0] INFO  ? ? Iniciando: Aplicação de fonte padrão
15:25:12.664 [00:01,0] INFO  ? Aplicando fonte padrão (modo otimizado com cache)...
15:25:12.684 [00:01,0] INFO  ? Fonte padrão aplicada: 9 parágrafos em 0,02s
15:25:12.684 [00:01,0] INFO  ? ? Concluído: Aplicação de fonte padrão | 32 parágrafos
15:25:12.684 [00:01,0] INFO  ? ? Iniciando: Aplicação de formatação de parágrafos
15:25:13.082 [00:02,0] INFO  ? ? Concluído: Aplicação de formatação de parágrafos


--------------------------------------------------------------------------------
SEÇÃO: FORMATAÇÕES ESPECÍFICAS
--------------------------------------------------------------------------------
15:25:13.090 [00:02,0] INFO  ? ? Iniciando: Formatação de parágrafos 1 e 2
15:25:13.105 [00:02,0] INFO  ? 2º parágrafo formatado com 2 linhas em branco antes e depois (posição: 8)
15:25:13.105 [00:02,0] INFO  ? ? Concluído: Formatação de parágrafos 1 e 2
15:25:13.105 [00:02,0] INFO  ? ? Iniciando: Formatação de considerandos
15:25:13.137 [00:02,0] INFO  ? Formatação 'considerando' aplicada: 0 ocorrências em negrito e caixa alta
15:25:13.137 [00:02,0] INFO  ? ? Concluído: Formatação de considerandos
15:25:13.137 [00:02,0] INFO  ? ? Iniciando: Aplicação de substituições de texto

15:25:13.156 [00:02,0] ERROR ? Erro crítico nas substituições de texto (variante: 0): Argumento ou chamada de procedimento inválida
15:25:13.164 [00:02,0] INFO  ? ? Concluído: Aplicação de substituições de texto
15:25:13.164 [00:02,0] INFO  ? ? Iniciando: Remoção de marca d'água e inserção de carimbo
15:25:13.465 [00:02,0] INFO  ? ? Concluído: Remoção de marca d'água e inserção de carimbo


--------------------------------------------------------------------------------
SEÇÃO: LIMPEZA FINAL
--------------------------------------------------------------------------------
15:25:13.473 [00:02,0] INFO  ? ? Iniciando: Limpeza de espaços múltiplos
15:25:13.551 [00:02,0] INFO  ? Limpeza de espaços concluída: 1 correções aplicadas (com proteção CONSIDERANDO)
15:25:13.551 [00:02,0] INFO  ? ? Concluído: Limpeza de espaços múltiplos
15:25:13.551 [00:02,0] INFO  ? ? Iniciando: Controle de linhas em branco
15:25:13.637 [00:02,0] INFO  ? Controle de linhas vazias concluído em 2 passada(s): 11 linhas excedentes removidas (máximo 1 sequencial)
15:25:13.645 [00:02,0] INFO  ? Linhas em branco do 2º parágrafo reforçadas (antes: 2, depois: 2)
15:25:13.680 [00:02,0] INFO  ? Linhas em branco do Plenário reforçadas: 2 antes e 2 depois
15:25:13.680 [00:02,0] INFO  ? ? Concluído: Controle de linhas em branco
15:25:13.680 [00:02,0] INFO  ? ? Iniciando: Substituição de datas do plenário
15:25:13.707 [00:02,0] INFO  ? Parágrafo de plenário substituído e formatado
15:25:13.707 [00:02,0] INFO  ? ? Concluído: Substituição de datas do plenário


--------------------------------------------------------------------------------
SEÇÃO: FINALIZAÇÃO
--------------------------------------------------------------------------------
15:25:13.719 [00:02,0] INFO  ? ? Iniciando: Configuração de visualização
15:25:13.723 [00:02,0] INFO  ? Visualização configurada: zoom definido para 110%, demais configurações preservadas
15:25:13.723 [00:02,0] INFO  ? ? Concluído: Configuração de visualização
15:25:13.723 [00:02,0] INFO  ? ? Iniciando: Inserção de rodapé
15:25:13.758 [00:02,0] INFO  ? ? Concluído: Inserção de rodapé
15:25:13.758 [00:02,0] INFO  ? ? Iniciando: Ajustes finais de negrito e formatação
15:25:13.762 [00:02,0] INFO  ? Negrito e alinhamento aplicados a 1 parágrafos especiais
15:25:13.781 [00:02,0] INFO  ? Parágrafo 'Vereador' formatado (sem negrito) com linhas adjacentes centralizadas (posição: 21)
15:25:13.781 [00:02,0] INFO  ? Formatação 'Vereador': 1 ocorrências formatadas
15:25:13.828 [00:02,0] INFO  ? Linhas em branco ajustadas: exatamente 2 antes e 2 depois de 'Justificativa'
15:25:13.875 [00:02,0] INFO  ? 2 linhas em branco inseridas antes e depois de 'Plenário Dr. Tancredo Neves'
15:25:13.891 [00:02,0] INFO  ? 2 linhas em branco inseridas após 'Excelentíssimo Senhor Prefeito Municipal,'
15:25:13.891 [00:02,0] INFO  ? ? Concluído: Ajustes finais de negrito e formatação
15:25:13.891 [00:02,0] INFO  ? ? Iniciando: Formatações especiais (diante do exposto, requeiro)
15:25:13.930 [00:02,0] INFO  ? ? Concluído: Formatações especiais (diante do exposto, requeiro)
15:25:13.930 [00:02,0] INFO  ? ? Iniciando: Garantia de espaçamento entre parágrafos longos
15:25:13.965 [00:02,0] INFO  ? ? Concluído: Garantia de espaçamento entre parágrafos longos
15:25:13.965 [00:02,0] INFO  ? ? Iniciando: Remoção de realces e bordas
15:25:13.969 [00:02,0] INFO  ? Realce removido do documento completo
15:25:14.016 [00:03,0] INFO  ? Realces e bordas removidos: 1 realces, 24 parágrafos com bordas
15:25:14.016 [00:03,0] INFO  ? ? Concluído: Remoção de realces e bordas
15:25:14.016 [00:03,0] INFO  ? ? Iniciando: Remoção de páginas vazias no final
15:25:14.027 [00:03,0] INFO  ? Nenhuma página vazia no final do documento
15:25:14.027 [00:03,0] INFO  ? ? Concluído: Remoção de páginas vazias no final
15:25:14.027 [00:03,0] INFO  ? Formatação completa aplicada com sucesso
15:25:14.027 [00:03,0] INFO  ? ?? Total de parágrafos: 24
15:25:14.047 [00:03,0] INFO  ? === FIM DA PASSAGEM 1 ===
15:25:14.047 [00:03,0] INFO  ? === PIPELINE DE FORMATAÇÃO - PASSAGEM 2 DE 2 ===
15:25:14.059 [00:03,0] INFO  ? Iniciando construção do cache de parágrafos...
15:25:14.059 [00:03,0] INFO  ? Cache construído: 24 parágrafos em 0,00s
15:25:14.059 [00:03,0] INFO  ? Identificando estrutura do documento...
15:25:14.090 [00:03,0] INFO  ? Título da Justificativa identificado no parágrafo 14
15:25:14.094 [00:03,0] INFO  ? Data (Plenário) identificada no parágrafo 20
15:25:14.094 [00:03,0] INFO  ? === ESTRUTURA DO DOCUMENTO IDENTIFICADA ===
15:25:14.094 [00:03,0] INFO  ? Título: parágrafo 0
15:25:14.094 [00:03,0] INFO  ? Ementa: parágrafo 0
15:25:14.094 [00:03,0] INFO  ? Proposição: parágrafos 0 a 0
15:25:14.094 [00:03,0] INFO  ? Título Justificativa: parágrafo 14
15:25:14.094 [00:03,0] INFO  ? Justificativa: parágrafos 15 a 19
15:25:14.094 [00:03,0] INFO  ? Data: parágrafo 20
15:25:14.094 [00:03,0] INFO  ? Assinatura: parágrafos 0 a 0
15:25:14.094 [00:03,0] INFO  ? Título Anexo: parágrafo 0
15:25:14.094 [00:03,0] INFO  ? Anexo: parágrafos 0 a 0
15:25:14.094 [00:03,0] INFO  ? ==========================================


--------------------------------------------------------------------------------
SEÇÃO: LIMPEZA E FORMATAÇÃO
--------------------------------------------------------------------------------
15:25:14.191 [00:03,0] INFO  ? ? Iniciando: Limpeza de formatação
15:25:14.238 [00:03,0] INFO  ? Formatação limpa: 24 parágrafos resetados
15:25:14.238 [00:03,0] INFO  ? ? Concluído: Limpeza de formatação
15:25:14.238 [00:03,0] INFO  ? ? Iniciando: Normalização de quebras
15:25:14.258 [00:03,0] INFO  ? ? Concluído: Normalização de quebras
15:25:14.258 [00:03,0] INFO  ? ? Iniciando: Limpeza estrutural
15:25:14.281 [00:03,0] INFO  ? ? Concluído: Limpeza estrutural
15:25:14.281 [00:03,0] INFO  ? ? Iniciando: Formatação de título
15:25:14.281 [00:03,0] INFO  ? Título de proposição formatado: INDICAÇÃO Nº $NUMERO$/$ANO$ (centralizado, caixa alta, negrito, sublinhado)
15:25:14.281 [00:03,0] INFO  ? ? Concluído: Formatação de título
15:25:14.281 [00:03,0] INFO  ? ? Iniciando: Aplicação de fonte padrão
15:25:14.281 [00:03,0] INFO  ? Aplicando fonte padrão (modo otimizado com cache)...
15:25:14.297 [00:03,0] INFO  ? Fonte padrão aplicada: 9 parágrafos em 0,02s
15:25:14.297 [00:03,0] INFO  ? ? Concluído: Aplicação de fonte padrão | 24 parágrafos
15:25:14.297 [00:03,0] INFO  ? ? Iniciando: Aplicação de formatação de parágrafos
15:25:14.449 [00:03,0] INFO  ? ? Concluído: Aplicação de formatação de parágrafos


--------------------------------------------------------------------------------
SEÇÃO: FORMATAÇÕES ESPECÍFICAS
--------------------------------------------------------------------------------
15:25:14.461 [00:03,0] INFO  ? ? Iniciando: Formatação de parágrafos 1 e 2
15:25:14.461 [00:03,0] INFO  ? 2º parágrafo formatado com 2 linhas em branco antes e depois (posição: 7)
15:25:14.461 [00:03,0] INFO  ? ? Concluído: Formatação de parágrafos 1 e 2
15:25:14.461 [00:03,0] INFO  ? ? Iniciando: Formatação de considerandos
15:25:14.496 [00:03,0] INFO  ? Formatação 'considerando' aplicada: 0 ocorrências em negrito e caixa alta
15:25:14.496 [00:03,0] INFO  ? ? Concluído: Formatação de considerandos
15:25:14.496 [00:03,0] INFO  ? ? Iniciando: Aplicação de substituições de texto

15:25:14.500 [00:03,0] ERROR ? Erro crítico nas substituições de texto (variante: 0): Argumento ou chamada de procedimento inválida
15:25:14.508 [00:03,0] INFO  ? ? Concluído: Aplicação de substituições de texto
15:25:14.508 [00:03,0] INFO  ? ? Iniciando: Remoção de marca d'água e inserção de carimbo
15:25:14.750 [00:03,0] INFO  ? ? Concluído: Remoção de marca d'água e inserção de carimbo


--------------------------------------------------------------------------------
SEÇÃO: LIMPEZA FINAL
--------------------------------------------------------------------------------
15:25:14.762 [00:03,0] INFO  ? ? Iniciando: Limpeza de espaços múltiplos
15:25:14.801 [00:03,0] INFO  ? Limpeza de espaços concluída: 0 correções aplicadas (com proteção CONSIDERANDO)
15:25:14.801 [00:03,0] INFO  ? ? Concluído: Limpeza de espaços múltiplos
15:25:14.801 [00:03,0] INFO  ? ? Iniciando: Controle de linhas em branco
15:25:14.875 [00:03,0] INFO  ? Controle de linhas vazias concluído em 2 passada(s): 8 linhas excedentes removidas (máximo 1 sequencial)
15:25:14.883 [00:03,0] INFO  ? Linhas em branco do 2º parágrafo reforçadas (antes: 2, depois: 2)
15:25:14.922 [00:03,0] INFO  ? Linhas em branco do Plenário reforçadas: 2 antes e 2 depois
15:25:14.922 [00:03,0] INFO  ? ? Concluído: Controle de linhas em branco
15:25:14.922 [00:03,0] INFO  ? ? Iniciando: Substituição de datas do plenário
15:25:14.938 [00:03,0] INFO  ? Parágrafo de plenário substituído e formatado
15:25:14.938 [00:03,0] INFO  ? ? Concluído: Substituição de datas do plenário


--------------------------------------------------------------------------------
SEÇÃO: FINALIZAÇÃO
--------------------------------------------------------------------------------
15:25:14.949 [00:03,0] INFO  ? ? Iniciando: Configuração de visualização
15:25:14.953 [00:03,0] INFO  ? Visualização configurada: zoom definido para 110%, demais configurações preservadas
15:25:14.953 [00:03,0] INFO  ? ? Concluído: Configuração de visualização
15:25:14.953 [00:03,0] INFO  ? ? Iniciando: Inserção de rodapé
15:25:14.973 [00:03,0] INFO  ? ? Concluído: Inserção de rodapé
15:25:14.973 [00:03,0] INFO  ? ? Iniciando: Ajustes finais de negrito e formatação
15:25:14.996 [00:03,0] INFO  ? Negrito e alinhamento aplicados a 1 parágrafos especiais
15:25:15.004 [00:04,0] INFO  ? Parágrafo 'Vereador' formatado (sem negrito) com linhas adjacentes centralizadas (posição: 21)
15:25:15.004 [00:04,0] INFO  ? Formatação 'Vereador': 1 ocorrências formatadas
15:25:15.062 [00:04,0] INFO  ? Linhas em branco ajustadas: exatamente 2 antes e 2 depois de 'Justificativa'
15:25:15.125 [00:04,0] INFO  ? 2 linhas em branco inseridas antes e depois de 'Plenário Dr. Tancredo Neves'
15:25:15.145 [00:04,0] INFO  ? 2 linhas em branco inseridas após 'Excelentíssimo Senhor Prefeito Municipal,'
15:25:15.145 [00:04,0] INFO  ? ? Concluído: Ajustes finais de negrito e formatação
15:25:15.145 [00:04,0] INFO  ? ? Iniciando: Formatações especiais (diante do exposto, requeiro)
15:25:15.160 [00:04,0] INFO  ? ? Concluído: Formatações especiais (diante do exposto, requeiro)
15:25:15.160 [00:04,0] INFO  ? ? Iniciando: Garantia de espaçamento entre parágrafos longos
15:25:15.195 [00:04,0] INFO  ? ? Concluído: Garantia de espaçamento entre parágrafos longos
15:25:15.195 [00:04,0] INFO  ? ? Iniciando: Remoção de realces e bordas
15:25:15.199 [00:04,0] INFO  ? Realce removido do documento completo
15:25:15.230 [00:04,0] INFO  ? Realces e bordas removidos: 1 realces, 24 parágrafos com bordas
15:25:15.230 [00:04,0] INFO  ? ? Concluído: Remoção de realces e bordas
15:25:15.230 [00:04,0] INFO  ? ? Iniciando: Remoção de páginas vazias no final
15:25:15.242 [00:04,0] INFO  ? Nenhuma página vazia no final do documento
15:25:15.242 [00:04,0] INFO  ? ? Concluído: Remoção de páginas vazias no final
15:25:15.242 [00:04,0] INFO  ? Formatação completa aplicada com sucesso
15:25:15.242 [00:04,0] INFO  ? ?? Total de parágrafos: 24
15:25:15.309 [00:04,0] INFO  ? === FIM DA PASSAGEM 2 ===
15:25:15.477 [00:04,0] INFO  ? Configurações de visualização originais restauradas (zoom mantido em 110%)
15:25:15.496 [00:04,0] INFO  ? Documento padronizado com sucesso
15:25:16.496 [00:05,0] INFO  ? UndoRecord finalizado com sucesso
15:25:16.496 [00:05,0] INFO  ? Variáveis de proteção de imagens limpas
15:25:16.496 [00:05,0] INFO  ? Variáveis de configurações de visualização limpas


================================================================================
RESUMO DA SESSÃO
================================================================================

[STATUS]
  Final: CONCLUÍDO COM ERROS ?
  Término: 24/11/2025 15:25:16
  Duração: 5,0s

[ESTATÍSTICAS]
  Total de eventos: 180
  Informações: 177 (98,3%)
  Avisos: 1 (0,6%)
  Erros: 2 (1,1%)

[PERFORMANCE]
  Eventos/segundo: 36,0
  Tempo médio/evento: 27,8ms

[RECOMENDAÇÕES]
  • Verifique os erros acima e corrija problemas no documento

================================================================================
FIM DO LOG
================================================================================
