================================================================================
CHAINSAW - LOG DE PROCESSAMENTO DE DOCUMENTO
================================================================================

[SESSÃO]
  Início: 03/12/2025 18:37:22
  ID: 20251203183722

[AMBIENTE]
  Usuário: csantos
  Computador: NOTEPROCLEG01
  Domínio: CMSBONET
  SO: Windows Windows_NT
  Word: 16.0 (Word 2016/2019/2021/365)

[DOCUMENTO]
  Nome: Documento1
  Caminho: (Não salvo)
  Tamanho: 0 bytes
  Parágrafos: 1
  Páginas: 1
  Proteção: Sem proteção
  Idioma: 1046

[CONFIGURAÇÃO]
  Debug: Desativado
  Log: C:\Users\csantos\chainsaw\installation\inst_docs\vba_logs\chainsaw_20251203_183722_Documento1.log
  Backup: (Desabilitado)

================================================================================


18:37:22.812 [00:00,0] INFO  ? Iniciando padronização do documento: Documento1
18:37:22.812 [00:00,0] INFO  ? UndoRecord iniciado com sucesso


--------------------------------------------------------------------------------
SEÇÃO: VERIFICAÇÕES INICIAIS
--------------------------------------------------------------------------------
18:37:22.852 [00:00,0] INFO  ? ? Iniciando: Validação de documento
18:37:22.852 [00:00,0] INFO  ? Verificação de dados sensíveis concluída - nenhum campo sensível detectado
18:37:22.852 [00:00,0] INFO  ? ? Concluído: Validação de documento | Todas as verificações passaram
18:37:22.852 [00:00,0] INFO  ? Verificações de segurança concluídas com sucesso
18:37:26.875 [00:04,0] INFO  ? Backup criado com sucesso: Doc1_backup_2025-12-03_183726.docx
18:37:26.961 [00:04,0] INFO  ? Backup das configurações de visualização concluído
18:37:26.977 [00:04,0] INFO  ? Backup de propriedades de imagens concluído: 0 imagens catalogadas
18:37:26.977 [00:04,0] INFO  ? === PIPELINE DE FORMATAÇÃO - PASSAGEM 1 DE 2 ===
18:37:26.977 [00:04,0] INFO  ? Iniciando construção do cache de parágrafos...
18:37:26.977 [00:04,0] INFO  ? Cache construído: 1 parágrafos em 0,00s
18:37:26.977 [00:04,0] INFO  ? Identificando estrutura do documento...
18:37:26.977 [00:04,0] INFO  ? === ESTRUTURA DO DOCUMENTO IDENTIFICADA ===
18:37:26.977 [00:04,0] INFO  ? Título: parágrafo 0
18:37:26.977 [00:04,0] INFO  ? Ementa: parágrafo 0
18:37:26.977 [00:04,0] INFO  ? Proposição: parágrafos 0 a 0
18:37:26.977 [00:04,0] INFO  ? Título Justificativa: parágrafo 0
18:37:26.977 [00:04,0] INFO  ? Justificativa: parágrafos 0 a 0
18:37:26.977 [00:04,0] INFO  ? Data: parágrafo 0
18:37:26.977 [00:04,0] INFO  ? Assinatura: parágrafos 0 a 0
18:37:26.977 [00:04,0] INFO  ? Título Anexo: parágrafo 0
18:37:26.977 [00:04,0] INFO  ? Anexo: parágrafos 0 a 0
18:37:26.977 [00:04,0] INFO  ? ==========================================


--------------------------------------------------------------------------------
SEÇÃO: LIMPEZA E FORMATAÇÃO
--------------------------------------------------------------------------------
18:37:27.883 [00:05,0] INFO  ? ? Iniciando: Limpeza de formatação
18:37:27.922 [00:05,0] INFO  ? Formatação limpa: 1 parágrafos resetados
18:37:27.922 [00:05,0] INFO  ? ? Concluído: Limpeza de formatação
18:37:27.922 [00:05,0] INFO  ? ? Iniciando: Normalização de quebras
18:37:27.930 [00:05,0] INFO  ? ? Concluído: Normalização de quebras
18:37:27.930 [00:05,0] INFO  ? ? Iniciando: Limpeza estrutural
18:37:27.945 [00:05,0] INFO  ? ? Concluído: Limpeza estrutural
18:37:27.945 [00:05,0] INFO  ? ? Iniciando: Formatação de título
18:37:27.945 [00:05,0] WARN  ? Nenhum texto encontrado para formatação do título
18:37:27.945 [00:05,0] INFO  ? ? Concluído: Formatação de título
18:37:27.945 [00:05,0] INFO  ? ? Iniciando: Aplicação de fonte padrão
18:37:27.945 [00:05,0] INFO  ? Aplicando fonte padrão (modo otimizado com cache)...
18:37:27.945 [00:05,0] INFO  ? Fonte padrão aplicada: 0 parágrafos em 0,00s
18:37:27.945 [00:05,0] INFO  ? ? Concluído: Aplicação de fonte padrão | 1 parágrafos
18:37:27.945 [00:05,0] INFO  ? ? Iniciando: Aplicação de formatação de parágrafos
18:37:27.945 [00:05,0] INFO  ? ? Concluído: Aplicação de formatação de parágrafos


--------------------------------------------------------------------------------
SEÇÃO: FORMATAÇÕES ESPECÍFICAS
--------------------------------------------------------------------------------
18:37:27.969 [00:05,0] INFO  ? ? Iniciando: Formatação de parágrafos 1 e 2
18:37:27.969 [00:05,0] WARN  ? 1º parágrafo não encontrado para formatação
18:37:27.969 [00:05,0] WARN  ? 2º parágrafo não encontrado para formatação
18:37:27.969 [00:05,0] INFO  ? ? Concluído: Formatação de parágrafos 1 e 2
18:37:27.969 [00:05,0] INFO  ? ? Iniciando: Formatação de considerandos
18:37:27.969 [00:05,0] INFO  ? Formatação 'considerando' aplicada: 0 ocorrências em negrito e caixa alta
18:37:27.969 [00:05,0] INFO  ? ? Concluído: Formatação de considerandos
18:37:27.969 [00:05,0] INFO  ? ? Iniciando: Aplicação de substituições de texto
18:37:27.969 [00:05,0] INFO  ? Documento vazio - substituições de texto ignoradas
18:37:27.969 [00:05,0] INFO  ? ? Concluído: Aplicação de substituições de texto
18:37:27.969 [00:05,0] INFO  ? ? Iniciando: Remoção de marca d'água e inserção de carimbo
18:37:28.305 [00:06,0] INFO  ? ? Concluído: Remoção de marca d'água e inserção de carimbo


--------------------------------------------------------------------------------
SEÇÃO: LIMPEZA FINAL
--------------------------------------------------------------------------------
18:37:28.320 [00:06,0] INFO  ? ? Iniciando: Limpeza de espaços múltiplos
18:37:28.352 [00:06,0] INFO  ? Limpeza de espaços concluída: 0 correções aplicadas (com proteção CONSIDERANDO)
18:37:28.352 [00:06,0] INFO  ? ? Concluído: Limpeza de espaços múltiplos
18:37:28.352 [00:06,0] INFO  ? ? Iniciando: Controle de linhas em branco
18:37:28.367 [00:06,0] INFO  ? Controle de linhas vazias concluído em 1 passada(s): 0 linhas excedentes removidas (máximo 1 sequencial)
18:37:28.367 [00:06,0] INFO  ? ? Concluído: Controle de linhas em branco
18:37:28.367 [00:06,0] INFO  ? ? Iniciando: Substituição de datas do plenário
18:37:28.367 [00:06,0] INFO  ? ? Concluído: Substituição de datas do plenário


--------------------------------------------------------------------------------
SEÇÃO: FINALIZAÇÃO
--------------------------------------------------------------------------------
18:37:28.391 [00:06,0] INFO  ? ? Iniciando: Configuração de visualização
18:37:28.391 [00:06,0] INFO  ? Visualização configurada: zoom definido para 110%, demais configurações preservadas
18:37:28.391 [00:06,0] INFO  ? ? Concluído: Configuração de visualização
18:37:28.391 [00:06,0] INFO  ? ? Iniciando: Inserção de rodapé
18:37:28.445 [00:06,0] INFO  ? ? Concluído: Inserção de rodapé
18:37:28.445 [00:06,0] INFO  ? ? Iniciando: Ajustes finais de negrito e formatação
18:37:28.445 [00:06,0] INFO  ? Negrito e alinhamento aplicados a 0 parágrafos especiais
18:37:28.445 [00:06,0] INFO  ? ? Concluído: Ajustes finais de negrito e formatação
18:37:28.445 [00:06,0] INFO  ? ? Iniciando: Formatações especiais (diante do exposto, requeiro)
18:37:28.445 [00:06,0] INFO  ? ? Concluído: Formatações especiais (diante do exposto, requeiro)
18:37:28.445 [00:06,0] INFO  ? ? Iniciando: Garantia de espaçamento entre parágrafos longos
18:37:28.445 [00:06,0] INFO  ? ? Concluído: Garantia de espaçamento entre parágrafos longos
18:37:28.445 [00:06,0] INFO  ? ? Iniciando: Remoção de realces e bordas
18:37:28.461 [00:06,0] INFO  ? Realce removido do documento completo
18:37:28.461 [00:06,0] INFO  ? Realces e bordas removidos: 1 realces, 1 parágrafos com bordas
18:37:28.461 [00:06,0] INFO  ? ? Concluído: Remoção de realces e bordas
18:37:28.461 [00:06,0] INFO  ? ? Iniciando: Remoção de páginas vazias no final
18:37:28.469 [00:06,0] INFO  ? Nenhuma página vazia no final do documento
18:37:28.469 [00:06,0] INFO  ? ? Concluído: Remoção de páginas vazias no final
18:37:28.469 [00:06,0] INFO  ? Formatação completa aplicada com sucesso
18:37:28.469 [00:06,0] INFO  ? ?? Total de parágrafos: 1
18:37:28.492 [00:06,0] INFO  ? Parágrafo do Plenário não encontrado para centralizar imagem
18:37:28.492 [00:06,0] INFO  ? === FIM DA PASSAGEM 1 ===
18:37:28.492 [00:06,0] INFO  ? === PIPELINE DE FORMATAÇÃO - PASSAGEM 2 DE 2 ===
18:37:28.648 [00:06,0] INFO  ? Iniciando construção do cache de parágrafos...
18:37:28.648 [00:06,0] INFO  ? Cache construído: 1 parágrafos em 0,00s
18:37:28.648 [00:06,0] INFO  ? Identificando estrutura do documento...
18:37:28.648 [00:06,0] INFO  ? === ESTRUTURA DO DOCUMENTO IDENTIFICADA ===
18:37:28.648 [00:06,0] INFO  ? Título: parágrafo 0
18:37:28.648 [00:06,0] INFO  ? Ementa: parágrafo 0
18:37:28.648 [00:06,0] INFO  ? Proposição: parágrafos 0 a 0
18:37:28.648 [00:06,0] INFO  ? Título Justificativa: parágrafo 0
18:37:28.648 [00:06,0] INFO  ? Justificativa: parágrafos 0 a 0
18:37:28.648 [00:06,0] INFO  ? Data: parágrafo 0
18:37:28.648 [00:06,0] INFO  ? Assinatura: parágrafos 0 a 0
18:37:28.648 [00:06,0] INFO  ? Título Anexo: parágrafo 0
18:37:28.648 [00:06,0] INFO  ? Anexo: parágrafos 0 a 0
18:37:28.648 [00:06,0] INFO  ? ==========================================


--------------------------------------------------------------------------------
SEÇÃO: LIMPEZA E FORMATAÇÃO
--------------------------------------------------------------------------------
18:37:28.719 [00:06,0] INFO  ? ? Iniciando: Limpeza de formatação
18:37:28.742 [00:06,0] INFO  ? Formatação limpa: 1 parágrafos resetados
18:37:28.742 [00:06,0] INFO  ? ? Concluído: Limpeza de formatação
18:37:28.742 [00:06,0] INFO  ? ? Iniciando: Normalização de quebras
18:37:28.742 [00:06,0] INFO  ? ? Concluído: Normalização de quebras
18:37:28.742 [00:06,0] INFO  ? ? Iniciando: Limpeza estrutural
18:37:28.758 [00:06,0] INFO  ? ? Concluído: Limpeza estrutural
18:37:28.758 [00:06,0] INFO  ? ? Iniciando: Formatação de título
18:37:28.758 [00:06,0] WARN  ? Nenhum texto encontrado para formatação do título
18:37:28.758 [00:06,0] INFO  ? ? Concluído: Formatação de título
18:37:28.758 [00:06,0] INFO  ? ? Iniciando: Aplicação de fonte padrão
18:37:28.758 [00:06,0] INFO  ? Aplicando fonte padrão (modo otimizado com cache)...
18:37:28.758 [00:06,0] INFO  ? Fonte padrão aplicada: 0 parágrafos em 0,00s
18:37:28.758 [00:06,0] INFO  ? ? Concluído: Aplicação de fonte padrão | 1 parágrafos
18:37:28.758 [00:06,0] INFO  ? ? Iniciando: Aplicação de formatação de parágrafos
18:37:28.766 [00:06,0] INFO  ? ? Concluído: Aplicação de formatação de parágrafos


--------------------------------------------------------------------------------
SEÇÃO: FORMATAÇÕES ESPECÍFICAS
--------------------------------------------------------------------------------
18:37:28.773 [00:06,0] INFO  ? ? Iniciando: Formatação de parágrafos 1 e 2
18:37:28.773 [00:06,0] WARN  ? 1º parágrafo não encontrado para formatação
18:37:28.773 [00:06,0] WARN  ? 2º parágrafo não encontrado para formatação
18:37:28.773 [00:06,0] INFO  ? ? Concluído: Formatação de parágrafos 1 e 2
18:37:28.773 [00:06,0] INFO  ? ? Iniciando: Formatação de considerandos
18:37:28.781 [00:06,0] INFO  ? Formatação 'considerando' aplicada: 0 ocorrências em negrito e caixa alta
18:37:28.781 [00:06,0] INFO  ? ? Concluído: Formatação de considerandos
18:37:28.781 [00:06,0] INFO  ? ? Iniciando: Aplicação de substituições de texto
18:37:28.781 [00:06,0] INFO  ? Documento vazio - substituições de texto ignoradas
18:37:28.781 [00:06,0] INFO  ? ? Concluído: Aplicação de substituições de texto
18:37:28.781 [00:06,0] INFO  ? ? Iniciando: Remoção de marca d'água e inserção de carimbo
18:37:28.953 [00:06,0] INFO  ? ? Concluído: Remoção de marca d'água e inserção de carimbo


--------------------------------------------------------------------------------
SEÇÃO: LIMPEZA FINAL
--------------------------------------------------------------------------------
18:37:28.961 [00:06,0] INFO  ? ? Iniciando: Limpeza de espaços múltiplos
18:37:28.984 [00:06,0] INFO  ? Limpeza de espaços concluída: 0 correções aplicadas (com proteção CONSIDERANDO)
18:37:28.984 [00:06,0] INFO  ? ? Concluído: Limpeza de espaços múltiplos
18:37:28.984 [00:06,0] INFO  ? ? Iniciando: Controle de linhas em branco
18:37:28.000 [00:06,0] INFO  ? Controle de linhas vazias concluído em 1 passada(s): 0 linhas excedentes removidas (máximo 1 sequencial)
18:37:28.000 [00:06,0] INFO  ? ? Concluído: Controle de linhas em branco
18:37:28.000 [00:06,0] INFO  ? ? Iniciando: Substituição de datas do plenário
18:37:28.000 [00:06,0] INFO  ? ? Concluído: Substituição de datas do plenário


--------------------------------------------------------------------------------
SEÇÃO: FINALIZAÇÃO
--------------------------------------------------------------------------------
18:37:29.016 [00:07,0] INFO  ? ? Iniciando: Configuração de visualização
18:37:29.016 [00:07,0] INFO  ? Visualização configurada: zoom definido para 110%, demais configurações preservadas
18:37:29.016 [00:07,0] INFO  ? ? Concluído: Configuração de visualização
18:37:29.016 [00:07,0] INFO  ? ? Iniciando: Inserção de rodapé
18:37:29.031 [00:07,0] INFO  ? ? Concluído: Inserção de rodapé
18:37:29.031 [00:07,0] INFO  ? ? Iniciando: Ajustes finais de negrito e formatação
18:37:29.031 [00:07,0] INFO  ? Negrito e alinhamento aplicados a 0 parágrafos especiais
18:37:29.031 [00:07,0] INFO  ? ? Concluído: Ajustes finais de negrito e formatação
18:37:29.031 [00:07,0] INFO  ? ? Iniciando: Formatações especiais (diante do exposto, requeiro)
18:37:29.031 [00:07,0] INFO  ? ? Concluído: Formatações especiais (diante do exposto, requeiro)
18:37:29.031 [00:07,0] INFO  ? ? Iniciando: Garantia de espaçamento entre parágrafos longos
18:37:29.031 [00:07,0] INFO  ? ? Concluído: Garantia de espaçamento entre parágrafos longos
18:37:29.031 [00:07,0] INFO  ? ? Iniciando: Remoção de realces e bordas
18:37:29.047 [00:07,0] INFO  ? Realce removido do documento completo
18:37:29.047 [00:07,0] INFO  ? Realces e bordas removidos: 1 realces, 1 parágrafos com bordas
18:37:29.047 [00:07,0] INFO  ? ? Concluído: Remoção de realces e bordas
18:37:29.047 [00:07,0] INFO  ? ? Iniciando: Remoção de páginas vazias no final
18:37:29.047 [00:07,0] INFO  ? Nenhuma página vazia no final do documento
18:37:29.047 [00:07,0] INFO  ? ? Concluído: Remoção de páginas vazias no final
18:37:29.047 [00:07,0] INFO  ? Formatação completa aplicada com sucesso
18:37:29.047 [00:07,0] INFO  ? ?? Total de parágrafos: 1
18:37:29.156 [00:07,0] INFO  ? Parágrafo do Plenário não encontrado para centralizar imagem
18:37:29.156 [00:07,0] INFO  ? === FIM DA PASSAGEM 2 ===
18:37:29.539 [00:07,0] INFO  ? Configurações de visualização originais restauradas (zoom mantido em 110%)
18:37:29.570 [00:07,0] INFO  ? Documento padronizado com sucesso
18:37:30.570 [00:08,0] INFO  ? UndoRecord finalizado com sucesso
18:37:30.570 [00:08,0] INFO  ? Variáveis de proteção de imagens limpas
18:37:30.570 [00:08,0] INFO  ? Variáveis de configurações de visualização limpas


================================================================================
RESUMO DA SESSÃO
================================================================================

[STATUS]
  Final: CONCLUÍDO COM AVISOS ?
  Término: 03/12/2025 18:37:30
  Duração: 8,0s

[ESTATÍSTICAS]
  Total de eventos: 162
  Informações: 156 (96,3%)
  Avisos: 6 (3,7%)
  Erros: 0 (0,0%)

[PERFORMANCE]
  Eventos/segundo: 20,3
  Tempo médio/evento: 49,4ms

[RECOMENDAÇÕES]
  • Múltiplos avisos detectados - revise o documento manualmente

================================================================================
FIM DO LOG
================================================================================
