================================================================================
CHAINSAW - LOG DE PROCESSAMENTO DE DOCUMENTO
================================================================================

[SESSÃO]
  Início: 18/11/2025 09:56:48
  ID: 20251118095648

[AMBIENTE]
  Usuário: csantos
  Computador: NOTEPROCLEG01
  Domínio: CMSBONET
  SO: Windows Windows_NT
  Word: 16.0 (Word 2016/2019/2021/365)

[DOCUMENTO]
  Nome: siscam_indicacao_troca_lampada_queimada_avenida_presidente_prudente_889so30i2y0.docx
  Caminho: C:\Users\csantos\AppData\Local\Temp
  Tamanho: 2,0 KB
  Parágrafos: 22
  Páginas: 1
  Proteção: Sem proteção
  Idioma: 1046

[CONFIGURAÇÃO]
  Debug: Desativado
  Log: C:\Users\csantos\chainsaw\installation\inst_docs\vba_logs\chainsaw_20251118_095648_siscam_indicacao_troca_lampada_queimada_avenida_pr.log
  Backup: C:\Users\csantos\AppData\Local\Temp\backups\

================================================================================


09:56:48.980 [00:00,0] INFO  ? Iniciando padronização do documento: siscam_indicacao_troca_lampada_queimada_avenida_presidente_prudente_889so30i2y0.docx
09:56:48.980 [00:00,0] INFO  ? UndoRecord iniciado com sucesso


--------------------------------------------------------------------------------
SEÇÃO: VERIFICAÇÕES INICIAIS
--------------------------------------------------------------------------------
09:56:49.023 [00:01,0] INFO  ? ? Iniciando: Validação de documento
09:56:49.031 [00:01,0] INFO  ? Verificação de dados sensíveis concluída - nenhum campo sensível detectado
09:56:49.031 [00:01,0] INFO  ? ? Concluído: Validação de documento | Todas as verificações passaram
09:56:49.031 [00:01,0] INFO  ? Verificações de segurança concluídas com sucesso
09:56:49.215 [00:01,0] INFO  ? Backup criado com sucesso: siscam_indicacao_troca_lampada_queimada_avenida_presidente_prudente_889so30i2y0_backup_2025-11-18_095649.docx
09:56:49.312 [00:01,0] INFO  ? Backup das configurações de visualização concluído
09:56:49.336 [00:01,0] INFO  ? Backup de propriedades de imagens concluído: 1 imagens catalogadas
09:56:49.336 [00:01,0] INFO  ? === PIPELINE DE FORMATAÇÃO - PASSAGEM 1 DE 2 ===
09:56:49.336 [00:01,0] INFO  ? Iniciando construção do cache de parágrafos...
09:56:49.336 [00:01,0] INFO  ? Cache construído: 22 parágrafos em 0,00s
09:56:49.336 [00:01,0] INFO  ? Identificando estrutura do documento...
09:56:49.352 [00:01,0] INFO  ? Título da Justificativa identificado no parágrafo 12
09:56:49.359 [00:01,0] INFO  ? Data (Plenário) identificada no parágrafo 16
09:56:49.367 [00:01,0] INFO  ? === ESTRUTURA DO DOCUMENTO IDENTIFICADA ===
09:56:49.367 [00:01,0] INFO  ? Título: parágrafo 0
09:56:49.367 [00:01,0] INFO  ? Ementa: parágrafo 0
09:56:49.367 [00:01,0] INFO  ? Proposição: parágrafos 0 a 0
09:56:49.367 [00:01,0] INFO  ? Título Justificativa: parágrafo 12
09:56:49.367 [00:01,0] INFO  ? Justificativa: parágrafos 13 a 15
09:56:49.367 [00:01,0] INFO  ? Data: parágrafo 16
09:56:49.367 [00:01,0] INFO  ? Assinatura: parágrafos 0 a 0
09:56:49.367 [00:01,0] INFO  ? Título Anexo: parágrafo 0
09:56:49.367 [00:01,0] INFO  ? Anexo: parágrafos 0 a 0
09:56:49.367 [00:01,0] INFO  ? ==========================================


--------------------------------------------------------------------------------
SEÇÃO: LIMPEZA E FORMATAÇÃO
--------------------------------------------------------------------------------
09:56:50.109 [00:02,0] INFO  ? ? Iniciando: Limpeza de formatação
09:56:50.363 [00:02,0] INFO  ? Formatação limpa: 22 parágrafos resetados
09:56:50.363 [00:02,0] INFO  ? ? Concluído: Limpeza de formatação
09:56:50.363 [00:02,0] INFO  ? ? Iniciando: Normalização de quebras
09:56:50.371 [00:02,0] INFO  ? ? Concluído: Normalização de quebras
09:56:50.371 [00:02,0] INFO  ? ? Iniciando: Limpeza estrutural
09:56:50.441 [00:02,0] INFO  ? ? Concluído: Limpeza estrutural
09:56:50.441 [00:02,0] INFO  ? ? Iniciando: Formatação de título
09:56:50.441 [00:02,0] INFO  ? Título de proposição formatado: INDICAÇÃO Nº $NUMERO$/$ANO$ (centralizado, caixa alta, negrito, sublinhado)
09:56:50.441 [00:02,0] INFO  ? ? Concluído: Formatação de título
09:56:50.441 [00:02,0] INFO  ? ? Iniciando: Aplicação de fonte padrão
09:56:50.441 [00:02,0] INFO  ? Aplicando fonte padrão (modo otimizado com cache)...
09:56:50.469 [00:02,0] INFO  ? Fonte padrão aplicada: 10 parágrafos em 0,03s
09:56:50.469 [00:02,0] INFO  ? ? Concluído: Aplicação de fonte padrão | 22 parágrafos
09:56:50.469 [00:02,0] INFO  ? ? Iniciando: Aplicação de formatação de parágrafos
09:56:50.641 [00:02,0] INFO  ? Parágrafos formatados: 22 (incluindo 1 com proteção de imagens)
09:56:50.641 [00:02,0] INFO  ? ? Concluído: Aplicação de formatação de parágrafos


--------------------------------------------------------------------------------
SEÇÃO: FORMATAÇÕES ESPECÍFICAS
--------------------------------------------------------------------------------
09:56:50.648 [00:02,0] INFO  ? ? Iniciando: Formatação de parágrafos 1 e 2
09:56:50.656 [00:02,0] INFO  ? Palavra inicial 'Sugere' substituída por 'Indica' no 2º parágrafo
09:56:50.664 [00:02,0] INFO  ? 2º parágrafo formatado com 2 linhas em branco antes e depois (posição: 6)
09:56:50.664 [00:02,0] INFO  ? ? Concluído: Formatação de parágrafos 1 e 2
09:56:50.664 [00:02,0] INFO  ? ? Iniciando: Formatação de considerandos
09:56:50.672 [00:02,0] INFO  ? Formatação 'considerando' aplicada: 0 ocorrências em negrito e caixa alta
09:56:50.672 [00:02,0] INFO  ? ? Concluído: Formatação de considerandos
09:56:50.672 [00:02,0] INFO  ? ? Iniciando: Aplicação de substituições de texto

09:56:50.680 [00:02,0] ERROR ? Erro crítico nas substituições de texto: Argumento ou chamada de procedimento inválida (Variante: 0)
09:56:50.691 [00:02,0] INFO  ? ? Concluído: Aplicação de substituições de texto
09:56:50.691 [00:02,0] INFO  ? ? Iniciando: Remoção de marca d'água e inserção de carimbo
09:56:50.984 [00:02,0] INFO  ? ? Concluído: Remoção de marca d'água e inserção de carimbo


--------------------------------------------------------------------------------
SEÇÃO: LIMPEZA FINAL
--------------------------------------------------------------------------------
09:56:50.992 [00:02,0] INFO  ? ? Iniciando: Limpeza de espaços múltiplos
09:56:51.062 [00:03,0] INFO  ? Limpeza de espaços concluída: 1 correções aplicadas (com proteção CONSIDERANDO)
09:56:51.062 [00:03,0] INFO  ? ? Concluído: Limpeza de espaços múltiplos
09:56:51.062 [00:03,0] INFO  ? ? Iniciando: Controle de linhas em branco
09:56:51.117 [00:03,0] INFO  ? Controle de linhas vazias concluído em 2 passada(s): 5 linhas excedentes removidas (máximo 1 sequencial)
09:56:51.125 [00:03,0] INFO  ? Linhas em branco do 2º parágrafo reforçadas (antes: 2, depois: 2)
09:56:51.176 [00:03,0] INFO  ? Linhas em branco do Plenário reforçadas: 2 antes e 2 depois
09:56:51.176 [00:03,0] INFO  ? ? Concluído: Controle de linhas em branco
09:56:51.176 [00:03,0] INFO  ? ? Iniciando: Substituição de datas do plenário
09:56:51.207 [00:03,0] INFO  ? Parágrafo de plenário substituído e formatado
09:56:51.207 [00:03,0] INFO  ? ? Concluído: Substituição de datas do plenário


--------------------------------------------------------------------------------
SEÇÃO: FINALIZAÇÃO
--------------------------------------------------------------------------------
09:56:51.223 [00:03,0] INFO  ? ? Iniciando: Configuração de visualização
09:56:51.234 [00:03,0] INFO  ? Visualização configurada: zoom definido para 110%, demais configurações preservadas
09:56:51.234 [00:03,0] INFO  ? ? Concluído: Configuração de visualização
09:56:51.234 [00:03,0] INFO  ? ? Iniciando: Inserção de rodapé
09:56:51.297 [00:03,0] INFO  ? ? Concluído: Inserção de rodapé
09:56:51.297 [00:03,0] INFO  ? ? Iniciando: Ajustes finais de negrito e formatação
09:56:51.312 [00:03,0] INFO  ? Negrito e alinhamento aplicados a 1 parágrafos especiais
09:56:51.336 [00:03,0] INFO  ? Parágrafo 'Vereador' formatado (sem negrito) com linhas adjacentes centralizadas (posição: 21)
09:56:51.336 [00:03,0] INFO  ? Formatação 'Vereador': 1 ocorrências formatadas
09:56:51.395 [00:03,0] INFO  ? Linhas em branco ajustadas: exatamente 2 antes e 2 depois de 'Justificativa'
09:56:51.434 [00:03,0] INFO  ? 2 linhas em branco inseridas antes e depois de 'Plenário Dr. Tancredo Neves'
09:56:51.461 [00:03,0] INFO  ? 2 linhas em branco inseridas após 'Excelentíssimo Senhor Prefeito Municipal,'
09:56:51.461 [00:03,0] INFO  ? ? Concluído: Ajustes finais de negrito e formatação
09:56:51.461 [00:03,0] INFO  ? ? Iniciando: Formatações especiais (diante do exposto, requeiro)
09:56:51.480 [00:03,0] INFO  ? ? Concluído: Formatações especiais (diante do exposto, requeiro)
09:56:51.480 [00:03,0] INFO  ? ? Iniciando: Garantia de espaçamento entre parágrafos longos
09:56:51.492 [00:03,0] INFO  ? Linhas em branco adicionadas entre parágrafos longos (>10 palavras): 1
09:56:51.492 [00:03,0] INFO  ? ? Concluído: Garantia de espaçamento entre parágrafos longos
09:56:51.492 [00:03,0] INFO  ? ? Iniciando: Remoção de realces e bordas
09:56:51.508 [00:03,0] INFO  ? Realce removido do documento completo
09:56:51.535 [00:03,0] INFO  ? Realces e bordas removidos: 1 realces, 27 parágrafos com bordas
09:56:51.535 [00:03,0] INFO  ? ? Concluído: Remoção de realces e bordas
09:56:51.535 [00:03,0] INFO  ? ? Iniciando: Remoção de páginas vazias no final
09:56:51.562 [00:03,0] INFO  ? Nenhuma página vazia no final do documento
09:56:51.562 [00:03,0] INFO  ? ? Concluído: Remoção de páginas vazias no final
09:56:51.562 [00:03,0] INFO  ? Formatação completa aplicada com sucesso
09:56:51.562 [00:03,0] INFO  ? ?? Total de parágrafos: 27
09:56:51.578 [00:03,0] INFO  ? Verificação de imagens concluída: 0 imagens íntegras
09:56:51.598 [00:03,0] INFO  ? Recuos de parágrafos com imagens formatados: 1 parágrafos
09:56:51.680 [00:03,0] INFO  ? Imagem centralizada na linha 5 após Plenário
09:56:51.680 [00:03,0] INFO  ? Imagens centralizadas após Plenário: 1
09:56:51.680 [00:03,0] INFO  ? === FIM DA PASSAGEM 1 ===
09:56:51.680 [00:03,0] INFO  ? === PIPELINE DE FORMATAÇÃO - PASSAGEM 2 DE 2 ===
09:56:51.684 [00:03,0] INFO  ? Iniciando construção do cache de parágrafos...
09:56:51.715 [00:03,0] INFO  ? Cache construído: 27 parágrafos em 0,03s
09:56:51.715 [00:03,0] INFO  ? Identificando estrutura do documento...
09:56:51.727 [00:03,0] INFO  ? Título da Justificativa identificado no parágrafo 14
09:56:51.750 [00:03,0] INFO  ? Data (Plenário) identificada no parágrafo 22
09:56:51.758 [00:03,0] INFO  ? === ESTRUTURA DO DOCUMENTO IDENTIFICADA ===
09:56:51.758 [00:03,0] INFO  ? Título: parágrafo 0
09:56:51.758 [00:03,0] INFO  ? Ementa: parágrafo 0
09:56:51.758 [00:03,0] INFO  ? Proposição: parágrafos 0 a 0
09:56:51.758 [00:03,0] INFO  ? Título Justificativa: parágrafo 14
09:56:51.758 [00:03,0] INFO  ? Justificativa: parágrafos 15 a 21
09:56:51.758 [00:03,0] INFO  ? Data: parágrafo 22
09:56:51.758 [00:03,0] INFO  ? Assinatura: parágrafos 0 a 0
09:56:51.758 [00:03,0] INFO  ? Título Anexo: parágrafo 0
09:56:51.758 [00:03,0] INFO  ? Anexo: parágrafos 0 a 0
09:56:51.758 [00:03,0] INFO  ? ==========================================


--------------------------------------------------------------------------------
SEÇÃO: LIMPEZA E FORMATAÇÃO
--------------------------------------------------------------------------------
09:56:51.871 [00:03,0] INFO  ? ? Iniciando: Limpeza de formatação
09:56:52.102 [00:04,0] INFO  ? Formatação limpa: 27 parágrafos resetados
09:56:52.102 [00:04,0] INFO  ? ? Concluído: Limpeza de formatação
09:56:52.102 [00:04,0] INFO  ? ? Iniciando: Normalização de quebras
09:56:52.117 [00:04,0] INFO  ? ? Concluído: Normalização de quebras
09:56:52.117 [00:04,0] INFO  ? ? Iniciando: Limpeza estrutural
09:56:52.141 [00:04,0] INFO  ? ? Concluído: Limpeza estrutural
09:56:52.141 [00:04,0] INFO  ? ? Iniciando: Formatação de título
09:56:52.141 [00:04,0] INFO  ? Título de proposição formatado: INDICAÇÃO Nº $NUMERO$/$ANO$ (centralizado, caixa alta, negrito, sublinhado)
09:56:52.141 [00:04,0] INFO  ? ? Concluído: Formatação de título
09:56:52.141 [00:04,0] INFO  ? ? Iniciando: Aplicação de fonte padrão
09:56:52.141 [00:04,0] INFO  ? Aplicando fonte padrão (modo otimizado com cache)...
09:56:52.164 [00:04,0] INFO  ? Fonte padrão aplicada: 10 parágrafos em 0,02s
09:56:52.164 [00:04,0] INFO  ? ? Concluído: Aplicação de fonte padrão | 27 parágrafos
09:56:52.164 [00:04,0] INFO  ? ? Iniciando: Aplicação de formatação de parágrafos
09:56:52.312 [00:04,0] INFO  ? Parágrafos formatados: 27 (incluindo 1 com proteção de imagens)
09:56:52.312 [00:04,0] INFO  ? ? Concluído: Aplicação de formatação de parágrafos


--------------------------------------------------------------------------------
SEÇÃO: FORMATAÇÕES ESPECÍFICAS
--------------------------------------------------------------------------------
09:56:52.320 [00:04,0] INFO  ? ? Iniciando: Formatação de parágrafos 1 e 2
09:56:52.344 [00:04,0] INFO  ? 2º parágrafo formatado com 2 linhas em branco antes e depois (posição: 7)
09:56:52.344 [00:04,0] INFO  ? ? Concluído: Formatação de parágrafos 1 e 2
09:56:52.344 [00:04,0] INFO  ? ? Iniciando: Formatação de considerandos
09:56:52.363 [00:04,0] INFO  ? Formatação 'considerando' aplicada: 0 ocorrências em negrito e caixa alta
09:56:52.363 [00:04,0] INFO  ? ? Concluído: Formatação de considerandos
09:56:52.363 [00:04,0] INFO  ? ? Iniciando: Aplicação de substituições de texto

09:56:52.363 [00:04,0] ERROR ? Erro crítico nas substituições de texto: Argumento ou chamada de procedimento inválida (Variante: 0)
09:56:52.367 [00:04,0] INFO  ? ? Concluído: Aplicação de substituições de texto
09:56:52.367 [00:04,0] INFO  ? ? Iniciando: Remoção de marca d'água e inserção de carimbo
09:56:52.691 [00:04,0] INFO  ? ? Concluído: Remoção de marca d'água e inserção de carimbo


--------------------------------------------------------------------------------
SEÇÃO: LIMPEZA FINAL
--------------------------------------------------------------------------------
09:56:52.699 [00:04,0] INFO  ? ? Iniciando: Limpeza de espaços múltiplos
09:56:52.738 [00:04,0] INFO  ? Limpeza de espaços concluída: 0 correções aplicadas (com proteção CONSIDERANDO)
09:56:52.738 [00:04,0] INFO  ? ? Concluído: Limpeza de espaços múltiplos
09:56:52.738 [00:04,0] INFO  ? ? Iniciando: Controle de linhas em branco
09:56:52.824 [00:04,0] INFO  ? Controle de linhas vazias concluído em 2 passada(s): 8 linhas excedentes removidas (máximo 1 sequencial)
09:56:52.824 [00:04,0] INFO  ? Linhas em branco do 2º parágrafo reforçadas (antes: 2, depois: 2)
09:56:52.848 [00:04,0] INFO  ? Linhas em branco do Plenário reforçadas: 2 antes e 2 depois
09:56:52.848 [00:04,0] INFO  ? ? Concluído: Controle de linhas em branco
09:56:52.848 [00:04,0] INFO  ? ? Iniciando: Substituição de datas do plenário
09:56:52.887 [00:04,0] INFO  ? Parágrafo de plenário substituído e formatado
09:56:52.887 [00:04,0] INFO  ? ? Concluído: Substituição de datas do plenário


--------------------------------------------------------------------------------
SEÇÃO: FINALIZAÇÃO
--------------------------------------------------------------------------------
09:56:52.895 [00:04,0] INFO  ? ? Iniciando: Configuração de visualização
09:56:52.895 [00:04,0] INFO  ? Visualização configurada: zoom definido para 110%, demais configurações preservadas
09:56:52.895 [00:04,0] INFO  ? ? Concluído: Configuração de visualização
09:56:52.895 [00:04,0] INFO  ? ? Iniciando: Inserção de rodapé
09:56:52.934 [00:04,0] INFO  ? ? Concluído: Inserção de rodapé
09:56:52.934 [00:04,0] INFO  ? ? Iniciando: Ajustes finais de negrito e formatação
09:56:52.949 [00:04,0] INFO  ? Negrito e alinhamento aplicados a 1 parágrafos especiais
09:56:52.969 [00:04,0] INFO  ? Parágrafo 'Vereador' formatado (sem negrito) com linhas adjacentes centralizadas (posição: 23)
09:56:52.969 [00:04,0] INFO  ? Formatação 'Vereador': 1 ocorrências formatadas
09:56:53.008 [00:05,0] INFO  ? Linhas em branco ajustadas: exatamente 2 antes e 2 depois de 'Justificativa'
09:56:53.043 [00:05,0] INFO  ? 2 linhas em branco inseridas antes e depois de 'Plenário Dr. Tancredo Neves'
09:56:53.059 [00:05,0] INFO  ? 2 linhas em branco inseridas após 'Excelentíssimo Senhor Prefeito Municipal,'
09:56:53.059 [00:05,0] INFO  ? ? Concluído: Ajustes finais de negrito e formatação
09:56:53.059 [00:05,0] INFO  ? ? Iniciando: Formatações especiais (diante do exposto, requeiro)
09:56:53.086 [00:05,0] INFO  ? ? Concluído: Formatações especiais (diante do exposto, requeiro)
09:56:53.086 [00:05,0] INFO  ? ? Iniciando: Garantia de espaçamento entre parágrafos longos
09:56:53.102 [00:05,0] INFO  ? ? Concluído: Garantia de espaçamento entre parágrafos longos
09:56:53.102 [00:05,0] INFO  ? ? Iniciando: Remoção de realces e bordas
09:56:53.109 [00:05,0] INFO  ? Realce removido do documento completo
09:56:53.133 [00:05,0] INFO  ? Realces e bordas removidos: 1 realces, 27 parágrafos com bordas
09:56:53.133 [00:05,0] INFO  ? ? Concluído: Remoção de realces e bordas
09:56:53.133 [00:05,0] INFO  ? ? Iniciando: Remoção de páginas vazias no final
09:56:53.148 [00:05,0] INFO  ? Nenhuma página vazia no final do documento
09:56:53.148 [00:05,0] INFO  ? ? Concluído: Remoção de páginas vazias no final
09:56:53.148 [00:05,0] INFO  ? Formatação completa aplicada com sucesso
09:56:53.148 [00:05,0] INFO  ? ?? Total de parágrafos: 27
09:56:53.410 [00:05,0] INFO  ? Verificação de imagens concluída: 0 imagens íntegras
09:56:53.418 [00:05,0] INFO  ? Recuos de parágrafos com imagens formatados: 1 parágrafos
09:56:53.434 [00:05,0] INFO  ? Imagem centralizada na linha 5 após Plenário
09:56:53.434 [00:05,0] INFO  ? Imagens centralizadas após Plenário: 1
09:56:53.434 [00:05,0] INFO  ? === FIM DA PASSAGEM 2 ===
09:56:53.812 [00:05,0] INFO  ? Configurações de visualização originais restauradas (zoom mantido em 110%)
09:56:53.828 [00:05,0] INFO  ? Documento padronizado com sucesso
09:56:54.828 [00:06,0] INFO  ? UndoRecord finalizado com sucesso
09:56:54.828 [00:06,0] INFO  ? Variáveis de proteção de imagens limpas
09:56:54.828 [00:06,0] INFO  ? Variáveis de configurações de visualização limpas


================================================================================
RESUMO DA SESSÃO
================================================================================

[STATUS]
  Final: CONCLUÍDO COM ERROS ?
  Término: 18/11/2025 09:56:54
  Duração: 6,0s

[ESTATÍSTICAS]
  Total de eventos: 190
  Informações: 188 (98,9%)
  Avisos: 0 (0,0%)
  Erros: 2 (1,1%)

[PERFORMANCE]
  Eventos/segundo: 31,7
  Tempo médio/evento: 31,6ms

[RECOMENDAÇÕES]
  • Verifique os erros acima e corrija problemas no documento

================================================================================
FIM DO LOG
================================================================================
