================================================================================
CHAINSAW - Log de Instalação
================================================================================
Data/Hora Início: 05/11/2025 15:47:57
Usuário: csantos
Computador: NOTEPROCLEG01
Sistema: Microsoft Windows NT 10.0.26100.0
PowerShell: 5.1.26100.6899
Caminho de Origem: C:\Users\csantos\Documentos\chainsaw
================================================================================

[2025-11-05 15:47:57] [INFO] === INÍCIO DA INSTALAÇÃO ===
[2025-11-05 15:47:57] [INFO] Verificando pré-requisitos...
[2025-11-05 15:47:57] [SUCCESS] Sistema operacional: Windows 10.0 ?
[2025-11-05 15:47:57] [SUCCESS] PowerShell versão: 5.1.26100.6899 ?
[2025-11-05 15:47:57] [INFO] Verificando acesso ao caminho de rede: C:\Users\csantos\Documentos\chainsaw
[2025-11-05 15:47:57] [SUCCESS] Acesso ao caminho de rede confirmado ?
[2025-11-05 15:47:57] [SUCCESS] Permissões de escrita no perfil do usuário confirmadas ?
[2025-11-05 15:47:57] [INFO] Verificando arquivos de origem...
[2025-11-05 15:47:57] [SUCCESS] Arquivo stamp.png encontrado ?
[2025-11-05 15:47:57] [SUCCESS] Pasta Templates encontrada ?
[2025-11-05 15:48:02] [WARNING] Instalação cancelada pelo usuário.
