================================================================================
CHAINSAW - Log de Instalação
================================================================================
Data/Hora Início: 05/11/2025 14:34:14
Usuário: csantos
Computador: NOTEPROCLEG01
Sistema: Microsoft Windows NT 10.0.26100.0
PowerShell: 5.1.26100.6899
Caminho de Origem: \\strqnapmain\Dir. Legislativa\_Christian261\chainsaw
================================================================================

[2025-11-05 14:34:14] [INFO] === INÍCIO DA INSTALAÇÃO ===
[2025-11-05 14:34:14] [INFO] Verificando pré-requisitos...
[2025-11-05 14:34:14] [SUCCESS] Sistema operacional: Windows 10.0 ?
[2025-11-05 14:34:14] [SUCCESS] PowerShell versão: 5.1.26100.6899 ?
[2025-11-05 14:34:14] [INFO] Verificando acesso ao caminho de rede: \\strqnapmain\Dir. Legislativa\_Christian261\chainsaw
[2025-11-05 14:34:14] [SUCCESS] Acesso ao caminho de rede confirmado ?
[2025-11-05 14:34:14] [SUCCESS] Permissões de escrita no perfil do usuário confirmadas ?
[2025-11-05 14:34:14] [INFO] Verificando arquivos de origem...
[2025-11-05 14:34:14] [SUCCESS] Arquivo stamp.png encontrado ?
[2025-11-05 14:34:14] [SUCCESS] Pasta Templates encontrada ?
[2025-11-05 14:34:14] [INFO] Copiando arquivo stamp.png...
[2025-11-05 14:34:14] [INFO] Origem: \\strqnapmain\Dir. Legislativa\_Christian261\chainsaw\assets\stamp.png
[2025-11-05 14:34:14] [INFO] Destino: C:\Users\csantos\chainsaw\assets\stamp.png
[2025-11-05 14:34:14] [SUCCESS] Arquivo stamp.png copiado com sucesso ?
[2025-11-05 14:34:14] [INFO] Criando backup da pasta Templates...
[2025-11-05 14:34:14] [INFO] Origem: C:\Users\csantos\AppData\Roaming\Microsoft\Templates
[2025-11-05 14:34:14] [INFO] Destino: C:\Users\csantos\AppData\Roaming\Microsoft\Templates_backup_20251105_143414
[2025-11-05 14:34:14] [ERROR] Erro ao criar backup: O acesso ao caminho 'C:\Users\csantos\AppData\Roaming\Microsoft\Templates' foi negado.
[2025-11-05 14:34:14] [ERROR] === INSTALAÇÃO FALHOU ===
[2025-11-05 14:34:14] [ERROR] Erro: O acesso ao caminho 'C:\Users\csantos\AppData\Roaming\Microsoft\Templates' foi negado.
[2025-11-05 14:34:14] [ERROR] Stack trace: em Backup-TemplatesFolder, C:\Users\csantos\chainsaw\install.ps1: linha 367
em Install-ChainsawConfig, C:\Users\csantos\chainsaw\install.ps1: linha 627
em <ScriptBlock>, C:\Users\csantos\chainsaw\install.ps1: linha 764
[2025-11-05 14:34:14] [INFO] Duração até falha: 00:00
