================================================================================
CHAINSAW - Log de Instalação
================================================================================
Data/Hora Início: 07/11/2025 16:13:14
Usuário: csantos
Computador: NOTEPROCLEG01
Sistema: Microsoft Windows NT 10.0.26100.0
PowerShell: 5.1.26100.6899
Caminho de Origem: C:\Users\csantos\chainsaw\max
================================================================================

[2025-11-07 16:13:14] [INFO] === INÍCIO DA INSTALAÇÃO ===
[2025-11-07 16:13:14] [WARNING] Word em execução - solicitando confirmação do usuário
[2025-11-07 16:13:20] [INFO] Usuário autorizou o fechamento do Word
[2025-11-07 16:13:20] [INFO] Encontrados 1 processo(s) do Word em execução
[2025-11-07 16:13:20] [INFO] Encerrando processo Word (PID: 18928)...
[2025-11-07 16:13:20] [SUCCESS] Processo Word (PID: 18928) encerrado com sucesso
[2025-11-07 16:13:21] [SUCCESS] Todos os processos do Word foram encerrados com sucesso
[2025-11-07 16:13:23] [INFO] Verificando pré-requisitos...
[2025-11-07 16:13:23] [SUCCESS] Sistema operacional: Windows 10.0 ?
[2025-11-07 16:13:23] [SUCCESS] PowerShell versão: 5.1.26100.6899 ?
[2025-11-07 16:13:23] [INFO] Verificando acesso ao diretório de origem: C:\Users\csantos\chainsaw\max
[2025-11-07 16:13:23] [SUCCESS] Acesso ao diretório de origem confirmado ?
[2025-11-07 16:13:23] [SUCCESS] Permissões de escrita no perfil do usuário confirmadas ?
[2025-11-07 16:13:23] [INFO] Verificando arquivos de origem...
[2025-11-07 16:13:23] [ERROR] Arquivo não encontrado: C:\Users\csantos\chainsaw\max\assets\stamp.png
[2025-11-07 16:13:23] [ERROR] Pasta não encontrada: C:\Users\csantos\chainsaw\max\configs\Templates
[2025-11-07 16:13:23] [ERROR] === INSTALAÇÃO FALHOU ===
[2025-11-07 16:13:23] [ERROR] Erro: Arquivos de origem não encontrados. Verifique os erros acima.
[2025-11-07 16:13:23] [ERROR] Stack trace: em Install-CHAINSAWConfig, C:\Users\csantos\chainsaw\install.ps1: linha 1309
em <ScriptBlock>, C:\Users\csantos\chainsaw\install.ps1: linha 1653
[2025-11-07 16:13:23] [INFO] Duração até falha: 00:09
