================================================================================
CHAINSAW - Log de Instalação
================================================================================
Data/Hora Início: 05/11/2025 14:39:33
Usuário: csantos
Computador: NOTEPROCLEG01
Sistema: Microsoft Windows NT 10.0.26100.0
PowerShell: 5.1.26100.6899
Caminho de Origem: C:\Users\csantos\chainsaw
================================================================================

[2025-11-05 14:39:33] [INFO] === INÍCIO DA INSTALAÇÃO ===
[2025-11-05 14:39:33] [INFO] Verificando pré-requisitos...
[2025-11-05 14:39:33] [SUCCESS] Sistema operacional: Windows 10.0 ?
[2025-11-05 14:39:33] [SUCCESS] PowerShell versão: 5.1.26100.6899 ?
[2025-11-05 14:39:33] [INFO] Verificando acesso ao caminho de rede: C:\Users\csantos\chainsaw
[2025-11-05 14:39:33] [SUCCESS] Acesso ao caminho de rede confirmado ?
[2025-11-05 14:39:33] [SUCCESS] Permissões de escrita no perfil do usuário confirmadas ?
[2025-11-05 14:39:33] [INFO] Verificando arquivos de origem...
[2025-11-05 14:39:33] [SUCCESS] Arquivo stamp.png encontrado ?
[2025-11-05 14:39:33] [SUCCESS] Pasta Templates encontrada ?
[2025-11-05 14:39:33] [INFO] Copiando arquivo stamp.png...
[2025-11-05 14:39:33] [INFO] Origem: C:\Users\csantos\chainsaw\assets\stamp.png
[2025-11-05 14:39:33] [INFO] Destino: C:\Users\csantos\chainsaw\assets\stamp.png
[2025-11-05 14:39:33] [ERROR] Erro ao copiar stamp.png: Não pode substituir o item C:\Users\csantos\chainsaw\assets\stamp.png por ele mesmo.
[2025-11-05 14:39:33] [ERROR] === INSTALAÇÃO FALHOU ===
[2025-11-05 14:39:33] [ERROR] Erro: Não pode substituir o item C:\Users\csantos\chainsaw\assets\stamp.png por ele mesmo.
[2025-11-05 14:39:33] [ERROR] Stack trace: em Copy-StampFile, C:\Users\csantos\chainsaw\install.ps1: linha 447
em Install-ChainsawConfig, C:\Users\csantos\chainsaw\install.ps1: linha 621
em <ScriptBlock>, C:\Users\csantos\chainsaw\install.ps1: linha 771
[2025-11-05 14:39:33] [INFO] Duração até falha: 00:00
