================================================================================
CHAINSAW - Log de Instalação
================================================================================
Data/Hora Início: 05/11/2025 15:48:12
Usuário: csantos
Computador: NOTEPROCLEG01
Sistema: Microsoft Windows NT 10.0.26100.0
PowerShell: 5.1.26100.6899
Caminho de Origem: C:\Users\csantos\Documentos\chainsaw
================================================================================

[2025-11-05 15:48:12] [INFO] === INÍCIO DA INSTALAÇÃO ===
[2025-11-05 15:48:12] [INFO] Verificando pré-requisitos...
[2025-11-05 15:48:12] [SUCCESS] Sistema operacional: Windows 10.0 ?
[2025-11-05 15:48:12] [SUCCESS] PowerShell versão: 5.1.26100.6899 ?
[2025-11-05 15:48:12] [INFO] Verificando acesso ao caminho de rede: C:\Users\csantos\Documentos\chainsaw
[2025-11-05 15:48:12] [SUCCESS] Acesso ao caminho de rede confirmado ?
[2025-11-05 15:48:12] [SUCCESS] Permissões de escrita no perfil do usuário confirmadas ?
[2025-11-05 15:48:13] [INFO] Verificando arquivos de origem...
[2025-11-05 15:48:13] [SUCCESS] Arquivo stamp.png encontrado ?
[2025-11-05 15:48:13] [SUCCESS] Pasta Templates encontrada ?
[2025-11-05 15:48:17] [INFO] Copiando arquivo stamp.png...
[2025-11-05 15:48:17] [INFO] Origem: C:\Users\csantos\Documentos\chainsaw\assets\stamp.png
[2025-11-05 15:48:17] [INFO] Destino: C:\Users\csantos\chainsaw\assets\stamp.png
[2025-11-05 15:48:17] [SUCCESS] Arquivo stamp.png copiado com sucesso ?
[2025-11-05 15:48:17] [INFO] Criando backup da pasta Templates...
[2025-11-05 15:48:17] [INFO] Origem: C:\Users\csantos\AppData\Roaming\Microsoft\Templates
[2025-11-05 15:48:17] [INFO] Destino: C:\Users\csantos\AppData\Roaming\Microsoft\Templates_backup_20251105_154817
[2025-11-05 15:48:17] [SUCCESS] Backup criado com sucesso: Templates_backup_20251105_154817 ?
[2025-11-05 15:48:17] [INFO] Removendo backups antigos (mantendo os 5 mais recentes)...
[2025-11-05 15:48:17] [INFO] Backup removido: Templates_backup_20251105_142851
[2025-11-05 15:48:17] [INFO] Copiando pasta Templates...
[2025-11-05 15:48:17] [INFO] Origem: C:\Users\csantos\Documentos\chainsaw\configs\Templates
[2025-11-05 15:48:17] [INFO] Destino: C:\Users\csantos\AppData\Roaming\Microsoft\Templates
[2025-11-05 15:48:17] [INFO] Total de itens a copiar: 53
[2025-11-05 15:48:18] [SUCCESS] Pasta Templates copiada com sucesso (37 arquivos) ?
[2025-11-05 15:48:18] [INFO] Manifesto encontrado: 1 itens
[2025-11-05 15:48:18] [INFO] Exportado em: 2025-11-05 15:47:49 por csantos
[2025-11-05 15:48:23] [INFO] Iniciando importação de personalizações...
[2025-11-05 15:48:23] [INFO] === Iniciando importação de personalizações ===
[2025-11-05 15:48:23] [INFO] Criando backup das personalizações do Word (pré-importação de personalizações)...
[2025-11-05 15:48:23] [INFO] Normal.dotm backup criado
[2025-11-05 15:48:24] [SUCCESS] Backup de personalizações criado em: C:\Users\csantos\chainsaw\backups\word-customizations_20251105_154823 ?
[2025-11-05 15:48:24] [INFO] Importando Normal.dotm...
[2025-11-05 15:48:24] [SUCCESS] Normal.dotm importado com sucesso ?
[2025-11-05 15:48:24] [INFO] Importando Building Blocks...
[2025-11-05 15:48:24] [INFO] Building Blocks gerenciados importados: 0 arquivos
[2025-11-05 15:48:24] [INFO] Building Blocks do usuário importados: 0 arquivos
[2025-11-05 15:48:24] [INFO] Nenhum Building Block para importar
[2025-11-05 15:48:24] [INFO] Importando temas de documentos...
[2025-11-05 15:48:24] [INFO] Nenhum tema para importar
[2025-11-05 15:48:24] [INFO] Importando personalização da Faixa de Opções...
[2025-11-05 15:48:24] [INFO] Nenhuma personalização do Ribbon para importar
[2025-11-05 15:48:24] [INFO] Importando personalizações da interface...
[2025-11-05 15:48:24] [INFO] Nenhuma personalização UI para importar
[2025-11-05 15:48:24] [SUCCESS] Total de categorias de personalizações importadas: 1 ?
[2025-11-05 15:48:24] [SUCCESS] === INSTALAÇÃO CONCLUÍDA COM SUCESSO ===
[2025-11-05 15:48:24] [INFO] Duração: 00:11
