================================================================================
CHAINSAW - Log de Instalação
================================================================================
Data/Hora Início: 06/11/2025 15:54:03
Usuário: csantos
Computador: NOTEPROCLEG07
Sistema: Microsoft Windows NT 10.0.22000.0
PowerShell: 5.1.22000.2538
Caminho de Origem: C:\Users\csantos\chainsaw
================================================================================

[2025-11-06 15:54:03] [INFO] === INÍCIO DA INSTALAÇÃO ===
[2025-11-06 15:54:03] [INFO] Verificando pré-requisitos...
[2025-11-06 15:54:03] [SUCCESS] Sistema operacional: Windows 10.0 ?
[2025-11-06 15:54:03] [SUCCESS] PowerShell versão: 5.1.22000.2538 ?
[2025-11-06 15:54:03] [INFO] Verificando acesso ao caminho de rede: C:\Users\csantos\chainsaw
[2025-11-06 15:54:03] [SUCCESS] Acesso ao caminho de rede confirmado ?
[2025-11-06 15:54:03] [SUCCESS] Permissões de escrita no perfil do usuário confirmadas ?
[2025-11-06 15:54:03] [INFO] Verificando arquivos de origem...
[2025-11-06 15:54:03] [SUCCESS] Arquivo stamp.png encontrado ?
[2025-11-06 15:54:03] [SUCCESS] Pasta Templates encontrada ?
[2025-11-06 15:54:05] [INFO] Copiando arquivo stamp.png...
[2025-11-06 15:54:05] [INFO] Origem: C:\Users\csantos\chainsaw\assets\stamp.png
[2025-11-06 15:54:05] [INFO] Destino: C:\Users\csantos\CHAINSAW\assets\stamp.png
[2025-11-06 15:54:05] [INFO] Arquivo já está no local correto (origem = destino), pulando cópia
[2025-11-06 15:54:05] [SUCCESS] Arquivo stamp.png já está instalado ?
[2025-11-06 15:54:05] [WARNING] Aguardando fechamento do Word...
[2025-11-06 15:54:17] [ERROR] Word ainda está aberto - abortando instalação
[2025-11-06 15:54:17] [ERROR] === INSTALAÇÃO FALHOU ===
[2025-11-06 15:54:17] [ERROR] Erro: Microsoft Word deve ser fechado antes da instalação.
[2025-11-06 15:54:17] [ERROR] Stack trace: em Backup-TemplatesFolder, C:\Users\csantos\chainsaw\install.ps1: linha 415
em Install-CHAINSAWConfig, C:\Users\csantos\chainsaw\install.ps1: linha 1150
em <ScriptBlock>, C:\Users\csantos\chainsaw\install.ps1: linha 1350
[2025-11-06 15:54:17] [INFO] Duração até falha: 00:14
