================================================================================
CHAINSAW - Log de Instalação
================================================================================
Data/Hora Início: 07/11/2025 04:19:05
Usuário: csantos
Computador: NOTEPROCLEG07
Sistema: Microsoft Windows NT 10.0.22000.0
PowerShell: 5.1.22000.2538
Caminho de Origem: C:\Users\csantos\chainsaw\scripts
================================================================================

[2025-11-07 04:19:05] [INFO] === INÍCIO DA INSTALAÇÃO ===
[2025-11-07 04:19:05] [SUCCESS] Word não está em execução - prosseguindo...
[2025-11-07 04:19:05] [INFO] Verificando pré-requisitos...
[2025-11-07 04:19:05] [SUCCESS] Sistema operacional: Windows 10.0 ?
[2025-11-07 04:19:05] [SUCCESS] PowerShell versão: 5.1.22000.2538 ?
[2025-11-07 04:19:05] [INFO] Verificando acesso ao caminho de rede: C:\Users\csantos\chainsaw\scripts
[2025-11-07 04:19:05] [SUCCESS] Acesso ao caminho de rede confirmado ?
[2025-11-07 04:19:05] [SUCCESS] Permissões de escrita no perfil do usuário confirmadas ?
[2025-11-07 04:19:06] [INFO] Verificando arquivos de origem...
[2025-11-07 04:19:06] [ERROR] Arquivo não encontrado: C:\Users\csantos\chainsaw\scripts\assets\stamp.png
[2025-11-07 04:19:06] [ERROR] Pasta não encontrada: C:\Users\csantos\chainsaw\scripts\configs\Templates
[2025-11-07 04:19:06] [ERROR] === INSTALAÇÃO FALHOU ===
[2025-11-07 04:19:06] [ERROR] Erro: Arquivos de origem não encontrados. Verifique os erros acima.
[2025-11-07 04:19:06] [ERROR] Stack trace: em Install-CHAINSAWConfig, C:\Users\csantos\chainsaw\scripts\install.ps1: linha 1270
em <ScriptBlock>, C:\Users\csantos\chainsaw\scripts\install.ps1: linha 1513
[2025-11-07 04:19:06] [INFO] Duração até falha: 00:00
