================================================================================
CHAINSAW - Log de Instalação
================================================================================
Data/Hora Início: 05/11/2025 15:19:51
Usuário: csantos
Computador: NOTEPROCLEG01
Sistema: Microsoft Windows NT 10.0.26100.0
PowerShell: 5.1.26100.6899
Caminho de Origem: \\strqnapmain\Dir. Legislativa\_Christian261\chainsaw
================================================================================

[2025-11-05 15:19:51] [INFO] === INÍCIO DA INSTALAÇÃO ===
[2025-11-05 15:19:51] [INFO] Verificando pré-requisitos...
[2025-11-05 15:19:51] [SUCCESS] Sistema operacional: Windows 10.0 ?
[2025-11-05 15:19:51] [SUCCESS] PowerShell versão: 5.1.26100.6899 ?
[2025-11-05 15:19:51] [INFO] Verificando acesso ao caminho de rede: \\strqnapmain\Dir. Legislativa\_Christian261\chainsaw
[2025-11-05 15:19:51] [SUCCESS] Acesso ao caminho de rede confirmado ?
[2025-11-05 15:19:51] [SUCCESS] Permissões de escrita no perfil do usuário confirmadas ?
[2025-11-05 15:19:51] [INFO] Verificando arquivos de origem...
[2025-11-05 15:19:51] [SUCCESS] Arquivo stamp.png encontrado ?
[2025-11-05 15:19:51] [SUCCESS] Pasta Templates encontrada ?
[2025-11-05 15:19:53] [INFO] Copiando arquivo stamp.png...
[2025-11-05 15:19:53] [INFO] Origem: \\strqnapmain\Dir. Legislativa\_Christian261\chainsaw\assets\stamp.png
[2025-11-05 15:19:53] [INFO] Destino: C:\Users\csantos\chainsaw\assets\stamp.png
[2025-11-05 15:19:53] [SUCCESS] Arquivo stamp.png copiado com sucesso ?
[2025-11-05 15:19:54] [INFO] Criando backup da pasta Templates...
[2025-11-05 15:19:54] [INFO] Origem: C:\Users\csantos\AppData\Roaming\Microsoft\Templates
[2025-11-05 15:19:54] [INFO] Destino: C:\Users\csantos\AppData\Roaming\Microsoft\Templates_backup_20251105_151954
[2025-11-05 15:19:54] [ERROR] Erro ao criar backup: O acesso ao caminho 'C:\Users\csantos\AppData\Roaming\Microsoft\Templates' foi negado.
[2025-11-05 15:19:54] [ERROR] === INSTALAÇÃO FALHOU ===
[2025-11-05 15:19:54] [ERROR] Erro: O acesso ao caminho 'C:\Users\csantos\AppData\Roaming\Microsoft\Templates' foi negado.
[2025-11-05 15:19:54] [ERROR] Stack trace: em Backup-TemplatesFolder, \\strqnapmain\Dir. Legislativa\_Christian261\chainsaw\install.ps1: linha 374
em Install-ChainsawConfig, \\strqnapmain\Dir. Legislativa\_Christian261\chainsaw\install.ps1: linha 654
em <ScriptBlock>, \\strqnapmain\Dir. Legislativa\_Christian261\chainsaw\install.ps1: linha 791
[2025-11-05 15:19:54] [INFO] Duração até falha: 00:02
