================================================================================
CHAINSAW - LOG DE PROCESSAMENTO DE DOCUMENTO
================================================================================

[SESSÃO]
  Início: 12/12/2025 15:40:11
  ID: 20251212154011

[AMBIENTE]
  Usuário: csantos
  Computador: NOTEPROCLEG01
  Domínio: CMSBONET
  SO: Windows Windows_NT
  Word: 16.0 (Word 2016/2019/2021/365)

[DOCUMENTO]
  Nome: siscam_mocao_n_478_2025_mocao_apelo_melhorias_escola_professora_romana_oliveira_salles_cunhaxy5eniek.docx
  Caminho: C:\Users\csantos\Downloads
  Tamanho: 3,7 KB
  Parágrafos: 30
  Páginas: 2
  Proteção: Sem proteção
  Idioma: 1046

[CONFIGURAÇÃO]
  Debug: Desativado
  Log: C:\Users\csantos\chainsaw\props\logs\chainsaw_20251212_154011_siscam_mocao_n_478_2025_mocao_apelo_melhorias_esco.log
  Backup: C:\Users\csantos\Downloads\backups\

================================================================================


15:40:11.652 [00:00,0] INFO  ? Iniciando padronização do documento: siscam_mocao_n_478_2025_mocao_apelo_melhorias_escola_professora_romana_oliveira_salles_cunhaxy5eniek.docx
15:40:11.652 [00:00,0] INFO  ? UndoRecord iniciado com sucesso


--------------------------------------------------------------------------------
SEÇÃO: VERIFICAÇÕES INICIAIS
--------------------------------------------------------------------------------
15:40:11.715 [00:00,0] INFO  ? ? Iniciando: Validação de documento
15:40:11.730 [00:00,0] INFO  ? Verificação de dados sensíveis concluída - nenhum campo sensível detectado
15:40:11.730 [00:00,0] INFO  ? ? Concluído: Validação de documento | Todas as verificações passaram
15:40:11.730 [00:00,0] INFO  ? Verificações de segurança concluídas com sucesso
15:40:11.855 [00:00,0] INFO  ? Backup criado com sucesso: siscam_mocao_n_478_2025_mocao_apelo_melhorias_escola_professora_romana_oliveira_salles_cunhaxy5eniek_backup_2025-12-12_154011.docx
15:40:11.891 [00:00,0] INFO  ? Backup das configurações de visualização concluído
15:40:11.938 [00:00,0] INFO  ? Backup de propriedades de imagens concluído: 1 imagens catalogadas
15:40:11.938 [00:00,0] INFO  ? === PIPELINE DE FORMATAÇÃO - PASSAGEM 1 DE 2 ===
15:40:11.938 [00:00,0] INFO  ? Iniciando construção do cache de parágrafos...
15:40:11.953 [00:00,0] INFO  ? Cache construído: 30 parágrafos em 0,02s
15:40:11.953 [00:00,0] INFO  ? Identificando estrutura do documento...
15:40:11.969 [00:00,0] INFO  ? Data (Plenário) identificada no parágrafo 25
15:40:11.984 [00:00,0] INFO  ? === ESTRUTURA DO DOCUMENTO IDENTIFICADA ===
15:40:11.984 [00:00,0] INFO  ? Título: parágrafo 0
15:40:11.984 [00:00,0] INFO  ? Ementa: parágrafo 0
15:40:11.984 [00:00,0] INFO  ? Proposição: parágrafos 0 a 0
15:40:11.984 [00:00,0] INFO  ? Título Justificativa: parágrafo 0
15:40:11.984 [00:00,0] INFO  ? Justificativa: parágrafos 0 a 0
15:40:11.984 [00:00,0] INFO  ? Data: parágrafo 25
15:40:11.984 [00:00,0] INFO  ? Assinatura: parágrafos 0 a 0
15:40:11.984 [00:00,0] INFO  ? Título Anexo: parágrafo 0
15:40:11.984 [00:00,0] INFO  ? Anexo: parágrafos 0 a 0
15:40:11.984 [00:00,0] INFO  ? ==========================================


--------------------------------------------------------------------------------
SEÇÃO: LIMPEZA E FORMATAÇÃO
--------------------------------------------------------------------------------
15:40:13.781 [00:02,0] INFO  ? ? Iniciando: Limpeza de formatação
15:40:14.066 [00:03,0] INFO  ? Formatação limpa: 30 parágrafos resetados
15:40:14.066 [00:03,0] INFO  ? ? Concluído: Limpeza de formatação
15:40:14.066 [00:03,0] INFO  ? ? Iniciando: Normalização de quebras
15:40:14.082 [00:03,0] INFO  ? ? Concluído: Normalização de quebras
15:40:14.082 [00:03,0] INFO  ? ? Iniciando: Limpeza estrutural
15:40:14.113 [00:03,0] INFO  ? ? Concluído: Limpeza estrutural
15:40:14.113 [00:03,0] INFO  ? ? Iniciando: Formatação de título
15:40:14.113 [00:03,0] INFO  ? Título de proposição formatado: MOÇÃO Nº $NUMERO$/$ANO$ (centralizado, caixa alta, negrito, sublinhado)
15:40:14.113 [00:03,0] INFO  ? ? Concluído: Formatação de título
15:40:14.113 [00:03,0] INFO  ? ? Iniciando: Aplicação de fonte padrão
15:40:14.113 [00:03,0] INFO  ? Aplicando fonte padrão (modo otimizado com cache)...
15:40:14.129 [00:03,0] INFO  ? Fonte padrão aplicada: 16 parágrafos em 0,02s
15:40:14.129 [00:03,0] INFO  ? ? Concluído: Aplicação de fonte padrão | 30 parágrafos
15:40:14.129 [00:03,0] INFO  ? ? Iniciando: Aplicação de formatação de parágrafos
15:40:14.340 [00:03,0] INFO  ? Parágrafos formatados: 30 (incluindo 1 com proteção de imagens)
15:40:14.340 [00:03,0] INFO  ? ? Concluído: Aplicação de formatação de parágrafos


--------------------------------------------------------------------------------
SEÇÃO: FORMATAÇÕES ESPECÍFICAS
--------------------------------------------------------------------------------
15:40:14.340 [00:03,0] INFO  ? ? Iniciando: Formatação de parágrafos 1 e 2
15:40:14.355 [00:03,0] INFO  ? 2º parágrafo formatado com 2 linhas em branco antes e depois (posição: 5)
15:40:14.355 [00:03,0] INFO  ? ? Concluído: Formatação de parágrafos 1 e 2
15:40:14.355 [00:03,0] INFO  ? ? Iniciando: Formatação de considerandos
15:40:14.418 [00:03,0] INFO  ? Formatação 'considerando' aplicada: 5 ocorrências em negrito e caixa alta
15:40:14.418 [00:03,0] INFO  ? ? Concluído: Formatação de considerandos
15:40:14.418 [00:03,0] INFO  ? ? Iniciando: Aplicação de substituições de texto

15:40:14.434 [00:03,0] ERROR ? Erro crítico nas substituições de texto (variante: 0): Argumento ou chamada de procedimento inválida
15:40:14.434 [00:03,0] INFO  ? ? Concluído: Aplicação de substituições de texto
15:40:14.434 [00:03,0] INFO  ? ? Iniciando: Remoção de marca d'água e inserção de carimbo
15:40:14.703 [00:03,0] INFO  ? ? Concluído: Remoção de marca d'água e inserção de carimbo


--------------------------------------------------------------------------------
SEÇÃO: LIMPEZA FINAL
--------------------------------------------------------------------------------
15:40:14.723 [00:03,0] INFO  ? ? Iniciando: Limpeza de espaços múltiplos
15:40:14.766 [00:03,0] INFO  ? Limpeza de espaços concluída: 0 correções aplicadas (com proteção CONSIDERANDO)
15:40:14.766 [00:03,0] INFO  ? ? Concluído: Limpeza de espaços múltiplos
15:40:14.766 [00:03,0] INFO  ? ? Iniciando: Controle de linhas em branco
15:40:14.828 [00:03,0] INFO  ? Controle de linhas vazias concluído em 2 passada(s): 2 linhas excedentes removidas (máximo 1 sequencial)
15:40:14.832 [00:03,0] INFO  ? Linhas em branco do 2º parágrafo reforçadas (antes: 2, depois: 2)
15:40:14.879 [00:03,0] INFO  ? Linhas em branco do Plenário reforçadas: 2 antes e 2 depois
15:40:14.879 [00:03,0] INFO  ? ? Concluído: Controle de linhas em branco
15:40:14.879 [00:03,0] INFO  ? ? Iniciando: Substituição de datas do plenário
15:40:14.910 [00:03,0] INFO  ? Parágrafo de plenário substituído e formatado
15:40:14.910 [00:03,0] INFO  ? ? Concluído: Substituição de datas do plenário


--------------------------------------------------------------------------------
SEÇÃO: FINALIZAÇÃO
--------------------------------------------------------------------------------
15:40:14.926 [00:03,0] INFO  ? ? Iniciando: Configuração de visualização
15:40:14.926 [00:03,0] INFO  ? Visualização configurada: zoom definido para 110%, demais configurações preservadas
15:40:14.926 [00:03,0] INFO  ? ? Concluído: Configuração de visualização
15:40:14.926 [00:03,0] INFO  ? ? Iniciando: Inserção de rodapé
15:40:14.980 [00:03,0] INFO  ? ? Concluído: Inserção de rodapé
15:40:14.980 [00:03,0] INFO  ? ? Iniciando: Ajustes finais de negrito e formatação
15:40:14.988 [00:03,0] INFO  ? Negrito e alinhamento aplicados a 0 parágrafos especiais
15:40:15.004 [00:04,0] INFO  ? Parágrafo 'Vereador' formatado (sem negrito) com linhas adjacentes centralizadas (posição: 33)
15:40:15.004 [00:04,0] INFO  ? Formatação 'Vereador': 1 ocorrências formatadas
15:40:15.020 [00:04,0] INFO  ? ? Concluído: Ajustes finais de negrito e formatação
15:40:15.020 [00:04,0] INFO  ? ? Iniciando: Formatações especiais (diante do exposto, requeiro)
15:40:15.062 [00:04,0] INFO  ? ? Concluído: Formatações especiais (diante do exposto, requeiro)
15:40:15.062 [00:04,0] INFO  ? ? Iniciando: Garantia de espaçamento entre parágrafos longos
15:40:15.102 [00:04,0] INFO  ? ? Concluído: Garantia de espaçamento entre parágrafos longos
15:40:15.102 [00:04,0] INFO  ? ? Iniciando: Remoção de realces e bordas
15:40:15.117 [00:04,0] INFO  ? Realce removido do documento completo
15:40:15.152 [00:04,0] INFO  ? Realces e bordas removidos: 1 realces, 35 parágrafos com bordas
15:40:15.152 [00:04,0] INFO  ? ? Concluído: Remoção de realces e bordas
15:40:15.152 [00:04,0] INFO  ? ? Iniciando: Remoção de páginas vazias no final
15:40:15.195 [00:04,0] INFO  ? Nenhuma página vazia no final do documento
15:40:15.195 [00:04,0] INFO  ? ? Concluído: Remoção de páginas vazias no final
15:40:15.195 [00:04,0] INFO  ? Formatação completa aplicada com sucesso
15:40:15.195 [00:04,0] INFO  ? ?? Total de parágrafos: 35
15:40:15.211 [00:04,0] INFO  ? Verificação de imagens concluída: 0 imagens íntegras
15:40:15.227 [00:04,0] INFO  ? Recuos de parágrafos com imagens formatados: 1 parágrafos
15:40:15.277 [00:04,0] INFO  ? Imagem centralizada na linha 5 após Plenário
15:40:15.293 [00:04,0] INFO  ? Imagens centralizadas após Plenário: 1
15:40:15.293 [00:04,0] INFO  ? === FIM DA PASSAGEM 1 ===
15:40:15.293 [00:04,0] INFO  ? === PIPELINE DE FORMATAÇÃO - PASSAGEM 2 DE 2 ===
15:40:15.293 [00:04,0] INFO  ? Iniciando construção do cache de parágrafos...
15:40:15.324 [00:04,0] INFO  ? Cache construído: 35 parágrafos em 0,03s
15:40:15.324 [00:04,0] INFO  ? Identificando estrutura do documento...
15:40:15.371 [00:04,0] INFO  ? Data (Plenário) identificada no parágrafo 29
15:40:15.387 [00:04,0] INFO  ? === ESTRUTURA DO DOCUMENTO IDENTIFICADA ===
15:40:15.387 [00:04,0] INFO  ? Título: parágrafo 0
15:40:15.387 [00:04,0] INFO  ? Ementa: parágrafo 0
15:40:15.387 [00:04,0] INFO  ? Proposição: parágrafos 0 a 0
15:40:15.387 [00:04,0] INFO  ? Título Justificativa: parágrafo 0
15:40:15.387 [00:04,0] INFO  ? Justificativa: parágrafos 0 a 0
15:40:15.387 [00:04,0] INFO  ? Data: parágrafo 29
15:40:15.387 [00:04,0] INFO  ? Assinatura: parágrafos 0 a 0
15:40:15.387 [00:04,0] INFO  ? Título Anexo: parágrafo 0
15:40:15.387 [00:04,0] INFO  ? Anexo: parágrafos 0 a 0
15:40:15.387 [00:04,0] INFO  ? ==========================================


--------------------------------------------------------------------------------
SEÇÃO: LIMPEZA E FORMATAÇÃO
--------------------------------------------------------------------------------
15:40:15.531 [00:04,0] INFO  ? ? Iniciando: Limpeza de formatação
15:40:15.805 [00:04,0] INFO  ? Formatação limpa: 35 parágrafos resetados
15:40:15.805 [00:04,0] INFO  ? ? Concluído: Limpeza de formatação
15:40:15.805 [00:04,0] INFO  ? ? Iniciando: Normalização de quebras
15:40:15.805 [00:04,0] INFO  ? ? Concluído: Normalização de quebras
15:40:15.805 [00:04,0] INFO  ? ? Iniciando: Limpeza estrutural
15:40:15.836 [00:04,0] INFO  ? ? Concluído: Limpeza estrutural
15:40:15.836 [00:04,0] INFO  ? ? Iniciando: Formatação de título
15:40:15.836 [00:04,0] INFO  ? Título de proposição formatado: MOÇÃO Nº $NUMERO$/$ANO$ (centralizado, caixa alta, negrito, sublinhado)
15:40:15.836 [00:04,0] INFO  ? ? Concluído: Formatação de título
15:40:15.836 [00:04,0] INFO  ? ? Iniciando: Aplicação de fonte padrão
15:40:15.836 [00:04,0] INFO  ? Aplicando fonte padrão (modo otimizado com cache)...
15:40:15.867 [00:04,0] INFO  ? Fonte padrão aplicada: 16 parágrafos em 0,03s
15:40:15.867 [00:04,0] INFO  ? ? Concluído: Aplicação de fonte padrão | 35 parágrafos
15:40:15.867 [00:04,0] INFO  ? ? Iniciando: Aplicação de formatação de parágrafos
15:40:16.105 [00:05,0] INFO  ? Parágrafos formatados: 35 (incluindo 1 com proteção de imagens)
15:40:16.105 [00:05,0] INFO  ? ? Concluído: Aplicação de formatação de parágrafos


--------------------------------------------------------------------------------
SEÇÃO: FORMATAÇÕES ESPECÍFICAS
--------------------------------------------------------------------------------
15:40:16.105 [00:05,0] INFO  ? ? Iniciando: Formatação de parágrafos 1 e 2
15:40:16.121 [00:05,0] INFO  ? 2º parágrafo formatado com 2 linhas em branco antes e depois (posição: 7)
15:40:16.121 [00:05,0] INFO  ? ? Concluído: Formatação de parágrafos 1 e 2
15:40:16.121 [00:05,0] INFO  ? ? Iniciando: Formatação de considerandos
15:40:16.195 [00:05,0] INFO  ? Formatação 'considerando' aplicada: 5 ocorrências em negrito e caixa alta
15:40:16.195 [00:05,0] INFO  ? ? Concluído: Formatação de considerandos
15:40:16.195 [00:05,0] INFO  ? ? Iniciando: Aplicação de substituições de texto

15:40:16.195 [00:05,0] ERROR ? Erro crítico nas substituições de texto (variante: 0): Argumento ou chamada de procedimento inválida
15:40:16.211 [00:05,0] INFO  ? ? Concluído: Aplicação de substituições de texto
15:40:16.211 [00:05,0] INFO  ? ? Iniciando: Remoção de marca d'água e inserção de carimbo
15:40:16.500 [00:05,0] INFO  ? ? Concluído: Remoção de marca d'água e inserção de carimbo


--------------------------------------------------------------------------------
SEÇÃO: LIMPEZA FINAL
--------------------------------------------------------------------------------
15:40:16.500 [00:05,0] INFO  ? ? Iniciando: Limpeza de espaços múltiplos
15:40:16.547 [00:05,0] INFO  ? Limpeza de espaços concluída: 0 correções aplicadas (com proteção CONSIDERANDO)
15:40:16.547 [00:05,0] INFO  ? ? Concluído: Limpeza de espaços múltiplos
15:40:16.547 [00:05,0] INFO  ? ? Iniciando: Controle de linhas em branco
15:40:16.609 [00:05,0] INFO  ? Controle de linhas vazias concluído em 2 passada(s): 5 linhas excedentes removidas (máximo 1 sequencial)
15:40:16.609 [00:05,0] INFO  ? Linhas em branco do 2º parágrafo reforçadas (antes: 2, depois: 2)
15:40:16.660 [00:05,0] INFO  ? Linhas em branco do Plenário reforçadas: 2 antes e 2 depois
15:40:16.660 [00:05,0] INFO  ? ? Concluído: Controle de linhas em branco
15:40:16.660 [00:05,0] INFO  ? ? Iniciando: Substituição de datas do plenário
15:40:16.676 [00:05,0] INFO  ? Parágrafo de plenário substituído e formatado
15:40:16.676 [00:05,0] INFO  ? ? Concluído: Substituição de datas do plenário


--------------------------------------------------------------------------------
SEÇÃO: FINALIZAÇÃO
--------------------------------------------------------------------------------
15:40:16.691 [00:05,0] INFO  ? ? Iniciando: Configuração de visualização
15:40:16.707 [00:05,0] INFO  ? Visualização configurada: zoom definido para 110%, demais configurações preservadas
15:40:16.707 [00:05,0] INFO  ? ? Concluído: Configuração de visualização
15:40:16.707 [00:05,0] INFO  ? ? Iniciando: Inserção de rodapé
15:40:16.738 [00:05,0] INFO  ? ? Concluído: Inserção de rodapé
15:40:16.738 [00:05,0] INFO  ? ? Iniciando: Ajustes finais de negrito e formatação
15:40:16.738 [00:05,0] INFO  ? Negrito e alinhamento aplicados a 0 parágrafos especiais
15:40:16.770 [00:05,0] INFO  ? Parágrafo 'Vereador' formatado (sem negrito) com linhas adjacentes centralizadas (posição: 33)
15:40:16.770 [00:05,0] INFO  ? Formatação 'Vereador': 1 ocorrências formatadas
15:40:16.785 [00:05,0] INFO  ? ? Concluído: Ajustes finais de negrito e formatação
15:40:16.785 [00:05,0] INFO  ? ? Iniciando: Formatações especiais (diante do exposto, requeiro)
15:40:16.820 [00:05,0] INFO  ? ? Concluído: Formatações especiais (diante do exposto, requeiro)
15:40:16.820 [00:05,0] INFO  ? ? Iniciando: Garantia de espaçamento entre parágrafos longos
15:40:16.867 [00:05,0] INFO  ? ? Concluído: Garantia de espaçamento entre parágrafos longos
15:40:16.867 [00:05,0] INFO  ? ? Iniciando: Remoção de realces e bordas
15:40:16.883 [00:05,0] INFO  ? Realce removido do documento completo
15:40:16.914 [00:05,0] INFO  ? Realces e bordas removidos: 1 realces, 35 parágrafos com bordas
15:40:16.914 [00:05,0] INFO  ? ? Concluído: Remoção de realces e bordas
15:40:16.914 [00:05,0] INFO  ? ? Iniciando: Remoção de páginas vazias no final
15:40:16.945 [00:05,0] INFO  ? Nenhuma página vazia no final do documento
15:40:16.945 [00:05,0] INFO  ? ? Concluído: Remoção de páginas vazias no final
15:40:16.945 [00:05,0] INFO  ? Formatação completa aplicada com sucesso
15:40:16.945 [00:05,0] INFO  ? ?? Total de parágrafos: 35
15:40:16.996 [00:05,0] INFO  ? Verificação de imagens concluída: 0 imagens íntegras
15:40:17.012 [00:06,0] INFO  ? Recuos de parágrafos com imagens formatados: 1 parágrafos
15:40:17.059 [00:06,0] INFO  ? Imagem centralizada na linha 5 após Plenário
15:40:17.059 [00:06,0] INFO  ? Imagens centralizadas após Plenário: 1
15:40:17.059 [00:06,0] INFO  ? === FIM DA PASSAGEM 2 ===
15:40:17.410 [00:06,0] INFO  ? Configurações de visualização originais restauradas (zoom mantido em 110%)
15:40:17.426 [00:06,0] INFO  ? Documento padronizado com sucesso
15:40:18.426 [00:07,0] INFO  ? UndoRecord finalizado com sucesso
15:40:18.438 [00:07,0] INFO  ? Variáveis de proteção de imagens limpas
15:40:18.438 [00:07,0] INFO  ? Variáveis de configurações de visualização limpas


================================================================================
RESUMO DA SESSÃO
================================================================================

[STATUS]
  Final: CONCLUÍDO COM ERROS ?
  Término: 12/12/2025 15:40:18
  Duração: 7,0s

[ESTATÍSTICAS]
  Total de eventos: 180
  Informações: 178 (98,9%)
  Avisos: 0 (0,0%)
  Erros: 2 (1,1%)

[PERFORMANCE]
  Eventos/segundo: 25,7
  Tempo médio/evento: 38,9ms

[RECOMENDAÇÕES]
  • Verifique os erros acima e corrija problemas no documento

================================================================================
FIM DO LOG
================================================================================
