================================================================================
CHAINSAW - LOG DE PROCESSAMENTO DE DOCUMENTO
================================================================================

[SESSÃO]
  Início: 12/12/2025 15:41:48
  ID: 20251212154148

[AMBIENTE]
  Usuário: csantos
  Computador: NOTEPROCLEG01
  Domínio: CMSBONET
  SO: Windows Windows_NT
  Word: 16.0 (Word 2016/2019/2021/365)

[DOCUMENTO]
  Nome: siscam_mocao_n_478_2025_mocao_apelo_melhorias_escola_professora_romana_oliveira_salles_cunhaxy5eniek.docx
  Caminho: C:\Users\csantos\Downloads
  Tamanho: 3,7 KB
  Parágrafos: 30
  Páginas: 2
  Proteção: Sem proteção
  Idioma: 1046

[CONFIGURAÇÃO]
  Debug: Desativado
  Log: C:\Users\csantos\chainsaw\props\logs\chainsaw_20251212_154148_siscam_mocao_n_478_2025_mocao_apelo_melhorias_esco.log
  Backup: C:\Users\csantos\Downloads\backups\

================================================================================


15:41:48.410 [00:00,0] INFO  ? Iniciando padronização do documento: siscam_mocao_n_478_2025_mocao_apelo_melhorias_escola_professora_romana_oliveira_salles_cunhaxy5eniek.docx
15:41:48.410 [00:00,0] INFO  ? UndoRecord iniciado com sucesso


--------------------------------------------------------------------------------
SEÇÃO: VERIFICAÇÕES INICIAIS
--------------------------------------------------------------------------------
15:41:48.457 [00:00,0] INFO  ? ? Iniciando: Validação de documento
15:41:48.457 [00:00,0] INFO  ? Verificação de dados sensíveis concluída - nenhum campo sensível detectado
15:41:48.457 [00:00,0] INFO  ? ? Concluído: Validação de documento | Todas as verificações passaram
15:41:48.457 [00:00,0] INFO  ? Verificações de segurança concluídas com sucesso
15:41:48.586 [00:00,0] INFO  ? Backup criado com sucesso: siscam_mocao_n_478_2025_mocao_apelo_melhorias_escola_professora_romana_oliveira_salles_cunhaxy5eniek_backup_2025-12-12_154148.docx
15:41:48.629 [00:00,0] INFO  ? Backup das configurações de visualização concluído
15:41:48.664 [00:00,0] INFO  ? Backup de propriedades de imagens concluído: 1 imagens catalogadas
15:41:48.664 [00:00,0] INFO  ? === PIPELINE DE FORMATAÇÃO - PASSAGEM 1 DE 2 ===
15:41:48.664 [00:00,0] INFO  ? Iniciando construção do cache de parágrafos...
15:41:48.684 [00:00,0] INFO  ? Cache construído: 30 parágrafos em 0,02s
15:41:48.684 [00:00,0] INFO  ? Identificando estrutura do documento...
15:41:48.703 [00:00,0] INFO  ? Data (Plenário) identificada no parágrafo 25
15:41:48.715 [00:00,0] INFO  ? === ESTRUTURA DO DOCUMENTO IDENTIFICADA ===
15:41:48.715 [00:00,0] INFO  ? Título: parágrafo 0
15:41:48.715 [00:00,0] INFO  ? Ementa: parágrafo 0
15:41:48.715 [00:00,0] INFO  ? Proposição: parágrafos 0 a 0
15:41:48.715 [00:00,0] INFO  ? Título Justificativa: parágrafo 0
15:41:48.715 [00:00,0] INFO  ? Justificativa: parágrafos 0 a 0
15:41:48.715 [00:00,0] INFO  ? Data: parágrafo 25
15:41:48.715 [00:00,0] INFO  ? Assinatura: parágrafos 0 a 0
15:41:48.715 [00:00,0] INFO  ? Título Anexo: parágrafo 0
15:41:48.715 [00:00,0] INFO  ? Anexo: parágrafos 0 a 0
15:41:48.715 [00:00,0] INFO  ? ==========================================


--------------------------------------------------------------------------------
SEÇÃO: LIMPEZA E FORMATAÇÃO
--------------------------------------------------------------------------------
15:41:48.805 [00:00,0] INFO  ? ? Iniciando: Limpeza de formatação
15:41:49.074 [00:01,0] INFO  ? Formatação limpa: 30 parágrafos resetados
15:41:49.074 [00:01,0] INFO  ? ? Concluído: Limpeza de formatação
15:41:49.074 [00:01,0] INFO  ? ? Iniciando: Normalização de quebras
15:41:49.074 [00:01,0] INFO  ? ? Concluído: Normalização de quebras
15:41:49.074 [00:01,0] INFO  ? ? Iniciando: Limpeza estrutural
15:41:49.109 [00:01,0] INFO  ? ? Concluído: Limpeza estrutural
15:41:49.109 [00:01,0] INFO  ? ? Iniciando: Formatação de título
15:41:49.109 [00:01,0] INFO  ? Título de proposição formatado: MOÇÃO Nº $NUMERO$/$ANO$ (centralizado, caixa alta, negrito, sublinhado)
15:41:49.109 [00:01,0] INFO  ? ? Concluído: Formatação de título
15:41:49.109 [00:01,0] INFO  ? ? Iniciando: Aplicação de fonte padrão
15:41:49.109 [00:01,0] INFO  ? Aplicando fonte padrão (modo otimizado com cache)...
15:41:49.125 [00:01,0] INFO  ? Fonte padrão aplicada: 16 parágrafos em 0,02s
15:41:49.125 [00:01,0] INFO  ? ? Concluído: Aplicação de fonte padrão | 30 parágrafos
15:41:49.125 [00:01,0] INFO  ? ? Iniciando: Aplicação de formatação de parágrafos
15:41:49.297 [00:01,0] INFO  ? Parágrafos formatados: 30 (incluindo 1 com proteção de imagens)
15:41:49.297 [00:01,0] INFO  ? ? Concluído: Aplicação de formatação de parágrafos


--------------------------------------------------------------------------------
SEÇÃO: FORMATAÇÕES ESPECÍFICAS
--------------------------------------------------------------------------------
15:41:49.305 [00:01,0] INFO  ? ? Iniciando: Formatação de parágrafos 1 e 2
15:41:49.316 [00:01,0] INFO  ? 2º parágrafo formatado com 2 linhas em branco antes e depois (posição: 5)
15:41:49.316 [00:01,0] INFO  ? ? Concluído: Formatação de parágrafos 1 e 2
15:41:49.316 [00:01,0] INFO  ? ? Iniciando: Formatação de considerandos
15:41:49.359 [00:01,0] INFO  ? Formatação 'considerando' aplicada: 5 ocorrências em negrito e caixa alta
15:41:49.359 [00:01,0] INFO  ? ? Concluído: Formatação de considerandos
15:41:49.359 [00:01,0] INFO  ? ? Iniciando: Aplicação de substituições de texto

15:41:49.359 [00:01,0] ERROR ? Erro crítico nas substituições de texto (variante: 0): Argumento ou chamada de procedimento inválida
15:41:49.387 [00:01,0] INFO  ? ? Concluído: Aplicação de substituições de texto
15:41:49.387 [00:01,0] INFO  ? ? Iniciando: Remoção de marca d'água e inserção de carimbo
15:41:49.754 [00:01,0] INFO  ? ? Concluído: Remoção de marca d'água e inserção de carimbo


--------------------------------------------------------------------------------
SEÇÃO: LIMPEZA FINAL
--------------------------------------------------------------------------------
15:41:49.766 [00:01,0] INFO  ? ? Iniciando: Limpeza de espaços múltiplos
15:41:49.844 [00:01,0] INFO  ? Limpeza de espaços concluída: 0 correções aplicadas (com proteção CONSIDERANDO)
15:41:49.844 [00:01,0] INFO  ? ? Concluído: Limpeza de espaços múltiplos
15:41:49.844 [00:01,0] INFO  ? ? Iniciando: Controle de linhas em branco
15:41:49.922 [00:01,0] INFO  ? Controle de linhas vazias concluído em 2 passada(s): 2 linhas excedentes removidas (máximo 1 sequencial)
15:41:49.930 [00:01,0] INFO  ? Linhas em branco do 2º parágrafo reforçadas (antes: 2, depois: 2)
15:41:49.992 [00:01,0] INFO  ? Linhas em branco do Plenário reforçadas: 2 antes e 2 depois
15:41:49.992 [00:01,0] INFO  ? ? Concluído: Controle de linhas em branco
15:41:49.992 [00:01,0] INFO  ? ? Iniciando: Substituição de datas do plenário
15:41:50.035 [00:02,0] INFO  ? Parágrafo de plenário substituído e formatado
15:41:50.039 [00:02,0] INFO  ? ? Concluído: Substituição de datas do plenário


--------------------------------------------------------------------------------
SEÇÃO: FINALIZAÇÃO
--------------------------------------------------------------------------------
15:41:50.043 [00:02,0] INFO  ? ? Iniciando: Configuração de visualização
15:41:50.059 [00:02,0] INFO  ? Visualização configurada: zoom definido para 110%, demais configurações preservadas
15:41:50.059 [00:02,0] INFO  ? ? Concluído: Configuração de visualização
15:41:50.059 [00:02,0] INFO  ? ? Iniciando: Inserção de rodapé
15:41:50.105 [00:02,0] INFO  ? ? Concluído: Inserção de rodapé
15:41:50.105 [00:02,0] INFO  ? ? Iniciando: Ajustes finais de negrito e formatação
15:41:50.125 [00:02,0] INFO  ? Negrito e alinhamento aplicados a 0 parágrafos especiais
15:41:50.152 [00:02,0] INFO  ? Parágrafo 'Vereador' formatado (sem negrito) com linhas adjacentes centralizadas (posição: 33)
15:41:50.160 [00:02,0] INFO  ? Formatação 'Vereador': 1 ocorrências formatadas
15:41:50.184 [00:02,0] INFO  ? ? Concluído: Ajustes finais de negrito e formatação
15:41:50.184 [00:02,0] INFO  ? ? Iniciando: Formatações especiais (diante do exposto, requeiro)
15:41:50.219 [00:02,0] INFO  ? ? Concluído: Formatações especiais (diante do exposto, requeiro)
15:41:50.219 [00:02,0] INFO  ? ? Iniciando: Garantia de espaçamento entre parágrafos longos
15:41:50.250 [00:02,0] INFO  ? ? Concluído: Garantia de espaçamento entre parágrafos longos
15:41:50.250 [00:02,0] INFO  ? ? Iniciando: Remoção de realces e bordas
15:41:50.273 [00:02,0] INFO  ? Realce removido do documento completo
15:41:50.309 [00:02,0] INFO  ? Realces e bordas removidos: 1 realces, 35 parágrafos com bordas
15:41:50.309 [00:02,0] INFO  ? ? Concluído: Remoção de realces e bordas
15:41:50.309 [00:02,0] INFO  ? ? Iniciando: Remoção de páginas vazias no final
15:41:50.340 [00:02,0] INFO  ? Nenhuma página vazia no final do documento
15:41:50.340 [00:02,0] INFO  ? ? Concluído: Remoção de páginas vazias no final
15:41:50.340 [00:02,0] INFO  ? Formatação completa aplicada com sucesso
15:41:50.340 [00:02,0] INFO  ? ?? Total de parágrafos: 35
15:41:50.426 [00:02,0] INFO  ? Verificação de imagens concluída: 0 imagens íntegras
15:41:50.438 [00:02,0] INFO  ? Recuos de parágrafos com imagens formatados: 1 parágrafos
15:41:50.449 [00:02,0] INFO  ? Imagem centralizada na linha 5 após Plenário
15:41:50.469 [00:02,0] INFO  ? Imagens centralizadas após Plenário: 1
15:41:50.469 [00:02,0] INFO  ? === FIM DA PASSAGEM 1 ===
15:41:50.469 [00:02,0] INFO  ? === PIPELINE DE FORMATAÇÃO - PASSAGEM 2 DE 2 ===
15:41:50.473 [00:02,0] INFO  ? Iniciando construção do cache de parágrafos...
15:41:50.496 [00:02,0] INFO  ? Cache construído: 35 parágrafos em 0,02s
15:41:50.496 [00:02,0] INFO  ? Identificando estrutura do documento...
15:41:50.559 [00:02,0] INFO  ? Data (Plenário) identificada no parágrafo 29
15:41:50.570 [00:02,0] INFO  ? === ESTRUTURA DO DOCUMENTO IDENTIFICADA ===
15:41:50.570 [00:02,0] INFO  ? Título: parágrafo 0
15:41:50.570 [00:02,0] INFO  ? Ementa: parágrafo 0
15:41:50.570 [00:02,0] INFO  ? Proposição: parágrafos 0 a 0
15:41:50.570 [00:02,0] INFO  ? Título Justificativa: parágrafo 0
15:41:50.570 [00:02,0] INFO  ? Justificativa: parágrafos 0 a 0
15:41:50.570 [00:02,0] INFO  ? Data: parágrafo 29
15:41:50.570 [00:02,0] INFO  ? Assinatura: parágrafos 0 a 0
15:41:50.570 [00:02,0] INFO  ? Título Anexo: parágrafo 0
15:41:50.570 [00:02,0] INFO  ? Anexo: parágrafos 0 a 0
15:41:50.570 [00:02,0] INFO  ? ==========================================


--------------------------------------------------------------------------------
SEÇÃO: LIMPEZA E FORMATAÇÃO
--------------------------------------------------------------------------------
15:41:50.719 [00:02,0] INFO  ? ? Iniciando: Limpeza de formatação
15:41:50.969 [00:02,0] INFO  ? Formatação limpa: 35 parágrafos resetados
15:41:50.969 [00:02,0] INFO  ? ? Concluído: Limpeza de formatação
15:41:50.969 [00:02,0] INFO  ? ? Iniciando: Normalização de quebras
15:41:50.969 [00:02,0] INFO  ? ? Concluído: Normalização de quebras
15:41:50.969 [00:02,0] INFO  ? ? Iniciando: Limpeza estrutural
15:41:51.008 [00:03,0] INFO  ? ? Concluído: Limpeza estrutural
15:41:51.008 [00:03,0] INFO  ? ? Iniciando: Formatação de título
15:41:51.012 [00:03,0] INFO  ? Título de proposição formatado: MOÇÃO Nº $NUMERO$/$ANO$ (centralizado, caixa alta, negrito, sublinhado)
15:41:51.012 [00:03,0] INFO  ? ? Concluído: Formatação de título
15:41:51.012 [00:03,0] INFO  ? ? Iniciando: Aplicação de fonte padrão
15:41:51.012 [00:03,0] INFO  ? Aplicando fonte padrão (modo otimizado com cache)...
15:41:51.031 [00:03,0] INFO  ? Fonte padrão aplicada: 16 parágrafos em 0,02s
15:41:51.031 [00:03,0] INFO  ? ? Concluído: Aplicação de fonte padrão | 35 parágrafos
15:41:51.031 [00:03,0] INFO  ? ? Iniciando: Aplicação de formatação de parágrafos
15:41:51.301 [00:03,0] INFO  ? Parágrafos formatados: 35 (incluindo 1 com proteção de imagens)
15:41:51.301 [00:03,0] INFO  ? ? Concluído: Aplicação de formatação de parágrafos


--------------------------------------------------------------------------------
SEÇÃO: FORMATAÇÕES ESPECÍFICAS
--------------------------------------------------------------------------------
15:41:51.305 [00:03,0] INFO  ? ? Iniciando: Formatação de parágrafos 1 e 2
15:41:51.316 [00:03,0] INFO  ? 2º parágrafo formatado com 2 linhas em branco antes e depois (posição: 7)
15:41:51.316 [00:03,0] INFO  ? ? Concluído: Formatação de parágrafos 1 e 2
15:41:51.316 [00:03,0] INFO  ? ? Iniciando: Formatação de considerandos
15:41:51.379 [00:03,0] INFO  ? Formatação 'considerando' aplicada: 5 ocorrências em negrito e caixa alta
15:41:51.379 [00:03,0] INFO  ? ? Concluído: Formatação de considerandos
15:41:51.379 [00:03,0] INFO  ? ? Iniciando: Aplicação de substituições de texto

15:41:51.379 [00:03,0] ERROR ? Erro crítico nas substituições de texto (variante: 0): Argumento ou chamada de procedimento inválida
15:41:51.395 [00:03,0] INFO  ? ? Concluído: Aplicação de substituições de texto
15:41:51.395 [00:03,0] INFO  ? ? Iniciando: Remoção de marca d'água e inserção de carimbo
15:41:51.664 [00:03,0] INFO  ? ? Concluído: Remoção de marca d'água e inserção de carimbo


--------------------------------------------------------------------------------
SEÇÃO: LIMPEZA FINAL
--------------------------------------------------------------------------------
15:41:51.684 [00:03,0] INFO  ? ? Iniciando: Limpeza de espaços múltiplos
15:41:51.730 [00:03,0] INFO  ? Limpeza de espaços concluída: 0 correções aplicadas (com proteção CONSIDERANDO)
15:41:51.730 [00:03,0] INFO  ? ? Concluído: Limpeza de espaços múltiplos
15:41:51.730 [00:03,0] INFO  ? ? Iniciando: Controle de linhas em branco
15:41:51.793 [00:03,0] INFO  ? Controle de linhas vazias concluído em 2 passada(s): 5 linhas excedentes removidas (máximo 1 sequencial)
15:41:51.793 [00:03,0] INFO  ? Linhas em branco do 2º parágrafo reforçadas (antes: 2, depois: 2)
15:41:51.840 [00:03,0] INFO  ? Linhas em branco do Plenário reforçadas: 2 antes e 2 depois
15:41:51.840 [00:03,0] INFO  ? ? Concluído: Controle de linhas em branco
15:41:51.840 [00:03,0] INFO  ? ? Iniciando: Substituição de datas do plenário
15:41:51.863 [00:03,0] INFO  ? Parágrafo de plenário substituído e formatado
15:41:51.863 [00:03,0] INFO  ? ? Concluído: Substituição de datas do plenário


--------------------------------------------------------------------------------
SEÇÃO: FINALIZAÇÃO
--------------------------------------------------------------------------------
15:41:51.871 [00:03,0] INFO  ? ? Iniciando: Configuração de visualização
15:41:51.871 [00:03,0] INFO  ? Visualização configurada: zoom definido para 110%, demais configurações preservadas
15:41:51.871 [00:03,0] INFO  ? ? Concluído: Configuração de visualização
15:41:51.871 [00:03,0] INFO  ? ? Iniciando: Inserção de rodapé
15:41:51.922 [00:03,0] INFO  ? ? Concluído: Inserção de rodapé
15:41:51.922 [00:03,0] INFO  ? ? Iniciando: Ajustes finais de negrito e formatação
15:41:51.922 [00:03,0] INFO  ? Negrito e alinhamento aplicados a 0 parágrafos especiais
15:41:51.953 [00:03,0] INFO  ? Parágrafo 'Vereador' formatado (sem negrito) com linhas adjacentes centralizadas (posição: 33)
15:41:51.953 [00:03,0] INFO  ? Formatação 'Vereador': 1 ocorrências formatadas
15:41:51.969 [00:03,0] INFO  ? ? Concluído: Ajustes finais de negrito e formatação
15:41:51.969 [00:03,0] INFO  ? ? Iniciando: Formatações especiais (diante do exposto, requeiro)
15:41:52.000 [00:04,0] INFO  ? ? Concluído: Formatações especiais (diante do exposto, requeiro)
15:41:52.000 [00:04,0] INFO  ? ? Iniciando: Garantia de espaçamento entre parágrafos longos
15:41:52.031 [00:04,0] INFO  ? ? Concluído: Garantia de espaçamento entre parágrafos longos
15:41:52.031 [00:04,0] INFO  ? ? Iniciando: Remoção de realces e bordas
15:41:52.059 [00:04,0] INFO  ? Realce removido do documento completo
15:41:52.094 [00:04,0] INFO  ? Realces e bordas removidos: 1 realces, 35 parágrafos com bordas
15:41:52.094 [00:04,0] INFO  ? ? Concluído: Remoção de realces e bordas
15:41:52.094 [00:04,0] INFO  ? ? Iniciando: Remoção de páginas vazias no final
15:41:52.133 [00:04,0] INFO  ? Nenhuma página vazia no final do documento
15:41:52.133 [00:04,0] INFO  ? ? Concluído: Remoção de páginas vazias no final
15:41:52.133 [00:04,0] INFO  ? Formatação completa aplicada com sucesso
15:41:52.133 [00:04,0] INFO  ? ?? Total de parágrafos: 35
15:41:52.191 [00:04,0] INFO  ? Verificação de imagens concluída: 0 imagens íntegras
15:41:52.211 [00:04,0] INFO  ? Recuos de parágrafos com imagens formatados: 1 parágrafos
15:41:52.246 [00:04,0] INFO  ? Imagem centralizada na linha 5 após Plenário
15:41:52.246 [00:04,0] INFO  ? Imagens centralizadas após Plenário: 1
15:41:52.246 [00:04,0] INFO  ? === FIM DA PASSAGEM 2 ===
15:41:52.602 [00:04,0] INFO  ? Configurações de visualização originais restauradas (zoom mantido em 110%)
15:41:52.828 [00:04,0] INFO  ? Documento padronizado com sucesso
15:41:53.844 [00:05,0] INFO  ? UndoRecord finalizado com sucesso
15:41:53.848 [00:05,0] INFO  ? Variáveis de proteção de imagens limpas
15:41:53.848 [00:05,0] INFO  ? Variáveis de configurações de visualização limpas


================================================================================
RESUMO DA SESSÃO
================================================================================

[STATUS]
  Final: CONCLUÍDO COM ERROS ?
  Término: 12/12/2025 15:41:53
  Duração: 5,0s

[ESTATÍSTICAS]
  Total de eventos: 180
  Informações: 178 (98,9%)
  Avisos: 0 (0,0%)
  Erros: 2 (1,1%)

[PERFORMANCE]
  Eventos/segundo: 36,0
  Tempo médio/evento: 27,8ms

[RECOMENDAÇÕES]
  • Verifique os erros acima e corrija problemas no documento

================================================================================
FIM DO LOG
================================================================================
