================================================================================
CHAINSAW - Exportação de Personalizações do Word
================================================================================
Data/Hora: 11/11/2025 10:11:24
Usuário: csantos
Computador: NOTEPROCLEG07
Sistema: Microsoft Windows NT 10.0.22000.0
PowerShell: 5.1.22000.2538
Caminho de Exportação: max
================================================================================

[2025-11-11 10:11:24] [INFO] === INÍCIO DA EXPORTAÇÃO ===
[2025-11-11 10:11:24] [WARNING] Word em execução - solicitando confirmação do usuário
[2025-11-11 10:11:40] [INFO] Usuário autorizou o fechamento do Word
[2025-11-11 10:11:40] [INFO] Nenhum processo do Word em execução
[2025-11-11 10:11:42] [INFO] Compilando módulo VBA...
[2025-11-11 10:11:46] [SUCCESS] Módulo VBA compilado com sucesso [OK]
[2025-11-11 10:11:48] [INFO] Exportando Normal.dotm...
[2025-11-11 10:11:48] [SUCCESS] Normal.dotm exportado com sucesso [OK]
[2025-11-11 10:11:48] [INFO] Exportando Building Blocks...
[2025-11-11 10:11:48] [INFO] Building Blocks gerenciados: 1 arquivos
[2025-11-11 10:11:48] [INFO] Building Blocks do usuário: 0 arquivos
[2025-11-11 10:11:49] [SUCCESS] Building Blocks exportados: 1 arquivos [OK]
[2025-11-11 10:11:49] [INFO] Exportando temas de documentos...
[2025-11-11 10:11:49] [SUCCESS] Temas exportados: 22 arquivos [OK]
[2025-11-11 10:11:49] [INFO] Exportando personalização da Faixa de Opções...
[2025-11-11 10:11:49] [SUCCESS] Personalização do Ribbon exportada: Word.officeUI [OK]
[2025-11-11 10:11:49] [SUCCESS] Personalização do Ribbon exportada: Word.officeUI [OK]
[2025-11-11 10:11:49] [INFO] Exportando personalizações da interface...
[2025-11-11 10:11:50] [SUCCESS] Personalizações UI exportadas: 2 arquivos [OK]
[2025-11-11 10:11:50] [INFO] Exportando Barra de Ferramentas de Acesso Rápido...
[2025-11-11 10:11:50] [INFO] QAT incluída nas personalizações UI
[2025-11-11 10:11:50] [INFO] Exportação do registro desabilitada (use -IncludeRegistry)
[2025-11-11 10:11:50] [INFO] Criando manifesto de exportação...
[2025-11-11 10:11:50] [SUCCESS] Manifesto criado: max\MANIFEST.json [OK]
[2025-11-11 10:11:50] [SUCCESS] README criado: max\README.txt [OK]
[2025-11-11 10:11:50] [SUCCESS] === EXPORTAÇÃO CONCLUÍDA COM SUCESSO ===
[2025-11-11 10:11:50] [INFO] Total de itens: 5
