================================================================================
CHAINSAW - Log de Instalação
================================================================================
Data/Hora Início: 24/11/2025 13:33:38
Usuário: csantos
Computador: NOTEPROCLEG07
Sistema: Microsoft Windows NT 10.0.22000.0
PowerShell: 5.1.22000.2538
Caminho de Origem: C:\Users\csantos\chainsaw\installation\inst_scripts
================================================================================

[2025-11-24 13:33:38] [INFO] Caminho de Origem (resolvido): C:\Users\csantos\chainsaw\installation\inst_scripts
[2025-11-24 13:33:38] [INFO] === INÍCIO DA INSTALAÇÃO ===
[2025-11-24 13:33:38] [SUCCESS] Word não está em execução - prosseguindo...
[2025-11-24 13:33:38] [INFO] Verificando pré-requisitos...
[2025-11-24 13:33:38] [SUCCESS] Sistema operacional: Windows 10.0 [OK]
[2025-11-24 13:33:38] [SUCCESS] PowerShell versão: 5.1.22000.2538 [OK]
[2025-11-24 13:33:38] [INFO] Verificando acesso ao diretório de origem: C:\Users\csantos\chainsaw\installation\inst_scripts
[2025-11-24 13:33:38] [SUCCESS] Acesso ao diretório de origem confirmado [OK]
[2025-11-24 13:33:38] [SUCCESS] Permissões de escrita no perfil do usuário confirmadas [OK]
[2025-11-24 13:33:38] [INFO] Verificando arquivos de origem...
[2025-11-24 13:33:38] [INFO] Raiz do projeto detectada: C:\Users\csantos\chainsaw
[2025-11-24 13:33:38] [INFO] Raiz do projeto armazenada: C:\Users\csantos\chainsaw
[2025-11-24 13:33:38] [SUCCESS] Arquivo stamp.png encontrado [OK]
[2025-11-24 13:33:38] [SUCCESS] Pasta Templates encontrada [OK]
[2025-11-24 13:33:56] [WARNING] Instalação cancelada pelo usuário.
