================================================================================
CHAINSAW - Log de Instalação
================================================================================
Data/Hora Início: 03/12/2025 17:13:31
Usuário: csantos
Computador: NOTEPROCLEG01
Sistema: Microsoft Windows NT 10.0.26100.0
PowerShell: 5.1.26100.7019
Caminho de Origem: C:\Users\csantos\chainsaw\installation\inst_scripts
================================================================================

[2025-12-03 17:13:32] [INFO] Caminho de Origem (resolvido): C:\Users\csantos\chainsaw\installation\inst_scripts
[2025-12-03 17:13:32] [INFO] === INÍCIO DA INSTALAÇÃO ===
[2025-12-03 17:13:32] [INFO] Executando backup automático pré-instalação...
[2025-12-03 17:13:32] [ERROR] Erro no backup automático: Falha ao criar backup da instalacao atual: Não é possível renomear o item em 'C:\Users\csantos\chainsaw' porque ele está em uso.
[2025-12-03 17:13:35] [WARNING] Usuário optou por continuar apesar do erro no backup
[2025-12-03 17:13:35] [SUCCESS] Word não está em execução - prosseguindo...
[2025-12-03 17:13:35] [INFO] Verificando pré-requisitos...
[2025-12-03 17:13:35] [SUCCESS] Sistema operacional: Windows 10.0 [OK]
[2025-12-03 17:13:35] [SUCCESS] PowerShell versão: 5.1.26100.7019 [OK]
[2025-12-03 17:13:35] [INFO] Verificando acesso ao diretório de origem: C:\Users\csantos\chainsaw\installation\inst_scripts
[2025-12-03 17:13:36] [SUCCESS] Acesso ao diretório de origem confirmado [OK]
[2025-12-03 17:13:36] [SUCCESS] Permissões de escrita no perfil do usuário confirmadas [OK]
[2025-12-03 17:13:36] [INFO] Verificando arquivos de origem...
[2025-12-03 17:13:36] [INFO] Raiz do projeto detectada: C:\Users\csantos\chainsaw
[2025-12-03 17:13:36] [INFO] Raiz do projeto armazenada: C:\Users\csantos\chainsaw
[2025-12-03 17:13:36] [SUCCESS] Arquivo stamp.png encontrado [OK]
[2025-12-03 17:13:36] [SUCCESS] Pasta Templates encontrada [OK]
[2025-12-03 17:13:39] [INFO] Copiando arquivo stamp.png...
[2025-12-03 17:13:39] [INFO] Origem: C:\Users\csantos\chainsaw\assets\stamp.png
[2025-12-03 17:13:39] [INFO] Destino: C:\Users\csantos\CHAINSAW\assets\stamp.png
[2025-12-03 17:13:39] [INFO] Tamanho do arquivo de origem: 55667 bytes [OK]
[2025-12-03 17:13:39] [INFO] Arquivo já está no local correto (origem = destino), pulando cópia
[2025-12-03 17:13:39] [SUCCESS] Arquivo stamp.png já está instalado [OK]
[2025-12-03 17:13:39] [INFO] Criando backup da pasta Templates...
[2025-12-03 17:13:39] [INFO] Origem: C:\Users\csantos\AppData\Roaming\Microsoft\Templates
[2025-12-03 17:13:39] [INFO] Destino: C:\Users\csantos\AppData\Roaming\Microsoft\Templates_backup_20251203_171339
[2025-12-03 17:13:39] [SUCCESS] Backup criado com sucesso: Templates_backup_20251203_171339 [OK]
[2025-12-03 17:13:39] [INFO] Removendo backups antigos (mantendo os 5 mais recentes)...
[2025-12-03 17:13:39] [INFO] Backup removido: Templates_backup_20251128_180237
[2025-12-03 17:13:39] [INFO] Copiando pasta Templates...
[2025-12-03 17:13:39] [INFO] Origem: C:\Users\csantos\chainsaw\installation\inst_configs\Templates
[2025-12-03 17:13:39] [INFO] Destino: C:\Users\csantos\AppData\Roaming\Microsoft\Templates
[2025-12-03 17:13:39] [INFO] Total de itens a copiar: 2
[2025-12-03 17:13:39] [SUCCESS] Pasta Templates copiada com sucesso (2 arquivos) [OK]
[2025-12-03 17:13:39] [INFO] Módulo VBA encontrado: C:\Users\csantos\chainsaw\source\main\Módulo1.bas
[2025-12-03 17:13:41] [INFO] Backup do módulo 'Módulo1' criado: C:\Users\csantos\chainsaw\source\backups\backup_Módulo1_20251203_171341.bas
[2025-12-03 17:13:41] [INFO] Módulo 'Módulo1' removido
[2025-12-03 17:13:41] [SUCCESS] Módulo 'Módulo1' importado com sucesso
[2025-12-03 17:13:51] [SUCCESS] Módulo VBA importado e Normal.dotm salvo
[2025-12-03 17:13:51] [INFO] Manifesto encontrado: 2 itens
[2025-12-03 17:13:51] [INFO] Exportado em: 2025-11-24 18:25:56 por csantos
[2025-12-03 17:13:54] [INFO] Iniciando importação de personalizações...
[2025-12-03 17:13:54] [INFO] === Iniciando importação de personalizações ===
[2025-12-03 17:13:54] [INFO] Importando Normal.dotm...
[2025-12-03 17:13:54] [SUCCESS] Normal.dotm importado com sucesso [OK]
[2025-12-03 17:13:54] [INFO] Importando personalização da Faixa de Opções...
[2025-12-03 17:13:54] [INFO] Ribbon importado para: C:\Users\csantos\AppData\Local\Microsoft\Office\Word.officeUI
[2025-12-03 17:13:54] [INFO] Ribbon importado para: C:\Users\csantos\AppData\Roaming\Microsoft\Office\Word.officeUI
[2025-12-03 17:13:54] [SUCCESS] Personalização do Ribbon importada: 1 arquivos [OK]
[2025-12-03 17:13:54] [INFO] Importando personalizações da interface...
[2025-12-03 17:13:54] [SUCCESS] Personalizações UI importadas: 2 arquivos [OK]
[2025-12-03 17:13:54] [SUCCESS] Total de categorias de personalizações importadas: 3 [OK]
[2025-12-03 17:13:54] [INFO] Validando instalação da pasta CHAINSAW...
[2025-12-03 17:13:54] [SUCCESS] Validação da instalação: OK (55667 bytes)
[2025-12-03 17:13:54] [SUCCESS] Validação final: instalação íntegra [OK]
[2025-12-03 17:13:54] [SUCCESS] === INSTALAÇÃO CONCLUÍDA COM SUCESSO ===
[2025-12-03 17:13:54] [INFO] Duração: 00:22
