================================================================================
CHAINSAW - Log de Instalação
================================================================================
Data/Hora Início: 03/12/2025 15:18:50
Usuário: csantos
Computador: NOTEPROCLEG01
Sistema: Microsoft Windows NT 10.0.26100.0
PowerShell: 5.1.26100.7019
Caminho de Origem: C:\Users\csantos\chainsaw\installation\inst_scripts
================================================================================

[2025-12-03 15:18:50] [INFO] Caminho de Origem (resolvido): C:\Users\csantos\chainsaw\installation\inst_scripts
[2025-12-03 15:18:50] [INFO] === INÍCIO DA INSTALAÇÃO ===
[2025-12-03 15:18:51] [INFO] Executando backup automático pré-instalação...
[2025-12-03 15:18:51] [ERROR] Erro no backup automático: Falha ao criar backup da instalacao atual: Não é possível renomear o item em 'C:\Users\csantos\chainsaw' porque ele está em uso.
[2025-12-03 15:19:17] [WARNING] Usuário optou por continuar apesar do erro no backup
[2025-12-03 15:19:17] [SUCCESS] Word não está em execução - prosseguindo...
[2025-12-03 15:19:17] [INFO] Verificando pré-requisitos...
[2025-12-03 15:19:17] [SUCCESS] Sistema operacional: Windows 10.0 [OK]
[2025-12-03 15:19:17] [SUCCESS] PowerShell versão: 5.1.26100.7019 [OK]
[2025-12-03 15:19:17] [INFO] Verificando acesso ao diretório de origem: C:\Users\csantos\chainsaw\installation\inst_scripts
[2025-12-03 15:19:17] [SUCCESS] Acesso ao diretório de origem confirmado [OK]
[2025-12-03 15:19:17] [SUCCESS] Permissões de escrita no perfil do usuário confirmadas [OK]
[2025-12-03 15:19:17] [INFO] Verificando arquivos de origem...
[2025-12-03 15:19:17] [INFO] Raiz do projeto detectada: C:\Users\csantos\chainsaw
[2025-12-03 15:19:17] [INFO] Raiz do projeto armazenada: C:\Users\csantos\chainsaw
[2025-12-03 15:19:17] [SUCCESS] Arquivo stamp.png encontrado [OK]
[2025-12-03 15:19:17] [SUCCESS] Pasta Templates encontrada [OK]
[2025-12-03 15:19:39] [WARNING] Instalação cancelada pelo usuário.
