================================================================================
CHAINSAW - Log de Instalação
================================================================================
Data/Hora Início: 24/11/2025 18:28:00
Usuário: csantos
Computador: NOTEPROCLEG07
Sistema: Microsoft Windows NT 10.0.22000.0
PowerShell: 5.1.22000.2538
Caminho de Origem: C:\Users\csantos\chainsaw\installation\inst_scripts
================================================================================

[2025-11-24 18:28:00] [INFO] Caminho de Origem (resolvido): C:\Users\csantos\chainsaw\installation\inst_scripts
[2025-11-24 18:28:00] [INFO] === INÍCIO DA INSTALAÇÃO ===
[2025-11-24 18:28:00] [SUCCESS] Word não está em execução - prosseguindo...
[2025-11-24 18:28:00] [INFO] Verificando pré-requisitos...
[2025-11-24 18:28:00] [SUCCESS] Sistema operacional: Windows 10.0 [OK]
[2025-11-24 18:28:00] [SUCCESS] PowerShell versão: 5.1.22000.2538 [OK]
[2025-11-24 18:28:00] [INFO] Verificando acesso ao diretório de origem: C:\Users\csantos\chainsaw\installation\inst_scripts
[2025-11-24 18:28:00] [SUCCESS] Acesso ao diretório de origem confirmado [OK]
[2025-11-24 18:28:00] [SUCCESS] Permissões de escrita no perfil do usuário confirmadas [OK]
[2025-11-24 18:28:00] [INFO] Verificando arquivos de origem...
[2025-11-24 18:28:00] [INFO] Raiz do projeto detectada: C:\Users\csantos\chainsaw
[2025-11-24 18:28:00] [INFO] Raiz do projeto armazenada: C:\Users\csantos\chainsaw
[2025-11-24 18:28:00] [SUCCESS] Arquivo stamp.png encontrado [OK]
[2025-11-24 18:28:00] [SUCCESS] Pasta Templates encontrada [OK]
[2025-11-24 18:28:00] [INFO] Criando backup completo da configuração atual...
[2025-11-24 18:28:00] [INFO] Fazendo backup da pasta Templates...
[2025-11-24 18:28:00] [INFO] Templates backup: 0.21 MB, 2 arquivos
[2025-11-24 18:28:00] [INFO] stamp.png backup criado: 54.36 KB
[2025-11-24 18:28:00] [INFO] Normal.dotm backup adicional criado
[2025-11-24 18:28:00] [INFO] Personalizações UI backup: 2 arquivos
[2025-11-24 18:28:00] [SUCCESS] Backup completo criado com sucesso em: C:\Users\csantos\CHAINSAW\backups\full_backup_20251124_182800 [OK]
[2025-11-24 18:28:01] [INFO] Manifesto salvo em: C:\Users\csantos\CHAINSAW\backups\full_backup_20251124_182800\backup_manifest.json
[2025-11-24 18:28:04] [INFO] Copiando arquivo stamp.png...
[2025-11-24 18:28:04] [INFO] Origem: C:\Users\csantos\chainsaw\assets\stamp.png
[2025-11-24 18:28:04] [INFO] Destino: C:\Users\csantos\CHAINSAW\assets\stamp.png
[2025-11-24 18:28:04] [INFO] Arquivo já está no local correto (origem = destino), pulando cópia
[2025-11-24 18:28:04] [SUCCESS] Arquivo stamp.png já está instalado [OK]
[2025-11-24 18:28:05] [INFO] Criando backup da pasta Templates...
[2025-11-24 18:28:05] [INFO] Origem: C:\Users\csantos\AppData\Roaming\Microsoft\Templates
[2025-11-24 18:28:05] [INFO] Destino: C:\Users\csantos\AppData\Roaming\Microsoft\Templates_backup_20251124_182805
[2025-11-24 18:28:05] [SUCCESS] Backup criado com sucesso: Templates_backup_20251124_182805 [OK]
[2025-11-24 18:28:05] [INFO] Removendo backups antigos (mantendo os 5 mais recentes)...
[2025-11-24 18:28:05] [INFO] Backup removido: Templates_backup_20251124_151701
[2025-11-24 18:28:05] [INFO] Copiando pasta Templates...
[2025-11-24 18:28:05] [INFO] Origem: C:\Users\csantos\chainsaw\installation\inst_configs\Templates
[2025-11-24 18:28:05] [INFO] Destino: C:\Users\csantos\AppData\Roaming\Microsoft\Templates
[2025-11-24 18:28:05] [INFO] Total de itens a copiar: 45
[2025-11-24 18:28:05] [SUCCESS] Pasta Templates copiada com sucesso (37 arquivos) [OK]
[2025-11-24 18:28:05] [INFO] Módulo VBA encontrado: C:\Users\csantos\chainsaw\source\main\monolithicMod.bas
[2025-11-24 18:28:08] [INFO] Backup do módulo 'CHAINSAW_MODX' criado: C:\Users\csantos\chainsaw\source\backups\backup_CHAINSAW_MODX_20251124_182808.bas
[2025-11-24 18:28:08] [INFO] Módulo 'CHAINSAW_MODX' removido
[2025-11-24 18:28:08] [SUCCESS] Módulo 'monolithicMod' importado com sucesso
[2025-11-24 18:28:12] [SUCCESS] Módulo VBA importado e Normal.dotm salvo
[2025-11-24 18:28:12] [INFO] Manifesto encontrado: 2 itens
[2025-11-24 18:28:12] [INFO] Exportado em: 2025-11-24 18:25:56 por csantos
[2025-11-24 18:28:15] [INFO] Iniciando importação de personalizações...
[2025-11-24 18:28:15] [INFO] === Iniciando importação de personalizações ===
[2025-11-24 18:28:15] [INFO] Criando backup das personalizações do Word (pré-importação de personalizações)...
[2025-11-24 18:28:15] [INFO] Normal.dotm backup criado
[2025-11-24 18:28:15] [INFO] Personalizações UI backup criado: 2 arquivos
[2025-11-24 18:28:15] [SUCCESS] Backup de personalizações criado em: C:\Users\csantos\CHAINSAW\backups\word-customizations_20251124_182815 [OK]
[2025-11-24 18:28:15] [INFO] Importando Normal.dotm...
[2025-11-24 18:28:15] [SUCCESS] Normal.dotm importado com sucesso [OK]
[2025-11-24 18:28:15] [INFO] Importando personalização da Faixa de Opções...
[2025-11-24 18:28:15] [INFO] Ribbon importado para: C:\Users\csantos\AppData\Local\Microsoft\Office\Word.officeUI
[2025-11-24 18:28:15] [INFO] Ribbon importado para: C:\Users\csantos\AppData\Roaming\Microsoft\Office\Word.officeUI
[2025-11-24 18:28:16] [SUCCESS] Personalização do Ribbon importada: 1 arquivos [OK]
[2025-11-24 18:28:16] [INFO] Importando personalizações da interface...
[2025-11-24 18:28:16] [SUCCESS] Personalizações UI importadas: 2 arquivos [OK]
[2025-11-24 18:28:16] [SUCCESS] Total de categorias de personalizações importadas: 3 [OK]
[2025-11-24 18:28:16] [SUCCESS] === INSTALAÇÃO CONCLUÍDA COM SUCESSO ===
[2025-11-24 18:28:16] [INFO] Duração: 00:15
