================================================================================
CHAINSAW - Log de Instalação
================================================================================
Data/Hora Início: 14/11/2025 17:59:12
Usuário: csantos
Computador: NOTEPROCLEG01
Sistema: Microsoft Windows NT 10.0.26100.0
PowerShell: 5.1.26100.7019
Caminho de Origem: C:\Users\csantos\chainsaw\installation\inst_scripts
================================================================================

[2025-11-14 17:59:12] [INFO] Caminho de Origem (resolvido): C:\Users\csantos\chainsaw\installation\inst_scripts
[2025-11-14 17:59:12] [INFO] === INÍCIO DA INSTALAÇÃO ===
[2025-11-14 17:59:12] [SUCCESS] Word não está em execução - prosseguindo...
[2025-11-14 17:59:12] [INFO] Verificando pré-requisitos...
[2025-11-14 17:59:12] [SUCCESS] Sistema operacional: Windows 10.0 [OK]
[2025-11-14 17:59:12] [SUCCESS] PowerShell versão: 5.1.26100.7019 [OK]
[2025-11-14 17:59:12] [INFO] Verificando acesso ao diretório de origem: C:\Users\csantos\chainsaw\installation\inst_scripts
[2025-11-14 17:59:12] [SUCCESS] Acesso ao diretório de origem confirmado [OK]
[2025-11-14 17:59:12] [SUCCESS] Permissões de escrita no perfil do usuário confirmadas [OK]
[2025-11-14 17:59:12] [INFO] Verificando arquivos de origem...
[2025-11-14 17:59:12] [INFO] Raiz do projeto detectada: C:\Users\csantos\chainsaw
[2025-11-14 17:59:12] [INFO] Raiz do projeto armazenada: C:\Users\csantos\chainsaw
[2025-11-14 17:59:12] [SUCCESS] Arquivo stamp.png encontrado [OK]
[2025-11-14 17:59:12] [SUCCESS] Pasta Templates encontrada [OK]
[2025-11-14 17:59:14] [INFO] Copiando arquivo stamp.png...
[2025-11-14 17:59:14] [INFO] Origem: C:\Users\csantos\chainsaw\assets\stamp.png
[2025-11-14 17:59:14] [INFO] Destino: C:\Users\csantos\CHAINSAW\assets\stamp.png
[2025-11-14 17:59:14] [INFO] Arquivo já está no local correto (origem = destino), pulando cópia
[2025-11-14 17:59:14] [SUCCESS] Arquivo stamp.png já está instalado [OK]
[2025-11-14 17:59:14] [INFO] Criando backup da pasta Templates...
[2025-11-14 17:59:14] [INFO] Origem: C:\Users\csantos\AppData\Roaming\Microsoft\Templates
[2025-11-14 17:59:14] [INFO] Destino: C:\Users\csantos\AppData\Roaming\Microsoft\Templates_backup_20251114_175914
[2025-11-14 17:59:14] [SUCCESS] Backup criado com sucesso: Templates_backup_20251114_175914 [OK]
[2025-11-14 17:59:14] [INFO] Removendo backups antigos (mantendo os 5 mais recentes)...
[2025-11-14 17:59:14] [INFO] Backup removido: Templates_backup_20251114_164035
[2025-11-14 17:59:14] [INFO] Copiando pasta Templates...
[2025-11-14 17:59:14] [INFO] Origem: C:\Users\csantos\chainsaw\installation\inst_configs\Templates
[2025-11-14 17:59:14] [INFO] Destino: C:\Users\csantos\AppData\Roaming\Microsoft\Templates
[2025-11-14 17:59:14] [INFO] Total de itens a copiar: 45
[2025-11-14 17:59:14] [SUCCESS] Pasta Templates copiada com sucesso (37 arquivos) [OK]
[2025-11-14 17:59:14] [INFO] Módulo VBA encontrado: C:\Users\csantos\chainsaw\source\main\monolithicMod.bas
[2025-11-14 17:59:17] [INFO] Backup do módulo 'CHAINSAW_MODX' criado: C:\Users\csantos\chainsaw\source\backups\backup_CHAINSAW_MODX_20251114_175917.bas
[2025-11-14 17:59:17] [INFO] Módulo 'CHAINSAW_MODX' removido
[2025-11-14 17:59:17] [ERROR] Erro ao importar módulo VBA: Nome ilegal de objeto: 'monolithicMod.bas'
[2025-11-14 17:59:18] [INFO] Pasta 'exported-config' não encontrada - pulando importação
[2025-11-14 17:59:18] [SUCCESS] === INSTALAÇÃO CONCLUÍDA COM SUCESSO ===
[2025-11-14 17:59:18] [INFO] Duração: 00:05
