================================================================================
CHAINSAW - Log de Instalação
================================================================================
Data/Hora Início: 03/12/2025 16:49:50
Usuário: csantos
Computador: NOTEPROCLEG01
Sistema: Microsoft Windows NT 10.0.26100.0
PowerShell: 5.1.26100.7019
Caminho de Origem: C:\Users\csantos\chainsaw\installation\inst_scripts
================================================================================

[2025-12-03 16:49:50] [INFO] Caminho de Origem (resolvido): C:\Users\csantos\chainsaw\installation\inst_scripts
[2025-12-03 16:49:50] [INFO] === INÍCIO DA INSTALAÇÃO ===
[2025-12-03 16:49:50] [INFO] Executando backup automático pré-instalação...
[2025-12-03 16:49:50] [ERROR] Erro no backup automático: Falha ao criar backup da instalacao atual: Não é possível renomear o item em 'C:\Users\csantos\chainsaw' porque ele está em uso.
[2025-12-03 16:49:53] [WARNING] Usuário optou por continuar apesar do erro no backup
[2025-12-03 16:49:53] [SUCCESS] Word não está em execução - prosseguindo...
[2025-12-03 16:49:53] [INFO] Verificando pré-requisitos...
[2025-12-03 16:49:53] [SUCCESS] Sistema operacional: Windows 10.0 [OK]
[2025-12-03 16:49:53] [SUCCESS] PowerShell versão: 5.1.26100.7019 [OK]
[2025-12-03 16:49:53] [INFO] Verificando acesso ao diretório de origem: C:\Users\csantos\chainsaw\installation\inst_scripts
[2025-12-03 16:49:53] [SUCCESS] Acesso ao diretório de origem confirmado [OK]
[2025-12-03 16:49:53] [SUCCESS] Permissões de escrita no perfil do usuário confirmadas [OK]
[2025-12-03 16:49:53] [INFO] Verificando arquivos de origem...
[2025-12-03 16:49:53] [INFO] Raiz do projeto detectada: C:\Users\csantos\chainsaw
[2025-12-03 16:49:53] [INFO] Raiz do projeto armazenada: C:\Users\csantos\chainsaw
[2025-12-03 16:49:53] [SUCCESS] Arquivo stamp.png encontrado [OK]
[2025-12-03 16:49:53] [SUCCESS] Pasta Templates encontrada [OK]
[2025-12-03 16:49:55] [INFO] Copiando arquivo stamp.png...
[2025-12-03 16:49:55] [INFO] Origem: C:\Users\csantos\chainsaw\assets\stamp.png
[2025-12-03 16:49:55] [INFO] Destino: C:\Users\csantos\CHAINSAW\assets\stamp.png
[2025-12-03 16:49:55] [INFO] Tamanho do arquivo de origem: 55667 bytes [OK]
[2025-12-03 16:49:55] [INFO] Arquivo já está no local correto (origem = destino), pulando cópia
[2025-12-03 16:49:55] [SUCCESS] Arquivo stamp.png já está instalado [OK]
[2025-12-03 16:49:55] [INFO] Criando backup da pasta Templates...
[2025-12-03 16:49:55] [INFO] Origem: C:\Users\csantos\AppData\Roaming\Microsoft\Templates
[2025-12-03 16:49:55] [INFO] Destino: C:\Users\csantos\AppData\Roaming\Microsoft\Templates_backup_20251203_164955
[2025-12-03 16:49:55] [SUCCESS] Backup criado com sucesso: Templates_backup_20251203_164955 [OK]
[2025-12-03 16:49:55] [INFO] Removendo backups antigos (mantendo os 5 mais recentes)...
[2025-12-03 16:49:55] [INFO] Backup removido: Templates_backup_20251128_175726
[2025-12-03 16:49:55] [INFO] Copiando pasta Templates...
[2025-12-03 16:49:55] [INFO] Origem: C:\Users\csantos\chainsaw\installation\inst_configs\Templates
[2025-12-03 16:49:55] [INFO] Destino: C:\Users\csantos\AppData\Roaming\Microsoft\Templates
[2025-12-03 16:49:55] [INFO] Total de itens a copiar: 2
[2025-12-03 16:49:55] [SUCCESS] Pasta Templates copiada com sucesso (2 arquivos) [OK]
[2025-12-03 16:49:55] [INFO] Módulo VBA encontrado: C:\Users\csantos\chainsaw\source\main\Módulo1.bas
[2025-12-03 16:49:59] [INFO] Backup do módulo 'Módulo1' criado: C:\Users\csantos\chainsaw\source\backups\backup_Módulo1_20251203_164959.bas
[2025-12-03 16:49:59] [INFO] Módulo 'Módulo1' removido
[2025-12-03 16:49:59] [SUCCESS] Módulo 'Módulo1' importado com sucesso
[2025-12-03 16:50:11] [SUCCESS] Módulo VBA importado e Normal.dotm salvo
[2025-12-03 16:50:11] [INFO] Manifesto encontrado: 2 itens
[2025-12-03 16:50:11] [INFO] Exportado em: 2025-11-24 18:25:56 por csantos
