================================================================================
CHAINSAW - Log de Instalação
================================================================================
Data/Hora Início: 24/11/2025 13:32:54
Usuário: csantos
Computador: NOTEPROCLEG07
Sistema: Microsoft Windows NT 10.0.22000.0
PowerShell: 5.1.22000.2538
Caminho de Origem: C:\Users\csantos\chainsaw\installation\inst_scripts
================================================================================

[2025-11-24 13:32:54] [INFO] Caminho de Origem (resolvido): C:\Users\csantos\chainsaw\installation\inst_scripts
[2025-11-24 13:32:54] [INFO] === INÍCIO DA INSTALAÇÃO ===
[2025-11-24 13:32:54] [SUCCESS] Word não está em execução - prosseguindo...
[2025-11-24 13:32:54] [INFO] Verificando pré-requisitos...
[2025-11-24 13:32:54] [SUCCESS] Sistema operacional: Windows 10.0 [OK]
[2025-11-24 13:32:54] [SUCCESS] PowerShell versão: 5.1.22000.2538 [OK]
[2025-11-24 13:32:54] [INFO] Verificando acesso ao diretório de origem: C:\Users\csantos\chainsaw\installation\inst_scripts
[2025-11-24 13:32:54] [SUCCESS] Acesso ao diretório de origem confirmado [OK]
[2025-11-24 13:32:54] [SUCCESS] Permissões de escrita no perfil do usuário confirmadas [OK]
[2025-11-24 13:32:54] [INFO] Verificando arquivos de origem...
[2025-11-24 13:32:54] [INFO] Raiz do projeto detectada: C:\Users\csantos\chainsaw
[2025-11-24 13:32:54] [INFO] Raiz do projeto armazenada: C:\Users\csantos\chainsaw
[2025-11-24 13:32:54] [SUCCESS] Arquivo stamp.png encontrado [OK]
[2025-11-24 13:32:54] [SUCCESS] Pasta Templates encontrada [OK]
[2025-11-24 13:32:57] [INFO] Copiando arquivo stamp.png...
[2025-11-24 13:32:57] [INFO] Origem: C:\Users\csantos\chainsaw\assets\stamp.png
[2025-11-24 13:32:57] [INFO] Destino: C:\Users\csantos\CHAINSAW\assets\stamp.png
[2025-11-24 13:32:57] [INFO] Arquivo já está no local correto (origem = destino), pulando cópia
[2025-11-24 13:32:57] [SUCCESS] Arquivo stamp.png já está instalado [OK]
[2025-11-24 13:32:57] [INFO] Criando backup da pasta Templates...
[2025-11-24 13:32:57] [INFO] Origem: C:\Users\csantos\AppData\Roaming\Microsoft\Templates
[2025-11-24 13:32:57] [INFO] Destino: C:\Users\csantos\AppData\Roaming\Microsoft\Templates_backup_20251124_133257
[2025-11-24 13:32:57] [SUCCESS] Backup criado com sucesso: Templates_backup_20251124_133257 [OK]
[2025-11-24 13:32:57] [INFO] Removendo backups antigos (mantendo os 5 mais recentes)...
[2025-11-24 13:32:57] [INFO] Backup removido: Templates_backup_20251107_034221
[2025-11-24 13:32:57] [INFO] Copiando pasta Templates...
[2025-11-24 13:32:57] [INFO] Origem: C:\Users\csantos\chainsaw\installation\inst_configs\Templates
[2025-11-24 13:32:57] [INFO] Destino: C:\Users\csantos\AppData\Roaming\Microsoft\Templates
[2025-11-24 13:32:57] [INFO] Total de itens a copiar: 45
[2025-11-24 13:32:57] [SUCCESS] Pasta Templates copiada com sucesso (37 arquivos) [OK]
[2025-11-24 13:32:57] [INFO] Módulo VBA encontrado: C:\Users\csantos\chainsaw\source\main\monolithicMod.bas
[2025-11-24 13:33:00] [INFO] Backup do módulo 'CHAINSAW_MODX' criado: C:\Users\csantos\chainsaw\source\backups\backup_CHAINSAW_MODX_20251124_133300.bas
[2025-11-24 13:33:00] [INFO] Módulo 'CHAINSAW_MODX' removido
[2025-11-24 13:33:00] [SUCCESS] Módulo 'monolithicMod' importado com sucesso
[2025-11-24 13:33:03] [SUCCESS] Módulo VBA importado e Normal.dotm salvo
[2025-11-24 13:33:03] [INFO] Pasta 'exported-config' não encontrada - pulando importação
[2025-11-24 13:33:03] [SUCCESS] === INSTALAÇÃO CONCLUÍDA COM SUCESSO ===
[2025-11-24 13:33:03] [INFO] Duração: 00:08
