================================================================================
CHAINSAW - Log de Instalação
================================================================================
Data/Hora Início: 14/11/2025 17:03:08
Usuário: csantos
Computador: NOTEPROCLEG01
Sistema: Microsoft Windows NT 10.0.26100.0
PowerShell: 5.1.26100.7019
Caminho de Origem: C:\Users\csantos\chainsaw\installation\inst_scripts\max
================================================================================

[2025-11-14 17:03:08] [INFO] Caminho de Origem (resolvido): C:\Users\csantos\chainsaw\installation\inst_scripts\max
[2025-11-14 17:03:08] [INFO] === INÍCIO DA INSTALAÇÃO ===
[2025-11-14 17:03:08] [SUCCESS] Word não está em execução - prosseguindo...
[2025-11-14 17:03:08] [INFO] Verificando pré-requisitos...
[2025-11-14 17:03:08] [SUCCESS] Sistema operacional: Windows 10.0 [OK]
[2025-11-14 17:03:08] [SUCCESS] PowerShell versão: 5.1.26100.7019 [OK]
[2025-11-14 17:03:08] [INFO] Verificando acesso ao diretório de origem: C:\Users\csantos\chainsaw\installation\inst_scripts\max
[2025-11-14 17:03:08] [SUCCESS] Acesso ao diretório de origem confirmado [OK]
[2025-11-14 17:03:08] [SUCCESS] Permissões de escrita no perfil do usuário confirmadas [OK]
[2025-11-14 17:03:08] [INFO] Verificando arquivos de origem...
[2025-11-14 17:03:08] [INFO] Raiz do projeto detectada: C:\Users\csantos\chainsaw
[2025-11-14 17:03:08] [WARNING] AVISO: ProjectRoot é null, não foi possível armazenar
[2025-11-14 17:03:08] [SUCCESS] Arquivo stamp.png encontrado [OK]
[2025-11-14 17:03:08] [SUCCESS] Pasta Templates encontrada [OK]
[2025-11-14 17:03:09] [INFO] Copiando arquivo stamp.png...
[2025-11-14 17:03:09] [INFO] Origem: C:\Users\csantos\chainsaw\assets\stamp.png
[2025-11-14 17:03:09] [INFO] Destino: C:\Users\csantos\CHAINSAW\assets\stamp.png
[2025-11-14 17:03:09] [INFO] Arquivo já está no local correto (origem = destino), pulando cópia
[2025-11-14 17:03:09] [SUCCESS] Arquivo stamp.png já está instalado [OK]
[2025-11-14 17:03:10] [INFO] Criando backup da pasta Templates...
[2025-11-14 17:03:10] [INFO] Origem: C:\Users\csantos\AppData\Roaming\Microsoft\Templates
[2025-11-14 17:03:10] [INFO] Destino: C:\Users\csantos\AppData\Roaming\Microsoft\Templates_backup_20251114_170310
[2025-11-14 17:03:10] [SUCCESS] Backup criado com sucesso: Templates_backup_20251114_170310 [OK]
[2025-11-14 17:03:10] [INFO] Copiando pasta Templates...
[2025-11-14 17:03:10] [INFO] Origem: C:\Users\csantos\chainsaw\installation\inst_configs\Templates
[2025-11-14 17:03:10] [INFO] Destino: C:\Users\csantos\AppData\Roaming\Microsoft\Templates
[2025-11-14 17:03:10] [INFO] Total de itens a copiar: 45
[2025-11-14 17:03:10] [SUCCESS] Pasta Templates copiada com sucesso (37 arquivos) [OK]
[2025-11-14 17:03:10] [ERROR] === INSTALAÇÃO FALHOU ===
[2025-11-14 17:03:10] [ERROR] Erro: Não é possível associar o argumento ao parâmetro 'Path' porque ele é nulo.
[2025-11-14 17:03:10] [ERROR] Stack trace: em Install-CHAINSAWConfig, C:\Users\csantos\chainsaw\installation\inst_scripts\install.ps1: linha 1444
em <ScriptBlock>, C:\Users\csantos\chainsaw\installation\inst_scripts\install.ps1: linha 1722
[2025-11-14 17:03:10] [INFO] Duração até falha: 00:02
[2025-11-14 17:03:10] [INFO] Backup restaurado após falha na instalação
