================================================================================
CHAINSAW - Log de Instalação
================================================================================
Data/Hora Início: 14/11/2025 17:13:16
Usuário: csantos
Computador: NOTEPROCLEG01
Sistema: Microsoft Windows NT 10.0.26100.0
PowerShell: 5.1.26100.7019
Caminho de Origem: max
================================================================================

[2025-11-14 17:13:16] [INFO] Caminho de Origem (resolvido): max
[2025-11-14 17:13:16] [INFO] === INÍCIO DA INSTALAÇÃO ===
[2025-11-14 17:13:16] [SUCCESS] Word não está em execução - prosseguindo...
[2025-11-14 17:13:16] [INFO] Verificando pré-requisitos...
[2025-11-14 17:13:16] [SUCCESS] Sistema operacional: Windows 10.0 [OK]
[2025-11-14 17:13:16] [SUCCESS] PowerShell versão: 5.1.26100.7019 [OK]
[2025-11-14 17:13:16] [INFO] Verificando acesso ao diretório de origem: max
[2025-11-14 17:13:16] [ERROR] Não foi possível acessar o diretório de origem: max
[2025-11-14 17:13:16] [ERROR] Verifique se o diretório existe e você tem permissões de acesso.
[2025-11-14 17:13:16] [SUCCESS] Permissões de escrita no perfil do usuário confirmadas [OK]
[2025-11-14 17:13:16] [ERROR] === INSTALAÇÃO FALHOU ===
[2025-11-14 17:13:16] [ERROR] Erro: Pré-requisitos não atendidos. Verifique os erros acima.
[2025-11-14 17:13:16] [ERROR] Stack trace: em Install-CHAINSAWConfig, C:\Users\csantos\chainsaw\installation\inst_scripts\install.ps1: linha 1360
em <ScriptBlock>, C:\Users\csantos\chainsaw\installation\inst_scripts\install.ps1: linha 1723
[2025-11-14 17:13:16] [INFO] Duração até falha: 00:00
