================================================================================
CHAINSAW - Log de Instalação
================================================================================
Data/Hora Início: 26/11/2025 17:39:52
Usuário: csantos
Computador: NOTEPROCLEG01
Sistema: Microsoft Windows NT 10.0.26100.0
PowerShell: 5.1.26100.7019
Caminho de Origem: C:\Users\csantos\chainsaw\installation\inst_scripts
================================================================================

[2025-11-26 17:39:52] [INFO] Caminho de Origem (resolvido): C:\Users\csantos\chainsaw\installation\inst_scripts
[2025-11-26 17:39:52] [INFO] === INÍCIO DA INSTALAÇÃO ===
[2025-11-26 17:39:52] [WARNING] Word em execução - solicitando confirmação do usuário
[2025-11-26 17:39:58] [INFO] Usuário autorizou o fechamento do Word
[2025-11-26 17:39:58] [INFO] Encontrados 1 processo(s) do Word em execução
[2025-11-26 17:39:59] [INFO] Encerrando processo Word (PID: 8172)...
[2025-11-26 17:39:59] [SUCCESS] Processo Word (PID: 8172) encerrado com sucesso
[2025-11-26 17:40:00] [SUCCESS] Todos os processos do Word foram encerrados com sucesso
[2025-11-26 17:40:02] [INFO] Verificando pré-requisitos...
[2025-11-26 17:40:02] [SUCCESS] Sistema operacional: Windows 10.0 [OK]
[2025-11-26 17:40:02] [SUCCESS] PowerShell versão: 5.1.26100.7019 [OK]
[2025-11-26 17:40:02] [INFO] Verificando acesso ao diretório de origem: C:\Users\csantos\chainsaw\installation\inst_scripts
[2025-11-26 17:40:02] [SUCCESS] Acesso ao diretório de origem confirmado [OK]
[2025-11-26 17:40:02] [SUCCESS] Permissões de escrita no perfil do usuário confirmadas [OK]
[2025-11-26 17:40:02] [INFO] Verificando arquivos de origem...
[2025-11-26 17:40:02] [INFO] Raiz do projeto detectada: C:\Users\csantos\chainsaw
[2025-11-26 17:40:02] [INFO] Raiz do projeto armazenada: C:\Users\csantos\chainsaw
[2025-11-26 17:40:02] [SUCCESS] Arquivo stamp.png encontrado [OK]
[2025-11-26 17:40:02] [SUCCESS] Pasta Templates encontrada [OK]
[2025-11-26 17:40:08] [INFO] Copiando arquivo stamp.png...
[2025-11-26 17:40:08] [INFO] Origem: C:\Users\csantos\chainsaw\assets\stamp.png
[2025-11-26 17:40:08] [INFO] Destino: C:\Users\csantos\CHAINSAW\assets\stamp.png
[2025-11-26 17:40:08] [INFO] Tamanho do arquivo de origem: 55667 bytes [OK]
[2025-11-26 17:40:08] [INFO] Arquivo já está no local correto (origem = destino), pulando cópia
[2025-11-26 17:40:08] [SUCCESS] Arquivo stamp.png já está instalado [OK]
[2025-11-26 17:40:08] [INFO] Criando backup da pasta Templates...
[2025-11-26 17:40:08] [INFO] Origem: C:\Users\csantos\AppData\Roaming\Microsoft\Templates
[2025-11-26 17:40:08] [INFO] Destino: C:\Users\csantos\AppData\Roaming\Microsoft\Templates_backup_20251126_174008
[2025-11-26 17:40:08] [SUCCESS] Backup criado com sucesso: Templates_backup_20251126_174008 [OK]
[2025-11-26 17:40:08] [INFO] Removendo backups antigos (mantendo os 5 mais recentes)...
[2025-11-26 17:40:08] [INFO] Backup removido: Templates_backup_20251114_171824
[2025-11-26 17:40:08] [INFO] Copiando pasta Templates...
[2025-11-26 17:40:08] [INFO] Origem: C:\Users\csantos\chainsaw\installation\inst_configs\Templates
[2025-11-26 17:40:08] [INFO] Destino: C:\Users\csantos\AppData\Roaming\Microsoft\Templates
[2025-11-26 17:40:08] [INFO] Total de itens a copiar: 45
[2025-11-26 17:40:09] [SUCCESS] Pasta Templates copiada com sucesso (37 arquivos) [OK]
[2025-11-26 17:40:09] [INFO] Módulo VBA encontrado: C:\Users\csantos\chainsaw\source\main\monolithicMod.bas
[2025-11-26 17:40:12] [INFO] Backup do módulo 'CHAINSAW_MODX' criado: C:\Users\csantos\chainsaw\source\backups\backup_CHAINSAW_MODX_20251126_174012.bas
[2025-11-26 17:40:12] [INFO] Módulo 'CHAINSAW_MODX' removido
[2025-11-26 17:40:12] [SUCCESS] Módulo 'monolithicMod' importado com sucesso
[2025-11-26 17:40:24] [SUCCESS] Módulo VBA importado e Normal.dotm salvo
[2025-11-26 17:40:24] [INFO] Manifesto encontrado: 2 itens
[2025-11-26 17:40:24] [INFO] Exportado em: 2025-11-24 18:25:56 por csantos
[2025-11-26 17:40:35] [INFO] Iniciando importação de personalizações...
[2025-11-26 17:40:35] [INFO] === Iniciando importação de personalizações ===
[2025-11-26 17:40:35] [INFO] Importando Normal.dotm...
[2025-11-26 17:40:35] [SUCCESS] Normal.dotm importado com sucesso [OK]
[2025-11-26 17:40:35] [INFO] Importando personalização da Faixa de Opções...
[2025-11-26 17:40:35] [INFO] Ribbon importado para: C:\Users\csantos\AppData\Local\Microsoft\Office\Word.officeUI
[2025-11-26 17:40:35] [INFO] Ribbon importado para: C:\Users\csantos\AppData\Roaming\Microsoft\Office\Word.officeUI
[2025-11-26 17:40:35] [SUCCESS] Personalização do Ribbon importada: 1 arquivos [OK]
[2025-11-26 17:40:35] [INFO] Importando personalizações da interface...
[2025-11-26 17:40:35] [SUCCESS] Personalizações UI importadas: 2 arquivos [OK]
[2025-11-26 17:40:35] [SUCCESS] Total de categorias de personalizações importadas: 3 [OK]
[2025-11-26 17:40:35] [INFO] Validando instalação da pasta CHAINSAW...
[2025-11-26 17:40:35] [SUCCESS] Validação da instalação: OK (55667 bytes)
[2025-11-26 17:40:35] [SUCCESS] Validação final: instalação íntegra [OK]
[2025-11-26 17:40:35] [SUCCESS] === INSTALAÇÃO CONCLUÍDA COM SUCESSO ===
[2025-11-26 17:40:35] [INFO] Duração: 00:43
