================================================================================
CHAINSAW - Log de Instalação
================================================================================
Data/Hora Início: 24/11/2025 15:44:05
Usuário: csantos
Computador: NOTEPROCLEG07
Sistema: Microsoft Windows NT 10.0.22000.0
PowerShell: 5.1.22000.2538
Caminho de Origem: C:\Users\csantos\chainsaw\installation\inst_scripts
================================================================================

[2025-11-24 15:44:05] [INFO] Caminho de Origem (resolvido): C:\Users\csantos\chainsaw\installation\inst_scripts
[2025-11-24 15:44:05] [INFO] === INÍCIO DA INSTALAÇÃO ===
[2025-11-24 15:44:05] [SUCCESS] Word não está em execução - prosseguindo...
[2025-11-24 15:44:05] [INFO] Verificando pré-requisitos...
[2025-11-24 15:44:05] [SUCCESS] Sistema operacional: Windows 10.0 [OK]
[2025-11-24 15:44:05] [SUCCESS] PowerShell versão: 5.1.22000.2538 [OK]
[2025-11-24 15:44:05] [INFO] Verificando acesso ao diretório de origem: C:\Users\csantos\chainsaw\installation\inst_scripts
[2025-11-24 15:44:05] [SUCCESS] Acesso ao diretório de origem confirmado [OK]
[2025-11-24 15:44:05] [SUCCESS] Permissões de escrita no perfil do usuário confirmadas [OK]
[2025-11-24 15:44:05] [INFO] Verificando arquivos de origem...
[2025-11-24 15:44:05] [INFO] Raiz do projeto detectada: C:\Users\csantos\chainsaw
[2025-11-24 15:44:05] [INFO] Raiz do projeto armazenada: C:\Users\csantos\chainsaw
[2025-11-24 15:44:05] [SUCCESS] Arquivo stamp.png encontrado [OK]
[2025-11-24 15:44:05] [SUCCESS] Pasta Templates encontrada [OK]
[2025-11-24 15:44:05] [INFO] Criando backup completo da configuração atual...
[2025-11-24 15:44:05] [INFO] Fazendo backup da pasta Templates...
[2025-11-24 15:44:05] [INFO] Templates backup: 0.49 MB, 3 arquivos
[2025-11-24 15:44:05] [INFO] stamp.png backup criado: 54.36 KB
[2025-11-24 15:44:05] [INFO] Normal.dotm backup adicional criado
[2025-11-24 15:44:06] [SUCCESS] Backup completo criado com sucesso em: C:\Users\csantos\CHAINSAW\backups\full_backup_20251124_154405 [OK]
[2025-11-24 15:44:06] [INFO] Manifesto salvo em: C:\Users\csantos\CHAINSAW\backups\full_backup_20251124_154405\backup_manifest.json
[2025-11-24 15:44:08] [INFO] Copiando arquivo stamp.png...
[2025-11-24 15:44:08] [INFO] Origem: C:\Users\csantos\chainsaw\assets\stamp.png
[2025-11-24 15:44:08] [INFO] Destino: C:\Users\csantos\CHAINSAW\assets\stamp.png
[2025-11-24 15:44:08] [INFO] Arquivo já está no local correto (origem = destino), pulando cópia
[2025-11-24 15:44:08] [SUCCESS] Arquivo stamp.png já está instalado [OK]
[2025-11-24 15:44:08] [INFO] Criando backup da pasta Templates...
[2025-11-24 15:44:08] [INFO] Origem: C:\Users\csantos\AppData\Roaming\Microsoft\Templates
[2025-11-24 15:44:08] [INFO] Destino: C:\Users\csantos\AppData\Roaming\Microsoft\Templates_backup_20251124_154408
[2025-11-24 15:44:08] [SUCCESS] Backup criado com sucesso: Templates_backup_20251124_154408 [OK]
[2025-11-24 15:44:08] [INFO] Removendo backups antigos (mantendo os 5 mais recentes)...
[2025-11-24 15:44:08] [INFO] Backup removido: Templates_backup_20251124_133257
[2025-11-24 15:44:08] [INFO] Copiando pasta Templates...
[2025-11-24 15:44:08] [INFO] Origem: C:\Users\csantos\chainsaw\installation\inst_configs\Templates
[2025-11-24 15:44:08] [INFO] Destino: C:\Users\csantos\AppData\Roaming\Microsoft\Templates
[2025-11-24 15:44:08] [INFO] Total de itens a copiar: 45
[2025-11-24 15:44:08] [SUCCESS] Pasta Templates copiada com sucesso (37 arquivos) [OK]
[2025-11-24 15:44:08] [INFO] Módulo VBA encontrado: C:\Users\csantos\chainsaw\source\main\monolithicMod.bas
[2025-11-24 15:44:12] [INFO] Backup do módulo 'CHAINSAW_MODX' criado: C:\Users\csantos\chainsaw\source\backups\backup_CHAINSAW_MODX_20251124_154411.bas
[2025-11-24 15:44:12] [INFO] Módulo 'CHAINSAW_MODX' removido
[2025-11-24 15:44:12] [SUCCESS] Módulo 'monolithicMod' importado com sucesso
[2025-11-24 15:44:15] [SUCCESS] Módulo VBA importado e Normal.dotm salvo
[2025-11-24 15:44:15] [INFO] Pasta 'exported-config' não encontrada - pulando importação
[2025-11-24 15:44:15] [SUCCESS] === INSTALAÇÃO CONCLUÍDA COM SUCESSO ===
[2025-11-24 15:44:15] [INFO] Duração: 00:10
