================================================================================
CHAINSAW - Log de Instalação
================================================================================
Data/Hora Início: 14/11/2025 17:38:40
Usuário: csantos
Computador: NOTEPROCLEG01
Sistema: Microsoft Windows NT 10.0.26100.0
PowerShell: 5.1.26100.7019
Caminho de Origem: C:\Users\csantos\chainsaw\installation\inst_scripts
================================================================================

[2025-11-14 17:38:40] [INFO] Caminho de Origem (resolvido): C:\Users\csantos\chainsaw\installation\inst_scripts
[2025-11-14 17:38:40] [INFO] === INÍCIO DA INSTALAÇÃO ===
[2025-11-14 17:38:40] [WARNING] Word em execução - solicitando confirmação do usuário
[2025-11-14 17:38:43] [INFO] Usuário autorizou o fechamento do Word
[2025-11-14 17:38:43] [INFO] Encontrados 1 processo(s) do Word em execução
[2025-11-14 17:38:43] [INFO] Encerrando processo Word (PID: 10356)...
[2025-11-14 17:38:43] [SUCCESS] Processo Word (PID: 10356) encerrado com sucesso
[2025-11-14 17:38:44] [SUCCESS] Todos os processos do Word foram encerrados com sucesso
[2025-11-14 17:38:46] [INFO] Verificando pré-requisitos...
[2025-11-14 17:38:46] [SUCCESS] Sistema operacional: Windows 10.0 [OK]
[2025-11-14 17:38:46] [SUCCESS] PowerShell versão: 5.1.26100.7019 [OK]
[2025-11-14 17:38:46] [INFO] Verificando acesso ao diretório de origem: C:\Users\csantos\chainsaw\installation\inst_scripts
[2025-11-14 17:38:46] [SUCCESS] Acesso ao diretório de origem confirmado [OK]
[2025-11-14 17:38:46] [SUCCESS] Permissões de escrita no perfil do usuário confirmadas [OK]
[2025-11-14 17:38:46] [INFO] Verificando arquivos de origem...
[2025-11-14 17:38:46] [INFO] Raiz do projeto detectada: C:\Users\csantos\chainsaw
[2025-11-14 17:38:46] [INFO] Raiz do projeto armazenada: C:\Users\csantos\chainsaw
[2025-11-14 17:38:46] [SUCCESS] Arquivo stamp.png encontrado [OK]
[2025-11-14 17:38:46] [SUCCESS] Pasta Templates encontrada [OK]
[2025-11-14 17:38:48] [INFO] Copiando arquivo stamp.png...
[2025-11-14 17:38:48] [INFO] Origem: C:\Users\csantos\chainsaw\assets\stamp.png
[2025-11-14 17:38:48] [INFO] Destino: C:\Users\csantos\CHAINSAW\assets\stamp.png
[2025-11-14 17:38:48] [INFO] Arquivo já está no local correto (origem = destino), pulando cópia
[2025-11-14 17:38:48] [SUCCESS] Arquivo stamp.png já está instalado [OK]
[2025-11-14 17:38:48] [INFO] Criando backup da pasta Templates...
[2025-11-14 17:38:48] [INFO] Origem: C:\Users\csantos\AppData\Roaming\Microsoft\Templates
[2025-11-14 17:38:48] [INFO] Destino: C:\Users\csantos\AppData\Roaming\Microsoft\Templates_backup_20251114_173848
[2025-11-14 17:38:48] [SUCCESS] Backup criado com sucesso: Templates_backup_20251114_173848 [OK]
[2025-11-14 17:38:48] [INFO] Removendo backups antigos (mantendo os 5 mais recentes)...
[2025-11-14 17:38:48] [INFO] Backup removido: Templates_backup_20251114_163429
[2025-11-14 17:38:48] [INFO] Copiando pasta Templates...
[2025-11-14 17:38:48] [INFO] Origem: C:\Users\csantos\chainsaw\installation\inst_configs\Templates
[2025-11-14 17:38:48] [INFO] Destino: C:\Users\csantos\AppData\Roaming\Microsoft\Templates
[2025-11-14 17:38:48] [INFO] Total de itens a copiar: 45
[2025-11-14 17:38:48] [SUCCESS] Pasta Templates copiada com sucesso (37 arquivos) [OK]
[2025-11-14 17:38:48] [INFO] Módulo VBA encontrado: C:\Users\csantos\chainsaw\source\main\monolithicMod.bas
[2025-11-14 17:38:51] [INFO] Backup do módulo 'CHAINSAW_MODX' criado: C:\Users\csantos\chainsaw\source\backups\backup_CHAINSAW_MODX_20251114_173851.bas
[2025-11-14 17:38:51] [INFO] Módulo 'CHAINSAW_MODX' removido
[2025-11-14 17:38:51] [SUCCESS] Módulo 'monolithicMod' importado com sucesso
[2025-11-14 17:38:59] [SUCCESS] Módulo VBA importado e Normal.dotm salvo
[2025-11-14 17:38:59] [INFO] Pasta 'exported-config' não encontrada - pulando importação
[2025-11-14 17:38:59] [SUCCESS] === INSTALAÇÃO CONCLUÍDA COM SUCESSO ===
[2025-11-14 17:38:59] [INFO] Duração: 00:18
