================================================================================
CHAINSAW - Exportação de Personalizações do Word
================================================================================
Data/Hora: 07/11/2025 15:57:26
Usuário: csantos
Computador: NOTEPROCLEG01
Sistema: Microsoft Windows NT 10.0.26100.0
PowerShell: 5.1.26100.6899
Caminho de Exportação: max
================================================================================

[2025-11-07 15:57:26] [INFO] === INÍCIO DA EXPORTAÇÃO ===
[2025-11-07 15:57:26] [WARNING] Word em execução - solicitando confirmação do usuário
[2025-11-07 15:57:30] [INFO] Usuário autorizou o fechamento do Word
[2025-11-07 15:57:30] [INFO] Encontrados 1 processo(s) do Word em execução
[2025-11-07 15:57:30] [INFO] Encerrando processo Word (PID: 18604)...
[2025-11-07 15:57:31] [SUCCESS] Processo Word (PID: 18604) encerrado com sucesso
[2025-11-07 15:57:32] [SUCCESS] Todos os processos do Word foram encerrados com sucesso
[2025-11-07 15:57:34] [INFO] Compilando módulo VBA...
[2025-11-07 15:57:36] [SUCCESS] Módulo VBA compilado com sucesso ?
[2025-11-07 15:57:39] [INFO] Exportando Normal.dotm...
[2025-11-07 15:57:39] [SUCCESS] Normal.dotm exportado com sucesso ?
[2025-11-07 15:57:39] [INFO] Exportando Building Blocks...
[2025-11-07 15:57:39] [INFO] Building Blocks gerenciados: 0 arquivos
[2025-11-07 15:57:39] [WARNING] Nenhum Building Block encontrado
[2025-11-07 15:57:39] [INFO] Exportando temas de documentos...
[2025-11-07 15:57:39] [INFO] Nenhum tema personalizado encontrado
[2025-11-07 15:57:39] [INFO] Exportando personalização da Faixa de Opções...
[2025-11-07 15:57:39] [SUCCESS] Personalização do Ribbon exportada: Word.officeUI ?
[2025-11-07 15:57:39] [SUCCESS] Personalização do Ribbon exportada: Word.officeUI ?
[2025-11-07 15:57:39] [INFO] Exportando personalizações da interface...
[2025-11-07 15:57:39] [SUCCESS] Personalizações UI exportadas: 2 arquivos ?
[2025-11-07 15:57:39] [INFO] Exportando Barra de Ferramentas de Acesso Rápido...
[2025-11-07 15:57:39] [INFO] QAT incluída nas personalizações UI
[2025-11-07 15:57:39] [INFO] Exportação do registro desabilitada (use -IncludeRegistry)
[2025-11-07 15:57:39] [INFO] Criando manifesto de exportação...
[2025-11-07 15:57:39] [SUCCESS] Manifesto criado: max\MANIFEST.json ?
[2025-11-07 15:57:39] [SUCCESS] README criado: max\README.txt ?
[2025-11-07 15:57:39] [SUCCESS] === EXPORTAÇÃO CONCLUÍDA COM SUCESSO ===
[2025-11-07 15:57:39] [INFO] Total de itens: 5
