================================================================================
CHAINSAW - Exportação de Personalizações do Word
================================================================================
Data/Hora: 07/11/2025 04:14:43
Usuário: csantos
Computador: NOTEPROCLEG07
Sistema: Microsoft Windows NT 10.0.22000.0
PowerShell: 5.1.22000.2538
Caminho de Exportação: .\exported-config
================================================================================

[2025-11-07 04:14:43] [INFO] === INÍCIO DA EXPORTAÇÃO ===
[2025-11-07 04:14:43] [WARNING] Word em execução - solicitando confirmação do usuário
[2025-11-07 04:14:52] [INFO] Usuário autorizou o fechamento do Word
[2025-11-07 04:14:52] [INFO] Encontrados 1 processo(s) do Word em execução
[2025-11-07 04:14:52] [INFO] Encerrando processo Word (PID: 10720)...
[2025-11-07 04:14:52] [SUCCESS] Processo Word (PID: 10720) encerrado com sucesso
[2025-11-07 04:14:53] [SUCCESS] Todos os processos do Word foram encerrados com sucesso
[2025-11-07 04:14:55] [INFO] Exportando Normal.dotm...
[2025-11-07 04:14:56] [SUCCESS] Normal.dotm exportado com sucesso ?
[2025-11-07 04:14:56] [INFO] Exportando Building Blocks...
[2025-11-07 04:14:56] [INFO] Building Blocks gerenciados: 0 arquivos
[2025-11-07 04:14:56] [WARNING] Nenhum Building Block encontrado
[2025-11-07 04:14:56] [INFO] Exportando temas de documentos...
[2025-11-07 04:14:56] [INFO] Nenhum tema personalizado encontrado
[2025-11-07 04:14:56] [INFO] Exportando personalização da Faixa de Opções...
[2025-11-07 04:14:56] [SUCCESS] Personalização do Ribbon exportada: Word.officeUI ?
[2025-11-07 04:14:56] [SUCCESS] Personalização do Ribbon exportada: Word.officeUI ?
[2025-11-07 04:14:56] [INFO] Exportando personalizações da interface...
[2025-11-07 04:14:57] [SUCCESS] Personalizações UI exportadas: 2 arquivos ?
[2025-11-07 04:14:57] [INFO] Exportando Barra de Ferramentas de Acesso Rápido...
[2025-11-07 04:14:57] [INFO] QAT incluída nas personalizações UI
[2025-11-07 04:14:57] [INFO] Exportação do registro desabilitada (use -IncludeRegistry)
[2025-11-07 04:14:57] [INFO] Criando manifesto de exportação...
[2025-11-07 04:14:57] [SUCCESS] Manifesto criado: .\exported-config\MANIFEST.json ?
[2025-11-07 04:14:57] [SUCCESS] README criado: .\exported-config\README.txt ?
[2025-11-07 04:14:57] [SUCCESS] === EXPORTAÇÃO CONCLUÍDA COM SUCESSO ===
[2025-11-07 04:14:57] [INFO] Total de itens: 5
