================================================================================
CHAINSAW - Exportação de Personalizações do Word
================================================================================
Data/Hora: 28/11/2025 17:56:55
Usuário: csantos
Computador: NOTEPROCLEG01
Sistema: Microsoft Windows NT 10.0.26100.0
PowerShell: 5.1.26100.7019
Caminho de Exportação: .\exported-config
================================================================================

[2025-11-28 17:56:55] [INFO] === INÍCIO DA EXPORTAÇÃO ===
[2025-11-28 17:56:55] [INFO] Acesso ao VBA já está habilitado
[2025-11-28 17:56:55] [WARNING] Word em execução - solicitando confirmação do usuário
[2025-11-28 17:56:58] [INFO] Usuário autorizou o fechamento do Word
[2025-11-28 17:56:58] [INFO] Encontrados 1 processo(s) do Word em execução
[2025-11-28 17:56:58] [INFO] Encerrando processo Word (PID: 19556)...
[2025-11-28 17:56:58] [SUCCESS] Processo Word (PID: 19556) encerrado com sucesso
[2025-11-28 17:56:59] [SUCCESS] Todos os processos do Word foram encerrados com sucesso
[2025-11-28 17:57:01] [INFO] Exportando Normal.dotm...
[2025-11-28 17:57:01] [SUCCESS] Normal.dotm exportado com sucesso [OK]
[2025-11-28 17:57:01] [INFO] Exportando personalização da Faixa de Opções...
[2025-11-28 17:57:01] [SUCCESS] Personalização do Ribbon exportada: Word.officeUI [OK]
[2025-11-28 17:57:01] [SUCCESS] Personalização do Ribbon exportada: Word.officeUI [OK]
[2025-11-28 17:57:01] [INFO] Exportando personalizações da interface...
[2025-11-28 17:57:02] [SUCCESS] Personalizações UI exportadas: 2 arquivos [OK]
[2025-11-28 17:57:02] [INFO] Criando manifesto de exportação...
[2025-11-28 17:57:02] [SUCCESS] Manifesto criado: .\exported-config\MANIFEST.json [OK]
[2025-11-28 17:57:02] [SUCCESS] README criado: .\exported-config\README.txt [OK]
[2025-11-28 17:57:02] [SUCCESS] === EXPORTAÇÃO CONCLUÍDA COM SUCESSO ===
[2025-11-28 17:57:02] [INFO] Total de itens: 5
